<?xml version="1.0" encoding="UTF-8"?>
<testsuite xmlns:xsi="http://www.w3.org/2001/XMLSchema-instance" xsi:noNamespaceSchemaLocation="https://maven.apache.org/surefire/maven-surefire-plugin/xsd/surefire-test-report-3.0.xsd" version="3.0" name="com.CentroMedico.CentroMedico.repository.PacienteServiceTest" time="7.151" tests="2" errors="0" skipped="0" failures="0">
  <properties>
    <property name="java.specification.version" value="21"/>
    <property name="sun.jnu.encoding" value="UTF-8"/>
    <property name="java.class.path" value="/Users/pablojavier/Documents/Study/Entregas Examen /Ejemplos/centromedico/target/test-classes:/Users/pablojavier/Documents/Study/Entregas Examen /Ejemplos/centromedico/target/classes:/Users/pablojavier/.m2/repository/org/springframework/boot/spring-boot-starter-actuator/3.2.4/spring-boot-starter-actuator-3.2.4.jar:/Users/pablojavier/.m2/repository/org/springframework/boot/spring-boot-starter/3.2.4/spring-boot-starter-3.2.4.jar:/Users/pablojavier/.m2/repository/org/springframework/boot/spring-boot-starter-logging/3.2.4/spring-boot-starter-logging-3.2.4.jar:/Users/pablojavier/.m2/repository/ch/qos/logback/logback-classic/1.4.14/logback-classic-1.4.14.jar:/Users/pablojavier/.m2/repository/ch/qos/logback/logback-core/1.4.14/logback-core-1.4.14.jar:/Users/pablojavier/.m2/repository/org/apache/logging/log4j/log4j-to-slf4j/2.21.1/log4j-to-slf4j-2.21.1.jar:/Users/pablojavier/.m2/repository/org/apache/logging/log4j/log4j-api/2.21.1/log4j-api-2.21.1.jar:/Users/pablojavier/.m2/repository/org/slf4j/jul-to-slf4j/2.0.12/jul-to-slf4j-2.0.12.jar:/Users/pablojavier/.m2/repository/jakarta/annotation/jakarta.annotation-api/2.1.1/jakarta.annotation-api-2.1.1.jar:/Users/pablojavier/.m2/repository/org/yaml/snakeyaml/2.2/snakeyaml-2.2.jar:/Users/pablojavier/.m2/repository/org/springframework/boot/spring-boot-actuator-autoconfigure/3.2.4/spring-boot-actuator-autoconfigure-3.2.4.jar:/Users/pablojavier/.m2/repository/org/springframework/boot/spring-boot-actuator/3.2.4/spring-boot-actuator-3.2.4.jar:/Users/pablojavier/.m2/repository/com/fasterxml/jackson/core/jackson-databind/2.15.4/jackson-databind-2.15.4.jar:/Users/pablojavier/.m2/repository/com/fasterxml/jackson/core/jackson-annotations/2.15.4/jackson-annotations-2.15.4.jar:/Users/pablojavier/.m2/repository/com/fasterxml/jackson/core/jackson-core/2.15.4/jackson-core-2.15.4.jar:/Users/pablojavier/.m2/repository/com/fasterxml/jackson/datatype/jackson-datatype-jsr310/2.15.4/jackson-datatype-jsr310-2.15.4.jar:/Users/pablojavier/.m2/repository/io/micrometer/micrometer-observation/1.12.4/micrometer-observation-1.12.4.jar:/Users/pablojavier/.m2/repository/io/micrometer/micrometer-commons/1.12.4/micrometer-commons-1.12.4.jar:/Users/pablojavier/.m2/repository/io/micrometer/micrometer-jakarta9/1.12.4/micrometer-jakarta9-1.12.4.jar:/Users/pablojavier/.m2/repository/io/micrometer/micrometer-core/1.12.4/micrometer-core-1.12.4.jar:/Users/pablojavier/.m2/repository/org/hdrhistogram/HdrHistogram/2.1.12/HdrHistogram-2.1.12.jar:/Users/pablojavier/.m2/repository/org/latencyutils/LatencyUtils/2.0.3/LatencyUtils-2.0.3.jar:/Users/pablojavier/.m2/repository/org/springframework/boot/spring-boot-starter-data-jpa/3.2.4/spring-boot-starter-data-jpa-3.2.4.jar:/Users/pablojavier/.m2/repository/org/springframework/boot/spring-boot-starter-aop/3.2.4/spring-boot-starter-aop-3.2.4.jar:/Users/pablojavier/.m2/repository/org/springframework/spring-aop/6.1.5/spring-aop-6.1.5.jar:/Users/pablojavier/.m2/repository/org/aspectj/aspectjweaver/1.9.21/aspectjweaver-1.9.21.jar:/Users/pablojavier/.m2/repository/org/springframework/boot/spring-boot-starter-jdbc/3.2.4/spring-boot-starter-jdbc-3.2.4.jar:/Users/pablojavier/.m2/repository/com/zaxxer/HikariCP/5.0.1/HikariCP-5.0.1.jar:/Users/pablojavier/.m2/repository/org/springframework/spring-jdbc/6.1.5/spring-jdbc-6.1.5.jar:/Users/pablojavier/.m2/repository/org/hibernate/orm/hibernate-core/6.4.4.Final/hibernate-core-6.4.4.Final.jar:/Users/pablojavier/.m2/repository/jakarta/persistence/jakarta.persistence-api/3.1.0/jakarta.persistence-api-3.1.0.jar:/Users/pablojavier/.m2/repository/jakarta/transaction/jakarta.transaction-api/2.0.1/jakarta.transaction-api-2.0.1.jar:/Users/pablojavier/.m2/repository/org/jboss/logging/jboss-logging/3.5.3.Final/jboss-logging-3.5.3.Final.jar:/Users/pablojavier/.m2/repository/org/hibernate/common/hibernate-commons-annotations/6.0.6.Final/hibernate-commons-annotations-6.0.6.Final.jar:/Users/pablojavier/.m2/repository/io/smallrye/jandex/3.1.2/jandex-3.1.2.jar:/Users/pablojavier/.m2/repository/com/fasterxml/classmate/1.6.0/classmate-1.6.0.jar:/Users/pablojavier/.m2/repository/net/bytebuddy/byte-buddy/1.14.12/byte-buddy-1.14.12.jar:/Users/pablojavier/.m2/repository/org/glassfish/jaxb/jaxb-runtime/4.0.5/jaxb-runtime-4.0.5.jar:/Users/pablojavier/.m2/repository/org/glassfish/jaxb/jaxb-core/4.0.5/jaxb-core-4.0.5.jar:/Users/pablojavier/.m2/repository/org/eclipse/angus/angus-activation/2.0.2/angus-activation-2.0.2.jar:/Users/pablojavier/.m2/repository/org/glassfish/jaxb/txw2/4.0.5/txw2-4.0.5.jar:/Users/pablojavier/.m2/repository/com/sun/istack/istack-commons-runtime/4.1.2/istack-commons-runtime-4.1.2.jar:/Users/pablojavier/.m2/repository/jakarta/inject/jakarta.inject-api/2.0.1/jakarta.inject-api-2.0.1.jar:/Users/pablojavier/.m2/repository/org/antlr/antlr4-runtime/4.13.0/antlr4-runtime-4.13.0.jar:/Users/pablojavier/.m2/repository/org/springframework/data/spring-data-jpa/3.2.4/spring-data-jpa-3.2.4.jar:/Users/pablojavier/.m2/repository/org/springframework/data/spring-data-commons/3.2.4/spring-data-commons-3.2.4.jar:/Users/pablojavier/.m2/repository/org/springframework/spring-orm/6.1.5/spring-orm-6.1.5.jar:/Users/pablojavier/.m2/repository/org/springframework/spring-context/6.1.5/spring-context-6.1.5.jar:/Users/pablojavier/.m2/repository/org/springframework/spring-tx/6.1.5/spring-tx-6.1.5.jar:/Users/pablojavier/.m2/repository/org/springframework/spring-beans/6.1.5/spring-beans-6.1.5.jar:/Users/pablojavier/.m2/repository/org/slf4j/slf4j-api/2.0.12/slf4j-api-2.0.12.jar:/Users/pablojavier/.m2/repository/org/springframework/spring-aspects/6.1.5/spring-aspects-6.1.5.jar:/Users/pablojavier/.m2/repository/org/springframework/boot/spring-boot-starter-web/3.2.4/spring-boot-starter-web-3.2.4.jar:/Users/pablojavier/.m2/repository/org/springframework/boot/spring-boot-starter-json/3.2.4/spring-boot-starter-json-3.2.4.jar:/Users/pablojavier/.m2/repository/com/fasterxml/jackson/datatype/jackson-datatype-jdk8/2.15.4/jackson-datatype-jdk8-2.15.4.jar:/Users/pablojavier/.m2/repository/com/fasterxml/jackson/module/jackson-module-parameter-names/2.15.4/jackson-module-parameter-names-2.15.4.jar:/Users/pablojavier/.m2/repository/org/springframework/boot/spring-boot-starter-tomcat/3.2.4/spring-boot-starter-tomcat-3.2.4.jar:/Users/pablojavier/.m2/repository/org/apache/tomcat/embed/tomcat-embed-core/10.1.19/tomcat-embed-core-10.1.19.jar:/Users/pablojavier/.m2/repository/org/apache/tomcat/embed/tomcat-embed-el/10.1.19/tomcat-embed-el-10.1.19.jar:/Users/pablojavier/.m2/repository/org/apache/tomcat/embed/tomcat-embed-websocket/10.1.19/tomcat-embed-websocket-10.1.19.jar:/Users/pablojavier/.m2/repository/org/springframework/spring-web/6.1.5/spring-web-6.1.5.jar:/Users/pablojavier/.m2/repository/org/springframework/spring-webmvc/6.1.5/spring-webmvc-6.1.5.jar:/Users/pablojavier/.m2/repository/org/springframework/spring-expression/6.1.5/spring-expression-6.1.5.jar:/Users/pablojavier/.m2/repository/org/springframework/boot/spring-boot-devtools/3.2.4/spring-boot-devtools-3.2.4.jar:/Users/pablojavier/.m2/repository/org/springframework/boot/spring-boot/3.2.4/spring-boot-3.2.4.jar:/Users/pablojavier/.m2/repository/org/springframework/boot/spring-boot-autoconfigure/3.2.4/spring-boot-autoconfigure-3.2.4.jar:/Users/pablojavier/.m2/repository/com/oracle/database/jdbc/ojdbc11/21.9.0.0/ojdbc11-21.9.0.0.jar:/Users/pablojavier/.m2/repository/com/oracle/database/jdbc/ucp11/21.9.0.0/ucp11-21.9.0.0.jar:/Users/pablojavier/.m2/repository/com/oracle/database/jdbc/rsi/21.9.0.0/rsi-21.9.0.0.jar:/Users/pablojavier/.m2/repository/com/oracle/database/ha/simplefan/21.9.0.0/simplefan-21.9.0.0.jar:/Users/pablojavier/.m2/repository/com/oracle/database/ha/ons/21.9.0.0/ons-21.9.0.0.jar:/Users/pablojavier/.m2/repository/com/oracle/database/nls/orai18n/21.9.0.0/orai18n-21.9.0.0.jar:/Users/pablojavier/.m2/repository/com/oracle/database/xml/xdb/21.9.0.0/xdb-21.9.0.0.jar:/Users/pablojavier/.m2/repository/com/oracle/database/xml/xmlparserv2/21.9.0.0/xmlparserv2-21.9.0.0.jar:/Users/pablojavier/.m2/repository/org/projectlombok/lombok/1.18.30/lombok-1.18.30.jar:/Users/pablojavier/.m2/repository/org/springframework/boot/spring-boot-starter-test/3.2.4/spring-boot-starter-test-3.2.4.jar:/Users/pablojavier/.m2/repository/org/springframework/boot/spring-boot-test/3.2.4/spring-boot-test-3.2.4.jar:/Users/pablojavier/.m2/repository/org/springframework/boot/spring-boot-test-autoconfigure/3.2.4/spring-boot-test-autoconfigure-3.2.4.jar:/Users/pablojavier/.m2/repository/com/jayway/jsonpath/json-path/2.9.0/json-path-2.9.0.jar:/Users/pablojavier/.m2/repository/jakarta/xml/bind/jakarta.xml.bind-api/4.0.2/jakarta.xml.bind-api-4.0.2.jar:/Users/pablojavier/.m2/repository/jakarta/activation/jakarta.activation-api/2.1.3/jakarta.activation-api-2.1.3.jar:/Users/pablojavier/.m2/repository/net/minidev/json-smart/2.5.0/json-smart-2.5.0.jar:/Users/pablojavier/.m2/repository/net/minidev/accessors-smart/2.5.0/accessors-smart-2.5.0.jar:/Users/pablojavier/.m2/repository/org/ow2/asm/asm/9.3/asm-9.3.jar:/Users/pablojavier/.m2/repository/org/assertj/assertj-core/3.24.2/assertj-core-3.24.2.jar:/Users/pablojavier/.m2/repository/org/awaitility/awaitility/4.2.0/awaitility-4.2.0.jar:/Users/pablojavier/.m2/repository/org/junit/jupiter/junit-jupiter/5.10.2/junit-jupiter-5.10.2.jar:/Users/pablojavier/.m2/repository/org/junit/jupiter/junit-jupiter-api/5.10.2/junit-jupiter-api-5.10.2.jar:/Users/pablojavier/.m2/repository/org/opentest4j/opentest4j/1.3.0/opentest4j-1.3.0.jar:/Users/pablojavier/.m2/repository/org/junit/platform/junit-platform-commons/1.10.2/junit-platform-commons-1.10.2.jar:/Users/pablojavier/.m2/repository/org/apiguardian/apiguardian-api/1.1.2/apiguardian-api-1.1.2.jar:/Users/pablojavier/.m2/repository/org/junit/jupiter/junit-jupiter-params/5.10.2/junit-jupiter-params-5.10.2.jar:/Users/pablojavier/.m2/repository/org/junit/jupiter/junit-jupiter-engine/5.10.2/junit-jupiter-engine-5.10.2.jar:/Users/pablojavier/.m2/repository/org/junit/platform/junit-platform-engine/1.10.2/junit-platform-engine-1.10.2.jar:/Users/pablojavier/.m2/repository/org/mockito/mockito-core/5.7.0/mockito-core-5.7.0.jar:/Users/pablojavier/.m2/repository/net/bytebuddy/byte-buddy-agent/1.14.12/byte-buddy-agent-1.14.12.jar:/Users/pablojavier/.m2/repository/org/objenesis/objenesis/3.3/objenesis-3.3.jar:/Users/pablojavier/.m2/repository/org/mockito/mockito-junit-jupiter/5.7.0/mockito-junit-jupiter-5.7.0.jar:/Users/pablojavier/.m2/repository/org/skyscreamer/jsonassert/1.5.1/jsonassert-1.5.1.jar:/Users/pablojavier/.m2/repository/com/vaadin/external/google/android-json/0.0.20131108.vaadin1/android-json-0.0.20131108.vaadin1.jar:/Users/pablojavier/.m2/repository/org/springframework/spring-core/6.1.5/spring-core-6.1.5.jar:/Users/pablojavier/.m2/repository/org/springframework/spring-jcl/6.1.5/spring-jcl-6.1.5.jar:/Users/pablojavier/.m2/repository/org/springframework/spring-test/6.1.5/spring-test-6.1.5.jar:/Users/pablojavier/.m2/repository/org/xmlunit/xmlunit-core/2.9.1/xmlunit-core-2.9.1.jar:/Users/pablojavier/.m2/repository/com/oracle/database/security/oraclepki/21.5.0.0/oraclepki-21.5.0.0.jar:/Users/pablojavier/.m2/repository/com/oracle/database/security/osdt_cert/21.5.0.0/osdt_cert-21.5.0.0.jar:/Users/pablojavier/.m2/repository/com/oracle/database/security/osdt_core/21.5.0.0/osdt_core-21.5.0.0.jar:/Users/pablojavier/.m2/repository/org/springframework/boot/spring-boot-starter-hateoas/3.2.4/spring-boot-starter-hateoas-3.2.4.jar:/Users/pablojavier/.m2/repository/org/springframework/hateoas/spring-hateoas/2.2.1/spring-hateoas-2.2.1.jar:/Users/pablojavier/.m2/repository/org/springframework/plugin/spring-plugin-core/3.0.0/spring-plugin-core-3.0.0.jar:/Users/pablojavier/.m2/repository/org/hamcrest/hamcrest/2.2/hamcrest-2.2.jar:"/>
    <property name="java.vm.vendor" value="Oracle Corporation"/>
    <property name="sun.arch.data.model" value="64"/>
    <property name="java.vendor.url" value="https://java.oracle.com/"/>
    <property name="user.timezone" value="America/Santiago"/>
    <property name="org.jboss.logging.provider" value="slf4j"/>
    <property name="os.name" value="Mac OS X"/>
    <property name="java.vm.specification.version" value="21"/>
    <property name="sun.java.launcher" value="SUN_STANDARD"/>
    <property name="user.country" value="CL"/>
    <property name="sun.boot.library.path" value="/Library/Java/JavaVirtualMachines/jdk-21.jdk/Contents/Home/lib"/>
    <property name="sun.java.command" value="/Users/pablojavier/Documents/Study/Entregas Examen /Ejemplos/centromedico/target/surefire/surefirebooter-20240505132538183_3.jar /Users/pablojavier/Documents/Study/Entregas Examen /Ejemplos/centromedico/target/surefire 2024-05-05T13-25-38_135-jvmRun1 surefire-20240505132538183_1tmp surefire_0-20240505132538183_2tmp"/>
    <property name="http.nonProxyHosts" value="local|*.local|169.254/16|*.169.254/16"/>
    <property name="jdk.debug" value="release"/>
    <property name="surefire.test.class.path" value="/Users/pablojavier/Documents/Study/Entregas Examen /Ejemplos/centromedico/target/test-classes:/Users/pablojavier/Documents/Study/Entregas Examen /Ejemplos/centromedico/target/classes:/Users/pablojavier/.m2/repository/org/springframework/boot/spring-boot-starter-actuator/3.2.4/spring-boot-starter-actuator-3.2.4.jar:/Users/pablojavier/.m2/repository/org/springframework/boot/spring-boot-starter/3.2.4/spring-boot-starter-3.2.4.jar:/Users/pablojavier/.m2/repository/org/springframework/boot/spring-boot-starter-logging/3.2.4/spring-boot-starter-logging-3.2.4.jar:/Users/pablojavier/.m2/repository/ch/qos/logback/logback-classic/1.4.14/logback-classic-1.4.14.jar:/Users/pablojavier/.m2/repository/ch/qos/logback/logback-core/1.4.14/logback-core-1.4.14.jar:/Users/pablojavier/.m2/repository/org/apache/logging/log4j/log4j-to-slf4j/2.21.1/log4j-to-slf4j-2.21.1.jar:/Users/pablojavier/.m2/repository/org/apache/logging/log4j/log4j-api/2.21.1/log4j-api-2.21.1.jar:/Users/pablojavier/.m2/repository/org/slf4j/jul-to-slf4j/2.0.12/jul-to-slf4j-2.0.12.jar:/Users/pablojavier/.m2/repository/jakarta/annotation/jakarta.annotation-api/2.1.1/jakarta.annotation-api-2.1.1.jar:/Users/pablojavier/.m2/repository/org/yaml/snakeyaml/2.2/snakeyaml-2.2.jar:/Users/pablojavier/.m2/repository/org/springframework/boot/spring-boot-actuator-autoconfigure/3.2.4/spring-boot-actuator-autoconfigure-3.2.4.jar:/Users/pablojavier/.m2/repository/org/springframework/boot/spring-boot-actuator/3.2.4/spring-boot-actuator-3.2.4.jar:/Users/pablojavier/.m2/repository/com/fasterxml/jackson/core/jackson-databind/2.15.4/jackson-databind-2.15.4.jar:/Users/pablojavier/.m2/repository/com/fasterxml/jackson/core/jackson-annotations/2.15.4/jackson-annotations-2.15.4.jar:/Users/pablojavier/.m2/repository/com/fasterxml/jackson/core/jackson-core/2.15.4/jackson-core-2.15.4.jar:/Users/pablojavier/.m2/repository/com/fasterxml/jackson/datatype/jackson-datatype-jsr310/2.15.4/jackson-datatype-jsr310-2.15.4.jar:/Users/pablojavier/.m2/repository/io/micrometer/micrometer-observation/1.12.4/micrometer-observation-1.12.4.jar:/Users/pablojavier/.m2/repository/io/micrometer/micrometer-commons/1.12.4/micrometer-commons-1.12.4.jar:/Users/pablojavier/.m2/repository/io/micrometer/micrometer-jakarta9/1.12.4/micrometer-jakarta9-1.12.4.jar:/Users/pablojavier/.m2/repository/io/micrometer/micrometer-core/1.12.4/micrometer-core-1.12.4.jar:/Users/pablojavier/.m2/repository/org/hdrhistogram/HdrHistogram/2.1.12/HdrHistogram-2.1.12.jar:/Users/pablojavier/.m2/repository/org/latencyutils/LatencyUtils/2.0.3/LatencyUtils-2.0.3.jar:/Users/pablojavier/.m2/repository/org/springframework/boot/spring-boot-starter-data-jpa/3.2.4/spring-boot-starter-data-jpa-3.2.4.jar:/Users/pablojavier/.m2/repository/org/springframework/boot/spring-boot-starter-aop/3.2.4/spring-boot-starter-aop-3.2.4.jar:/Users/pablojavier/.m2/repository/org/springframework/spring-aop/6.1.5/spring-aop-6.1.5.jar:/Users/pablojavier/.m2/repository/org/aspectj/aspectjweaver/1.9.21/aspectjweaver-1.9.21.jar:/Users/pablojavier/.m2/repository/org/springframework/boot/spring-boot-starter-jdbc/3.2.4/spring-boot-starter-jdbc-3.2.4.jar:/Users/pablojavier/.m2/repository/com/zaxxer/HikariCP/5.0.1/HikariCP-5.0.1.jar:/Users/pablojavier/.m2/repository/org/springframework/spring-jdbc/6.1.5/spring-jdbc-6.1.5.jar:/Users/pablojavier/.m2/repository/org/hibernate/orm/hibernate-core/6.4.4.Final/hibernate-core-6.4.4.Final.jar:/Users/pablojavier/.m2/repository/jakarta/persistence/jakarta.persistence-api/3.1.0/jakarta.persistence-api-3.1.0.jar:/Users/pablojavier/.m2/repository/jakarta/transaction/jakarta.transaction-api/2.0.1/jakarta.transaction-api-2.0.1.jar:/Users/pablojavier/.m2/repository/org/jboss/logging/jboss-logging/3.5.3.Final/jboss-logging-3.5.3.Final.jar:/Users/pablojavier/.m2/repository/org/hibernate/common/hibernate-commons-annotations/6.0.6.Final/hibernate-commons-annotations-6.0.6.Final.jar:/Users/pablojavier/.m2/repository/io/smallrye/jandex/3.1.2/jandex-3.1.2.jar:/Users/pablojavier/.m2/repository/com/fasterxml/classmate/1.6.0/classmate-1.6.0.jar:/Users/pablojavier/.m2/repository/net/bytebuddy/byte-buddy/1.14.12/byte-buddy-1.14.12.jar:/Users/pablojavier/.m2/repository/org/glassfish/jaxb/jaxb-runtime/4.0.5/jaxb-runtime-4.0.5.jar:/Users/pablojavier/.m2/repository/org/glassfish/jaxb/jaxb-core/4.0.5/jaxb-core-4.0.5.jar:/Users/pablojavier/.m2/repository/org/eclipse/angus/angus-activation/2.0.2/angus-activation-2.0.2.jar:/Users/pablojavier/.m2/repository/org/glassfish/jaxb/txw2/4.0.5/txw2-4.0.5.jar:/Users/pablojavier/.m2/repository/com/sun/istack/istack-commons-runtime/4.1.2/istack-commons-runtime-4.1.2.jar:/Users/pablojavier/.m2/repository/jakarta/inject/jakarta.inject-api/2.0.1/jakarta.inject-api-2.0.1.jar:/Users/pablojavier/.m2/repository/org/antlr/antlr4-runtime/4.13.0/antlr4-runtime-4.13.0.jar:/Users/pablojavier/.m2/repository/org/springframework/data/spring-data-jpa/3.2.4/spring-data-jpa-3.2.4.jar:/Users/pablojavier/.m2/repository/org/springframework/data/spring-data-commons/3.2.4/spring-data-commons-3.2.4.jar:/Users/pablojavier/.m2/repository/org/springframework/spring-orm/6.1.5/spring-orm-6.1.5.jar:/Users/pablojavier/.m2/repository/org/springframework/spring-context/6.1.5/spring-context-6.1.5.jar:/Users/pablojavier/.m2/repository/org/springframework/spring-tx/6.1.5/spring-tx-6.1.5.jar:/Users/pablojavier/.m2/repository/org/springframework/spring-beans/6.1.5/spring-beans-6.1.5.jar:/Users/pablojavier/.m2/repository/org/slf4j/slf4j-api/2.0.12/slf4j-api-2.0.12.jar:/Users/pablojavier/.m2/repository/org/springframework/spring-aspects/6.1.5/spring-aspects-6.1.5.jar:/Users/pablojavier/.m2/repository/org/springframework/boot/spring-boot-starter-web/3.2.4/spring-boot-starter-web-3.2.4.jar:/Users/pablojavier/.m2/repository/org/springframework/boot/spring-boot-starter-json/3.2.4/spring-boot-starter-json-3.2.4.jar:/Users/pablojavier/.m2/repository/com/fasterxml/jackson/datatype/jackson-datatype-jdk8/2.15.4/jackson-datatype-jdk8-2.15.4.jar:/Users/pablojavier/.m2/repository/com/fasterxml/jackson/module/jackson-module-parameter-names/2.15.4/jackson-module-parameter-names-2.15.4.jar:/Users/pablojavier/.m2/repository/org/springframework/boot/spring-boot-starter-tomcat/3.2.4/spring-boot-starter-tomcat-3.2.4.jar:/Users/pablojavier/.m2/repository/org/apache/tomcat/embed/tomcat-embed-core/10.1.19/tomcat-embed-core-10.1.19.jar:/Users/pablojavier/.m2/repository/org/apache/tomcat/embed/tomcat-embed-el/10.1.19/tomcat-embed-el-10.1.19.jar:/Users/pablojavier/.m2/repository/org/apache/tomcat/embed/tomcat-embed-websocket/10.1.19/tomcat-embed-websocket-10.1.19.jar:/Users/pablojavier/.m2/repository/org/springframework/spring-web/6.1.5/spring-web-6.1.5.jar:/Users/pablojavier/.m2/repository/org/springframework/spring-webmvc/6.1.5/spring-webmvc-6.1.5.jar:/Users/pablojavier/.m2/repository/org/springframework/spring-expression/6.1.5/spring-expression-6.1.5.jar:/Users/pablojavier/.m2/repository/org/springframework/boot/spring-boot-devtools/3.2.4/spring-boot-devtools-3.2.4.jar:/Users/pablojavier/.m2/repository/org/springframework/boot/spring-boot/3.2.4/spring-boot-3.2.4.jar:/Users/pablojavier/.m2/repository/org/springframework/boot/spring-boot-autoconfigure/3.2.4/spring-boot-autoconfigure-3.2.4.jar:/Users/pablojavier/.m2/repository/com/oracle/database/jdbc/ojdbc11/21.9.0.0/ojdbc11-21.9.0.0.jar:/Users/pablojavier/.m2/repository/com/oracle/database/jdbc/ucp11/21.9.0.0/ucp11-21.9.0.0.jar:/Users/pablojavier/.m2/repository/com/oracle/database/jdbc/rsi/21.9.0.0/rsi-21.9.0.0.jar:/Users/pablojavier/.m2/repository/com/oracle/database/ha/simplefan/21.9.0.0/simplefan-21.9.0.0.jar:/Users/pablojavier/.m2/repository/com/oracle/database/ha/ons/21.9.0.0/ons-21.9.0.0.jar:/Users/pablojavier/.m2/repository/com/oracle/database/nls/orai18n/21.9.0.0/orai18n-21.9.0.0.jar:/Users/pablojavier/.m2/repository/com/oracle/database/xml/xdb/21.9.0.0/xdb-21.9.0.0.jar:/Users/pablojavier/.m2/repository/com/oracle/database/xml/xmlparserv2/21.9.0.0/xmlparserv2-21.9.0.0.jar:/Users/pablojavier/.m2/repository/org/projectlombok/lombok/1.18.30/lombok-1.18.30.jar:/Users/pablojavier/.m2/repository/org/springframework/boot/spring-boot-starter-test/3.2.4/spring-boot-starter-test-3.2.4.jar:/Users/pablojavier/.m2/repository/org/springframework/boot/spring-boot-test/3.2.4/spring-boot-test-3.2.4.jar:/Users/pablojavier/.m2/repository/org/springframework/boot/spring-boot-test-autoconfigure/3.2.4/spring-boot-test-autoconfigure-3.2.4.jar:/Users/pablojavier/.m2/repository/com/jayway/jsonpath/json-path/2.9.0/json-path-2.9.0.jar:/Users/pablojavier/.m2/repository/jakarta/xml/bind/jakarta.xml.bind-api/4.0.2/jakarta.xml.bind-api-4.0.2.jar:/Users/pablojavier/.m2/repository/jakarta/activation/jakarta.activation-api/2.1.3/jakarta.activation-api-2.1.3.jar:/Users/pablojavier/.m2/repository/net/minidev/json-smart/2.5.0/json-smart-2.5.0.jar:/Users/pablojavier/.m2/repository/net/minidev/accessors-smart/2.5.0/accessors-smart-2.5.0.jar:/Users/pablojavier/.m2/repository/org/ow2/asm/asm/9.3/asm-9.3.jar:/Users/pablojavier/.m2/repository/org/assertj/assertj-core/3.24.2/assertj-core-3.24.2.jar:/Users/pablojavier/.m2/repository/org/awaitility/awaitility/4.2.0/awaitility-4.2.0.jar:/Users/pablojavier/.m2/repository/org/junit/jupiter/junit-jupiter/5.10.2/junit-jupiter-5.10.2.jar:/Users/pablojavier/.m2/repository/org/junit/jupiter/junit-jupiter-api/5.10.2/junit-jupiter-api-5.10.2.jar:/Users/pablojavier/.m2/repository/org/opentest4j/opentest4j/1.3.0/opentest4j-1.3.0.jar:/Users/pablojavier/.m2/repository/org/junit/platform/junit-platform-commons/1.10.2/junit-platform-commons-1.10.2.jar:/Users/pablojavier/.m2/repository/org/apiguardian/apiguardian-api/1.1.2/apiguardian-api-1.1.2.jar:/Users/pablojavier/.m2/repository/org/junit/jupiter/junit-jupiter-params/5.10.2/junit-jupiter-params-5.10.2.jar:/Users/pablojavier/.m2/repository/org/junit/jupiter/junit-jupiter-engine/5.10.2/junit-jupiter-engine-5.10.2.jar:/Users/pablojavier/.m2/repository/org/junit/platform/junit-platform-engine/1.10.2/junit-platform-engine-1.10.2.jar:/Users/pablojavier/.m2/repository/org/mockito/mockito-core/5.7.0/mockito-core-5.7.0.jar:/Users/pablojavier/.m2/repository/net/bytebuddy/byte-buddy-agent/1.14.12/byte-buddy-agent-1.14.12.jar:/Users/pablojavier/.m2/repository/org/objenesis/objenesis/3.3/objenesis-3.3.jar:/Users/pablojavier/.m2/repository/org/mockito/mockito-junit-jupiter/5.7.0/mockito-junit-jupiter-5.7.0.jar:/Users/pablojavier/.m2/repository/org/skyscreamer/jsonassert/1.5.1/jsonassert-1.5.1.jar:/Users/pablojavier/.m2/repository/com/vaadin/external/google/android-json/0.0.20131108.vaadin1/android-json-0.0.20131108.vaadin1.jar:/Users/pablojavier/.m2/repository/org/springframework/spring-core/6.1.5/spring-core-6.1.5.jar:/Users/pablojavier/.m2/repository/org/springframework/spring-jcl/6.1.5/spring-jcl-6.1.5.jar:/Users/pablojavier/.m2/repository/org/springframework/spring-test/6.1.5/spring-test-6.1.5.jar:/Users/pablojavier/.m2/repository/org/xmlunit/xmlunit-core/2.9.1/xmlunit-core-2.9.1.jar:/Users/pablojavier/.m2/repository/com/oracle/database/security/oraclepki/21.5.0.0/oraclepki-21.5.0.0.jar:/Users/pablojavier/.m2/repository/com/oracle/database/security/osdt_cert/21.5.0.0/osdt_cert-21.5.0.0.jar:/Users/pablojavier/.m2/repository/com/oracle/database/security/osdt_core/21.5.0.0/osdt_core-21.5.0.0.jar:/Users/pablojavier/.m2/repository/org/springframework/boot/spring-boot-starter-hateoas/3.2.4/spring-boot-starter-hateoas-3.2.4.jar:/Users/pablojavier/.m2/repository/org/springframework/hateoas/spring-hateoas/2.2.1/spring-hateoas-2.2.1.jar:/Users/pablojavier/.m2/repository/org/springframework/plugin/spring-plugin-core/3.0.0/spring-plugin-core-3.0.0.jar:/Users/pablojavier/.m2/repository/org/hamcrest/hamcrest/2.2/hamcrest-2.2.jar:"/>
    <property name="sun.cpu.endian" value="little"/>
    <property name="user.home" value="/Users/pablojavier"/>
    <property name="user.language" value="en"/>
    <property name="java.specification.vendor" value="Oracle Corporation"/>
    <property name="java.version.date" value="2024-01-16"/>
    <property name="java.home" value="/Library/Java/JavaVirtualMachines/jdk-21.jdk/Contents/Home"/>
    <property name="file.separator" value="/"/>
    <property name="basedir" value="/Users/pablojavier/Documents/Study/Entregas Examen /Ejemplos/centromedico"/>
    <property name="java.vm.compressedOopsMode" value="Zero based"/>
    <property name="line.separator" value="&#10;"/>
    <property name="java.vm.specification.vendor" value="Oracle Corporation"/>
    <property name="java.specification.name" value="Java Platform API Specification"/>
    <property name="FILE_LOG_CHARSET" value="UTF-8"/>
    <property name="java.awt.headless" value="true"/>
    <property name="apple.awt.application.name" value="ForkedBooter"/>
    <property name="surefire.real.class.path" value="/Users/pablojavier/Documents/Study/Entregas Examen /Ejemplos/centromedico/target/surefire/surefirebooter-20240505132538183_3.jar"/>
    <property name="sun.management.compiler" value="HotSpot 64-Bit Tiered Compilers"/>
    <property name="ftp.nonProxyHosts" value="local|*.local|169.254/16|*.169.254/16"/>
    <property name="java.runtime.version" value="21.0.2+13-LTS-58"/>
    <property name="user.name" value="pablojavier"/>
    <property name="stdout.encoding" value="UTF-8"/>
    <property name="path.separator" value=":"/>
    <property name="os.version" value="14.2.1"/>
    <property name="java.runtime.name" value="Java(TM) SE Runtime Environment"/>
    <property name="file.encoding" value="UTF-8"/>
    <property name="java.vm.name" value="Java HotSpot(TM) 64-Bit Server VM"/>
    <property name="localRepository" value="/Users/pablojavier/.m2/repository"/>
    <property name="java.vendor.url.bug" value="https://bugreport.java.com/bugreport/"/>
    <property name="java.io.tmpdir" value="/var/folders/j1/vg3fpdtd5f14w_x707zrzmy80000gn/T/"/>
    <property name="com.zaxxer.hikari.pool_number" value="1"/>
    <property name="java.version" value="21.0.2"/>
    <property name="user.dir" value="/Users/pablojavier/Documents/Study/Entregas Examen /Ejemplos/centromedico"/>
    <property name="os.arch" value="aarch64"/>
    <property name="java.vm.specification.name" value="Java Virtual Machine Specification"/>
    <property name="PID" value="87501"/>
    <property name="CONSOLE_LOG_CHARSET" value="UTF-8"/>
    <property name="native.encoding" value="UTF-8"/>
    <property name="java.library.path" value="/Users/pablojavier/Library/Java/Extensions:/Library/Java/Extensions:/Network/Library/Java/Extensions:/System/Library/Java/Extensions:/usr/lib/java:."/>
    <property name="java.vm.info" value="mixed mode, sharing"/>
    <property name="stderr.encoding" value="UTF-8"/>
    <property name="java.vendor" value="Oracle Corporation"/>
    <property name="java.vm.version" value="21.0.2+13-LTS-58"/>
    <property name="sun.io.unicode.encoding" value="UnicodeBig"/>
    <property name="socksNonProxyHosts" value="local|*.local|169.254/16|*.169.254/16"/>
    <property name="java.class.version" value="65.0"/>
    <property name="LOGGED_APPLICATION_NAME" value="[centromedico] "/>
  </properties>
  <testcase name="eliminarPacienteTest" classname="com.CentroMedico.CentroMedico.repository.PacienteServiceTest" time="1.052">
    <system-out><![CDATA[13:25:38.608 [main] INFO org.springframework.test.context.support.AnnotationConfigContextLoaderUtils -- Could not detect default configuration classes for test class [com.CentroMedico.CentroMedico.repository.PacienteServiceTest]: PacienteServiceTest does not declare any static, non-private, non-final, nested classes annotated with @Configuration.
13:25:38.671 [main] INFO org.springframework.boot.test.context.SpringBootTestContextBootstrapper -- Found @SpringBootConfiguration com.CentroMedico.CentroMedico.CentroMedicoApplication for test class com.CentroMedico.CentroMedico.repository.PacienteServiceTest
13:25:38.727 [main] INFO org.springframework.boot.devtools.restart.RestartApplicationListener -- Restart disabled due to context in which it is running

  .   ____          _            __ _ _
 /\\ / ___'_ __ _ _(_)_ __  __ _ \ \ \ \
( ( )\___ | '_ | '_| | '_ \/ _` | \ \ \ \
 \\/  ___)| |_)| | | | | || (_| |  ) ) ) )
  '  |____| .__|_| |_|_| |_\__, | / / / /
 =========|_|==============|___/=/_/_/_/
 :: Spring Boot ::                (v3.2.4)

2024-05-05T13:25:38.887-04:00  INFO 87501 --- [centromedico] [           main] c.C.C.repository.PacienteServiceTest     : Starting PacienteServiceTest using Java 21.0.2 with PID 87501 (started by pablojavier in /Users/pablojavier/Documents/Study/Entregas Examen /Ejemplos/centromedico)
2024-05-05T13:25:38.888-04:00  INFO 87501 --- [centromedico] [           main] c.C.C.repository.PacienteServiceTest     : No active profile set, falling back to 1 default profile: "default"
2024-05-05T13:25:38.888-04:00 DEBUG 87501 --- [centromedico] [           main] o.s.boot.SpringApplication               : Loading source class com.CentroMedico.CentroMedico.CentroMedicoApplication
2024-05-05T13:25:38.894-04:00 DEBUG 87501 --- [centromedico] [           main] s.c.a.AnnotationConfigApplicationContext : Refreshing org.springframework.context.annotation.AnnotationConfigApplicationContext@7048f722
2024-05-05T13:25:38.900-04:00 DEBUG 87501 --- [centromedico] [           main] o.s.b.f.s.DefaultListableBeanFactory     : Creating shared instance of singleton bean 'org.springframework.context.annotation.internalConfigurationAnnotationProcessor'
2024-05-05T13:25:38.907-04:00 DEBUG 87501 --- [centromedico] [           main] o.s.b.f.s.DefaultListableBeanFactory     : Creating shared instance of singleton bean 'org.springframework.boot.autoconfigure.internalCachingMetadataReaderFactory'
2024-05-05T13:25:39.077-04:00  INFO 87501 --- [centromedico] [           main] .s.d.r.c.RepositoryConfigurationDelegate : Bootstrapping Spring Data JPA repositories in DEFAULT mode.
2024-05-05T13:25:39.081-04:00 DEBUG 87501 --- [centromedico] [           main] o.s.b.f.s.DefaultListableBeanFactory     : Creating shared instance of singleton bean 'org.springframework.boot.autoconfigure.AutoConfigurationPackages'
2024-05-05T13:25:39.084-04:00 DEBUG 87501 --- [centromedico] [           main] o.s.b.a.AutoConfigurationPackages        : @EnableAutoConfiguration was declared on a class in the package 'com.CentroMedico.CentroMedico'. Automatic @Repository and @Entity scanning is enabled.
2024-05-05T13:25:39.085-04:00 DEBUG 87501 --- [centromedico] [           main] .s.d.r.c.RepositoryConfigurationDelegate : Scanning for JPA repositories in packages com.CentroMedico.CentroMedico.
2024-05-05T13:25:39.090-04:00 DEBUG 87501 --- [centromedico] [           main] o.s.d.r.c.RepositoryComponentProvider    : Identified candidate component class: file [/Users/pablojavier/Documents/Study/Entregas Examen /Ejemplos/centromedico/target/classes/com/CentroMedico/CentroMedico/repository/ConsultaMedicaRepository.class]
2024-05-05T13:25:39.090-04:00 DEBUG 87501 --- [centromedico] [           main] o.s.d.r.c.RepositoryComponentProvider    : Identified candidate component class: file [/Users/pablojavier/Documents/Study/Entregas Examen /Ejemplos/centromedico/target/classes/com/CentroMedico/CentroMedico/repository/EspecialidadRepository.class]
2024-05-05T13:25:39.090-04:00 DEBUG 87501 --- [centromedico] [           main] o.s.d.r.c.RepositoryComponentProvider    : Identified candidate component class: file [/Users/pablojavier/Documents/Study/Entregas Examen /Ejemplos/centromedico/target/classes/com/CentroMedico/CentroMedico/repository/PacienteRepository.class]
2024-05-05T13:25:39.090-04:00 DEBUG 87501 --- [centromedico] [           main] o.s.d.r.c.RepositoryComponentProvider    : Identified candidate component class: file [/Users/pablojavier/Documents/Study/Entregas Examen /Ejemplos/centromedico/target/classes/com/CentroMedico/CentroMedico/repository/ProfesionalRepository.class]
2024-05-05T13:25:39.102-04:00 DEBUG 87501 --- [centromedico] [           main] ssPathScanningCandidateComponentProvider : Identified candidate component class: file [/Users/pablojavier/Documents/Study/Entregas Examen /Ejemplos/centromedico/target/classes/com/CentroMedico/CentroMedico/service/ConsultaMedicaServiceImpl.class]
2024-05-05T13:25:39.103-04:00 DEBUG 87501 --- [centromedico] [           main] ssPathScanningCandidateComponentProvider : Identified candidate component class: file [/Users/pablojavier/Documents/Study/Entregas Examen /Ejemplos/centromedico/target/classes/com/CentroMedico/CentroMedico/service/EspecialidadServiceImpl.class]
2024-05-05T13:25:39.103-04:00 DEBUG 87501 --- [centromedico] [           main] ssPathScanningCandidateComponentProvider : Identified candidate component class: file [/Users/pablojavier/Documents/Study/Entregas Examen /Ejemplos/centromedico/target/classes/com/CentroMedico/CentroMedico/service/PacienteServiceImpl.class]
2024-05-05T13:25:39.103-04:00 DEBUG 87501 --- [centromedico] [           main] ssPathScanningCandidateComponentProvider : Identified candidate component class: file [/Users/pablojavier/Documents/Study/Entregas Examen /Ejemplos/centromedico/target/classes/com/CentroMedico/CentroMedico/service/ProfesionalServiceImpl.class]
2024-05-05T13:25:39.109-04:00  INFO 87501 --- [centromedico] [           main] .s.d.r.c.RepositoryConfigurationDelegate : Finished Spring Data repository scanning in 23 ms. Found 4 JPA repository interfaces.
2024-05-05T13:25:39.136-04:00 DEBUG 87501 --- [centromedico] [           main] o.s.b.f.s.DefaultListableBeanFactory     : Creating shared instance of singleton bean 'org.springframework.boot.test.context.ImportsContextCustomizer$ImportsCleanupPostProcessor'
2024-05-05T13:25:39.170-04:00 DEBUG 87501 --- [centromedico] [           main] o.s.b.f.s.DefaultListableBeanFactory     : Creating shared instance of singleton bean 'org.springframework.boot.test.mock.mockito.MockitoPostProcessor'
2024-05-05T13:25:39.170-04:00 DEBUG 87501 --- [centromedico] [           main] o.s.b.f.s.DefaultListableBeanFactory     : Creating shared instance of singleton bean 'emBeanDefinitionRegistrarPostProcessor'
2024-05-05T13:25:39.171-04:00 DEBUG 87501 --- [centromedico] [           main] o.s.b.f.s.DefaultListableBeanFactory     : Creating shared instance of singleton bean 'org.springframework.boot.sql.init.dependency.DatabaseInitializationDependencyConfigurer$DependsOnDatabaseInitializationPostProcessor'
2024-05-05T13:25:39.187-04:00 DEBUG 87501 --- [centromedico] [           main] o.s.b.f.s.DefaultListableBeanFactory     : Creating shared instance of singleton bean 'org.springframework.context.event.internalEventListenerProcessor'
2024-05-05T13:25:39.188-04:00 DEBUG 87501 --- [centromedico] [           main] o.s.b.f.s.DefaultListableBeanFactory     : Creating shared instance of singleton bean 'org.springframework.context.event.internalEventListenerFactory'
2024-05-05T13:25:39.189-04:00 DEBUG 87501 --- [centromedico] [           main] o.s.b.f.s.DefaultListableBeanFactory     : Creating shared instance of singleton bean 'org.springframework.transaction.config.internalTransactionalEventListenerFactory'
2024-05-05T13:25:39.190-04:00 DEBUG 87501 --- [centromedico] [           main] o.s.b.f.s.DefaultListableBeanFactory     : Creating shared instance of singleton bean 'org.springframework.context.annotation.internalAutowiredAnnotationProcessor'
2024-05-05T13:25:39.190-04:00 DEBUG 87501 --- [centromedico] [           main] o.s.b.f.s.DefaultListableBeanFactory     : Creating shared instance of singleton bean 'org.springframework.context.annotation.internalCommonAnnotationProcessor'
2024-05-05T13:25:39.192-04:00 DEBUG 87501 --- [centromedico] [           main] o.s.b.f.s.DefaultListableBeanFactory     : Creating shared instance of singleton bean 'org.springframework.context.annotation.internalPersistenceAnnotationProcessor'
2024-05-05T13:25:39.192-04:00 DEBUG 87501 --- [centromedico] [           main] o.s.b.f.s.DefaultListableBeanFactory     : Creating shared instance of singleton bean 'org.springframework.boot.test.mock.mockito.MockitoPostProcessor$SpyPostProcessor'
2024-05-05T13:25:39.193-04:00 DEBUG 87501 --- [centromedico] [           main] o.s.b.f.s.DefaultListableBeanFactory     : Creating shared instance of singleton bean 'jdbcConnectionDetailsHikariBeanPostProcessor'
2024-05-05T13:25:39.195-04:00 DEBUG 87501 --- [centromedico] [           main] o.s.b.f.s.DefaultListableBeanFactory     : Creating shared instance of singleton bean 'org.springframework.boot.context.properties.ConfigurationPropertiesBindingPostProcessor'
2024-05-05T13:25:39.195-04:00 DEBUG 87501 --- [centromedico] [           main] o.s.b.f.s.DefaultListableBeanFactory     : Creating shared instance of singleton bean 'org.springframework.boot.context.internalConfigurationPropertiesBinder'
2024-05-05T13:25:39.197-04:00 DEBUG 87501 --- [centromedico] [           main] o.s.b.f.s.DefaultListableBeanFactory     : Creating shared instance of singleton bean 'org.springframework.aop.config.internalAutoProxyCreator'
2024-05-05T13:25:39.204-04:00 DEBUG 87501 --- [centromedico] [           main] o.s.b.f.s.DefaultListableBeanFactory     : Creating shared instance of singleton bean 'dataSourceScriptDatabaseInitializer'
2024-05-05T13:25:39.204-04:00 DEBUG 87501 --- [centromedico] [           main] o.s.b.f.s.DefaultListableBeanFactory     : Creating shared instance of singleton bean 'org.springframework.boot.autoconfigure.sql.init.DataSourceInitializationConfiguration'
2024-05-05T13:25:39.205-04:00 DEBUG 87501 --- [centromedico] [           main] o.s.b.f.s.DefaultListableBeanFactory     : Creating shared instance of singleton bean 'org.springframework.transaction.config.internalTransactionAdvisor'
2024-05-05T13:25:39.205-04:00 DEBUG 87501 --- [centromedico] [           main] o.s.b.f.s.DefaultListableBeanFactory     : Creating shared instance of singleton bean 'org.springframework.transaction.annotation.ProxyTransactionManagementConfiguration'
2024-05-05T13:25:39.215-04:00 DEBUG 87501 --- [centromedico] [           main] o.s.b.f.s.DefaultListableBeanFactory     : Creating shared instance of singleton bean 'transactionAttributeSource'
2024-05-05T13:25:39.215-04:00 DEBUG 87501 --- [centromedico] [           main] o.s.b.f.s.DefaultListableBeanFactory     : Creating shared instance of singleton bean 'transactionInterceptor'
2024-05-05T13:25:39.216-04:00 DEBUG 87501 --- [centromedico] [           main] o.s.b.f.s.DefaultListableBeanFactory     : Autowiring by type from bean name 'transactionInterceptor' via factory method to bean named 'transactionAttributeSource'
2024-05-05T13:25:39.223-04:00 DEBUG 87501 --- [centromedico] [           main] o.s.b.f.s.DefaultListableBeanFactory     : Autowiring by type from bean name 'org.springframework.transaction.config.internalTransactionAdvisor' via factory method to bean named 'transactionAttributeSource'
2024-05-05T13:25:39.223-04:00 DEBUG 87501 --- [centromedico] [           main] o.s.b.f.s.DefaultListableBeanFactory     : Autowiring by type from bean name 'org.springframework.transaction.config.internalTransactionAdvisor' via factory method to bean named 'transactionInterceptor'
2024-05-05T13:25:39.225-04:00 DEBUG 87501 --- [centromedico] [           main] o.s.b.f.s.DefaultListableBeanFactory     : Creating shared instance of singleton bean 'dataSource'
2024-05-05T13:25:39.225-04:00 DEBUG 87501 --- [centromedico] [           main] o.s.b.f.s.DefaultListableBeanFactory     : Creating shared instance of singleton bean 'org.springframework.boot.autoconfigure.jdbc.DataSourceConfiguration$Hikari'
2024-05-05T13:25:39.226-04:00 DEBUG 87501 --- [centromedico] [           main] o.s.b.f.s.DefaultListableBeanFactory     : Creating shared instance of singleton bean 'spring.datasource-org.springframework.boot.autoconfigure.jdbc.DataSourceProperties'
2024-05-05T13:25:39.226-04:00 DEBUG 87501 --- [centromedico] [           main] o.s.b.f.s.DefaultListableBeanFactory     : Creating shared instance of singleton bean 'org.springframework.boot.context.properties.BoundConfigurationProperties'
2024-05-05T13:25:39.236-04:00 DEBUG 87501 --- [centromedico] [           main] o.s.b.f.s.DefaultListableBeanFactory     : Creating shared instance of singleton bean 'jdbcConnectionDetails'
2024-05-05T13:25:39.236-04:00 DEBUG 87501 --- [centromedico] [           main] o.s.b.f.s.DefaultListableBeanFactory     : Creating shared instance of singleton bean 'org.springframework.boot.autoconfigure.jdbc.DataSourceAutoConfiguration$PooledDataSourceConfiguration'
2024-05-05T13:25:39.236-04:00 DEBUG 87501 --- [centromedico] [           main] o.s.b.f.s.DefaultListableBeanFactory     : Autowiring by type from bean name 'jdbcConnectionDetails' via factory method to bean named 'spring.datasource-org.springframework.boot.autoconfigure.jdbc.DataSourceProperties'
2024-05-05T13:25:39.237-04:00 DEBUG 87501 --- [centromedico] [           main] o.s.b.f.s.DefaultListableBeanFactory     : Autowiring by type from bean name 'dataSource' via factory method to bean named 'spring.datasource-org.springframework.boot.autoconfigure.jdbc.DataSourceProperties'
2024-05-05T13:25:39.237-04:00 DEBUG 87501 --- [centromedico] [           main] o.s.b.f.s.DefaultListableBeanFactory     : Autowiring by type from bean name 'dataSource' via factory method to bean named 'jdbcConnectionDetails'
2024-05-05T13:25:39.323-04:00 DEBUG 87501 --- [centromedico] [           main] o.s.b.f.s.DefaultListableBeanFactory     : Creating shared instance of singleton bean 'spring.sql.init-org.springframework.boot.autoconfigure.sql.init.SqlInitializationProperties'
2024-05-05T13:25:39.325-04:00 DEBUG 87501 --- [centromedico] [           main] o.s.b.f.s.DefaultListableBeanFactory     : Autowiring by type from bean name 'dataSourceScriptDatabaseInitializer' via factory method to bean named 'dataSource'
2024-05-05T13:25:39.325-04:00 DEBUG 87501 --- [centromedico] [           main] o.s.b.f.s.DefaultListableBeanFactory     : Autowiring by type from bean name 'dataSourceScriptDatabaseInitializer' via factory method to bean named 'spring.sql.init-org.springframework.boot.autoconfigure.sql.init.SqlInitializationProperties'
2024-05-05T13:25:39.327-04:00 DEBUG 87501 --- [centromedico] [           main] o.s.b.f.s.DefaultListableBeanFactory     : Creating shared instance of singleton bean 'entityManagerFactory'
2024-05-05T13:25:39.327-04:00 DEBUG 87501 --- [centromedico] [           main] o.s.b.f.s.DefaultListableBeanFactory     : Creating shared instance of singleton bean 'org.springframework.boot.autoconfigure.orm.jpa.HibernateJpaConfiguration'
2024-05-05T13:25:39.328-04:00 DEBUG 87501 --- [centromedico] [           main] o.s.b.f.s.DefaultListableBeanFactory     : Creating shared instance of singleton bean 'spring.jpa-org.springframework.boot.autoconfigure.orm.jpa.JpaProperties'
2024-05-05T13:25:39.331-04:00 DEBUG 87501 --- [centromedico] [           main] o.s.b.f.s.DefaultListableBeanFactory     : Creating shared instance of singleton bean 'spring.jpa.hibernate-org.springframework.boot.autoconfigure.orm.jpa.HibernateProperties'
2024-05-05T13:25:39.332-04:00 DEBUG 87501 --- [centromedico] [           main] o.s.b.f.s.DefaultListableBeanFactory     : Autowiring by type from bean name 'org.springframework.boot.autoconfigure.orm.jpa.HibernateJpaConfiguration' via constructor to bean named 'dataSource'
2024-05-05T13:25:39.332-04:00 DEBUG 87501 --- [centromedico] [           main] o.s.b.f.s.DefaultListableBeanFactory     : Autowiring by type from bean name 'org.springframework.boot.autoconfigure.orm.jpa.HibernateJpaConfiguration' via constructor to bean named 'spring.jpa-org.springframework.boot.autoconfigure.orm.jpa.JpaProperties'
2024-05-05T13:25:39.332-04:00 DEBUG 87501 --- [centromedico] [           main] o.s.b.f.s.DefaultListableBeanFactory     : Autowiring by type from bean name 'org.springframework.boot.autoconfigure.orm.jpa.HibernateJpaConfiguration' via constructor to bean named 'org.springframework.beans.factory.support.DefaultListableBeanFactory@7dc51783'
2024-05-05T13:25:39.332-04:00 DEBUG 87501 --- [centromedico] [           main] o.s.b.f.s.DefaultListableBeanFactory     : Autowiring by type from bean name 'org.springframework.boot.autoconfigure.orm.jpa.HibernateJpaConfiguration' via constructor to bean named 'spring.jpa.hibernate-org.springframework.boot.autoconfigure.orm.jpa.HibernateProperties'
2024-05-05T13:25:39.334-04:00 DEBUG 87501 --- [centromedico] [           main] o.s.b.f.s.DefaultListableBeanFactory     : Creating shared instance of singleton bean 'oracleUcpPoolDataSourceMetadataProvider'
2024-05-05T13:25:39.334-04:00 DEBUG 87501 --- [centromedico] [           main] o.s.b.f.s.DefaultListableBeanFactory     : Creating shared instance of singleton bean 'org.springframework.boot.autoconfigure.jdbc.metadata.DataSourcePoolMetadataProvidersConfiguration$OracleUcpPoolDataSourceMetadataProviderConfiguration'
2024-05-05T13:25:39.334-04:00 DEBUG 87501 --- [centromedico] [           main] o.s.b.f.s.DefaultListableBeanFactory     : Creating shared instance of singleton bean 'hikariPoolDataSourceMetadataProvider'
2024-05-05T13:25:39.335-04:00 DEBUG 87501 --- [centromedico] [           main] o.s.b.f.s.DefaultListableBeanFactory     : Creating shared instance of singleton bean 'org.springframework.boot.autoconfigure.jdbc.metadata.DataSourcePoolMetadataProvidersConfiguration$HikariPoolDataSourceMetadataProviderConfiguration'
2024-05-05T13:25:39.337-04:00 DEBUG 87501 --- [centromedico] [           main] o.s.b.f.s.DefaultListableBeanFactory     : Creating shared instance of singleton bean 'entityManagerFactoryBuilder'
2024-05-05T13:25:39.338-04:00 DEBUG 87501 --- [centromedico] [           main] o.s.b.f.s.DefaultListableBeanFactory     : Creating shared instance of singleton bean 'jpaVendorAdapter'
2024-05-05T13:25:39.345-04:00 DEBUG 87501 --- [centromedico] [           main] o.s.b.f.s.DefaultListableBeanFactory     : Autowiring by type from bean name 'entityManagerFactoryBuilder' via factory method to bean named 'jpaVendorAdapter'
2024-05-05T13:25:39.347-04:00 DEBUG 87501 --- [centromedico] [           main] o.s.b.f.s.DefaultListableBeanFactory     : Creating shared instance of singleton bean 'persistenceManagedTypes'
2024-05-05T13:25:39.347-04:00 DEBUG 87501 --- [centromedico] [           main] o.s.b.f.s.DefaultListableBeanFactory     : Autowiring by type from bean name 'persistenceManagedTypes' via factory method to bean named 'org.springframework.beans.factory.support.DefaultListableBeanFactory@7dc51783'
2024-05-05T13:25:39.348-04:00 DEBUG 87501 --- [centromedico] [           main] o.s.b.f.s.DefaultListableBeanFactory     : Autowiring by type from bean name 'persistenceManagedTypes' via factory method to bean named 'org.springframework.context.annotation.AnnotationConfigApplicationContext@7048f722'
2024-05-05T13:25:39.351-04:00 DEBUG 87501 --- [centromedico] [           main] o.s.b.f.s.DefaultListableBeanFactory     : Autowiring by type from bean name 'entityManagerFactory' via factory method to bean named 'entityManagerFactoryBuilder'
2024-05-05T13:25:39.351-04:00 DEBUG 87501 --- [centromedico] [           main] o.s.b.f.s.DefaultListableBeanFactory     : Autowiring by type from bean name 'entityManagerFactory' via factory method to bean named 'persistenceManagedTypes'
2024-05-05T13:25:39.359-04:00 DEBUG 87501 --- [centromedico] [           main] j.LocalContainerEntityManagerFactoryBean : Building JPA container EntityManagerFactory for persistence unit 'default'
2024-05-05T13:25:39.369-04:00 DEBUG 87501 --- [centromedico] [           main] o.hibernate.jpa.internal.util.LogHelper  : PersistenceUnitInfo [
	name: default
	persistence provider classname: null
	classloader: jdk.internal.loader.ClassLoaders$AppClassLoader@1cf4f579
	excludeUnlistedClasses: true
	JTA datasource: null
	Non JTA datasource: HikariDataSource (null)
	Transaction type: RESOURCE_LOCAL
	PU root URL: file:/Users/pablojavier/Documents/Study/Entregas%20Examen%20/Ejemplos/centromedico/target/test-classes/
	Shared Cache Mode: UNSPECIFIED
	Validation Mode: AUTO
	Jar files URLs []
	Managed classes names [
		com.CentroMedico.CentroMedico.model.ConsultaMedica
		com.CentroMedico.CentroMedico.model.Especialidad
		com.CentroMedico.CentroMedico.model.Paciente
		com.CentroMedico.CentroMedico.model.Profesional]
	Mapping files names []
	Properties []
2024-05-05T13:25:39.374-04:00 DEBUG 87501 --- [centromedico] [           main] o.h.i.internal.IntegratorServiceImpl     : Adding Integrator [org.hibernate.boot.beanvalidation.BeanValidationIntegrator].
2024-05-05T13:25:39.375-04:00 DEBUG 87501 --- [centromedico] [           main] o.h.i.internal.IntegratorServiceImpl     : Adding Integrator [org.hibernate.cache.internal.CollectionCacheInvalidator].
2024-05-05T13:25:39.400-04:00  INFO 87501 --- [centromedico] [           main] org.hibernate.Version                    : HHH000412: Hibernate ORM core version 6.4.4.Final
2024-05-05T13:25:39.401-04:00 DEBUG 87501 --- [centromedico] [           main] org.hibernate.cfg.Environment            : HHH000206: 'hibernate.properties' not found
2024-05-05T13:25:39.413-04:00 DEBUG 87501 --- [centromedico] [           main] org.hibernate.orm.idgen.factory          : Registering IdentifierGenerator strategy [uuid2] -> [org.hibernate.id.UUIDGenerator]
2024-05-05T13:25:39.413-04:00 DEBUG 87501 --- [centromedico] [           main] org.hibernate.orm.idgen.factory          : Registering IdentifierGenerator strategy [guid] -> [org.hibernate.id.GUIDGenerator]
2024-05-05T13:25:39.413-04:00 DEBUG 87501 --- [centromedico] [           main] org.hibernate.orm.idgen.factory          : Registering IdentifierGenerator strategy [uuid] -> [org.hibernate.id.UUIDHexGenerator]
2024-05-05T13:25:39.413-04:00 DEBUG 87501 --- [centromedico] [           main] org.hibernate.orm.idgen.factory          : Registering IdentifierGenerator strategy [uuid.hex] -> [org.hibernate.id.UUIDHexGenerator]
2024-05-05T13:25:39.414-04:00 DEBUG 87501 --- [centromedico] [           main] org.hibernate.orm.idgen.factory          : Registering IdentifierGenerator strategy [assigned] -> [org.hibernate.id.Assigned]
2024-05-05T13:25:39.414-04:00 DEBUG 87501 --- [centromedico] [           main] org.hibernate.orm.idgen.factory          : Registering IdentifierGenerator strategy [identity] -> [org.hibernate.id.IdentityGenerator]
2024-05-05T13:25:39.414-04:00 DEBUG 87501 --- [centromedico] [           main] org.hibernate.orm.idgen.factory          : Registering IdentifierGenerator strategy [select] -> [org.hibernate.id.SelectGenerator]
2024-05-05T13:25:39.415-04:00 DEBUG 87501 --- [centromedico] [           main] org.hibernate.orm.idgen.factory          : Registering IdentifierGenerator strategy [sequence] -> [org.hibernate.id.enhanced.SequenceStyleGenerator]
2024-05-05T13:25:39.415-04:00 DEBUG 87501 --- [centromedico] [           main] org.hibernate.orm.idgen.factory          : Registering IdentifierGenerator strategy [increment] -> [org.hibernate.id.IncrementGenerator]
2024-05-05T13:25:39.415-04:00 DEBUG 87501 --- [centromedico] [           main] org.hibernate.orm.idgen.factory          : Registering IdentifierGenerator strategy [foreign] -> [org.hibernate.id.ForeignGenerator]
2024-05-05T13:25:39.415-04:00 DEBUG 87501 --- [centromedico] [           main] org.hibernate.orm.idgen.factory          : Registering IdentifierGenerator strategy [enhanced-sequence] -> [org.hibernate.id.enhanced.SequenceStyleGenerator]
2024-05-05T13:25:39.416-04:00 DEBUG 87501 --- [centromedico] [           main] org.hibernate.orm.idgen.factory          : Registering IdentifierGenerator strategy [enhanced-table] -> [org.hibernate.id.enhanced.TableGenerator]
2024-05-05T13:25:39.419-04:00 DEBUG 87501 --- [centromedico] [           main] o.h.c.internal.RegionFactoryInitiator    : Cannot default RegionFactory based on registered strategies as `[]` RegionFactory strategies were registered
2024-05-05T13:25:39.419-04:00  INFO 87501 --- [centromedico] [           main] o.h.c.internal.RegionFactoryInitiator    : HHH000026: Second-level cache disabled
2024-05-05T13:25:39.455-04:00 DEBUG 87501 --- [centromedico] [           main] org.hibernate.type.BasicTypeRegistry     : Adding type registration boolean -> org.hibernate.type.BasicTypeReference@259b85d6
2024-05-05T13:25:39.455-04:00 DEBUG 87501 --- [centromedico] [           main] org.hibernate.type.BasicTypeRegistry     : Adding type registration boolean -> org.hibernate.type.BasicTypeReference@259b85d6
2024-05-05T13:25:39.455-04:00 DEBUG 87501 --- [centromedico] [           main] org.hibernate.type.BasicTypeRegistry     : Adding type registration java.lang.Boolean -> org.hibernate.type.BasicTypeReference@259b85d6
2024-05-05T13:25:39.455-04:00 DEBUG 87501 --- [centromedico] [           main] org.hibernate.type.BasicTypeRegistry     : Adding type registration numeric_boolean -> org.hibernate.type.BasicTypeReference@48eaf42f
2024-05-05T13:25:39.455-04:00 DEBUG 87501 --- [centromedico] [           main] org.hibernate.type.BasicTypeRegistry     : Adding type registration org.hibernate.type.NumericBooleanConverter -> org.hibernate.type.BasicTypeReference@48eaf42f
2024-05-05T13:25:39.455-04:00 DEBUG 87501 --- [centromedico] [           main] org.hibernate.type.BasicTypeRegistry     : Adding type registration true_false -> org.hibernate.type.BasicTypeReference@488f3dd1
2024-05-05T13:25:39.455-04:00 DEBUG 87501 --- [centromedico] [           main] org.hibernate.type.BasicTypeRegistry     : Adding type registration org.hibernate.type.TrueFalseConverter -> org.hibernate.type.BasicTypeReference@488f3dd1
2024-05-05T13:25:39.455-04:00 DEBUG 87501 --- [centromedico] [           main] org.hibernate.type.BasicTypeRegistry     : Adding type registration yes_no -> org.hibernate.type.BasicTypeReference@2091833
2024-05-05T13:25:39.455-04:00 DEBUG 87501 --- [centromedico] [           main] org.hibernate.type.BasicTypeRegistry     : Adding type registration org.hibernate.type.YesNoConverter -> org.hibernate.type.BasicTypeReference@2091833
2024-05-05T13:25:39.455-04:00 DEBUG 87501 --- [centromedico] [           main] org.hibernate.type.BasicTypeRegistry     : Adding type registration byte -> org.hibernate.type.BasicTypeReference@7bc58891
2024-05-05T13:25:39.455-04:00 DEBUG 87501 --- [centromedico] [           main] org.hibernate.type.BasicTypeRegistry     : Adding type registration byte -> org.hibernate.type.BasicTypeReference@7bc58891
2024-05-05T13:25:39.455-04:00 DEBUG 87501 --- [centromedico] [           main] org.hibernate.type.BasicTypeRegistry     : Adding type registration java.lang.Byte -> org.hibernate.type.BasicTypeReference@7bc58891
2024-05-05T13:25:39.455-04:00 DEBUG 87501 --- [centromedico] [           main] org.hibernate.type.BasicTypeRegistry     : Adding type registration binary -> org.hibernate.type.BasicTypeReference@6411504a
2024-05-05T13:25:39.455-04:00 DEBUG 87501 --- [centromedico] [           main] org.hibernate.type.BasicTypeRegistry     : Adding type registration byte[] -> org.hibernate.type.BasicTypeReference@6411504a
2024-05-05T13:25:39.455-04:00 DEBUG 87501 --- [centromedico] [           main] org.hibernate.type.BasicTypeRegistry     : Adding type registration [B -> org.hibernate.type.BasicTypeReference@6411504a
2024-05-05T13:25:39.455-04:00 DEBUG 87501 --- [centromedico] [           main] org.hibernate.type.BasicTypeRegistry     : Adding type registration binary_wrapper -> org.hibernate.type.BasicTypeReference@554188ac
2024-05-05T13:25:39.455-04:00 DEBUG 87501 --- [centromedico] [           main] org.hibernate.type.BasicTypeRegistry     : Adding type registration wrapper-binary -> org.hibernate.type.BasicTypeReference@554188ac
2024-05-05T13:25:39.456-04:00 DEBUG 87501 --- [centromedico] [           main] org.hibernate.type.BasicTypeRegistry     : Adding type registration image -> org.hibernate.type.BasicTypeReference@1f43cab7
2024-05-05T13:25:39.456-04:00 DEBUG 87501 --- [centromedico] [           main] org.hibernate.type.BasicTypeRegistry     : Adding type registration blob -> org.hibernate.type.BasicTypeReference@481558ce
2024-05-05T13:25:39.456-04:00 DEBUG 87501 --- [centromedico] [           main] org.hibernate.type.BasicTypeRegistry     : Adding type registration java.sql.Blob -> org.hibernate.type.BasicTypeReference@481558ce
2024-05-05T13:25:39.456-04:00 DEBUG 87501 --- [centromedico] [           main] org.hibernate.type.BasicTypeRegistry     : Adding type registration materialized_blob -> org.hibernate.type.BasicTypeReference@2668c286
2024-05-05T13:25:39.456-04:00 DEBUG 87501 --- [centromedico] [           main] org.hibernate.type.BasicTypeRegistry     : Adding type registration materialized_blob_wrapper -> org.hibernate.type.BasicTypeReference@7f353a0f
2024-05-05T13:25:39.456-04:00 DEBUG 87501 --- [centromedico] [           main] org.hibernate.type.BasicTypeRegistry     : Adding type registration short -> org.hibernate.type.BasicTypeReference@7ea2412c
2024-05-05T13:25:39.456-04:00 DEBUG 87501 --- [centromedico] [           main] org.hibernate.type.BasicTypeRegistry     : Adding type registration short -> org.hibernate.type.BasicTypeReference@7ea2412c
2024-05-05T13:25:39.456-04:00 DEBUG 87501 --- [centromedico] [           main] org.hibernate.type.BasicTypeRegistry     : Adding type registration java.lang.Short -> org.hibernate.type.BasicTypeReference@7ea2412c
2024-05-05T13:25:39.456-04:00 DEBUG 87501 --- [centromedico] [           main] org.hibernate.type.BasicTypeRegistry     : Adding type registration integer -> org.hibernate.type.BasicTypeReference@1c93b51e
2024-05-05T13:25:39.456-04:00 DEBUG 87501 --- [centromedico] [           main] org.hibernate.type.BasicTypeRegistry     : Adding type registration int -> org.hibernate.type.BasicTypeReference@1c93b51e
2024-05-05T13:25:39.456-04:00 DEBUG 87501 --- [centromedico] [           main] org.hibernate.type.BasicTypeRegistry     : Adding type registration java.lang.Integer -> org.hibernate.type.BasicTypeReference@1c93b51e
2024-05-05T13:25:39.456-04:00 DEBUG 87501 --- [centromedico] [           main] org.hibernate.type.BasicTypeRegistry     : Adding type registration long -> org.hibernate.type.BasicTypeReference@7c0f28f8
2024-05-05T13:25:39.456-04:00 DEBUG 87501 --- [centromedico] [           main] org.hibernate.type.BasicTypeRegistry     : Adding type registration long -> org.hibernate.type.BasicTypeReference@7c0f28f8
2024-05-05T13:25:39.456-04:00 DEBUG 87501 --- [centromedico] [           main] org.hibernate.type.BasicTypeRegistry     : Adding type registration java.lang.Long -> org.hibernate.type.BasicTypeReference@7c0f28f8
2024-05-05T13:25:39.456-04:00 DEBUG 87501 --- [centromedico] [           main] org.hibernate.type.BasicTypeRegistry     : Adding type registration float -> org.hibernate.type.BasicTypeReference@2abc8034
2024-05-05T13:25:39.456-04:00 DEBUG 87501 --- [centromedico] [           main] org.hibernate.type.BasicTypeRegistry     : Adding type registration float -> org.hibernate.type.BasicTypeReference@2abc8034
2024-05-05T13:25:39.456-04:00 DEBUG 87501 --- [centromedico] [           main] org.hibernate.type.BasicTypeRegistry     : Adding type registration java.lang.Float -> org.hibernate.type.BasicTypeReference@2abc8034
2024-05-05T13:25:39.456-04:00 DEBUG 87501 --- [centromedico] [           main] org.hibernate.type.BasicTypeRegistry     : Adding type registration double -> org.hibernate.type.BasicTypeReference@467b0f6e
2024-05-05T13:25:39.456-04:00 DEBUG 87501 --- [centromedico] [           main] org.hibernate.type.BasicTypeRegistry     : Adding type registration double -> org.hibernate.type.BasicTypeReference@467b0f6e
2024-05-05T13:25:39.456-04:00 DEBUG 87501 --- [centromedico] [           main] org.hibernate.type.BasicTypeRegistry     : Adding type registration java.lang.Double -> org.hibernate.type.BasicTypeReference@467b0f6e
2024-05-05T13:25:39.456-04:00 DEBUG 87501 --- [centromedico] [           main] org.hibernate.type.BasicTypeRegistry     : Adding type registration big_integer -> org.hibernate.type.BasicTypeReference@474179fa
2024-05-05T13:25:39.456-04:00 DEBUG 87501 --- [centromedico] [           main] org.hibernate.type.BasicTypeRegistry     : Adding type registration java.math.BigInteger -> org.hibernate.type.BasicTypeReference@474179fa
2024-05-05T13:25:39.456-04:00 DEBUG 87501 --- [centromedico] [           main] org.hibernate.type.BasicTypeRegistry     : Adding type registration big_decimal -> org.hibernate.type.BasicTypeReference@420cd102
2024-05-05T13:25:39.456-04:00 DEBUG 87501 --- [centromedico] [           main] org.hibernate.type.BasicTypeRegistry     : Adding type registration java.math.BigDecimal -> org.hibernate.type.BasicTypeReference@420cd102
2024-05-05T13:25:39.456-04:00 DEBUG 87501 --- [centromedico] [           main] org.hibernate.type.BasicTypeRegistry     : Adding type registration character -> org.hibernate.type.BasicTypeReference@c7f4457
2024-05-05T13:25:39.456-04:00 DEBUG 87501 --- [centromedico] [           main] org.hibernate.type.BasicTypeRegistry     : Adding type registration char -> org.hibernate.type.BasicTypeReference@c7f4457
2024-05-05T13:25:39.457-04:00 DEBUG 87501 --- [centromedico] [           main] org.hibernate.type.BasicTypeRegistry     : Adding type registration java.lang.Character -> org.hibernate.type.BasicTypeReference@c7f4457
2024-05-05T13:25:39.457-04:00 DEBUG 87501 --- [centromedico] [           main] org.hibernate.type.BasicTypeRegistry     : Adding type registration character_nchar -> org.hibernate.type.BasicTypeReference@12e12ac9
2024-05-05T13:25:39.457-04:00 DEBUG 87501 --- [centromedico] [           main] org.hibernate.type.BasicTypeRegistry     : Adding type registration string -> org.hibernate.type.BasicTypeReference@5e230fc6
2024-05-05T13:25:39.457-04:00 DEBUG 87501 --- [centromedico] [           main] org.hibernate.type.BasicTypeRegistry     : Adding type registration java.lang.String -> org.hibernate.type.BasicTypeReference@5e230fc6
2024-05-05T13:25:39.457-04:00 DEBUG 87501 --- [centromedico] [           main] org.hibernate.type.BasicTypeRegistry     : Adding type registration nstring -> org.hibernate.type.BasicTypeReference@7a8341c1
2024-05-05T13:25:39.457-04:00 DEBUG 87501 --- [centromedico] [           main] org.hibernate.type.BasicTypeRegistry     : Adding type registration characters -> org.hibernate.type.BasicTypeReference@ca8ef3a
2024-05-05T13:25:39.457-04:00 DEBUG 87501 --- [centromedico] [           main] org.hibernate.type.BasicTypeRegistry     : Adding type registration char[] -> org.hibernate.type.BasicTypeReference@ca8ef3a
2024-05-05T13:25:39.457-04:00 DEBUG 87501 --- [centromedico] [           main] org.hibernate.type.BasicTypeRegistry     : Adding type registration [C -> org.hibernate.type.BasicTypeReference@ca8ef3a
2024-05-05T13:25:39.457-04:00 DEBUG 87501 --- [centromedico] [           main] org.hibernate.type.BasicTypeRegistry     : Adding type registration wrapper-characters -> org.hibernate.type.BasicTypeReference@17043b04
2024-05-05T13:25:39.457-04:00 DEBUG 87501 --- [centromedico] [           main] org.hibernate.type.BasicTypeRegistry     : Adding type registration text -> org.hibernate.type.BasicTypeReference@511f5b1d
2024-05-05T13:25:39.457-04:00 DEBUG 87501 --- [centromedico] [           main] org.hibernate.type.BasicTypeRegistry     : Adding type registration ntext -> org.hibernate.type.BasicTypeReference@31f295b6
2024-05-05T13:25:39.457-04:00 DEBUG 87501 --- [centromedico] [           main] org.hibernate.type.BasicTypeRegistry     : Adding type registration clob -> org.hibernate.type.BasicTypeReference@7a687d8d
2024-05-05T13:25:39.457-04:00 DEBUG 87501 --- [centromedico] [           main] org.hibernate.type.BasicTypeRegistry     : Adding type registration java.sql.Clob -> org.hibernate.type.BasicTypeReference@7a687d8d
2024-05-05T13:25:39.457-04:00 DEBUG 87501 --- [centromedico] [           main] org.hibernate.type.BasicTypeRegistry     : Adding type registration nclob -> org.hibernate.type.BasicTypeReference@4c82b5df
2024-05-05T13:25:39.457-04:00 DEBUG 87501 --- [centromedico] [           main] org.hibernate.type.BasicTypeRegistry     : Adding type registration java.sql.NClob -> org.hibernate.type.BasicTypeReference@4c82b5df
2024-05-05T13:25:39.457-04:00 DEBUG 87501 --- [centromedico] [           main] org.hibernate.type.BasicTypeRegistry     : Adding type registration materialized_clob -> org.hibernate.type.BasicTypeReference@67eec8e1
2024-05-05T13:25:39.457-04:00 DEBUG 87501 --- [centromedico] [           main] org.hibernate.type.BasicTypeRegistry     : Adding type registration materialized_clob_char_array -> org.hibernate.type.BasicTypeReference@4214ae8f
2024-05-05T13:25:39.457-04:00 DEBUG 87501 --- [centromedico] [           main] org.hibernate.type.BasicTypeRegistry     : Adding type registration materialized_clob_character_array -> org.hibernate.type.BasicTypeReference@7ba93755
2024-05-05T13:25:39.457-04:00 DEBUG 87501 --- [centromedico] [           main] org.hibernate.type.BasicTypeRegistry     : Adding type registration materialized_nclob -> org.hibernate.type.BasicTypeReference@22dc59b2
2024-05-05T13:25:39.457-04:00 DEBUG 87501 --- [centromedico] [           main] org.hibernate.type.BasicTypeRegistry     : Adding type registration materialized_nclob_character_array -> org.hibernate.type.BasicTypeReference@33e434c8
2024-05-05T13:25:39.457-04:00 DEBUG 87501 --- [centromedico] [           main] org.hibernate.type.BasicTypeRegistry     : Adding type registration materialized_nclob_char_array -> org.hibernate.type.BasicTypeReference@546394ed
2024-05-05T13:25:39.457-04:00 DEBUG 87501 --- [centromedico] [           main] org.hibernate.type.BasicTypeRegistry     : Adding type registration Duration -> org.hibernate.type.BasicTypeReference@664212ab
2024-05-05T13:25:39.457-04:00 DEBUG 87501 --- [centromedico] [           main] org.hibernate.type.BasicTypeRegistry     : Adding type registration java.time.Duration -> org.hibernate.type.BasicTypeReference@664212ab
2024-05-05T13:25:39.457-04:00 DEBUG 87501 --- [centromedico] [           main] org.hibernate.type.BasicTypeRegistry     : Adding type registration LocalDateTime -> org.hibernate.type.BasicTypeReference@2693c618
2024-05-05T13:25:39.457-04:00 DEBUG 87501 --- [centromedico] [           main] org.hibernate.type.BasicTypeRegistry     : Adding type registration java.time.LocalDateTime -> org.hibernate.type.BasicTypeReference@2693c618
2024-05-05T13:25:39.457-04:00 DEBUG 87501 --- [centromedico] [           main] org.hibernate.type.BasicTypeRegistry     : Adding type registration LocalDate -> org.hibernate.type.BasicTypeReference@3443e476
2024-05-05T13:25:39.457-04:00 DEBUG 87501 --- [centromedico] [           main] org.hibernate.type.BasicTypeRegistry     : Adding type registration java.time.LocalDate -> org.hibernate.type.BasicTypeReference@3443e476
2024-05-05T13:25:39.457-04:00 DEBUG 87501 --- [centromedico] [           main] org.hibernate.type.BasicTypeRegistry     : Adding type registration LocalTime -> org.hibernate.type.BasicTypeReference@7ccfdaef
2024-05-05T13:25:39.458-04:00 DEBUG 87501 --- [centromedico] [           main] org.hibernate.type.BasicTypeRegistry     : Adding type registration java.time.LocalTime -> org.hibernate.type.BasicTypeReference@7ccfdaef
2024-05-05T13:25:39.458-04:00 DEBUG 87501 --- [centromedico] [           main] org.hibernate.type.BasicTypeRegistry     : Adding type registration OffsetDateTime -> org.hibernate.type.BasicTypeReference@a6e4897
2024-05-05T13:25:39.458-04:00 DEBUG 87501 --- [centromedico] [           main] org.hibernate.type.BasicTypeRegistry     : Adding type registration java.time.OffsetDateTime -> org.hibernate.type.BasicTypeReference@a6e4897
2024-05-05T13:25:39.458-04:00 DEBUG 87501 --- [centromedico] [           main] org.hibernate.type.BasicTypeRegistry     : Adding type registration OffsetDateTimeWithTimezone -> org.hibernate.type.BasicTypeReference@32f5ecc4
2024-05-05T13:25:39.458-04:00 DEBUG 87501 --- [centromedico] [           main] org.hibernate.type.BasicTypeRegistry     : Adding type registration OffsetDateTimeWithoutTimezone -> org.hibernate.type.BasicTypeReference@19bedeb8
2024-05-05T13:25:39.458-04:00 DEBUG 87501 --- [centromedico] [           main] org.hibernate.type.BasicTypeRegistry     : Adding type registration OffsetTime -> org.hibernate.type.BasicTypeReference@1ba467c2
2024-05-05T13:25:39.458-04:00 DEBUG 87501 --- [centromedico] [           main] org.hibernate.type.BasicTypeRegistry     : Adding type registration java.time.OffsetTime -> org.hibernate.type.BasicTypeReference@1ba467c2
2024-05-05T13:25:39.458-04:00 DEBUG 87501 --- [centromedico] [           main] org.hibernate.type.BasicTypeRegistry     : Adding type registration OffsetTimeUtc -> org.hibernate.type.BasicTypeReference@63f6bed1
2024-05-05T13:25:39.458-04:00 DEBUG 87501 --- [centromedico] [           main] org.hibernate.type.BasicTypeRegistry     : Adding type registration OffsetTimeWithTimezone -> org.hibernate.type.BasicTypeReference@7ef8eda7
2024-05-05T13:25:39.458-04:00 DEBUG 87501 --- [centromedico] [           main] org.hibernate.type.BasicTypeRegistry     : Adding type registration OffsetTimeWithoutTimezone -> org.hibernate.type.BasicTypeReference@115ca7de
2024-05-05T13:25:39.458-04:00 DEBUG 87501 --- [centromedico] [           main] org.hibernate.type.BasicTypeRegistry     : Adding type registration ZonedDateTime -> org.hibernate.type.BasicTypeReference@29fe4840
2024-05-05T13:25:39.458-04:00 DEBUG 87501 --- [centromedico] [           main] org.hibernate.type.BasicTypeRegistry     : Adding type registration java.time.ZonedDateTime -> org.hibernate.type.BasicTypeReference@29fe4840
2024-05-05T13:25:39.458-04:00 DEBUG 87501 --- [centromedico] [           main] org.hibernate.type.BasicTypeRegistry     : Adding type registration ZonedDateTimeWithTimezone -> org.hibernate.type.BasicTypeReference@7f287b98
2024-05-05T13:25:39.458-04:00 DEBUG 87501 --- [centromedico] [           main] org.hibernate.type.BasicTypeRegistry     : Adding type registration ZonedDateTimeWithoutTimezone -> org.hibernate.type.BasicTypeReference@4684240f
2024-05-05T13:25:39.458-04:00 DEBUG 87501 --- [centromedico] [           main] org.hibernate.type.BasicTypeRegistry     : Adding type registration date -> org.hibernate.type.BasicTypeReference@32120956
2024-05-05T13:25:39.458-04:00 DEBUG 87501 --- [centromedico] [           main] org.hibernate.type.BasicTypeRegistry     : Adding type registration java.sql.Date -> org.hibernate.type.BasicTypeReference@32120956
2024-05-05T13:25:39.458-04:00 DEBUG 87501 --- [centromedico] [           main] org.hibernate.type.BasicTypeRegistry     : Adding type registration time -> org.hibernate.type.BasicTypeReference@6975fb1c
2024-05-05T13:25:39.458-04:00 DEBUG 87501 --- [centromedico] [           main] org.hibernate.type.BasicTypeRegistry     : Adding type registration java.sql.Time -> org.hibernate.type.BasicTypeReference@6975fb1c
2024-05-05T13:25:39.458-04:00 DEBUG 87501 --- [centromedico] [           main] org.hibernate.type.BasicTypeRegistry     : Adding type registration timestamp -> org.hibernate.type.BasicTypeReference@553da911
2024-05-05T13:25:39.458-04:00 DEBUG 87501 --- [centromedico] [           main] org.hibernate.type.BasicTypeRegistry     : Adding type registration java.sql.Timestamp -> org.hibernate.type.BasicTypeReference@553da911
2024-05-05T13:25:39.458-04:00 DEBUG 87501 --- [centromedico] [           main] org.hibernate.type.BasicTypeRegistry     : Adding type registration java.util.Date -> org.hibernate.type.BasicTypeReference@553da911
2024-05-05T13:25:39.458-04:00 DEBUG 87501 --- [centromedico] [           main] org.hibernate.type.BasicTypeRegistry     : Adding type registration calendar -> org.hibernate.type.BasicTypeReference@327e5be5
2024-05-05T13:25:39.458-04:00 DEBUG 87501 --- [centromedico] [           main] org.hibernate.type.BasicTypeRegistry     : Adding type registration java.util.Calendar -> org.hibernate.type.BasicTypeReference@327e5be5
2024-05-05T13:25:39.458-04:00 DEBUG 87501 --- [centromedico] [           main] org.hibernate.type.BasicTypeRegistry     : Adding type registration java.util.GregorianCalendar -> org.hibernate.type.BasicTypeReference@327e5be5
2024-05-05T13:25:39.458-04:00 DEBUG 87501 --- [centromedico] [           main] org.hibernate.type.BasicTypeRegistry     : Adding type registration calendar_date -> org.hibernate.type.BasicTypeReference@1084ac45
2024-05-05T13:25:39.458-04:00 DEBUG 87501 --- [centromedico] [           main] org.hibernate.type.BasicTypeRegistry     : Adding type registration calendar_time -> org.hibernate.type.BasicTypeReference@566f1852
2024-05-05T13:25:39.458-04:00 DEBUG 87501 --- [centromedico] [           main] org.hibernate.type.BasicTypeRegistry     : Adding type registration instant -> org.hibernate.type.BasicTypeReference@6ea246af
2024-05-05T13:25:39.458-04:00 DEBUG 87501 --- [centromedico] [           main] org.hibernate.type.BasicTypeRegistry     : Adding type registration java.time.Instant -> org.hibernate.type.BasicTypeReference@6ea246af
2024-05-05T13:25:39.458-04:00 DEBUG 87501 --- [centromedico] [           main] org.hibernate.type.BasicTypeRegistry     : Adding type registration uuid -> org.hibernate.type.BasicTypeReference@2e4389ed
2024-05-05T13:25:39.458-04:00 DEBUG 87501 --- [centromedico] [           main] org.hibernate.type.BasicTypeRegistry     : Adding type registration java.util.UUID -> org.hibernate.type.BasicTypeReference@2e4389ed
2024-05-05T13:25:39.459-04:00 DEBUG 87501 --- [centromedico] [           main] org.hibernate.type.BasicTypeRegistry     : Adding type registration pg-uuid -> org.hibernate.type.BasicTypeReference@2e4389ed
2024-05-05T13:25:39.459-04:00 DEBUG 87501 --- [centromedico] [           main] org.hibernate.type.BasicTypeRegistry     : Adding type registration uuid-binary -> org.hibernate.type.BasicTypeReference@1b90fee4
2024-05-05T13:25:39.459-04:00 DEBUG 87501 --- [centromedico] [           main] org.hibernate.type.BasicTypeRegistry     : Adding type registration uuid-char -> org.hibernate.type.BasicTypeReference@3513c84c
2024-05-05T13:25:39.459-04:00 DEBUG 87501 --- [centromedico] [           main] org.hibernate.type.BasicTypeRegistry     : Adding type registration class -> org.hibernate.type.BasicTypeReference@4978777f
2024-05-05T13:25:39.459-04:00 DEBUG 87501 --- [centromedico] [           main] org.hibernate.type.BasicTypeRegistry     : Adding type registration java.lang.Class -> org.hibernate.type.BasicTypeReference@4978777f
2024-05-05T13:25:39.459-04:00 DEBUG 87501 --- [centromedico] [           main] org.hibernate.type.BasicTypeRegistry     : Adding type registration currency -> org.hibernate.type.BasicTypeReference@7bc6935c
2024-05-05T13:25:39.459-04:00 DEBUG 87501 --- [centromedico] [           main] org.hibernate.type.BasicTypeRegistry     : Adding type registration Currency -> org.hibernate.type.BasicTypeReference@7bc6935c
2024-05-05T13:25:39.459-04:00 DEBUG 87501 --- [centromedico] [           main] org.hibernate.type.BasicTypeRegistry     : Adding type registration java.util.Currency -> org.hibernate.type.BasicTypeReference@7bc6935c
2024-05-05T13:25:39.459-04:00 DEBUG 87501 --- [centromedico] [           main] org.hibernate.type.BasicTypeRegistry     : Adding type registration locale -> org.hibernate.type.BasicTypeReference@4cc7d00d
2024-05-05T13:25:39.459-04:00 DEBUG 87501 --- [centromedico] [           main] org.hibernate.type.BasicTypeRegistry     : Adding type registration java.util.Locale -> org.hibernate.type.BasicTypeReference@4cc7d00d
2024-05-05T13:25:39.459-04:00 DEBUG 87501 --- [centromedico] [           main] org.hibernate.type.BasicTypeRegistry     : Adding type registration serializable -> org.hibernate.type.BasicTypeReference@468e8565
2024-05-05T13:25:39.459-04:00 DEBUG 87501 --- [centromedico] [           main] org.hibernate.type.BasicTypeRegistry     : Adding type registration java.io.Serializable -> org.hibernate.type.BasicTypeReference@468e8565
2024-05-05T13:25:39.459-04:00 DEBUG 87501 --- [centromedico] [           main] org.hibernate.type.BasicTypeRegistry     : Adding type registration timezone -> org.hibernate.type.BasicTypeReference@91da29b
2024-05-05T13:25:39.459-04:00 DEBUG 87501 --- [centromedico] [           main] org.hibernate.type.BasicTypeRegistry     : Adding type registration java.util.TimeZone -> org.hibernate.type.BasicTypeReference@91da29b
2024-05-05T13:25:39.459-04:00 DEBUG 87501 --- [centromedico] [           main] org.hibernate.type.BasicTypeRegistry     : Adding type registration ZoneOffset -> org.hibernate.type.BasicTypeReference@7066363
2024-05-05T13:25:39.459-04:00 DEBUG 87501 --- [centromedico] [           main] org.hibernate.type.BasicTypeRegistry     : Adding type registration java.time.ZoneOffset -> org.hibernate.type.BasicTypeReference@7066363
2024-05-05T13:25:39.459-04:00 DEBUG 87501 --- [centromedico] [           main] org.hibernate.type.BasicTypeRegistry     : Adding type registration url -> org.hibernate.type.BasicTypeReference@75b38c36
2024-05-05T13:25:39.459-04:00 DEBUG 87501 --- [centromedico] [           main] org.hibernate.type.BasicTypeRegistry     : Adding type registration java.net.URL -> org.hibernate.type.BasicTypeReference@75b38c36
2024-05-05T13:25:39.459-04:00 DEBUG 87501 --- [centromedico] [           main] org.hibernate.type.BasicTypeRegistry     : Adding type registration vector -> org.hibernate.type.BasicTypeReference@47248a48
2024-05-05T13:25:39.459-04:00 DEBUG 87501 --- [centromedico] [           main] org.hibernate.type.BasicTypeRegistry     : Adding type registration row_version -> org.hibernate.type.BasicTypeReference@2349f14d
2024-05-05T13:25:39.462-04:00 DEBUG 87501 --- [centromedico] [           main] org.hibernate.type.BasicTypeRegistry     : Adding type registration object -> org.hibernate.type.JavaObjectType@39666e42
2024-05-05T13:25:39.462-04:00 DEBUG 87501 --- [centromedico] [           main] org.hibernate.type.BasicTypeRegistry     : Adding type registration java.lang.Object -> org.hibernate.type.JavaObjectType@39666e42
2024-05-05T13:25:39.462-04:00 DEBUG 87501 --- [centromedico] [           main] org.hibernate.type.BasicTypeRegistry     : Adding type registration null -> org.hibernate.type.NullType@52ae997b
2024-05-05T13:25:39.462-04:00 DEBUG 87501 --- [centromedico] [           main] org.hibernate.type.BasicTypeRegistry     : Adding type registration imm_date -> org.hibernate.type.BasicTypeReference@f557c37
2024-05-05T13:25:39.462-04:00 DEBUG 87501 --- [centromedico] [           main] org.hibernate.type.BasicTypeRegistry     : Adding type registration imm_time -> org.hibernate.type.BasicTypeReference@1a01d7f0
2024-05-05T13:25:39.462-04:00 DEBUG 87501 --- [centromedico] [           main] org.hibernate.type.BasicTypeRegistry     : Adding type registration imm_timestamp -> org.hibernate.type.BasicTypeReference@5856dbe4
2024-05-05T13:25:39.462-04:00 DEBUG 87501 --- [centromedico] [           main] org.hibernate.type.BasicTypeRegistry     : Adding type registration imm_calendar -> org.hibernate.type.BasicTypeReference@7e15f4d4
2024-05-05T13:25:39.462-04:00 DEBUG 87501 --- [centromedico] [           main] org.hibernate.type.BasicTypeRegistry     : Adding type registration imm_calendar_date -> org.hibernate.type.BasicTypeReference@5a058be5
2024-05-05T13:25:39.462-04:00 DEBUG 87501 --- [centromedico] [           main] org.hibernate.type.BasicTypeRegistry     : Adding type registration imm_calendar_time -> org.hibernate.type.BasicTypeReference@4eaf7902
2024-05-05T13:25:39.462-04:00 DEBUG 87501 --- [centromedico] [           main] org.hibernate.type.BasicTypeRegistry     : Adding type registration imm_binary -> org.hibernate.type.BasicTypeReference@20c812c8
2024-05-05T13:25:39.462-04:00 DEBUG 87501 --- [centromedico] [           main] org.hibernate.type.BasicTypeRegistry     : Adding type registration imm_serializable -> org.hibernate.type.BasicTypeReference@71aaf151
2024-05-05T13:25:39.464-04:00 DEBUG 87501 --- [centromedico] [           main] o.h.boot.internal.BootstrapContextImpl   : Injecting JPA temp ClassLoader [org.springframework.instrument.classloading.SimpleThrowawayClassLoader@66c9b52f] into BootstrapContext; was [null]
2024-05-05T13:25:39.465-04:00 DEBUG 87501 --- [centromedico] [           main] o.h.boot.internal.ClassLoaderAccessImpl  : ClassLoaderAccessImpl#injectTempClassLoader(org.springframework.instrument.classloading.SimpleThrowawayClassLoader@66c9b52f) [was null]
2024-05-05T13:25:39.465-04:00 DEBUG 87501 --- [centromedico] [           main] o.h.boot.internal.BootstrapContextImpl   : Injecting ScanEnvironment [org.hibernate.jpa.boot.internal.StandardJpaScanEnvironmentImpl@7e1ffe70] into BootstrapContext; was [null]
2024-05-05T13:25:39.465-04:00 DEBUG 87501 --- [centromedico] [           main] o.h.boot.internal.BootstrapContextImpl   : Injecting ScanOptions [org.hibernate.boot.archive.scan.internal.StandardScanOptions@73041b7d] into BootstrapContext; was [org.hibernate.boot.archive.scan.internal.StandardScanOptions@1235151c]
2024-05-05T13:25:39.543-04:00  INFO 87501 --- [centromedico] [           main] o.s.o.j.p.SpringPersistenceUnitInfo      : No LoadTimeWeaver setup: ignoring JPA class transformer
2024-05-05T13:25:39.544-04:00 DEBUG 87501 --- [centromedico] [           main] o.h.boot.internal.BootstrapContextImpl   : Injecting JPA temp ClassLoader [null] into BootstrapContext; was [org.springframework.instrument.classloading.SimpleThrowawayClassLoader@66c9b52f]
2024-05-05T13:25:39.544-04:00 DEBUG 87501 --- [centromedico] [           main] o.h.boot.internal.ClassLoaderAccessImpl  : ClassLoaderAccessImpl#injectTempClassLoader(null) [was org.springframework.instrument.classloading.SimpleThrowawayClassLoader@66c9b52f]
2024-05-05T13:25:39.562-04:00  INFO 87501 --- [centromedico] [           main] com.zaxxer.hikari.HikariDataSource       : HikariPool-1 - Starting...
2024-05-05T13:25:39.565-04:00  WARN 87501 --- [centromedico] [           main] c.zaxxer.hikari.util.DriverDataSource    : Registered driver with driverClassName=oracle.jdbc.driver.OracleDriver was not found, trying direct instantiation.
2024-05-05T13:25:41.057-04:00  INFO 87501 --- [centromedico] [           main] com.zaxxer.hikari.pool.HikariPool        : HikariPool-1 - Added connection oracle.jdbc.driver.T4CConnection@3dfd6220
2024-05-05T13:25:41.059-04:00  INFO 87501 --- [centromedico] [           main] com.zaxxer.hikari.HikariDataSource       : HikariPool-1 - Start completed.
2024-05-05T13:25:41.063-04:00 DEBUG 87501 --- [centromedico] [           main] o.h.e.j.e.i.JdbcEnvironmentInitiator     : Database ->
       name : Oracle
    version : Oracle Database 19c Enterprise Edition Release 19.0.0.0.0 - Production
Version 19.23.0.1.0
      major : 19
      minor : 0
2024-05-05T13:25:41.063-04:00 DEBUG 87501 --- [centromedico] [           main] o.h.e.j.e.i.JdbcEnvironmentInitiator     : Driver ->
       name : Oracle JDBC driver
    version : 21.9.0.0.0
      major : 21
      minor : 9
2024-05-05T13:25:41.063-04:00 DEBUG 87501 --- [centromedico] [           main] o.h.e.j.e.i.JdbcEnvironmentInitiator     : JDBC version : 4.3
2024-05-05T13:25:41.164-04:00  WARN 87501 --- [centromedico] [           main] org.hibernate.orm.deprecation            : HHH90000025: OracleDialect does not need to be specified explicitly using 'hibernate.dialect' (remove the property setting and it will be selected by default)
2024-05-05T13:25:41.165-04:00 DEBUG 87501 --- [centromedico] [           main] org.hibernate.orm.dialect                : HHH035001: Using dialect: org.hibernate.dialect.OracleDialect, version: 19.0
2024-05-05T13:25:41.241-04:00 DEBUG 87501 --- [centromedico] [           main] o.h.t.d.jdbc.spi.JdbcTypeRegistry        : addDescriptor(NCharTypeDescriptor) replaced previous registration(CharTypeDescriptor)
2024-05-05T13:25:41.241-04:00 DEBUG 87501 --- [centromedico] [           main] o.h.t.d.jdbc.spi.JdbcTypeRegistry        : addDescriptor(NVarcharTypeDescriptor) replaced previous registration(VarcharTypeDescriptor)
2024-05-05T13:25:41.241-04:00 DEBUG 87501 --- [centromedico] [           main] o.h.t.d.jdbc.spi.JdbcTypeRegistry        : addDescriptor(LongNVarcharTypeDescriptor) replaced previous registration(LongVarcharTypeDescriptor)
2024-05-05T13:25:41.242-04:00 DEBUG 87501 --- [centromedico] [           main] o.h.t.d.jdbc.spi.JdbcTypeRegistry        : addDescriptor(NClobTypeDescriptor(DEFAULT)) replaced previous registration(ClobTypeDescriptor(DEFAULT))
2024-05-05T13:25:41.242-04:00 DEBUG 87501 --- [centromedico] [           main] o.h.t.d.jdbc.spi.JdbcTypeRegistry        : addDescriptor(2005, ClobTypeDescriptor(STREAM_BINDING)) replaced previous registration(ClobTypeDescriptor(DEFAULT))
2024-05-05T13:25:41.243-04:00 DEBUG 87501 --- [centromedico] [           main] o.h.t.d.jdbc.spi.JdbcTypeRegistry        : addDescriptor(BooleanTypeDescriptor) replaced previous registration(BooleanTypeDescriptor)
2024-05-05T13:25:41.247-04:00 DEBUG 87501 --- [centromedico] [           main] org.hibernate.type.BasicTypeRegistry     : Adding type registration null -> org.hibernate.type.NullType@3c6bd624
2024-05-05T13:25:41.247-04:00 DEBUG 87501 --- [centromedico] [           main] org.hibernate.type.BasicTypeRegistry     : Type registration key [null] overrode previous entry : `org.hibernate.type.NullType@52ae997b`
2024-05-05T13:25:41.247-04:00 DEBUG 87501 --- [centromedico] [           main] org.hibernate.type.BasicTypeRegistry     : Adding type registration JAVA_OBJECT -> org.hibernate.type.JavaObjectType@536da29c
2024-05-05T13:25:41.247-04:00 DEBUG 87501 --- [centromedico] [           main] org.hibernate.type.BasicTypeRegistry     : Adding type registration java.lang.Object -> org.hibernate.type.JavaObjectType@536da29c
2024-05-05T13:25:41.247-04:00 DEBUG 87501 --- [centromedico] [           main] org.hibernate.type.BasicTypeRegistry     : Type registration key [java.lang.Object] overrode previous entry : `org.hibernate.type.JavaObjectType@39666e42`
2024-05-05T13:25:41.249-04:00 DEBUG 87501 --- [centromedico] [           main] org.hibernate.type.BasicTypeRegistry     : Adding type registration org.hibernate.type.DurationType -> basicType@1(java.time.Duration,3015)
2024-05-05T13:25:41.249-04:00 DEBUG 87501 --- [centromedico] [           main] org.hibernate.type.BasicTypeRegistry     : Adding type registration Duration -> basicType@1(java.time.Duration,3015)
2024-05-05T13:25:41.249-04:00 DEBUG 87501 --- [centromedico] [           main] org.hibernate.type.BasicTypeRegistry     : Adding type registration java.time.Duration -> basicType@1(java.time.Duration,3015)
2024-05-05T13:25:41.251-04:00 DEBUG 87501 --- [centromedico] [           main] o.h.type.spi.TypeConfiguration$Scope     : Scoping TypeConfiguration [org.hibernate.type.spi.TypeConfiguration@12f8682a] to MetadataBuildingContext [org.hibernate.boot.internal.MetadataBuildingContextRootImpl@6f7a20da]
2024-05-05T13:25:41.269-04:00 DEBUG 87501 --- [centromedico] [           main] o.h.boot.model.relational.Namespace      : Created database namespace [logicalName=Name{catalog=null, schema=null}, physicalName=Name{catalog=null, schema=null}]
2024-05-05T13:25:41.280-04:00 DEBUG 87501 --- [centromedico] [           main] o.h.boot.model.internal.EntityBinder     : Binding entity from annotated class: com.CentroMedico.CentroMedico.model.ConsultaMedica
2024-05-05T13:25:41.284-04:00 DEBUG 87501 --- [centromedico] [           main] o.h.boot.model.internal.EntityBinder     : Import with entity name ConsultaMedica
2024-05-05T13:25:41.287-04:00 DEBUG 87501 --- [centromedico] [           main] o.h.boot.model.internal.EntityBinder     : Bind entity com.CentroMedico.CentroMedico.model.ConsultaMedica on table consultamedica
2024-05-05T13:25:41.290-04:00 DEBUG 87501 --- [centromedico] [           main] o.h.boot.model.internal.AnnotatedColumn  : Binding column: AnnotatedDiscriminatorColumn(column='DTYPE')
2024-05-05T13:25:41.298-04:00 DEBUG 87501 --- [centromedico] [           main] o.h.boot.model.internal.AnnotatedColumn  : Binding column: AnnotatedColumn(column='idcon')
2024-05-05T13:25:41.298-04:00 DEBUG 87501 --- [centromedico] [           main] o.h.boot.internal.ClassLoaderAccessImpl  : Not known whether passed class name [com.CentroMedico.CentroMedico.model.ConsultaMedica] is safe
2024-05-05T13:25:41.298-04:00 DEBUG 87501 --- [centromedico] [           main] o.h.boot.internal.ClassLoaderAccessImpl  : No temp ClassLoader provided; using live ClassLoader for loading potentially unsafe class : com.CentroMedico.CentroMedico.model.ConsultaMedica
2024-05-05T13:25:41.300-04:00 DEBUG 87501 --- [centromedico] [           main] o.h.boot.model.internal.PropertyBinder   : MetadataSourceProcessor property idcon with lazy=false
2024-05-05T13:25:41.307-04:00 DEBUG 87501 --- [centromedico] [           main] o.h.b.m.internal.AbstractPropertyHolder  : Attempting to locate auto-apply AttributeConverter for property [com.CentroMedico.CentroMedico.model.ConsultaMedica:idcon]
2024-05-05T13:25:41.309-04:00 DEBUG 87501 --- [centromedico] [           main] o.h.b.model.internal.BasicValueBinder    : building BasicValue for idcon
2024-05-05T13:25:41.310-04:00 DEBUG 87501 --- [centromedico] [           main] org.hibernate.mapping.BasicValue         : Skipping column re-registration: consultamedica.idcon
2024-05-05T13:25:41.310-04:00 DEBUG 87501 --- [centromedico] [           main] o.h.boot.model.internal.PropertyBinder   : Building property idcon
2024-05-05T13:25:41.312-04:00 DEBUG 87501 --- [centromedico] [           main] o.h.boot.model.internal.BinderHelper     : #makeIdGenerator(BasicValue([Column(idcon)]), idcon, identity, , ...)
2024-05-05T13:25:41.312-04:00 DEBUG 87501 --- [centromedico] [           main] o.h.boot.model.internal.AnnotatedColumn  : Binding column: AnnotatedColumn(column='diagnostico')
2024-05-05T13:25:41.312-04:00 DEBUG 87501 --- [centromedico] [           main] o.h.boot.model.internal.PropertyBinder   : MetadataSourceProcessor property diagnostico with lazy=false
2024-05-05T13:25:41.312-04:00 DEBUG 87501 --- [centromedico] [           main] o.h.b.m.internal.AbstractPropertyHolder  : Attempting to locate auto-apply AttributeConverter for property [com.CentroMedico.CentroMedico.model.ConsultaMedica:diagnostico]
2024-05-05T13:25:41.312-04:00 DEBUG 87501 --- [centromedico] [           main] o.h.b.model.internal.BasicValueBinder    : building BasicValue for diagnostico
2024-05-05T13:25:41.312-04:00 DEBUG 87501 --- [centromedico] [           main] org.hibernate.mapping.BasicValue         : Skipping column re-registration: consultamedica.diagnostico
2024-05-05T13:25:41.312-04:00 DEBUG 87501 --- [centromedico] [           main] o.h.boot.model.internal.PropertyBinder   : Building property diagnostico
2024-05-05T13:25:41.313-04:00 DEBUG 87501 --- [centromedico] [           main] o.h.boot.model.internal.AnnotatedColumn  : Binding column: AnnotatedColumn(column='fechaconsulta')
2024-05-05T13:25:41.313-04:00 DEBUG 87501 --- [centromedico] [           main] o.h.boot.model.internal.PropertyBinder   : MetadataSourceProcessor property fechaconsulta with lazy=false
2024-05-05T13:25:41.313-04:00 DEBUG 87501 --- [centromedico] [           main] o.h.b.m.internal.AbstractPropertyHolder  : Attempting to locate auto-apply AttributeConverter for property [com.CentroMedico.CentroMedico.model.ConsultaMedica:fechaconsulta]
2024-05-05T13:25:41.313-04:00 DEBUG 87501 --- [centromedico] [           main] o.h.b.model.internal.BasicValueBinder    : building BasicValue for fechaconsulta
2024-05-05T13:25:41.313-04:00 DEBUG 87501 --- [centromedico] [           main] org.hibernate.mapping.BasicValue         : Skipping column re-registration: consultamedica.fechaconsulta
2024-05-05T13:25:41.313-04:00 DEBUG 87501 --- [centromedico] [           main] o.h.boot.model.internal.PropertyBinder   : Building property fechaconsulta
2024-05-05T13:25:41.313-04:00 DEBUG 87501 --- [centromedico] [           main] o.h.boot.model.internal.AnnotatedColumn  : Binding column: AnnotatedColumn()
2024-05-05T13:25:41.313-04:00 DEBUG 87501 --- [centromedico] [           main] o.h.boot.model.internal.PropertyBinder   : MetadataSourceProcessor property horario with lazy=false
2024-05-05T13:25:41.313-04:00 DEBUG 87501 --- [centromedico] [           main] o.h.b.m.internal.AbstractPropertyHolder  : Attempting to locate auto-apply AttributeConverter for property [com.CentroMedico.CentroMedico.model.ConsultaMedica:horario]
2024-05-05T13:25:41.314-04:00 DEBUG 87501 --- [centromedico] [           main] o.h.b.model.internal.BasicValueBinder    : building BasicValue for horario
2024-05-05T13:25:41.314-04:00 DEBUG 87501 --- [centromedico] [           main] org.hibernate.mapping.BasicValue         : Skipping column re-registration: consultamedica.horario
2024-05-05T13:25:41.314-04:00 DEBUG 87501 --- [centromedico] [           main] o.h.boot.model.internal.PropertyBinder   : Building property horario
2024-05-05T13:25:41.315-04:00 DEBUG 87501 --- [centromedico] [           main] o.h.boot.model.internal.AnnotatedColumn  : Binding column: AnnotatedJoinColumn(column='idpac')
2024-05-05T13:25:41.315-04:00 DEBUG 87501 --- [centromedico] [           main] o.h.boot.model.internal.AnnotatedColumn  : Binding column: AnnotatedColumn()
2024-05-05T13:25:41.317-04:00 DEBUG 87501 --- [centromedico] [           main] o.h.boot.model.internal.PropertyBinder   : Building property paciente
2024-05-05T13:25:41.317-04:00 DEBUG 87501 --- [centromedico] [           main] o.h.boot.model.internal.AnnotatedColumn  : Binding column: AnnotatedJoinColumn(column='idprof')
2024-05-05T13:25:41.318-04:00 DEBUG 87501 --- [centromedico] [           main] o.h.boot.model.internal.AnnotatedColumn  : Binding column: AnnotatedColumn()
2024-05-05T13:25:41.318-04:00 DEBUG 87501 --- [centromedico] [           main] o.h.boot.model.internal.PropertyBinder   : Building property profesional
2024-05-05T13:25:41.318-04:00 DEBUG 87501 --- [centromedico] [           main] o.h.boot.model.internal.AnnotatedColumn  : Binding column: AnnotatedColumn(column='tratamiento')
2024-05-05T13:25:41.318-04:00 DEBUG 87501 --- [centromedico] [           main] o.h.boot.model.internal.PropertyBinder   : MetadataSourceProcessor property tratamiento with lazy=false
2024-05-05T13:25:41.318-04:00 DEBUG 87501 --- [centromedico] [           main] o.h.b.m.internal.AbstractPropertyHolder  : Attempting to locate auto-apply AttributeConverter for property [com.CentroMedico.CentroMedico.model.ConsultaMedica:tratamiento]
2024-05-05T13:25:41.318-04:00 DEBUG 87501 --- [centromedico] [           main] o.h.b.model.internal.BasicValueBinder    : building BasicValue for tratamiento
2024-05-05T13:25:41.318-04:00 DEBUG 87501 --- [centromedico] [           main] org.hibernate.mapping.BasicValue         : Skipping column re-registration: consultamedica.tratamiento
2024-05-05T13:25:41.318-04:00 DEBUG 87501 --- [centromedico] [           main] o.h.boot.model.internal.PropertyBinder   : Building property tratamiento
2024-05-05T13:25:41.319-04:00 DEBUG 87501 --- [centromedico] [           main] o.h.b.r.c.i.ClassLoaderServiceImpl       : HHH000194: Package not found or wo package-info.java: com.CentroMedico.CentroMedico.model
2024-05-05T13:25:41.321-04:00 DEBUG 87501 --- [centromedico] [           main] o.h.boot.model.internal.EntityBinder     : Binding entity from annotated class: com.CentroMedico.CentroMedico.model.Especialidad
2024-05-05T13:25:41.321-04:00 DEBUG 87501 --- [centromedico] [           main] o.h.boot.model.internal.EntityBinder     : Import with entity name Especialidad
2024-05-05T13:25:41.321-04:00 DEBUG 87501 --- [centromedico] [           main] o.h.boot.model.internal.EntityBinder     : Bind entity com.CentroMedico.CentroMedico.model.Especialidad on table especialidad
2024-05-05T13:25:41.321-04:00 DEBUG 87501 --- [centromedico] [           main] o.h.boot.model.internal.AnnotatedColumn  : Binding column: AnnotatedDiscriminatorColumn(column='DTYPE')
2024-05-05T13:25:41.321-04:00 DEBUG 87501 --- [centromedico] [           main] o.h.boot.model.internal.AnnotatedColumn  : Binding column: AnnotatedColumn(column='ides')
2024-05-05T13:25:41.321-04:00 DEBUG 87501 --- [centromedico] [           main] o.h.boot.internal.ClassLoaderAccessImpl  : Not known whether passed class name [com.CentroMedico.CentroMedico.model.Especialidad] is safe
2024-05-05T13:25:41.321-04:00 DEBUG 87501 --- [centromedico] [           main] o.h.boot.internal.ClassLoaderAccessImpl  : No temp ClassLoader provided; using live ClassLoader for loading potentially unsafe class : com.CentroMedico.CentroMedico.model.Especialidad
2024-05-05T13:25:41.321-04:00 DEBUG 87501 --- [centromedico] [           main] o.h.boot.model.internal.PropertyBinder   : MetadataSourceProcessor property ides with lazy=false
2024-05-05T13:25:41.321-04:00 DEBUG 87501 --- [centromedico] [           main] o.h.b.m.internal.AbstractPropertyHolder  : Attempting to locate auto-apply AttributeConverter for property [com.CentroMedico.CentroMedico.model.Especialidad:ides]
2024-05-05T13:25:41.321-04:00 DEBUG 87501 --- [centromedico] [           main] o.h.b.model.internal.BasicValueBinder    : building BasicValue for ides
2024-05-05T13:25:41.321-04:00 DEBUG 87501 --- [centromedico] [           main] org.hibernate.mapping.BasicValue         : Skipping column re-registration: especialidad.ides
2024-05-05T13:25:41.321-04:00 DEBUG 87501 --- [centromedico] [           main] o.h.boot.model.internal.PropertyBinder   : Building property ides
2024-05-05T13:25:41.322-04:00 DEBUG 87501 --- [centromedico] [           main] o.h.boot.model.internal.BinderHelper     : #makeIdGenerator(BasicValue([Column(ides)]), ides, identity, , ...)
2024-05-05T13:25:41.322-04:00 DEBUG 87501 --- [centromedico] [           main] o.h.boot.model.internal.AnnotatedColumn  : Binding column: AnnotatedColumn(column='nombre')
2024-05-05T13:25:41.322-04:00 DEBUG 87501 --- [centromedico] [           main] o.h.boot.model.internal.PropertyBinder   : MetadataSourceProcessor property nombre with lazy=false
2024-05-05T13:25:41.322-04:00 DEBUG 87501 --- [centromedico] [           main] o.h.b.m.internal.AbstractPropertyHolder  : Attempting to locate auto-apply AttributeConverter for property [com.CentroMedico.CentroMedico.model.Especialidad:nombre]
2024-05-05T13:25:41.322-04:00 DEBUG 87501 --- [centromedico] [           main] o.h.b.model.internal.BasicValueBinder    : building BasicValue for nombre
2024-05-05T13:25:41.322-04:00 DEBUG 87501 --- [centromedico] [           main] org.hibernate.mapping.BasicValue         : Skipping column re-registration: especialidad.nombre
2024-05-05T13:25:41.322-04:00 DEBUG 87501 --- [centromedico] [           main] o.h.boot.model.internal.PropertyBinder   : Building property nombre
2024-05-05T13:25:41.322-04:00 DEBUG 87501 --- [centromedico] [           main] o.h.b.r.c.i.ClassLoaderServiceImpl       : HHH000194: Package not found or wo package-info.java: com.CentroMedico.CentroMedico.model
2024-05-05T13:25:41.322-04:00 DEBUG 87501 --- [centromedico] [           main] o.h.boot.model.internal.EntityBinder     : Binding entity from annotated class: com.CentroMedico.CentroMedico.model.Paciente
2024-05-05T13:25:41.322-04:00 DEBUG 87501 --- [centromedico] [           main] o.h.boot.model.internal.EntityBinder     : Import with entity name Paciente
2024-05-05T13:25:41.322-04:00 DEBUG 87501 --- [centromedico] [           main] o.h.boot.model.internal.EntityBinder     : Bind entity com.CentroMedico.CentroMedico.model.Paciente on table paciente
2024-05-05T13:25:41.322-04:00 DEBUG 87501 --- [centromedico] [           main] o.h.boot.model.internal.AnnotatedColumn  : Binding column: AnnotatedDiscriminatorColumn(column='DTYPE')
2024-05-05T13:25:41.324-04:00 DEBUG 87501 --- [centromedico] [           main] o.h.boot.model.internal.AnnotatedColumn  : Binding column: AnnotatedColumn(column='idpac')
2024-05-05T13:25:41.324-04:00 DEBUG 87501 --- [centromedico] [           main] o.h.boot.internal.ClassLoaderAccessImpl  : Not known whether passed class name [com.CentroMedico.CentroMedico.model.Paciente] is safe
2024-05-05T13:25:41.324-04:00 DEBUG 87501 --- [centromedico] [           main] o.h.boot.internal.ClassLoaderAccessImpl  : No temp ClassLoader provided; using live ClassLoader for loading potentially unsafe class : com.CentroMedico.CentroMedico.model.Paciente
2024-05-05T13:25:41.324-04:00 DEBUG 87501 --- [centromedico] [           main] o.h.boot.model.internal.PropertyBinder   : MetadataSourceProcessor property idpac with lazy=false
2024-05-05T13:25:41.324-04:00 DEBUG 87501 --- [centromedico] [           main] o.h.b.m.internal.AbstractPropertyHolder  : Attempting to locate auto-apply AttributeConverter for property [com.CentroMedico.CentroMedico.model.Paciente:idpac]
2024-05-05T13:25:41.324-04:00 DEBUG 87501 --- [centromedico] [           main] o.h.b.model.internal.BasicValueBinder    : building BasicValue for idpac
2024-05-05T13:25:41.324-04:00 DEBUG 87501 --- [centromedico] [           main] org.hibernate.mapping.BasicValue         : Skipping column re-registration: paciente.idpac
2024-05-05T13:25:41.324-04:00 DEBUG 87501 --- [centromedico] [           main] o.h.boot.model.internal.PropertyBinder   : Building property idpac
2024-05-05T13:25:41.324-04:00 DEBUG 87501 --- [centromedico] [           main] o.h.boot.model.internal.BinderHelper     : #makeIdGenerator(BasicValue([Column(idpac)]), idpac, identity, , ...)
2024-05-05T13:25:41.324-04:00 DEBUG 87501 --- [centromedico] [           main] o.h.boot.model.internal.AnnotatedColumn  : Binding column: AnnotatedColumn(column='apellidos')
2024-05-05T13:25:41.324-04:00 DEBUG 87501 --- [centromedico] [           main] o.h.boot.model.internal.PropertyBinder   : MetadataSourceProcessor property apellidos with lazy=false
2024-05-05T13:25:41.324-04:00 DEBUG 87501 --- [centromedico] [           main] o.h.b.m.internal.AbstractPropertyHolder  : Attempting to locate auto-apply AttributeConverter for property [com.CentroMedico.CentroMedico.model.Paciente:apellidos]
2024-05-05T13:25:41.324-04:00 DEBUG 87501 --- [centromedico] [           main] o.h.b.model.internal.BasicValueBinder    : building BasicValue for apellidos
2024-05-05T13:25:41.324-04:00 DEBUG 87501 --- [centromedico] [           main] org.hibernate.mapping.BasicValue         : Skipping column re-registration: paciente.apellidos
2024-05-05T13:25:41.324-04:00 DEBUG 87501 --- [centromedico] [           main] o.h.boot.model.internal.PropertyBinder   : Building property apellidos
2024-05-05T13:25:41.325-04:00 DEBUG 87501 --- [centromedico] [           main] o.h.boot.model.internal.AnnotatedColumn  : Binding column: AnnotatedJoinColumn()
2024-05-05T13:25:41.325-04:00 DEBUG 87501 --- [centromedico] [           main] o.h.boot.model.internal.AnnotatedColumn  : Binding column: AnnotatedColumn()
2024-05-05T13:25:41.330-04:00 DEBUG 87501 --- [centromedico] [           main] o.h.boot.model.internal.AnnotatedColumn  : Binding column: IndexColumn(column='consultasMedicas_ORDER')
2024-05-05T13:25:41.330-04:00 DEBUG 87501 --- [centromedico] [           main] o.h.boot.model.internal.AnnotatedColumn  : Binding column: AnnotatedColumn()
2024-05-05T13:25:41.331-04:00 DEBUG 87501 --- [centromedico] [           main] o.h.boot.model.internal.AnnotatedColumn  : Binding column: AnnotatedColumn(column='consultasMedicas_KEY')
2024-05-05T13:25:41.331-04:00 DEBUG 87501 --- [centromedico] [           main] o.h.boot.model.internal.AnnotatedColumn  : Binding column: AnnotatedJoinColumn(column='consultasMedicas_KEY')
2024-05-05T13:25:41.331-04:00 DEBUG 87501 --- [centromedico] [           main] o.h.boot.model.internal.AnnotatedColumn  : Binding column: AnnotatedJoinColumn()
2024-05-05T13:25:41.331-04:00 DEBUG 87501 --- [centromedico] [           main] o.h.boot.model.internal.AnnotatedColumn  : Binding column: AnnotatedJoinColumn()
2024-05-05T13:25:41.333-04:00 DEBUG 87501 --- [centromedico] [           main] o.h.b.model.internal.CollectionBinder    : Collection role: com.CentroMedico.CentroMedico.model.Paciente.consultasMedicas
2024-05-05T13:25:41.333-04:00 DEBUG 87501 --- [centromedico] [           main] o.h.boot.model.internal.PropertyBinder   : Building property consultasMedicas
2024-05-05T13:25:41.334-04:00 DEBUG 87501 --- [centromedico] [           main] o.h.boot.model.internal.AnnotatedColumn  : Binding column: AnnotatedColumn(column='edad')
2024-05-05T13:25:41.334-04:00 DEBUG 87501 --- [centromedico] [           main] o.h.boot.model.internal.PropertyBinder   : MetadataSourceProcessor property edad with lazy=false
2024-05-05T13:25:41.334-04:00 DEBUG 87501 --- [centromedico] [           main] o.h.b.m.internal.AbstractPropertyHolder  : Attempting to locate auto-apply AttributeConverter for property [com.CentroMedico.CentroMedico.model.Paciente:edad]
2024-05-05T13:25:41.334-04:00 DEBUG 87501 --- [centromedico] [           main] o.h.b.model.internal.BasicValueBinder    : building BasicValue for edad
2024-05-05T13:25:41.334-04:00 DEBUG 87501 --- [centromedico] [           main] org.hibernate.mapping.BasicValue         : Skipping column re-registration: paciente.edad
2024-05-05T13:25:41.334-04:00 DEBUG 87501 --- [centromedico] [           main] o.h.boot.model.internal.PropertyBinder   : Building property edad
2024-05-05T13:25:41.334-04:00 DEBUG 87501 --- [centromedico] [           main] o.h.boot.model.internal.AnnotatedColumn  : Binding column: AnnotatedColumn(column='nombres')
2024-05-05T13:25:41.335-04:00 DEBUG 87501 --- [centromedico] [           main] o.h.boot.model.internal.PropertyBinder   : MetadataSourceProcessor property nombres with lazy=false
2024-05-05T13:25:41.335-04:00 DEBUG 87501 --- [centromedico] [           main] o.h.b.m.internal.AbstractPropertyHolder  : Attempting to locate auto-apply AttributeConverter for property [com.CentroMedico.CentroMedico.model.Paciente:nombres]
2024-05-05T13:25:41.335-04:00 DEBUG 87501 --- [centromedico] [           main] o.h.b.model.internal.BasicValueBinder    : building BasicValue for nombres
2024-05-05T13:25:41.335-04:00 DEBUG 87501 --- [centromedico] [           main] org.hibernate.mapping.BasicValue         : Skipping column re-registration: paciente.nombres
2024-05-05T13:25:41.335-04:00 DEBUG 87501 --- [centromedico] [           main] o.h.boot.model.internal.PropertyBinder   : Building property nombres
2024-05-05T13:25:41.335-04:00 DEBUG 87501 --- [centromedico] [           main] o.h.boot.model.internal.AnnotatedColumn  : Binding column: AnnotatedColumn(column='rut')
2024-05-05T13:25:41.335-04:00 DEBUG 87501 --- [centromedico] [           main] o.h.boot.model.internal.PropertyBinder   : MetadataSourceProcessor property rut with lazy=false
2024-05-05T13:25:41.335-04:00 DEBUG 87501 --- [centromedico] [           main] o.h.b.m.internal.AbstractPropertyHolder  : Attempting to locate auto-apply AttributeConverter for property [com.CentroMedico.CentroMedico.model.Paciente:rut]
2024-05-05T13:25:41.335-04:00 DEBUG 87501 --- [centromedico] [           main] o.h.b.model.internal.BasicValueBinder    : building BasicValue for rut
2024-05-05T13:25:41.335-04:00 DEBUG 87501 --- [centromedico] [           main] org.hibernate.mapping.BasicValue         : Skipping column re-registration: paciente.rut
2024-05-05T13:25:41.335-04:00 DEBUG 87501 --- [centromedico] [           main] o.h.boot.model.internal.PropertyBinder   : Building property rut
2024-05-05T13:25:41.336-04:00 DEBUG 87501 --- [centromedico] [           main] o.h.b.r.c.i.ClassLoaderServiceImpl       : HHH000194: Package not found or wo package-info.java: com.CentroMedico.CentroMedico.model
2024-05-05T13:25:41.336-04:00 DEBUG 87501 --- [centromedico] [           main] o.h.boot.model.internal.EntityBinder     : Binding entity from annotated class: com.CentroMedico.CentroMedico.model.Profesional
2024-05-05T13:25:41.336-04:00 DEBUG 87501 --- [centromedico] [           main] o.h.boot.model.internal.EntityBinder     : Import with entity name Profesional
2024-05-05T13:25:41.336-04:00 DEBUG 87501 --- [centromedico] [           main] o.h.boot.model.internal.EntityBinder     : Bind entity com.CentroMedico.CentroMedico.model.Profesional on table profesional
2024-05-05T13:25:41.336-04:00 DEBUG 87501 --- [centromedico] [           main] o.h.boot.model.internal.AnnotatedColumn  : Binding column: AnnotatedDiscriminatorColumn(column='DTYPE')
2024-05-05T13:25:41.336-04:00 DEBUG 87501 --- [centromedico] [           main] o.h.boot.model.internal.AnnotatedColumn  : Binding column: AnnotatedColumn(column='idprof')
2024-05-05T13:25:41.337-04:00 DEBUG 87501 --- [centromedico] [           main] o.h.boot.internal.ClassLoaderAccessImpl  : Not known whether passed class name [com.CentroMedico.CentroMedico.model.Profesional] is safe
2024-05-05T13:25:41.337-04:00 DEBUG 87501 --- [centromedico] [           main] o.h.boot.internal.ClassLoaderAccessImpl  : No temp ClassLoader provided; using live ClassLoader for loading potentially unsafe class : com.CentroMedico.CentroMedico.model.Profesional
2024-05-05T13:25:41.337-04:00 DEBUG 87501 --- [centromedico] [           main] o.h.boot.model.internal.PropertyBinder   : MetadataSourceProcessor property idprof with lazy=false
2024-05-05T13:25:41.337-04:00 DEBUG 87501 --- [centromedico] [           main] o.h.b.m.internal.AbstractPropertyHolder  : Attempting to locate auto-apply AttributeConverter for property [com.CentroMedico.CentroMedico.model.Profesional:idprof]
2024-05-05T13:25:41.337-04:00 DEBUG 87501 --- [centromedico] [           main] o.h.b.model.internal.BasicValueBinder    : building BasicValue for idprof
2024-05-05T13:25:41.337-04:00 DEBUG 87501 --- [centromedico] [           main] org.hibernate.mapping.BasicValue         : Skipping column re-registration: profesional.idprof
2024-05-05T13:25:41.337-04:00 DEBUG 87501 --- [centromedico] [           main] o.h.boot.model.internal.PropertyBinder   : Building property idprof
2024-05-05T13:25:41.337-04:00 DEBUG 87501 --- [centromedico] [           main] o.h.boot.model.internal.BinderHelper     : #makeIdGenerator(BasicValue([Column(idprof)]), idprof, identity, , ...)
2024-05-05T13:25:41.337-04:00 DEBUG 87501 --- [centromedico] [           main] o.h.boot.model.internal.AnnotatedColumn  : Binding column: AnnotatedColumn(column='apellidos')
2024-05-05T13:25:41.337-04:00 DEBUG 87501 --- [centromedico] [           main] o.h.boot.model.internal.PropertyBinder   : MetadataSourceProcessor property apellidos with lazy=false
2024-05-05T13:25:41.337-04:00 DEBUG 87501 --- [centromedico] [           main] o.h.b.m.internal.AbstractPropertyHolder  : Attempting to locate auto-apply AttributeConverter for property [com.CentroMedico.CentroMedico.model.Profesional:apellidos]
2024-05-05T13:25:41.337-04:00 DEBUG 87501 --- [centromedico] [           main] o.h.b.model.internal.BasicValueBinder    : building BasicValue for apellidos
2024-05-05T13:25:41.337-04:00 DEBUG 87501 --- [centromedico] [           main] org.hibernate.mapping.BasicValue         : Skipping column re-registration: profesional.apellidos
2024-05-05T13:25:41.337-04:00 DEBUG 87501 --- [centromedico] [           main] o.h.boot.model.internal.PropertyBinder   : Building property apellidos
2024-05-05T13:25:41.337-04:00 DEBUG 87501 --- [centromedico] [           main] o.h.boot.model.internal.AnnotatedColumn  : Binding column: AnnotatedJoinColumn(column='ides')
2024-05-05T13:25:41.337-04:00 DEBUG 87501 --- [centromedico] [           main] o.h.boot.model.internal.AnnotatedColumn  : Binding column: AnnotatedColumn()
2024-05-05T13:25:41.337-04:00 DEBUG 87501 --- [centromedico] [           main] o.h.boot.model.internal.PropertyBinder   : Building property especialidad
2024-05-05T13:25:41.337-04:00 DEBUG 87501 --- [centromedico] [           main] o.h.boot.model.internal.AnnotatedColumn  : Binding column: AnnotatedColumn(column='nombres')
2024-05-05T13:25:41.337-04:00 DEBUG 87501 --- [centromedico] [           main] o.h.boot.model.internal.PropertyBinder   : MetadataSourceProcessor property nombres with lazy=false
2024-05-05T13:25:41.337-04:00 DEBUG 87501 --- [centromedico] [           main] o.h.b.m.internal.AbstractPropertyHolder  : Attempting to locate auto-apply AttributeConverter for property [com.CentroMedico.CentroMedico.model.Profesional:nombres]
2024-05-05T13:25:41.337-04:00 DEBUG 87501 --- [centromedico] [           main] o.h.b.model.internal.BasicValueBinder    : building BasicValue for nombres
2024-05-05T13:25:41.338-04:00 DEBUG 87501 --- [centromedico] [           main] org.hibernate.mapping.BasicValue         : Skipping column re-registration: profesional.nombres
2024-05-05T13:25:41.338-04:00 DEBUG 87501 --- [centromedico] [           main] o.h.boot.model.internal.PropertyBinder   : Building property nombres
2024-05-05T13:25:41.338-04:00 DEBUG 87501 --- [centromedico] [           main] o.h.boot.model.internal.AnnotatedColumn  : Binding column: AnnotatedColumn(column='rut')
2024-05-05T13:25:41.338-04:00 DEBUG 87501 --- [centromedico] [           main] o.h.boot.model.internal.PropertyBinder   : MetadataSourceProcessor property rut with lazy=false
2024-05-05T13:25:41.338-04:00 DEBUG 87501 --- [centromedico] [           main] o.h.b.m.internal.AbstractPropertyHolder  : Attempting to locate auto-apply AttributeConverter for property [com.CentroMedico.CentroMedico.model.Profesional:rut]
2024-05-05T13:25:41.338-04:00 DEBUG 87501 --- [centromedico] [           main] o.h.b.model.internal.BasicValueBinder    : building BasicValue for rut
2024-05-05T13:25:41.338-04:00 DEBUG 87501 --- [centromedico] [           main] org.hibernate.mapping.BasicValue         : Skipping column re-registration: profesional.rut
2024-05-05T13:25:41.338-04:00 DEBUG 87501 --- [centromedico] [           main] o.h.boot.model.internal.PropertyBinder   : Building property rut
2024-05-05T13:25:41.338-04:00 DEBUG 87501 --- [centromedico] [           main] o.h.b.r.c.i.ClassLoaderServiceImpl       : HHH000194: Package not found or wo package-info.java: com.CentroMedico.CentroMedico.model
2024-05-05T13:25:41.338-04:00 DEBUG 87501 --- [centromedico] [           main] o.h.b.model.internal.BasicValueBinder    : Starting `BasicValueBinder#fillSimpleValue` for idcon
2024-05-05T13:25:41.339-04:00 DEBUG 87501 --- [centromedico] [           main] o.h.b.model.internal.BasicValueBinder    : Starting `BasicValueBinder#fillSimpleValue` for diagnostico
2024-05-05T13:25:41.339-04:00 DEBUG 87501 --- [centromedico] [           main] o.h.b.model.internal.BasicValueBinder    : Starting `BasicValueBinder#fillSimpleValue` for fechaconsulta
2024-05-05T13:25:41.339-04:00 DEBUG 87501 --- [centromedico] [           main] o.h.b.model.internal.BasicValueBinder    : Starting `BasicValueBinder#fillSimpleValue` for horario
2024-05-05T13:25:41.339-04:00 DEBUG 87501 --- [centromedico] [           main] o.h.b.model.internal.BasicValueBinder    : Starting `BasicValueBinder#fillSimpleValue` for tratamiento
2024-05-05T13:25:41.339-04:00 DEBUG 87501 --- [centromedico] [           main] o.h.b.model.internal.BasicValueBinder    : Starting `BasicValueBinder#fillSimpleValue` for ides
2024-05-05T13:25:41.339-04:00 DEBUG 87501 --- [centromedico] [           main] o.h.b.model.internal.BasicValueBinder    : Starting `BasicValueBinder#fillSimpleValue` for nombre
2024-05-05T13:25:41.339-04:00 DEBUG 87501 --- [centromedico] [           main] o.h.b.model.internal.BasicValueBinder    : Starting `BasicValueBinder#fillSimpleValue` for idpac
2024-05-05T13:25:41.339-04:00 DEBUG 87501 --- [centromedico] [           main] o.h.b.model.internal.BasicValueBinder    : Starting `BasicValueBinder#fillSimpleValue` for apellidos
2024-05-05T13:25:41.339-04:00 DEBUG 87501 --- [centromedico] [           main] o.h.b.model.internal.BasicValueBinder    : Starting `BasicValueBinder#fillSimpleValue` for edad
2024-05-05T13:25:41.340-04:00 DEBUG 87501 --- [centromedico] [           main] o.h.b.model.internal.BasicValueBinder    : Starting `BasicValueBinder#fillSimpleValue` for nombres
2024-05-05T13:25:41.340-04:00 DEBUG 87501 --- [centromedico] [           main] o.h.b.model.internal.BasicValueBinder    : Starting `BasicValueBinder#fillSimpleValue` for rut
2024-05-05T13:25:41.340-04:00 DEBUG 87501 --- [centromedico] [           main] o.h.b.model.internal.BasicValueBinder    : Starting `BasicValueBinder#fillSimpleValue` for idprof
2024-05-05T13:25:41.340-04:00 DEBUG 87501 --- [centromedico] [           main] o.h.b.model.internal.BasicValueBinder    : Starting `BasicValueBinder#fillSimpleValue` for apellidos
2024-05-05T13:25:41.340-04:00 DEBUG 87501 --- [centromedico] [           main] o.h.b.model.internal.BasicValueBinder    : Starting `BasicValueBinder#fillSimpleValue` for nombres
2024-05-05T13:25:41.340-04:00 DEBUG 87501 --- [centromedico] [           main] o.h.b.model.internal.BasicValueBinder    : Starting `BasicValueBinder#fillSimpleValue` for rut
2024-05-05T13:25:41.342-04:00 DEBUG 87501 --- [centromedico] [           main] org.hibernate.mapping.PrimaryKey         : Forcing column [idcon] to be non-null as it is part of the primary key for table [consultamedica]
2024-05-05T13:25:41.342-04:00 DEBUG 87501 --- [centromedico] [           main] org.hibernate.mapping.PrimaryKey         : Forcing column [ides] to be non-null as it is part of the primary key for table [especialidad]
2024-05-05T13:25:41.342-04:00 DEBUG 87501 --- [centromedico] [           main] org.hibernate.mapping.PrimaryKey         : Forcing column [idpac] to be non-null as it is part of the primary key for table [paciente]
2024-05-05T13:25:41.342-04:00 DEBUG 87501 --- [centromedico] [           main] org.hibernate.mapping.PrimaryKey         : Forcing column [idprof] to be non-null as it is part of the primary key for table [profesional]
2024-05-05T13:25:41.343-04:00 DEBUG 87501 --- [centromedico] [           main] o.h.b.m.internal.CollectionSecondPass    : Second pass for collection: com.CentroMedico.CentroMedico.model.Paciente.consultasMedicas
2024-05-05T13:25:41.343-04:00 DEBUG 87501 --- [centromedico] [           main] o.h.b.model.internal.CollectionBinder    : Binding a OneToMany: com.CentroMedico.CentroMedico.model.Paciente.consultasMedicas through a foreign key
2024-05-05T13:25:41.344-04:00 DEBUG 87501 --- [centromedico] [           main] o.h.b.model.internal.CollectionBinder    : Mapping collection: com.CentroMedico.CentroMedico.model.Paciente.consultasMedicas -> consultamedica
2024-05-05T13:25:41.345-04:00 DEBUG 87501 --- [centromedico] [           main] o.h.boot.model.internal.TableBinder      : Retrieving property com.CentroMedico.CentroMedico.model.ConsultaMedica.paciente
2024-05-05T13:25:41.345-04:00 DEBUG 87501 --- [centromedico] [           main] o.h.b.m.internal.CollectionSecondPass    : Mapped collection key: idpac, one-to-many: com.CentroMedico.CentroMedico.model.ConsultaMedica
2024-05-05T13:25:41.345-04:00 DEBUG 87501 --- [centromedico] [           main] o.h.b.i.InFlightMetadataCollectorImpl    : Resolving reference to class: com.CentroMedico.CentroMedico.model.Paciente
2024-05-05T13:25:41.346-04:00 DEBUG 87501 --- [centromedico] [           main] o.h.b.i.InFlightMetadataCollectorImpl    : Resolving reference to class: com.CentroMedico.CentroMedico.model.Profesional
2024-05-05T13:25:41.346-04:00 DEBUG 87501 --- [centromedico] [           main] o.h.b.i.InFlightMetadataCollectorImpl    : Resolving reference to class: com.CentroMedico.CentroMedico.model.Especialidad
2024-05-05T13:25:41.352-04:00 DEBUG 87501 --- [centromedico] [           main] o.h.b.i.InFlightMetadataCollectorImpl    : Resolving reference to class: com.CentroMedico.CentroMedico.model.Paciente
2024-05-05T13:25:41.352-04:00 DEBUG 87501 --- [centromedico] [           main] o.h.b.i.InFlightMetadataCollectorImpl    : Resolving reference to class: com.CentroMedico.CentroMedico.model.Profesional
2024-05-05T13:25:41.352-04:00 DEBUG 87501 --- [centromedico] [           main] o.h.b.i.InFlightMetadataCollectorImpl    : Resolving reference to class: com.CentroMedico.CentroMedico.model.Especialidad
2024-05-05T13:25:41.373-04:00 DEBUG 87501 --- [centromedico] [           main] o.hibernate.internal.SessionFactoryImpl  : Building session factory
2024-05-05T13:25:41.391-04:00 DEBUG 87501 --- [centromedico] [           main] .h.s.i.SessionFactoryServiceRegistryImpl : EventListenerRegistry access via ServiceRegistry is deprecated.  Use `sessionFactory.getEventEngine().getListenerRegistry()` instead
2024-05-05T13:25:41.392-04:00 DEBUG 87501 --- [centromedico] [           main] o.hibernate.internal.SessionFactoryImpl  : Instantiating SessionFactory with settings: {java.specification.version=21, hibernate.resource.beans.container=org.springframework.orm.hibernate5.SpringBeanContainer@26d24d7a, hibernate.connection.handling_mode=DELAYED_ACQUISITION_AND_HOLD, sun.jnu.encoding=UTF-8, hibernate.dialect=org.hibernate.dialect.OracleDialect, hibernate.implicit_naming_strategy=org.springframework.boot.orm.jpa.hibernate.SpringImplicitNamingStrategy, java.class.path=/Users/pablojavier/Documents/Study/Entregas Examen /Ejemplos/centromedico/target/test-classes:/Users/pablojavier/Documents/Study/Entregas Examen /Ejemplos/centromedico/target/classes:/Users/pablojavier/.m2/repository/org/springframework/boot/spring-boot-starter-actuator/3.2.4/spring-boot-starter-actuator-3.2.4.jar:/Users/pablojavier/.m2/repository/org/springframework/boot/spring-boot-starter/3.2.4/spring-boot-starter-3.2.4.jar:/Users/pablojavier/.m2/repository/org/springframework/boot/spring-boot-starter-logging/3.2.4/spring-boot-starter-logging-3.2.4.jar:/Users/pablojavier/.m2/repository/ch/qos/logback/logback-classic/1.4.14/logback-classic-1.4.14.jar:/Users/pablojavier/.m2/repository/ch/qos/logback/logback-core/1.4.14/logback-core-1.4.14.jar:/Users/pablojavier/.m2/repository/org/apache/logging/log4j/log4j-to-slf4j/2.21.1/log4j-to-slf4j-2.21.1.jar:/Users/pablojavier/.m2/repository/org/apache/logging/log4j/log4j-api/2.21.1/log4j-api-2.21.1.jar:/Users/pablojavier/.m2/repository/org/slf4j/jul-to-slf4j/2.0.12/jul-to-slf4j-2.0.12.jar:/Users/pablojavier/.m2/repository/jakarta/annotation/jakarta.annotation-api/2.1.1/jakarta.annotation-api-2.1.1.jar:/Users/pablojavier/.m2/repository/org/yaml/snakeyaml/2.2/snakeyaml-2.2.jar:/Users/pablojavier/.m2/repository/org/springframework/boot/spring-boot-actuator-autoconfigure/3.2.4/spring-boot-actuator-autoconfigure-3.2.4.jar:/Users/pablojavier/.m2/repository/org/springframework/boot/spring-boot-actuator/3.2.4/spring-boot-actuator-3.2.4.jar:/Users/pablojavier/.m2/repository/com/fasterxml/jackson/core/jackson-databind/2.15.4/jackson-databind-2.15.4.jar:/Users/pablojavier/.m2/repository/com/fasterxml/jackson/core/jackson-annotations/2.15.4/jackson-annotations-2.15.4.jar:/Users/pablojavier/.m2/repository/com/fasterxml/jackson/core/jackson-core/2.15.4/jackson-core-2.15.4.jar:/Users/pablojavier/.m2/repository/com/fasterxml/jackson/datatype/jackson-datatype-jsr310/2.15.4/jackson-datatype-jsr310-2.15.4.jar:/Users/pablojavier/.m2/repository/io/micrometer/micrometer-observation/1.12.4/micrometer-observation-1.12.4.jar:/Users/pablojavier/.m2/repository/io/micrometer/micrometer-commons/1.12.4/micrometer-commons-1.12.4.jar:/Users/pablojavier/.m2/repository/io/micrometer/micrometer-jakarta9/1.12.4/micrometer-jakarta9-1.12.4.jar:/Users/pablojavier/.m2/repository/io/micrometer/micrometer-core/1.12.4/micrometer-core-1.12.4.jar:/Users/pablojavier/.m2/repository/org/hdrhistogram/HdrHistogram/2.1.12/HdrHistogram-2.1.12.jar:/Users/pablojavier/.m2/repository/org/latencyutils/LatencyUtils/2.0.3/LatencyUtils-2.0.3.jar:/Users/pablojavier/.m2/repository/org/springframework/boot/spring-boot-starter-data-jpa/3.2.4/spring-boot-starter-data-jpa-3.2.4.jar:/Users/pablojavier/.m2/repository/org/springframework/boot/spring-boot-starter-aop/3.2.4/spring-boot-starter-aop-3.2.4.jar:/Users/pablojavier/.m2/repository/org/springframework/spring-aop/6.1.5/spring-aop-6.1.5.jar:/Users/pablojavier/.m2/repository/org/aspectj/aspectjweaver/1.9.21/aspectjweaver-1.9.21.jar:/Users/pablojavier/.m2/repository/org/springframework/boot/spring-boot-starter-jdbc/3.2.4/spring-boot-starter-jdbc-3.2.4.jar:/Users/pablojavier/.m2/repository/com/zaxxer/HikariCP/5.0.1/HikariCP-5.0.1.jar:/Users/pablojavier/.m2/repository/org/springframework/spring-jdbc/6.1.5/spring-jdbc-6.1.5.jar:/Users/pablojavier/.m2/repository/org/hibernate/orm/hibernate-core/6.4.4.Final/hibernate-core-6.4.4.Final.jar:/Users/pablojavier/.m2/repository/jakarta/persistence/jakarta.persistence-api/3.1.0/jakarta.persistence-api-3.1.0.jar:/Users/pablojavier/.m2/repository/jakarta/transaction/jakarta.transaction-api/2.0.1/jakarta.transaction-api-2.0.1.jar:/Users/pablojavier/.m2/repository/org/jboss/logging/jboss-logging/3.5.3.Final/jboss-logging-3.5.3.Final.jar:/Users/pablojavier/.m2/repository/org/hibernate/common/hibernate-commons-annotations/6.0.6.Final/hibernate-commons-annotations-6.0.6.Final.jar:/Users/pablojavier/.m2/repository/io/smallrye/jandex/3.1.2/jandex-3.1.2.jar:/Users/pablojavier/.m2/repository/com/fasterxml/classmate/1.6.0/classmate-1.6.0.jar:/Users/pablojavier/.m2/repository/net/bytebuddy/byte-buddy/1.14.12/byte-buddy-1.14.12.jar:/Users/pablojavier/.m2/repository/org/glassfish/jaxb/jaxb-runtime/4.0.5/jaxb-runtime-4.0.5.jar:/Users/pablojavier/.m2/repository/org/glassfish/jaxb/jaxb-core/4.0.5/jaxb-core-4.0.5.jar:/Users/pablojavier/.m2/repository/org/eclipse/angus/angus-activation/2.0.2/angus-activation-2.0.2.jar:/Users/pablojavier/.m2/repository/org/glassfish/jaxb/txw2/4.0.5/txw2-4.0.5.jar:/Users/pablojavier/.m2/repository/com/sun/istack/istack-commons-runtime/4.1.2/istack-commons-runtime-4.1.2.jar:/Users/pablojavier/.m2/repository/jakarta/inject/jakarta.inject-api/2.0.1/jakarta.inject-api-2.0.1.jar:/Users/pablojavier/.m2/repository/org/antlr/antlr4-runtime/4.13.0/antlr4-runtime-4.13.0.jar:/Users/pablojavier/.m2/repository/org/springframework/data/spring-data-jpa/3.2.4/spring-data-jpa-3.2.4.jar:/Users/pablojavier/.m2/repository/org/springframework/data/spring-data-commons/3.2.4/spring-data-commons-3.2.4.jar:/Users/pablojavier/.m2/repository/org/springframework/spring-orm/6.1.5/spring-orm-6.1.5.jar:/Users/pablojavier/.m2/repository/org/springframework/spring-context/6.1.5/spring-context-6.1.5.jar:/Users/pablojavier/.m2/repository/org/springframework/spring-tx/6.1.5/spring-tx-6.1.5.jar:/Users/pablojavier/.m2/repository/org/springframework/spring-beans/6.1.5/spring-beans-6.1.5.jar:/Users/pablojavier/.m2/repository/org/slf4j/slf4j-api/2.0.12/slf4j-api-2.0.12.jar:/Users/pablojavier/.m2/repository/org/springframework/spring-aspects/6.1.5/spring-aspects-6.1.5.jar:/Users/pablojavier/.m2/repository/org/springframework/boot/spring-boot-starter-web/3.2.4/spring-boot-starter-web-3.2.4.jar:/Users/pablojavier/.m2/repository/org/springframework/boot/spring-boot-starter-json/3.2.4/spring-boot-starter-json-3.2.4.jar:/Users/pablojavier/.m2/repository/com/fasterxml/jackson/datatype/jackson-datatype-jdk8/2.15.4/jackson-datatype-jdk8-2.15.4.jar:/Users/pablojavier/.m2/repository/com/fasterxml/jackson/module/jackson-module-parameter-names/2.15.4/jackson-module-parameter-names-2.15.4.jar:/Users/pablojavier/.m2/repository/org/springframework/boot/spring-boot-starter-tomcat/3.2.4/spring-boot-starter-tomcat-3.2.4.jar:/Users/pablojavier/.m2/repository/org/apache/tomcat/embed/tomcat-embed-core/10.1.19/tomcat-embed-core-10.1.19.jar:/Users/pablojavier/.m2/repository/org/apache/tomcat/embed/tomcat-embed-el/10.1.19/tomcat-embed-el-10.1.19.jar:/Users/pablojavier/.m2/repository/org/apache/tomcat/embed/tomcat-embed-websocket/10.1.19/tomcat-embed-websocket-10.1.19.jar:/Users/pablojavier/.m2/repository/org/springframework/spring-web/6.1.5/spring-web-6.1.5.jar:/Users/pablojavier/.m2/repository/org/springframework/spring-webmvc/6.1.5/spring-webmvc-6.1.5.jar:/Users/pablojavier/.m2/repository/org/springframework/spring-expression/6.1.5/spring-expression-6.1.5.jar:/Users/pablojavier/.m2/repository/org/springframework/boot/spring-boot-devtools/3.2.4/spring-boot-devtools-3.2.4.jar:/Users/pablojavier/.m2/repository/org/springframework/boot/spring-boot/3.2.4/spring-boot-3.2.4.jar:/Users/pablojavier/.m2/repository/org/springframework/boot/spring-boot-autoconfigure/3.2.4/spring-boot-autoconfigure-3.2.4.jar:/Users/pablojavier/.m2/repository/com/oracle/database/jdbc/ojdbc11/21.9.0.0/ojdbc11-21.9.0.0.jar:/Users/pablojavier/.m2/repository/com/oracle/database/jdbc/ucp11/21.9.0.0/ucp11-21.9.0.0.jar:/Users/pablojavier/.m2/repository/com/oracle/database/jdbc/rsi/21.9.0.0/rsi-21.9.0.0.jar:/Users/pablojavier/.m2/repository/com/oracle/database/ha/simplefan/21.9.0.0/simplefan-21.9.0.0.jar:/Users/pablojavier/.m2/repository/com/oracle/database/ha/ons/21.9.0.0/ons-21.9.0.0.jar:/Users/pablojavier/.m2/repository/com/oracle/database/nls/orai18n/21.9.0.0/orai18n-21.9.0.0.jar:/Users/pablojavier/.m2/repository/com/oracle/database/xml/xdb/21.9.0.0/xdb-21.9.0.0.jar:/Users/pablojavier/.m2/repository/com/oracle/database/xml/xmlparserv2/21.9.0.0/xmlparserv2-21.9.0.0.jar:/Users/pablojavier/.m2/repository/org/projectlombok/lombok/1.18.30/lombok-1.18.30.jar:/Users/pablojavier/.m2/repository/org/springframework/boot/spring-boot-starter-test/3.2.4/spring-boot-starter-test-3.2.4.jar:/Users/pablojavier/.m2/repository/org/springframework/boot/spring-boot-test/3.2.4/spring-boot-test-3.2.4.jar:/Users/pablojavier/.m2/repository/org/springframework/boot/spring-boot-test-autoconfigure/3.2.4/spring-boot-test-autoconfigure-3.2.4.jar:/Users/pablojavier/.m2/repository/com/jayway/jsonpath/json-path/2.9.0/json-path-2.9.0.jar:/Users/pablojavier/.m2/repository/jakarta/xml/bind/jakarta.xml.bind-api/4.0.2/jakarta.xml.bind-api-4.0.2.jar:/Users/pablojavier/.m2/repository/jakarta/activation/jakarta.activation-api/2.1.3/jakarta.activation-api-2.1.3.jar:/Users/pablojavier/.m2/repository/net/minidev/json-smart/2.5.0/json-smart-2.5.0.jar:/Users/pablojavier/.m2/repository/net/minidev/accessors-smart/2.5.0/accessors-smart-2.5.0.jar:/Users/pablojavier/.m2/repository/org/ow2/asm/asm/9.3/asm-9.3.jar:/Users/pablojavier/.m2/repository/org/assertj/assertj-core/3.24.2/assertj-core-3.24.2.jar:/Users/pablojavier/.m2/repository/org/awaitility/awaitility/4.2.0/awaitility-4.2.0.jar:/Users/pablojavier/.m2/repository/org/junit/jupiter/junit-jupiter/5.10.2/junit-jupiter-5.10.2.jar:/Users/pablojavier/.m2/repository/org/junit/jupiter/junit-jupiter-api/5.10.2/junit-jupiter-api-5.10.2.jar:/Users/pablojavier/.m2/repository/org/opentest4j/opentest4j/1.3.0/opentest4j-1.3.0.jar:/Users/pablojavier/.m2/repository/org/junit/platform/junit-platform-commons/1.10.2/junit-platform-commons-1.10.2.jar:/Users/pablojavier/.m2/repository/org/apiguardian/apiguardian-api/1.1.2/apiguardian-api-1.1.2.jar:/Users/pablojavier/.m2/repository/org/junit/jupiter/junit-jupiter-params/5.10.2/junit-jupiter-params-5.10.2.jar:/Users/pablojavier/.m2/repository/org/junit/jupiter/junit-jupiter-engine/5.10.2/junit-jupiter-engine-5.10.2.jar:/Users/pablojavier/.m2/repository/org/junit/platform/junit-platform-engine/1.10.2/junit-platform-engine-1.10.2.jar:/Users/pablojavier/.m2/repository/org/mockito/mockito-core/5.7.0/mockito-core-5.7.0.jar:/Users/pablojavier/.m2/repository/net/bytebuddy/byte-buddy-agent/1.14.12/byte-buddy-agent-1.14.12.jar:/Users/pablojavier/.m2/repository/org/objenesis/objenesis/3.3/objenesis-3.3.jar:/Users/pablojavier/.m2/repository/org/mockito/mockito-junit-jupiter/5.7.0/mockito-junit-jupiter-5.7.0.jar:/Users/pablojavier/.m2/repository/org/skyscreamer/jsonassert/1.5.1/jsonassert-1.5.1.jar:/Users/pablojavier/.m2/repository/com/vaadin/external/google/android-json/0.0.20131108.vaadin1/android-json-0.0.20131108.vaadin1.jar:/Users/pablojavier/.m2/repository/org/springframework/spring-core/6.1.5/spring-core-6.1.5.jar:/Users/pablojavier/.m2/repository/org/springframework/spring-jcl/6.1.5/spring-jcl-6.1.5.jar:/Users/pablojavier/.m2/repository/org/springframework/spring-test/6.1.5/spring-test-6.1.5.jar:/Users/pablojavier/.m2/repository/org/xmlunit/xmlunit-core/2.9.1/xmlunit-core-2.9.1.jar:/Users/pablojavier/.m2/repository/com/oracle/database/security/oraclepki/21.5.0.0/oraclepki-21.5.0.0.jar:/Users/pablojavier/.m2/repository/com/oracle/database/security/osdt_cert/21.5.0.0/osdt_cert-21.5.0.0.jar:/Users/pablojavier/.m2/repository/com/oracle/database/security/osdt_core/21.5.0.0/osdt_core-21.5.0.0.jar:/Users/pablojavier/.m2/repository/org/springframework/boot/spring-boot-starter-hateoas/3.2.4/spring-boot-starter-hateoas-3.2.4.jar:/Users/pablojavier/.m2/repository/org/springframework/hateoas/spring-hateoas/2.2.1/spring-hateoas-2.2.1.jar:/Users/pablojavier/.m2/repository/org/springframework/plugin/spring-plugin-core/3.0.0/spring-plugin-core-3.0.0.jar:/Users/pablojavier/.m2/repository/org/hamcrest/hamcrest/2.2/hamcrest-2.2.jar:, java.vm.vendor=Oracle Corporation, sun.arch.data.model=64, java.vendor.url=https://java.oracle.com/, user.timezone=America/Santiago, jakarta.persistence.sharedCache.mode=UNSPECIFIED, org.jboss.logging.provider=slf4j, hibernate.jdbc.time_zone=UTC, java.vm.specification.version=21, os.name=Mac OS X, jakarta.persistence.nonJtaDataSource=HikariDataSource (HikariPool-1), sun.java.launcher=SUN_STANDARD, user.country=CL, sun.boot.library.path=/Library/Java/JavaVirtualMachines/jdk-21.jdk/Contents/Home/lib, sun.java.command=/Users/pablojavier/Documents/Study/Entregas Examen /Ejemplos/centromedico/target/surefire/surefirebooter-20240505132538183_3.jar /Users/pablojavier/Documents/Study/Entregas Examen /Ejemplos/centromedico/target/surefire 2024-05-05T13-25-38_135-jvmRun1 surefire-20240505132538183_1tmp surefire_0-20240505132538183_2tmp, javax.persistence.nonJtaDataSource=HikariDataSource (HikariPool-1), hibernate.transaction.jta.platform=org.hibernate.engine.transaction.jta.platform.internal.NoJtaPlatform@5a78b52b, http.nonProxyHosts=local|*.local|169.254/16|*.169.254/16, jdk.debug=release, surefire.test.class.path=/Users/pablojavier/Documents/Study/Entregas Examen /Ejemplos/centromedico/target/test-classes:/Users/pablojavier/Documents/Study/Entregas Examen /Ejemplos/centromedico/target/classes:/Users/pablojavier/.m2/repository/org/springframework/boot/spring-boot-starter-actuator/3.2.4/spring-boot-starter-actuator-3.2.4.jar:/Users/pablojavier/.m2/repository/org/springframework/boot/spring-boot-starter/3.2.4/spring-boot-starter-3.2.4.jar:/Users/pablojavier/.m2/repository/org/springframework/boot/spring-boot-starter-logging/3.2.4/spring-boot-starter-logging-3.2.4.jar:/Users/pablojavier/.m2/repository/ch/qos/logback/logback-classic/1.4.14/logback-classic-1.4.14.jar:/Users/pablojavier/.m2/repository/ch/qos/logback/logback-core/1.4.14/logback-core-1.4.14.jar:/Users/pablojavier/.m2/repository/org/apache/logging/log4j/log4j-to-slf4j/2.21.1/log4j-to-slf4j-2.21.1.jar:/Users/pablojavier/.m2/repository/org/apache/logging/log4j/log4j-api/2.21.1/log4j-api-2.21.1.jar:/Users/pablojavier/.m2/repository/org/slf4j/jul-to-slf4j/2.0.12/jul-to-slf4j-2.0.12.jar:/Users/pablojavier/.m2/repository/jakarta/annotation/jakarta.annotation-api/2.1.1/jakarta.annotation-api-2.1.1.jar:/Users/pablojavier/.m2/repository/org/yaml/snakeyaml/2.2/snakeyaml-2.2.jar:/Users/pablojavier/.m2/repository/org/springframework/boot/spring-boot-actuator-autoconfigure/3.2.4/spring-boot-actuator-autoconfigure-3.2.4.jar:/Users/pablojavier/.m2/repository/org/springframework/boot/spring-boot-actuator/3.2.4/spring-boot-actuator-3.2.4.jar:/Users/pablojavier/.m2/repository/com/fasterxml/jackson/core/jackson-databind/2.15.4/jackson-databind-2.15.4.jar:/Users/pablojavier/.m2/repository/com/fasterxml/jackson/core/jackson-annotations/2.15.4/jackson-annotations-2.15.4.jar:/Users/pablojavier/.m2/repository/com/fasterxml/jackson/core/jackson-core/2.15.4/jackson-core-2.15.4.jar:/Users/pablojavier/.m2/repository/com/fasterxml/jackson/datatype/jackson-datatype-jsr310/2.15.4/jackson-datatype-jsr310-2.15.4.jar:/Users/pablojavier/.m2/repository/io/micrometer/micrometer-observation/1.12.4/micrometer-observation-1.12.4.jar:/Users/pablojavier/.m2/repository/io/micrometer/micrometer-commons/1.12.4/micrometer-commons-1.12.4.jar:/Users/pablojavier/.m2/repository/io/micrometer/micrometer-jakarta9/1.12.4/micrometer-jakarta9-1.12.4.jar:/Users/pablojavier/.m2/repository/io/micrometer/micrometer-core/1.12.4/micrometer-core-1.12.4.jar:/Users/pablojavier/.m2/repository/org/hdrhistogram/HdrHistogram/2.1.12/HdrHistogram-2.1.12.jar:/Users/pablojavier/.m2/repository/org/latencyutils/LatencyUtils/2.0.3/LatencyUtils-2.0.3.jar:/Users/pablojavier/.m2/repository/org/springframework/boot/spring-boot-starter-data-jpa/3.2.4/spring-boot-starter-data-jpa-3.2.4.jar:/Users/pablojavier/.m2/repository/org/springframework/boot/spring-boot-starter-aop/3.2.4/spring-boot-starter-aop-3.2.4.jar:/Users/pablojavier/.m2/repository/org/springframework/spring-aop/6.1.5/spring-aop-6.1.5.jar:/Users/pablojavier/.m2/repository/org/aspectj/aspectjweaver/1.9.21/aspectjweaver-1.9.21.jar:/Users/pablojavier/.m2/repository/org/springframework/boot/spring-boot-starter-jdbc/3.2.4/spring-boot-starter-jdbc-3.2.4.jar:/Users/pablojavier/.m2/repository/com/zaxxer/HikariCP/5.0.1/HikariCP-5.0.1.jar:/Users/pablojavier/.m2/repository/org/springframework/spring-jdbc/6.1.5/spring-jdbc-6.1.5.jar:/Users/pablojavier/.m2/repository/org/hibernate/orm/hibernate-core/6.4.4.Final/hibernate-core-6.4.4.Final.jar:/Users/pablojavier/.m2/repository/jakarta/persistence/jakarta.persistence-api/3.1.0/jakarta.persistence-api-3.1.0.jar:/Users/pablojavier/.m2/repository/jakarta/transaction/jakarta.transaction-api/2.0.1/jakarta.transaction-api-2.0.1.jar:/Users/pablojavier/.m2/repository/org/jboss/logging/jboss-logging/3.5.3.Final/jboss-logging-3.5.3.Final.jar:/Users/pablojavier/.m2/repository/org/hibernate/common/hibernate-commons-annotations/6.0.6.Final/hibernate-commons-annotations-6.0.6.Final.jar:/Users/pablojavier/.m2/repository/io/smallrye/jandex/3.1.2/jandex-3.1.2.jar:/Users/pablojavier/.m2/repository/com/fasterxml/classmate/1.6.0/classmate-1.6.0.jar:/Users/pablojavier/.m2/repository/net/bytebuddy/byte-buddy/1.14.12/byte-buddy-1.14.12.jar:/Users/pablojavier/.m2/repository/org/glassfish/jaxb/jaxb-runtime/4.0.5/jaxb-runtime-4.0.5.jar:/Users/pablojavier/.m2/repository/org/glassfish/jaxb/jaxb-core/4.0.5/jaxb-core-4.0.5.jar:/Users/pablojavier/.m2/repository/org/eclipse/angus/angus-activation/2.0.2/angus-activation-2.0.2.jar:/Users/pablojavier/.m2/repository/org/glassfish/jaxb/txw2/4.0.5/txw2-4.0.5.jar:/Users/pablojavier/.m2/repository/com/sun/istack/istack-commons-runtime/4.1.2/istack-commons-runtime-4.1.2.jar:/Users/pablojavier/.m2/repository/jakarta/inject/jakarta.inject-api/2.0.1/jakarta.inject-api-2.0.1.jar:/Users/pablojavier/.m2/repository/org/antlr/antlr4-runtime/4.13.0/antlr4-runtime-4.13.0.jar:/Users/pablojavier/.m2/repository/org/springframework/data/spring-data-jpa/3.2.4/spring-data-jpa-3.2.4.jar:/Users/pablojavier/.m2/repository/org/springframework/data/spring-data-commons/3.2.4/spring-data-commons-3.2.4.jar:/Users/pablojavier/.m2/repository/org/springframework/spring-orm/6.1.5/spring-orm-6.1.5.jar:/Users/pablojavier/.m2/repository/org/springframework/spring-context/6.1.5/spring-context-6.1.5.jar:/Users/pablojavier/.m2/repository/org/springframework/spring-tx/6.1.5/spring-tx-6.1.5.jar:/Users/pablojavier/.m2/repository/org/springframework/spring-beans/6.1.5/spring-beans-6.1.5.jar:/Users/pablojavier/.m2/repository/org/slf4j/slf4j-api/2.0.12/slf4j-api-2.0.12.jar:/Users/pablojavier/.m2/repository/org/springframework/spring-aspects/6.1.5/spring-aspects-6.1.5.jar:/Users/pablojavier/.m2/repository/org/springframework/boot/spring-boot-starter-web/3.2.4/spring-boot-starter-web-3.2.4.jar:/Users/pablojavier/.m2/repository/org/springframework/boot/spring-boot-starter-json/3.2.4/spring-boot-starter-json-3.2.4.jar:/Users/pablojavier/.m2/repository/com/fasterxml/jackson/datatype/jackson-datatype-jdk8/2.15.4/jackson-datatype-jdk8-2.15.4.jar:/Users/pablojavier/.m2/repository/com/fasterxml/jackson/module/jackson-module-parameter-names/2.15.4/jackson-module-parameter-names-2.15.4.jar:/Users/pablojavier/.m2/repository/org/springframework/boot/spring-boot-starter-tomcat/3.2.4/spring-boot-starter-tomcat-3.2.4.jar:/Users/pablojavier/.m2/repository/org/apache/tomcat/embed/tomcat-embed-core/10.1.19/tomcat-embed-core-10.1.19.jar:/Users/pablojavier/.m2/repository/org/apache/tomcat/embed/tomcat-embed-el/10.1.19/tomcat-embed-el-10.1.19.jar:/Users/pablojavier/.m2/repository/org/apache/tomcat/embed/tomcat-embed-websocket/10.1.19/tomcat-embed-websocket-10.1.19.jar:/Users/pablojavier/.m2/repository/org/springframework/spring-web/6.1.5/spring-web-6.1.5.jar:/Users/pablojavier/.m2/repository/org/springframework/spring-webmvc/6.1.5/spring-webmvc-6.1.5.jar:/Users/pablojavier/.m2/repository/org/springframework/spring-expression/6.1.5/spring-expression-6.1.5.jar:/Users/pablojavier/.m2/repository/org/springframework/boot/spring-boot-devtools/3.2.4/spring-boot-devtools-3.2.4.jar:/Users/pablojavier/.m2/repository/org/springframework/boot/spring-boot/3.2.4/spring-boot-3.2.4.jar:/Users/pablojavier/.m2/repository/org/springframework/boot/spring-boot-autoconfigure/3.2.4/spring-boot-autoconfigure-3.2.4.jar:/Users/pablojavier/.m2/repository/com/oracle/database/jdbc/ojdbc11/21.9.0.0/ojdbc11-21.9.0.0.jar:/Users/pablojavier/.m2/repository/com/oracle/database/jdbc/ucp11/21.9.0.0/ucp11-21.9.0.0.jar:/Users/pablojavier/.m2/repository/com/oracle/database/jdbc/rsi/21.9.0.0/rsi-21.9.0.0.jar:/Users/pablojavier/.m2/repository/com/oracle/database/ha/simplefan/21.9.0.0/simplefan-21.9.0.0.jar:/Users/pablojavier/.m2/repository/com/oracle/database/ha/ons/21.9.0.0/ons-21.9.0.0.jar:/Users/pablojavier/.m2/repository/com/oracle/database/nls/orai18n/21.9.0.0/orai18n-21.9.0.0.jar:/Users/pablojavier/.m2/repository/com/oracle/database/xml/xdb/21.9.0.0/xdb-21.9.0.0.jar:/Users/pablojavier/.m2/repository/com/oracle/database/xml/xmlparserv2/21.9.0.0/xmlparserv2-21.9.0.0.jar:/Users/pablojavier/.m2/repository/org/projectlombok/lombok/1.18.30/lombok-1.18.30.jar:/Users/pablojavier/.m2/repository/org/springframework/boot/spring-boot-starter-test/3.2.4/spring-boot-starter-test-3.2.4.jar:/Users/pablojavier/.m2/repository/org/springframework/boot/spring-boot-test/3.2.4/spring-boot-test-3.2.4.jar:/Users/pablojavier/.m2/repository/org/springframework/boot/spring-boot-test-autoconfigure/3.2.4/spring-boot-test-autoconfigure-3.2.4.jar:/Users/pablojavier/.m2/repository/com/jayway/jsonpath/json-path/2.9.0/json-path-2.9.0.jar:/Users/pablojavier/.m2/repository/jakarta/xml/bind/jakarta.xml.bind-api/4.0.2/jakarta.xml.bind-api-4.0.2.jar:/Users/pablojavier/.m2/repository/jakarta/activation/jakarta.activation-api/2.1.3/jakarta.activation-api-2.1.3.jar:/Users/pablojavier/.m2/repository/net/minidev/json-smart/2.5.0/json-smart-2.5.0.jar:/Users/pablojavier/.m2/repository/net/minidev/accessors-smart/2.5.0/accessors-smart-2.5.0.jar:/Users/pablojavier/.m2/repository/org/ow2/asm/asm/9.3/asm-9.3.jar:/Users/pablojavier/.m2/repository/org/assertj/assertj-core/3.24.2/assertj-core-3.24.2.jar:/Users/pablojavier/.m2/repository/org/awaitility/awaitility/4.2.0/awaitility-4.2.0.jar:/Users/pablojavier/.m2/repository/org/junit/jupiter/junit-jupiter/5.10.2/junit-jupiter-5.10.2.jar:/Users/pablojavier/.m2/repository/org/junit/jupiter/junit-jupiter-api/5.10.2/junit-jupiter-api-5.10.2.jar:/Users/pablojavier/.m2/repository/org/opentest4j/opentest4j/1.3.0/opentest4j-1.3.0.jar:/Users/pablojavier/.m2/repository/org/junit/platform/junit-platform-commons/1.10.2/junit-platform-commons-1.10.2.jar:/Users/pablojavier/.m2/repository/org/apiguardian/apiguardian-api/1.1.2/apiguardian-api-1.1.2.jar:/Users/pablojavier/.m2/repository/org/junit/jupiter/junit-jupiter-params/5.10.2/junit-jupiter-params-5.10.2.jar:/Users/pablojavier/.m2/repository/org/junit/jupiter/junit-jupiter-engine/5.10.2/junit-jupiter-engine-5.10.2.jar:/Users/pablojavier/.m2/repository/org/junit/platform/junit-platform-engine/1.10.2/junit-platform-engine-1.10.2.jar:/Users/pablojavier/.m2/repository/org/mockito/mockito-core/5.7.0/mockito-core-5.7.0.jar:/Users/pablojavier/.m2/repository/net/bytebuddy/byte-buddy-agent/1.14.12/byte-buddy-agent-1.14.12.jar:/Users/pablojavier/.m2/repository/org/objenesis/objenesis/3.3/objenesis-3.3.jar:/Users/pablojavier/.m2/repository/org/mockito/mockito-junit-jupiter/5.7.0/mockito-junit-jupiter-5.7.0.jar:/Users/pablojavier/.m2/repository/org/skyscreamer/jsonassert/1.5.1/jsonassert-1.5.1.jar:/Users/pablojavier/.m2/repository/com/vaadin/external/google/android-json/0.0.20131108.vaadin1/android-json-0.0.20131108.vaadin1.jar:/Users/pablojavier/.m2/repository/org/springframework/spring-core/6.1.5/spring-core-6.1.5.jar:/Users/pablojavier/.m2/repository/org/springframework/spring-jcl/6.1.5/spring-jcl-6.1.5.jar:/Users/pablojavier/.m2/repository/org/springframework/spring-test/6.1.5/spring-test-6.1.5.jar:/Users/pablojavier/.m2/repository/org/xmlunit/xmlunit-core/2.9.1/xmlunit-core-2.9.1.jar:/Users/pablojavier/.m2/repository/com/oracle/database/security/oraclepki/21.5.0.0/oraclepki-21.5.0.0.jar:/Users/pablojavier/.m2/repository/com/oracle/database/security/osdt_cert/21.5.0.0/osdt_cert-21.5.0.0.jar:/Users/pablojavier/.m2/repository/com/oracle/database/security/osdt_core/21.5.0.0/osdt_core-21.5.0.0.jar:/Users/pablojavier/.m2/repository/org/springframework/boot/spring-boot-starter-hateoas/3.2.4/spring-boot-starter-hateoas-3.2.4.jar:/Users/pablojavier/.m2/repository/org/springframework/hateoas/spring-hateoas/2.2.1/spring-hateoas-2.2.1.jar:/Users/pablojavier/.m2/repository/org/springframework/plugin/spring-plugin-core/3.0.0/spring-plugin-core-3.0.0.jar:/Users/pablojavier/.m2/repository/org/hamcrest/hamcrest/2.2/hamcrest-2.2.jar:, sun.cpu.endian=little, hibernate.cdi.extensions=true, user.home=/Users/pablojavier, user.language=en, java.specification.vendor=Oracle Corporation, java.version.date=2024-01-16, java.home=/Library/Java/JavaVirtualMachines/jdk-21.jdk/Contents/Home, file.separator=/, basedir=/Users/pablojavier/Documents/Study/Entregas Examen /Ejemplos/centromedico, java.vm.compressedOopsMode=Zero based, line.separator=
, hibernate.persistenceUnitName=default, java.vm.specification.vendor=Oracle Corporation, java.specification.name=Java Platform API Specification, FILE_LOG_CHARSET=UTF-8, hibernate.transaction.coordinator_class=class org.hibernate.resource.transaction.backend.jdbc.internal.JdbcResourceLocalTransactionCoordinatorBuilderImpl, java.awt.headless=true, apple.awt.application.name=ForkedBooter, surefire.real.class.path=/Users/pablojavier/Documents/Study/Entregas Examen /Ejemplos/centromedico/target/surefire/surefirebooter-20240505132538183_3.jar, jakarta.persistence.validation.mode=AUTO, hibernate.hbm2ddl.auto=create, sun.management.compiler=HotSpot 64-Bit Tiered Compilers, ftp.nonProxyHosts=local|*.local|169.254/16|*.169.254/16, java.runtime.version=21.0.2+13-LTS-58, user.name=pablojavier, stdout.encoding=UTF-8, path.separator=:, os.version=14.2.1, java.runtime.name=Java(TM) SE Runtime Environment, file.encoding=UTF-8, java.vm.name=Java HotSpot(TM) 64-Bit Server VM, hibernate.show_sql=true, localRepository=/Users/pablojavier/.m2/repository, java.vendor.url.bug=https://bugreport.java.com/bugreport/, java.io.tmpdir=/var/folders/j1/vg3fpdtd5f14w_x707zrzmy80000gn/T/, java.version=21.0.2, hibernate.physical_naming_strategy=org.hibernate.boot.model.naming.CamelCaseToUnderscoresNamingStrategy, user.dir=/Users/pablojavier/Documents/Study/Entregas Examen /Ejemplos/centromedico, os.arch=aarch64, java.vm.specification.name=Java Virtual Machine Specification, PID=87501, CONSOLE_LOG_CHARSET=UTF-8, hibernate.boot.CfgXmlAccessService.key=org.hibernate.boot.registry.StandardServiceRegistryBuilder$1@4bab78ce, native.encoding=UTF-8, java.library.path=/Users/pablojavier/Library/Java/Extensions:/Library/Java/Extensions:/Network/Library/Java/Extensions:/System/Library/Java/Extensions:/usr/lib/java:., stderr.encoding=UTF-8, java.vendor=Oracle Corporation, java.vm.info=mixed mode, sharing, java.vm.version=21.0.2+13-LTS-58, sun.io.unicode.encoding=UnicodeBig, hibernate.archive.scanner=org.hibernate.boot.archive.scan.internal.DisabledScanner, hibernate.connection.datasource=HikariDataSource (HikariPool-1), socksNonProxyHosts=local|*.local|169.254/16|*.169.254/16, java.class.version=65.0, LOGGED_APPLICATION_NAME=[centromedico] }
2024-05-05T13:25:41.394-04:00 DEBUG 87501 --- [centromedico] [           main] o.hibernate.internal.SessionFactoryImpl  : Session factory constructed with filter configurations : {}
2024-05-05T13:25:41.415-04:00 DEBUG 87501 --- [centromedico] [           main] o.h.q.sqm.function.SqmFunctionRegistry   : Registered SqmFunctionTemplate [NamedSqmFunctionTemplate(max)] under max; prior registration was null
2024-05-05T13:25:41.415-04:00 DEBUG 87501 --- [centromedico] [           main] o.h.q.sqm.function.SqmFunctionRegistry   : Registered SqmFunctionTemplate [NamedSqmFunctionTemplate(min)] under min; prior registration was null
2024-05-05T13:25:41.416-04:00 DEBUG 87501 --- [centromedico] [           main] o.h.q.sqm.function.SqmFunctionRegistry   : Registered SqmFunctionTemplate [NamedSqmFunctionTemplate(sum)] under sum; prior registration was null
2024-05-05T13:25:41.416-04:00 DEBUG 87501 --- [centromedico] [           main] o.h.q.sqm.function.SqmFunctionRegistry   : Registered SqmFunctionTemplate [NamedSqmFunctionTemplate(avg)] under avg; prior registration was null
2024-05-05T13:25:41.416-04:00 DEBUG 87501 --- [centromedico] [           main] o.h.q.sqm.function.SqmFunctionRegistry   : Registered SqmFunctionTemplate [org.hibernate.dialect.function.CountFunction@1b5af65b] under count; prior registration was null
2024-05-05T13:25:41.417-04:00 DEBUG 87501 --- [centromedico] [           main] o.h.q.sqm.function.SqmFunctionRegistry   : Registered SqmFunctionTemplate [org.hibernate.dialect.function.EveryAnyEmulation@58583a2d] under every; prior registration was null
2024-05-05T13:25:41.417-04:00 DEBUG 87501 --- [centromedico] [           main] o.h.q.sqm.function.SqmFunctionRegistry   : Registered SqmFunctionTemplate [org.hibernate.dialect.function.EveryAnyEmulation@3e8afc2d] under any; prior registration was null
2024-05-05T13:25:41.417-04:00 DEBUG 87501 --- [centromedico] [           main] o.h.q.sqm.function.SqmFunctionRegistry   : Registered SqmFunctionTemplate [NamedSqmFunctionTemplate(floor)] under floor; prior registration was null
2024-05-05T13:25:41.417-04:00 DEBUG 87501 --- [centromedico] [           main] o.h.q.sqm.function.SqmFunctionRegistry   : Registered SqmFunctionTemplate [NamedSqmFunctionTemplate(ceiling)] under ceiling; prior registration was null
2024-05-05T13:25:41.417-04:00 DEBUG 87501 --- [centromedico] [           main] o.h.q.sqm.function.SqmFunctionRegistry   : Registered SqmFunctionTemplate [NamedSqmFunctionTemplate(mod)] under mod; prior registration was null
2024-05-05T13:25:41.417-04:00 DEBUG 87501 --- [centromedico] [           main] o.h.q.sqm.function.SqmFunctionRegistry   : Registered SqmFunctionTemplate [NamedSqmFunctionTemplate(abs)] under abs; prior registration was null
2024-05-05T13:25:41.417-04:00 DEBUG 87501 --- [centromedico] [           main] o.h.q.sqm.function.SqmFunctionRegistry   : Registered SqmFunctionTemplate [NamedSqmFunctionTemplate(sign)] under sign; prior registration was null
2024-05-05T13:25:41.417-04:00 DEBUG 87501 --- [centromedico] [           main] o.h.q.sqm.function.SqmFunctionRegistry   : Registered SqmFunctionTemplate [NamedSqmFunctionTemplate(sqrt)] under sqrt; prior registration was null
2024-05-05T13:25:41.417-04:00 DEBUG 87501 --- [centromedico] [           main] o.h.q.sqm.function.SqmFunctionRegistry   : Registered SqmFunctionTemplate [NamedSqmFunctionTemplate(ln)] under ln; prior registration was null
2024-05-05T13:25:41.417-04:00 DEBUG 87501 --- [centromedico] [           main] o.h.q.sqm.function.SqmFunctionRegistry   : Registered SqmFunctionTemplate [NamedSqmFunctionTemplate(exp)] under exp; prior registration was null
2024-05-05T13:25:41.417-04:00 DEBUG 87501 --- [centromedico] [           main] o.h.q.sqm.function.SqmFunctionRegistry   : Registered SqmFunctionTemplate [NamedSqmFunctionTemplate(power)] under power; prior registration was null
2024-05-05T13:25:41.417-04:00 DEBUG 87501 --- [centromedico] [           main] o.h.q.sqm.function.SqmFunctionRegistry   : Registered SqmFunctionTemplate [NamedSqmFunctionTemplate(round)] under round; prior registration was null
2024-05-05T13:25:41.417-04:00 DEBUG 87501 --- [centromedico] [           main] o.h.q.sqm.function.SqmFunctionRegistry   : Registered SqmFunctionTemplate [NamedSqmFunctionTemplate(sin)] under sin; prior registration was null
2024-05-05T13:25:41.417-04:00 DEBUG 87501 --- [centromedico] [           main] o.h.q.sqm.function.SqmFunctionRegistry   : Registered SqmFunctionTemplate [NamedSqmFunctionTemplate(cos)] under cos; prior registration was null
2024-05-05T13:25:41.417-04:00 DEBUG 87501 --- [centromedico] [           main] o.h.q.sqm.function.SqmFunctionRegistry   : Registered SqmFunctionTemplate [NamedSqmFunctionTemplate(tan)] under tan; prior registration was null
2024-05-05T13:25:41.418-04:00 DEBUG 87501 --- [centromedico] [           main] o.h.q.sqm.function.SqmFunctionRegistry   : Registered SqmFunctionTemplate [NamedSqmFunctionTemplate(asin)] under asin; prior registration was null
2024-05-05T13:25:41.418-04:00 DEBUG 87501 --- [centromedico] [           main] o.h.q.sqm.function.SqmFunctionRegistry   : Registered SqmFunctionTemplate [NamedSqmFunctionTemplate(acos)] under acos; prior registration was null
2024-05-05T13:25:41.418-04:00 DEBUG 87501 --- [centromedico] [           main] o.h.q.sqm.function.SqmFunctionRegistry   : Registered SqmFunctionTemplate [NamedSqmFunctionTemplate(atan)] under atan; prior registration was null
2024-05-05T13:25:41.418-04:00 DEBUG 87501 --- [centromedico] [           main] o.h.q.sqm.function.SqmFunctionRegistry   : Registered SqmFunctionTemplate [NamedSqmFunctionTemplate(atan2)] under atan2; prior registration was null
2024-05-05T13:25:41.418-04:00 DEBUG 87501 --- [centromedico] [           main] o.h.q.sqm.function.SqmFunctionRegistry   : Registered SqmFunctionTemplate [org.hibernate.query.sqm.function.PatternBasedSqmFunctionDescriptor@26f480c6] under sinh; prior registration was null
2024-05-05T13:25:41.418-04:00 DEBUG 87501 --- [centromedico] [           main] o.h.q.sqm.function.SqmFunctionRegistry   : Registered SqmFunctionTemplate [org.hibernate.query.sqm.function.PatternBasedSqmFunctionDescriptor@2567c091] under cosh; prior registration was null
2024-05-05T13:25:41.418-04:00 DEBUG 87501 --- [centromedico] [           main] o.h.q.sqm.function.SqmFunctionRegistry   : Registered SqmFunctionTemplate [org.hibernate.query.sqm.function.PatternBasedSqmFunctionDescriptor@7747cc1b] under tanh; prior registration was null
2024-05-05T13:25:41.418-04:00 DEBUG 87501 --- [centromedico] [           main] o.h.q.sqm.function.SqmFunctionRegistry   : Registered SqmFunctionTemplate [org.hibernate.query.sqm.function.PatternBasedSqmFunctionDescriptor@76cf91c9] under pi; prior registration was null
2024-05-05T13:25:41.418-04:00 DEBUG 87501 --- [centromedico] [           main] o.h.q.sqm.function.SqmFunctionRegistry   : Registered SqmFunctionTemplate [org.hibernate.query.sqm.function.PatternBasedSqmFunctionDescriptor@74bfdd66] under log; prior registration was null
2024-05-05T13:25:41.419-04:00 DEBUG 87501 --- [centromedico] [           main] o.h.q.sqm.function.SqmFunctionRegistry   : Registered SqmFunctionTemplate [NamedSqmFunctionTemplate(coalesce)] under coalesce; prior registration was null
2024-05-05T13:25:41.419-04:00 DEBUG 87501 --- [centromedico] [           main] o.h.q.sqm.function.SqmFunctionRegistry   : Registered SqmFunctionTemplate [NamedSqmFunctionTemplate(nullif)] under nullif; prior registration was null
2024-05-05T13:25:41.419-04:00 DEBUG 87501 --- [centromedico] [           main] o.h.q.sqm.function.SqmFunctionRegistry   : Registered SqmFunctionTemplate [NamedSqmFunctionTemplate(left)] under left; prior registration was null
2024-05-05T13:25:41.419-04:00 DEBUG 87501 --- [centromedico] [           main] o.h.q.sqm.function.SqmFunctionRegistry   : Registered SqmFunctionTemplate [NamedSqmFunctionTemplate(right)] under right; prior registration was null
2024-05-05T13:25:41.419-04:00 DEBUG 87501 --- [centromedico] [           main] o.h.q.sqm.function.SqmFunctionRegistry   : Registered SqmFunctionTemplate [NamedSqmFunctionTemplate(replace)] under replace; prior registration was null
2024-05-05T13:25:41.419-04:00 DEBUG 87501 --- [centromedico] [           main] o.h.q.sqm.function.SqmFunctionRegistry   : Registered SqmFunctionTemplate [NamedSqmFunctionTemplate(concat)] under concat; prior registration was null
2024-05-05T13:25:41.419-04:00 DEBUG 87501 --- [centromedico] [           main] o.h.q.sqm.function.SqmFunctionRegistry   : Registered SqmFunctionTemplate [NamedSqmFunctionTemplate(lower)] under lower; prior registration was null
2024-05-05T13:25:41.419-04:00 DEBUG 87501 --- [centromedico] [           main] o.h.q.sqm.function.SqmFunctionRegistry   : Registered SqmFunctionTemplate [NamedSqmFunctionTemplate(upper)] under upper; prior registration was null
2024-05-05T13:25:41.419-04:00 DEBUG 87501 --- [centromedico] [           main] o.h.q.sqm.function.SqmFunctionRegistry   : Registered SqmFunctionTemplate [NamedSqmFunctionTemplate(substring)] under substring; prior registration was null
2024-05-05T13:25:41.419-04:00 DEBUG 87501 --- [centromedico] [           main] o.h.q.sqm.function.SqmFunctionRegistry   : Registered SqmFunctionTemplate [NamedSqmFunctionTemplate(locate)] under locate; prior registration was null
2024-05-05T13:25:41.419-04:00 DEBUG 87501 --- [centromedico] [           main] o.h.q.sqm.function.SqmFunctionRegistry   : Registered SqmFunctionTemplate [NamedSqmFunctionTemplate(character_length)] under character_length; prior registration was null
2024-05-05T13:25:41.419-04:00 DEBUG 87501 --- [centromedico] [           main] o.h.q.sqm.function.SqmFunctionRegistry   : Registering alternate key : length -> character_length
2024-05-05T13:25:41.419-04:00 DEBUG 87501 --- [centromedico] [           main] o.h.q.sqm.function.SqmFunctionRegistry   : Registered SqmFunctionTemplate [org.hibernate.dialect.function.LocatePositionEmulation@34070bd2] under position; prior registration was null
2024-05-05T13:25:41.420-04:00 DEBUG 87501 --- [centromedico] [           main] o.h.q.sqm.function.SqmFunctionRegistry   : Registered SqmFunctionTemplate [org.hibernate.dialect.function.InsertSubstringOverlayEmulation@4805069b] under overlay; prior registration was null
2024-05-05T13:25:41.420-04:00 DEBUG 87501 --- [centromedico] [           main] o.h.q.sqm.function.SqmFunctionRegistry   : Registered SqmFunctionTemplate [org.hibernate.dialect.function.TrimFunction@688d2a5d] under trim; prior registration was null
2024-05-05T13:25:41.421-04:00 DEBUG 87501 --- [centromedico] [           main] o.h.q.sqm.function.SqmFunctionRegistry   : Registered SqmFunctionTemplate [org.hibernate.dialect.function.CastFunction@2579d8a] under cast; prior registration was null
2024-05-05T13:25:41.421-04:00 DEBUG 87501 --- [centromedico] [           main] o.h.q.sqm.function.SqmFunctionRegistry   : Registered SqmFunctionTemplate [org.hibernate.query.sqm.function.PatternBasedSqmFunctionDescriptor@2507a170] under collate; prior registration was null
2024-05-05T13:25:41.421-04:00 DEBUG 87501 --- [centromedico] [           main] o.h.q.sqm.function.SqmFunctionRegistry   : Registered SqmFunctionTemplate [org.hibernate.dialect.function.ExtractFunction@1c62d2ad] under extract; prior registration was null
2024-05-05T13:25:41.421-04:00 DEBUG 87501 --- [centromedico] [           main] o.h.q.sqm.function.SqmFunctionRegistry   : Registered SqmFunctionTemplate [NamedSqmFunctionTemplate(least)] under least; prior registration was null
2024-05-05T13:25:41.421-04:00 DEBUG 87501 --- [centromedico] [           main] o.h.q.sqm.function.SqmFunctionRegistry   : Registered SqmFunctionTemplate [NamedSqmFunctionTemplate(greatest)] under greatest; prior registration was null
2024-05-05T13:25:41.421-04:00 DEBUG 87501 --- [centromedico] [           main] o.h.q.sqm.function.SqmFunctionRegistry   : Registered SqmFunctionTemplate [org.hibernate.dialect.function.CoalesceIfnullEmulation@7af9595d] under ifnull; prior registration was null
2024-05-05T13:25:41.421-04:00 DEBUG 87501 --- [centromedico] [           main] o.h.q.sqm.function.SqmFunctionRegistry   : Registered SqmFunctionTemplate [NamedSqmFunctionTemplate(lpad)] under lpad; prior registration was null
2024-05-05T13:25:41.421-04:00 DEBUG 87501 --- [centromedico] [           main] o.h.q.sqm.function.SqmFunctionRegistry   : Registered SqmFunctionTemplate [NamedSqmFunctionTemplate(rpad)] under rpad; prior registration was null
2024-05-05T13:25:41.422-04:00 DEBUG 87501 --- [centromedico] [           main] o.h.q.sqm.function.SqmFunctionRegistry   : Registered SqmFunctionTemplate [org.hibernate.dialect.function.LpadRpadPadEmulation@e1a150c] under pad; prior registration was null
2024-05-05T13:25:41.422-04:00 DEBUG 87501 --- [centromedico] [           main] o.h.q.sqm.function.SqmFunctionRegistry   : Registered SqmFunctionTemplate [org.hibernate.dialect.function.CastStrEmulation@6cfd08e9] under str; prior registration was null
2024-05-05T13:25:41.422-04:00 DEBUG 87501 --- [centromedico] [           main] o.h.q.sqm.function.SqmFunctionRegistry   : Registered SqmFunctionTemplate [org.hibernate.dialect.function.FormatFunction@1c05097c] under format; prior registration was null
2024-05-05T13:25:41.422-04:00 DEBUG 87501 --- [centromedico] [           main] o.h.q.sqm.function.SqmFunctionRegistry   : Registered SqmFunctionTemplate [org.hibernate.dialect.function.TimestampaddFunction@3dea1ecc] under timestampadd; prior registration was null
2024-05-05T13:25:41.423-04:00 DEBUG 87501 --- [centromedico] [           main] o.h.q.sqm.function.SqmFunctionRegistry   : Registered SqmFunctionTemplate [org.hibernate.dialect.function.TimestampdiffFunction@67593f7b] under timestampdiff; prior registration was null
2024-05-05T13:25:41.423-04:00 DEBUG 87501 --- [centromedico] [           main] o.h.q.sqm.function.SqmFunctionRegistry   : Registering alternate key : dateadd -> timestampadd
2024-05-05T13:25:41.423-04:00 DEBUG 87501 --- [centromedico] [           main] o.h.q.sqm.function.SqmFunctionRegistry   : Registering alternate key : datediff -> timestampdiff
2024-05-05T13:25:41.423-04:00 DEBUG 87501 --- [centromedico] [           main] o.h.q.sqm.function.SqmFunctionRegistry   : Registered SqmFunctionTemplate [org.hibernate.dialect.function.CurrentFunction@6edd4fe2] under current_date; prior registration was null
2024-05-05T13:25:41.424-04:00 DEBUG 87501 --- [centromedico] [           main] o.h.q.sqm.function.SqmFunctionRegistry   : Registered SqmFunctionTemplate [org.hibernate.dialect.function.CurrentFunction@53918b5e] under current_time; prior registration was null
2024-05-05T13:25:41.424-04:00 DEBUG 87501 --- [centromedico] [           main] o.h.q.sqm.function.SqmFunctionRegistry   : Registered SqmFunctionTemplate [org.hibernate.dialect.function.CurrentFunction@5366575d] under current_timestamp; prior registration was null
2024-05-05T13:25:41.424-04:00 DEBUG 87501 --- [centromedico] [           main] o.h.q.sqm.function.SqmFunctionRegistry   : Registering alternate key : current date -> current_date
2024-05-05T13:25:41.424-04:00 DEBUG 87501 --- [centromedico] [           main] o.h.q.sqm.function.SqmFunctionRegistry   : Registering alternate key : current time -> current_time
2024-05-05T13:25:41.424-04:00 DEBUG 87501 --- [centromedico] [           main] o.h.q.sqm.function.SqmFunctionRegistry   : Registering alternate key : current timestamp -> current_timestamp
2024-05-05T13:25:41.424-04:00 DEBUG 87501 --- [centromedico] [           main] o.h.q.sqm.function.SqmFunctionRegistry   : Registered SqmFunctionTemplate [org.hibernate.dialect.function.CurrentFunction@1b6cad77] under local_date; prior registration was null
2024-05-05T13:25:41.424-04:00 DEBUG 87501 --- [centromedico] [           main] o.h.q.sqm.function.SqmFunctionRegistry   : Registered SqmFunctionTemplate [org.hibernate.dialect.function.CurrentFunction@1fca53a7] under local_time; prior registration was null
2024-05-05T13:25:41.424-04:00 DEBUG 87501 --- [centromedico] [           main] o.h.q.sqm.function.SqmFunctionRegistry   : Registered SqmFunctionTemplate [org.hibernate.dialect.function.CurrentFunction@40dee07b] under local_datetime; prior registration was null
2024-05-05T13:25:41.424-04:00 DEBUG 87501 --- [centromedico] [           main] o.h.q.sqm.function.SqmFunctionRegistry   : Registered SqmFunctionTemplate [org.hibernate.dialect.function.CurrentFunction@21e39b82] under offset_datetime; prior registration was null
2024-05-05T13:25:41.424-04:00 DEBUG 87501 --- [centromedico] [           main] o.h.q.sqm.function.SqmFunctionRegistry   : Registering alternate key : local date -> local_date
2024-05-05T13:25:41.424-04:00 DEBUG 87501 --- [centromedico] [           main] o.h.q.sqm.function.SqmFunctionRegistry   : Registering alternate key : local time -> local_time
2024-05-05T13:25:41.424-04:00 DEBUG 87501 --- [centromedico] [           main] o.h.q.sqm.function.SqmFunctionRegistry   : Registering alternate key : local datetime -> local_datetime
2024-05-05T13:25:41.424-04:00 DEBUG 87501 --- [centromedico] [           main] o.h.q.sqm.function.SqmFunctionRegistry   : Registering alternate key : offset datetime -> offset_datetime
2024-05-05T13:25:41.424-04:00 DEBUG 87501 --- [centromedico] [           main] o.h.q.sqm.function.SqmFunctionRegistry   : Registered SqmFunctionTemplate [org.hibernate.dialect.function.CurrentFunction@5f9a8ddc] under instant; prior registration was null
2024-05-05T13:25:41.424-04:00 DEBUG 87501 --- [centromedico] [           main] o.h.q.sqm.function.SqmFunctionRegistry   : Registering alternate key : current_instant -> instant
2024-05-05T13:25:41.424-04:00 DEBUG 87501 --- [centromedico] [           main] o.h.q.sqm.function.SqmFunctionRegistry   : Registered SqmFunctionTemplate [org.hibernate.dialect.function.SqlFunction@131777e8] under sql; prior registration was null
2024-05-05T13:25:41.424-04:00 DEBUG 87501 --- [centromedico] [           main] o.h.q.sqm.function.SqmFunctionRegistry   : Registered SqmFunctionTemplate [NamedSqmFunctionTemplate(ascii)] under ascii; prior registration was null
2024-05-05T13:25:41.424-04:00 DEBUG 87501 --- [centromedico] [           main] o.h.q.sqm.function.SqmFunctionRegistry   : Registered SqmFunctionTemplate [NamedSqmFunctionTemplate(chr)] under chr; prior registration was null
2024-05-05T13:25:41.424-04:00 DEBUG 87501 --- [centromedico] [           main] o.h.q.sqm.function.SqmFunctionRegistry   : Registering alternate key : char -> chr
2024-05-05T13:25:41.424-04:00 DEBUG 87501 --- [centromedico] [           main] o.h.q.sqm.function.SqmFunctionRegistry   : Registered SqmFunctionTemplate [NamedSqmFunctionTemplate(cosh)] under cosh; prior registration was org.hibernate.query.sqm.function.PatternBasedSqmFunctionDescriptor@2567c091
2024-05-05T13:25:41.424-04:00 DEBUG 87501 --- [centromedico] [           main] o.h.q.sqm.function.SqmFunctionRegistry   : Registered SqmFunctionTemplate [NamedSqmFunctionTemplate(sinh)] under sinh; prior registration was org.hibernate.query.sqm.function.PatternBasedSqmFunctionDescriptor@26f480c6
2024-05-05T13:25:41.424-04:00 DEBUG 87501 --- [centromedico] [           main] o.h.q.sqm.function.SqmFunctionRegistry   : Registered SqmFunctionTemplate [NamedSqmFunctionTemplate(tanh)] under tanh; prior registration was org.hibernate.query.sqm.function.PatternBasedSqmFunctionDescriptor@7747cc1b
2024-05-05T13:25:41.424-04:00 DEBUG 87501 --- [centromedico] [           main] o.h.q.sqm.function.SqmFunctionRegistry   : Registered SqmFunctionTemplate [NamedSqmFunctionTemplate(log)] under log; prior registration was org.hibernate.query.sqm.function.PatternBasedSqmFunctionDescriptor@74bfdd66
2024-05-05T13:25:41.424-04:00 DEBUG 87501 --- [centromedico] [           main] o.h.q.sqm.function.SqmFunctionRegistry   : Registered SqmFunctionTemplate [org.hibernate.query.sqm.function.PatternBasedSqmFunctionDescriptor@45790cb] under log10; prior registration was null
2024-05-05T13:25:41.424-04:00 DEBUG 87501 --- [centromedico] [           main] o.h.q.sqm.function.SqmFunctionRegistry   : Registered SqmFunctionTemplate [NamedSqmFunctionTemplate(soundex)] under soundex; prior registration was null
2024-05-05T13:25:41.424-04:00 DEBUG 87501 --- [centromedico] [           main] o.h.q.sqm.function.SqmFunctionRegistry   : Registered SqmFunctionTemplate [NamedSqmFunctionTemplate(ltrim)] under ltrim; prior registration was null
2024-05-05T13:25:41.424-04:00 DEBUG 87501 --- [centromedico] [           main] o.h.q.sqm.function.SqmFunctionRegistry   : Registered SqmFunctionTemplate [NamedSqmFunctionTemplate(rtrim)] under rtrim; prior registration was null
2024-05-05T13:25:41.424-04:00 DEBUG 87501 --- [centromedico] [           main] o.h.q.sqm.function.SqmFunctionRegistry   : Registered SqmFunctionTemplate [NamedSqmFunctionTemplate(initcap)] under initcap; prior registration was null
2024-05-05T13:25:41.424-04:00 DEBUG 87501 --- [centromedico] [           main] o.h.q.sqm.function.SqmFunctionRegistry   : Registered SqmFunctionTemplate [NamedSqmFunctionTemplate(instr)] under instr; prior registration was null
2024-05-05T13:25:41.424-04:00 DEBUG 87501 --- [centromedico] [           main] o.h.q.sqm.function.SqmFunctionRegistry   : Registered SqmFunctionTemplate [NamedSqmFunctionTemplate(substr)] under substr; prior registration was null
2024-05-05T13:25:41.424-04:00 DEBUG 87501 --- [centromedico] [           main] o.h.q.sqm.function.SqmFunctionRegistry   : Registered SqmFunctionTemplate [NamedSqmFunctionTemplate(substr)] under substring; prior registration was NamedSqmFunctionTemplate(substring)
2024-05-05T13:25:41.424-04:00 DEBUG 87501 --- [centromedico] [           main] o.h.q.sqm.function.SqmFunctionRegistry   : Registered SqmFunctionTemplate [org.hibernate.query.sqm.function.PatternBasedSqmFunctionDescriptor@73a5d86c] under left; prior registration was NamedSqmFunctionTemplate(left)
2024-05-05T13:25:41.424-04:00 DEBUG 87501 --- [centromedico] [           main] o.h.q.sqm.function.SqmFunctionRegistry   : Registered SqmFunctionTemplate [org.hibernate.query.sqm.function.PatternBasedSqmFunctionDescriptor@2cf88901] under right; prior registration was NamedSqmFunctionTemplate(right)
2024-05-05T13:25:41.424-04:00 DEBUG 87501 --- [centromedico] [           main] o.h.q.sqm.function.SqmFunctionRegistry   : Registered SqmFunctionTemplate [NamedSqmFunctionTemplate(translate)] under translate; prior registration was null
2024-05-05T13:25:41.424-04:00 DEBUG 87501 --- [centromedico] [           main] o.h.q.sqm.function.SqmFunctionRegistry   : Registered SqmFunctionTemplate [NamedSqmFunctionTemplate(bitand)] under bitand; prior registration was null
2024-05-05T13:25:41.425-04:00 DEBUG 87501 --- [centromedico] [           main] o.h.q.sqm.function.SqmFunctionRegistry   : Registered SqmFunctionTemplate [NamedSqmFunctionTemplate(last_day)] under last_day; prior registration was null
2024-05-05T13:25:41.425-04:00 DEBUG 87501 --- [centromedico] [           main] o.h.q.sqm.function.SqmFunctionRegistry   : Registered SqmFunctionTemplate [NamedSqmFunctionTemplate(to_number)] under to_number; prior registration was null
2024-05-05T13:25:41.425-04:00 DEBUG 87501 --- [centromedico] [           main] o.h.q.sqm.function.SqmFunctionRegistry   : Registered SqmFunctionTemplate [NamedSqmFunctionTemplate(to_char)] under to_char; prior registration was null
2024-05-05T13:25:41.425-04:00 DEBUG 87501 --- [centromedico] [           main] o.h.q.sqm.function.SqmFunctionRegistry   : Registered SqmFunctionTemplate [NamedSqmFunctionTemplate(to_date)] under to_date; prior registration was null
2024-05-05T13:25:41.425-04:00 DEBUG 87501 --- [centromedico] [           main] o.h.q.sqm.function.SqmFunctionRegistry   : Registered SqmFunctionTemplate [NamedSqmFunctionTemplate(to_timestamp)] under to_timestamp; prior registration was null
2024-05-05T13:25:41.425-04:00 DEBUG 87501 --- [centromedico] [           main] o.h.q.sqm.function.SqmFunctionRegistry   : Registered SqmFunctionTemplate [NamedSqmFunctionTemplate(ceil)] under ceil; prior registration was null
2024-05-05T13:25:41.425-04:00 DEBUG 87501 --- [centromedico] [           main] o.h.q.sqm.function.SqmFunctionRegistry   : Registering alternate key : ceiling -> ceil
2024-05-05T13:25:41.425-04:00 DEBUG 87501 --- [centromedico] [           main] o.h.q.sqm.function.SqmFunctionRegistry   : Registered SqmFunctionTemplate [org.hibernate.query.sqm.function.PatternBasedSqmFunctionDescriptor@4780341] under concat; prior registration was NamedSqmFunctionTemplate(concat)
2024-05-05T13:25:41.425-04:00 DEBUG 87501 --- [centromedico] [           main] o.h.q.sqm.function.SqmFunctionRegistry   : Registered SqmFunctionTemplate [NamedSqmFunctionTemplate(rowid)] under rowid; prior registration was null
2024-05-05T13:25:41.425-04:00 DEBUG 87501 --- [centromedico] [           main] o.h.q.sqm.function.SqmFunctionRegistry   : Registered SqmFunctionTemplate [NamedSqmFunctionTemplate(rownum)] under rownum; prior registration was null
2024-05-05T13:25:41.425-04:00 DEBUG 87501 --- [centromedico] [           main] o.h.q.sqm.function.SqmFunctionRegistry   : Registered SqmFunctionTemplate [NamedSqmFunctionTemplate(sysdate)] under sysdate; prior registration was null
2024-05-05T13:25:41.425-04:00 DEBUG 87501 --- [centromedico] [           main] o.h.q.sqm.function.SqmFunctionRegistry   : Registered SqmFunctionTemplate [NamedSqmFunctionTemplate(systimestamp)] under systimestamp; prior registration was null
2024-05-05T13:25:41.425-04:00 DEBUG 87501 --- [centromedico] [           main] o.h.q.sqm.function.SqmFunctionRegistry   : Registered SqmFunctionTemplate [NamedSqmFunctionTemplate(add_months)] under add_months; prior registration was null
2024-05-05T13:25:41.425-04:00 DEBUG 87501 --- [centromedico] [           main] o.h.q.sqm.function.SqmFunctionRegistry   : Registered SqmFunctionTemplate [NamedSqmFunctionTemplate(months_between)] under months_between; prior registration was null
2024-05-05T13:25:41.425-04:00 DEBUG 87501 --- [centromedico] [           main] o.h.q.sqm.function.SqmFunctionRegistry   : Registered SqmFunctionTemplate [org.hibernate.dialect.function.MinMaxCaseEveryAnyEmulation@4dd4965a] under every; prior registration was org.hibernate.dialect.function.EveryAnyEmulation@58583a2d
2024-05-05T13:25:41.425-04:00 DEBUG 87501 --- [centromedico] [           main] o.h.q.sqm.function.SqmFunctionRegistry   : Registered SqmFunctionTemplate [org.hibernate.dialect.function.MinMaxCaseEveryAnyEmulation@79273a4f] under any; prior registration was org.hibernate.dialect.function.EveryAnyEmulation@3e8afc2d
2024-05-05T13:25:41.425-04:00 DEBUG 87501 --- [centromedico] [           main] o.h.q.sqm.function.SqmFunctionRegistry   : Registered SqmFunctionTemplate [org.hibernate.query.sqm.function.PatternBasedSqmFunctionDescriptor@4e26987b] under repeat; prior registration was null
2024-05-05T13:25:41.425-04:00 DEBUG 87501 --- [centromedico] [           main] o.h.q.sqm.function.SqmFunctionRegistry   : Registered SqmFunctionTemplate [org.hibernate.query.sqm.function.PatternBasedSqmFunctionDescriptor@50bb1c1f] under radians; prior registration was null
2024-05-05T13:25:41.425-04:00 DEBUG 87501 --- [centromedico] [           main] o.h.q.sqm.function.SqmFunctionRegistry   : Registered SqmFunctionTemplate [org.hibernate.query.sqm.function.PatternBasedSqmFunctionDescriptor@39342614] under degrees; prior registration was null
2024-05-05T13:25:41.425-04:00 DEBUG 87501 --- [centromedico] [           main] o.h.q.sqm.function.SqmFunctionRegistry   : Registered SqmFunctionTemplate [NamedSqmFunctionTemplate(median)] under median; prior registration was null
2024-05-05T13:25:41.425-04:00 DEBUG 87501 --- [centromedico] [           main] o.h.q.sqm.function.SqmFunctionRegistry   : Registered SqmFunctionTemplate [NamedSqmFunctionTemplate(stddev)] under stddev; prior registration was null
2024-05-05T13:25:41.425-04:00 DEBUG 87501 --- [centromedico] [           main] o.h.q.sqm.function.SqmFunctionRegistry   : Registered SqmFunctionTemplate [NamedSqmFunctionTemplate(stddev_pop)] under stddev_pop; prior registration was null
2024-05-05T13:25:41.425-04:00 DEBUG 87501 --- [centromedico] [           main] o.h.q.sqm.function.SqmFunctionRegistry   : Registered SqmFunctionTemplate [NamedSqmFunctionTemplate(stddev_samp)] under stddev_samp; prior registration was null
2024-05-05T13:25:41.425-04:00 DEBUG 87501 --- [centromedico] [           main] o.h.q.sqm.function.SqmFunctionRegistry   : Registered SqmFunctionTemplate [NamedSqmFunctionTemplate(variance)] under variance; prior registration was null
2024-05-05T13:25:41.425-04:00 DEBUG 87501 --- [centromedico] [           main] o.h.q.sqm.function.SqmFunctionRegistry   : Registered SqmFunctionTemplate [NamedSqmFunctionTemplate(var_pop)] under var_pop; prior registration was null
2024-05-05T13:25:41.425-04:00 DEBUG 87501 --- [centromedico] [           main] o.h.q.sqm.function.SqmFunctionRegistry   : Registered SqmFunctionTemplate [NamedSqmFunctionTemplate(var_samp)] under var_samp; prior registration was null
2024-05-05T13:25:41.425-04:00 DEBUG 87501 --- [centromedico] [           main] o.h.q.sqm.function.SqmFunctionRegistry   : Registered SqmFunctionTemplate [NamedSqmFunctionTemplate(covar_pop)] under covar_pop; prior registration was null
2024-05-05T13:25:41.425-04:00 DEBUG 87501 --- [centromedico] [           main] o.h.q.sqm.function.SqmFunctionRegistry   : Registered SqmFunctionTemplate [NamedSqmFunctionTemplate(covar_samp)] under covar_samp; prior registration was null
2024-05-05T13:25:41.425-04:00 DEBUG 87501 --- [centromedico] [           main] o.h.q.sqm.function.SqmFunctionRegistry   : Registered SqmFunctionTemplate [NamedSqmFunctionTemplate(corr)] under corr; prior registration was null
2024-05-05T13:25:41.426-04:00 DEBUG 87501 --- [centromedico] [           main] o.h.q.sqm.function.SqmFunctionRegistry   : Registered SqmFunctionTemplate [NamedSqmFunctionTemplate(regr_avgx)] under regr_avgx; prior registration was null
2024-05-05T13:25:41.426-04:00 DEBUG 87501 --- [centromedico] [           main] o.h.q.sqm.function.SqmFunctionRegistry   : Registered SqmFunctionTemplate [NamedSqmFunctionTemplate(regr_avgy)] under regr_avgy; prior registration was null
2024-05-05T13:25:41.426-04:00 DEBUG 87501 --- [centromedico] [           main] o.h.q.sqm.function.SqmFunctionRegistry   : Registered SqmFunctionTemplate [NamedSqmFunctionTemplate(regr_count)] under regr_count; prior registration was null
2024-05-05T13:25:41.426-04:00 DEBUG 87501 --- [centromedico] [           main] o.h.q.sqm.function.SqmFunctionRegistry   : Registered SqmFunctionTemplate [NamedSqmFunctionTemplate(regr_intercept)] under regr_intercept; prior registration was null
2024-05-05T13:25:41.426-04:00 DEBUG 87501 --- [centromedico] [           main] o.h.q.sqm.function.SqmFunctionRegistry   : Registered SqmFunctionTemplate [NamedSqmFunctionTemplate(regr_r2)] under regr_r2; prior registration was null
2024-05-05T13:25:41.426-04:00 DEBUG 87501 --- [centromedico] [           main] o.h.q.sqm.function.SqmFunctionRegistry   : Registered SqmFunctionTemplate [NamedSqmFunctionTemplate(regr_slope)] under regr_slope; prior registration was null
2024-05-05T13:25:41.426-04:00 DEBUG 87501 --- [centromedico] [           main] o.h.q.sqm.function.SqmFunctionRegistry   : Registered SqmFunctionTemplate [NamedSqmFunctionTemplate(regr_sxx)] under regr_sxx; prior registration was null
2024-05-05T13:25:41.426-04:00 DEBUG 87501 --- [centromedico] [           main] o.h.q.sqm.function.SqmFunctionRegistry   : Registered SqmFunctionTemplate [NamedSqmFunctionTemplate(regr_sxy)] under regr_sxy; prior registration was null
2024-05-05T13:25:41.426-04:00 DEBUG 87501 --- [centromedico] [           main] o.h.q.sqm.function.SqmFunctionRegistry   : Registered SqmFunctionTemplate [NamedSqmFunctionTemplate(regr_syy)] under regr_syy; prior registration was null
2024-05-05T13:25:41.426-04:00 DEBUG 87501 --- [centromedico] [           main] o.h.q.sqm.function.SqmFunctionRegistry   : Registered SqmFunctionTemplate [org.hibernate.dialect.function.LengthFunction@66944c7c] under length; prior registration was null
2024-05-05T13:25:41.426-04:00 DEBUG 87501 --- [centromedico] [           main] o.h.q.sqm.function.SqmFunctionRegistry   : Registering alternate key : character_length -> length
2024-05-05T13:25:41.426-04:00 DEBUG 87501 --- [centromedico] [           main] o.h.q.sqm.function.SqmFunctionRegistry   : Registered SqmFunctionTemplate [org.hibernate.dialect.function.LengthFunction@14993306] under octet_length; prior registration was null
2024-05-05T13:25:41.426-04:00 DEBUG 87501 --- [centromedico] [           main] o.h.q.sqm.function.SqmFunctionRegistry   : Registered SqmFunctionTemplate [org.hibernate.dialect.function.LengthFunction@73ae82da] under bit_length; prior registration was null
2024-05-05T13:25:41.426-04:00 DEBUG 87501 --- [centromedico] [           main] o.h.q.sqm.function.SqmFunctionRegistry   : Registered SqmFunctionTemplate [NamedSqmFunctionTemplate(coalesce)] under coalesce; prior registration was NamedSqmFunctionTemplate(coalesce)
2024-05-05T13:25:41.426-04:00 DEBUG 87501 --- [centromedico] [           main] o.h.q.sqm.function.SqmFunctionRegistry   : Registered SqmFunctionTemplate [org.hibernate.query.sqm.function.MultipatternSqmFunctionDescriptor@76b642aa] under locate; prior registration was NamedSqmFunctionTemplate(locate)
2024-05-05T13:25:41.427-04:00 DEBUG 87501 --- [centromedico] [           main] o.h.q.sqm.function.SqmFunctionRegistry   : Registered SqmFunctionTemplate [org.hibernate.dialect.function.ListaggFunction@508f4bb5] under listagg; prior registration was null
2024-05-05T13:25:41.427-04:00 DEBUG 87501 --- [centromedico] [           main] o.h.q.sqm.function.SqmFunctionRegistry   : Registered SqmFunctionTemplate [NamedSqmFunctionTemplate(row_number)] under row_number; prior registration was null
2024-05-05T13:25:41.427-04:00 DEBUG 87501 --- [centromedico] [           main] o.h.q.sqm.function.SqmFunctionRegistry   : Registered SqmFunctionTemplate [NamedSqmFunctionTemplate(lag)] under lag; prior registration was null
2024-05-05T13:25:41.427-04:00 DEBUG 87501 --- [centromedico] [           main] o.h.q.sqm.function.SqmFunctionRegistry   : Registered SqmFunctionTemplate [NamedSqmFunctionTemplate(lead)] under lead; prior registration was null
2024-05-05T13:25:41.427-04:00 DEBUG 87501 --- [centromedico] [           main] o.h.q.sqm.function.SqmFunctionRegistry   : Registered SqmFunctionTemplate [NamedSqmFunctionTemplate(first_value)] under first_value; prior registration was null
2024-05-05T13:25:41.427-04:00 DEBUG 87501 --- [centromedico] [           main] o.h.q.sqm.function.SqmFunctionRegistry   : Registered SqmFunctionTemplate [NamedSqmFunctionTemplate(last_value)] under last_value; prior registration was null
2024-05-05T13:25:41.427-04:00 DEBUG 87501 --- [centromedico] [           main] o.h.q.sqm.function.SqmFunctionRegistry   : Registered SqmFunctionTemplate [NamedSqmFunctionTemplate(nth_value)] under nth_value; prior registration was null
2024-05-05T13:25:41.427-04:00 DEBUG 87501 --- [centromedico] [           main] o.h.q.sqm.function.SqmFunctionRegistry   : Registered SqmFunctionTemplate [org.hibernate.dialect.function.HypotheticalSetFunction@4f7ae05] under rank; prior registration was null
2024-05-05T13:25:41.427-04:00 DEBUG 87501 --- [centromedico] [           main] o.h.q.sqm.function.SqmFunctionRegistry   : Registered SqmFunctionTemplate [org.hibernate.dialect.function.HypotheticalSetFunction@1e23ee0e] under dense_rank; prior registration was null
2024-05-05T13:25:41.427-04:00 DEBUG 87501 --- [centromedico] [           main] o.h.q.sqm.function.SqmFunctionRegistry   : Registered SqmFunctionTemplate [org.hibernate.dialect.function.HypotheticalSetFunction@b144175] under percent_rank; prior registration was null
2024-05-05T13:25:41.427-04:00 DEBUG 87501 --- [centromedico] [           main] o.h.q.sqm.function.SqmFunctionRegistry   : Registered SqmFunctionTemplate [org.hibernate.dialect.function.HypotheticalSetFunction@38923cfe] under cume_dist; prior registration was null
2024-05-05T13:25:41.428-04:00 DEBUG 87501 --- [centromedico] [           main] o.h.q.sqm.function.SqmFunctionRegistry   : Registered SqmFunctionTemplate [org.hibernate.dialect.function.InverseDistributionFunction@173cfb01] under mode; prior registration was null
2024-05-05T13:25:41.428-04:00 DEBUG 87501 --- [centromedico] [           main] o.h.q.sqm.function.SqmFunctionRegistry   : Registered SqmFunctionTemplate [org.hibernate.dialect.function.InverseDistributionFunction@7e1762e6] under percentile_cont; prior registration was null
2024-05-05T13:25:41.428-04:00 DEBUG 87501 --- [centromedico] [           main] o.h.q.sqm.function.SqmFunctionRegistry   : Registered SqmFunctionTemplate [org.hibernate.dialect.function.InverseDistributionFunction@5bccaedb] under percentile_disc; prior registration was null
2024-05-05T13:25:41.428-04:00 DEBUG 87501 --- [centromedico] [           main] o.h.q.sqm.function.SqmFunctionRegistry   : Registered SqmFunctionTemplate [org.hibernate.dialect.function.ModeStatsModeEmulation@6c2dd88b] under mode; prior registration was org.hibernate.dialect.function.InverseDistributionFunction@173cfb01
2024-05-05T13:25:41.431-04:00 DEBUG 87501 --- [centromedico] [           main] o.h.q.sqm.function.SqmFunctionRegistry   : Registered SqmFunctionTemplate [org.hibernate.dialect.function.OracleTruncFunction@586486c] under trunc; prior registration was null
2024-05-05T13:25:41.431-04:00 DEBUG 87501 --- [centromedico] [           main] o.h.q.sqm.function.SqmFunctionRegistry   : Registering alternate key : truncate -> trunc
2024-05-05T13:25:41.433-04:00 DEBUG 87501 --- [centromedico] [           main] o.h.q.sqm.function.SqmFunctionRegistry   : Registered SqmFunctionTemplate [org.hibernate.dialect.function.array.OracleArrayConstructorFunction@6ff8e744] under array; prior registration was null
2024-05-05T13:25:41.433-04:00 DEBUG 87501 --- [centromedico] [           main] o.h.q.sqm.function.SqmFunctionRegistry   : Registered SqmFunctionTemplate [org.hibernate.dialect.function.array.OracleArrayConstructorFunction@409395b9] under array_list; prior registration was null
2024-05-05T13:25:41.434-04:00 DEBUG 87501 --- [centromedico] [           main] o.h.q.sqm.function.SqmFunctionRegistry   : Registered SqmFunctionTemplate [org.hibernate.dialect.function.array.OracleArrayAggEmulation@1eabfad5] under array_agg; prior registration was null
2024-05-05T13:25:41.434-04:00 DEBUG 87501 --- [centromedico] [           main] o.h.q.sqm.function.SqmFunctionRegistry   : Registered SqmFunctionTemplate [org.hibernate.dialect.function.array.OracleArrayPositionFunction@451af781] under array_position; prior registration was null
2024-05-05T13:25:41.437-04:00 DEBUG 87501 --- [centromedico] [           main] o.h.q.sqm.function.SqmFunctionRegistry   : Registered SqmFunctionTemplate [org.hibernate.dialect.function.array.OracleArrayPositionsFunction@4c79ca55] under array_positions; prior registration was null
2024-05-05T13:25:41.438-04:00 DEBUG 87501 --- [centromedico] [           main] o.h.q.sqm.function.SqmFunctionRegistry   : Registered SqmFunctionTemplate [org.hibernate.dialect.function.array.OracleArrayPositionsFunction@35841d6] under array_positions_list; prior registration was null
2024-05-05T13:25:41.438-04:00 DEBUG 87501 --- [centromedico] [           main] o.h.q.sqm.function.SqmFunctionRegistry   : Registered SqmFunctionTemplate [org.hibernate.dialect.function.array.OracleArrayLengthFunction@537451d5] under array_length; prior registration was null
2024-05-05T13:25:41.438-04:00 DEBUG 87501 --- [centromedico] [           main] o.h.q.sqm.function.SqmFunctionRegistry   : Registered SqmFunctionTemplate [org.hibernate.dialect.function.array.OracleArrayConcatFunction@762cdf46] under array_concat; prior registration was null
2024-05-05T13:25:41.439-04:00 DEBUG 87501 --- [centromedico] [           main] o.h.q.sqm.function.SqmFunctionRegistry   : Registered SqmFunctionTemplate [org.hibernate.dialect.function.array.OracleArrayConcatElementFunction@af3295f] under array_prepend; prior registration was null
2024-05-05T13:25:41.439-04:00 DEBUG 87501 --- [centromedico] [           main] o.h.q.sqm.function.SqmFunctionRegistry   : Registered SqmFunctionTemplate [org.hibernate.dialect.function.array.OracleArrayConcatElementFunction@27dc81be] under array_append; prior registration was null
2024-05-05T13:25:41.439-04:00 DEBUG 87501 --- [centromedico] [           main] o.h.q.sqm.function.SqmFunctionRegistry   : Registered SqmFunctionTemplate [org.hibernate.dialect.function.array.OracleArrayContainsFunction@6879e983] under array_contains; prior registration was null
2024-05-05T13:25:41.439-04:00 DEBUG 87501 --- [centromedico] [           main] o.h.q.sqm.function.SqmFunctionRegistry   : Registered SqmFunctionTemplate [org.hibernate.dialect.function.array.OracleArrayContainsFunction@196d684b] under array_contains_nullable; prior registration was null
2024-05-05T13:25:41.439-04:00 DEBUG 87501 --- [centromedico] [           main] o.h.q.sqm.function.SqmFunctionRegistry   : Registered SqmFunctionTemplate [org.hibernate.dialect.function.array.OracleArrayOverlapsFunction@3c3cd7a5] under array_overlaps; prior registration was null
2024-05-05T13:25:41.439-04:00 DEBUG 87501 --- [centromedico] [           main] o.h.q.sqm.function.SqmFunctionRegistry   : Registered SqmFunctionTemplate [org.hibernate.dialect.function.array.OracleArrayOverlapsFunction@96be1ae] under array_overlaps_nullable; prior registration was null
2024-05-05T13:25:41.440-04:00 DEBUG 87501 --- [centromedico] [           main] o.h.q.sqm.function.SqmFunctionRegistry   : Registered SqmFunctionTemplate [org.hibernate.dialect.function.array.OracleArrayGetFunction@c0004b7] under array_get; prior registration was null
2024-05-05T13:25:41.440-04:00 DEBUG 87501 --- [centromedico] [           main] o.h.q.sqm.function.SqmFunctionRegistry   : Registered SqmFunctionTemplate [org.hibernate.dialect.function.array.OracleArraySetFunction@b8142f4] under array_set; prior registration was null
2024-05-05T13:25:41.440-04:00 DEBUG 87501 --- [centromedico] [           main] o.h.q.sqm.function.SqmFunctionRegistry   : Registered SqmFunctionTemplate [org.hibernate.dialect.function.array.OracleArrayRemoveFunction@30665461] under array_remove; prior registration was null
2024-05-05T13:25:41.440-04:00 DEBUG 87501 --- [centromedico] [           main] o.h.q.sqm.function.SqmFunctionRegistry   : Registered SqmFunctionTemplate [org.hibernate.dialect.function.array.OracleArrayRemoveIndexFunction@4bb9f7d4] under array_remove_index; prior registration was null
2024-05-05T13:25:41.440-04:00 DEBUG 87501 --- [centromedico] [           main] o.h.q.sqm.function.SqmFunctionRegistry   : Registered SqmFunctionTemplate [org.hibernate.dialect.function.array.OracleArraySliceFunction@11582db6] under array_slice; prior registration was null
2024-05-05T13:25:41.441-04:00 DEBUG 87501 --- [centromedico] [           main] o.h.q.sqm.function.SqmFunctionRegistry   : Registered SqmFunctionTemplate [org.hibernate.dialect.function.array.OracleArrayReplaceFunction@646d58cd] under array_replace; prior registration was null
2024-05-05T13:25:41.441-04:00 DEBUG 87501 --- [centromedico] [           main] o.h.q.sqm.function.SqmFunctionRegistry   : Registered SqmFunctionTemplate [org.hibernate.dialect.function.array.OracleArrayTrimFunction@148fca83] under array_trim; prior registration was null
2024-05-05T13:25:41.441-04:00 DEBUG 87501 --- [centromedico] [           main] o.h.q.sqm.function.SqmFunctionRegistry   : Registered SqmFunctionTemplate [org.hibernate.dialect.function.array.OracleArrayFillFunction@7d4da729] under array_fill; prior registration was null
2024-05-05T13:25:41.441-04:00 DEBUG 87501 --- [centromedico] [           main] o.h.q.sqm.function.SqmFunctionRegistry   : Registered SqmFunctionTemplate [org.hibernate.dialect.function.array.OracleArrayFillFunction@2133b712] under array_fill_list; prior registration was null
2024-05-05T13:25:41.441-04:00 DEBUG 87501 --- [centromedico] [           main] o.h.q.sqm.function.SqmFunctionRegistry   : Registered SqmFunctionTemplate [org.hibernate.dialect.function.array.OracleArrayToStringFunction@51fb5fe6] under array_to_string; prior registration was null
2024-05-05T13:25:41.442-04:00 DEBUG 87501 --- [centromedico] [           main] org.hibernate.HQL_FUNCTIONS              : abs(NUMERIC arg)
2024-05-05T13:25:41.442-04:00 DEBUG 87501 --- [centromedico] [           main] org.hibernate.HQL_FUNCTIONS              : Double acos(NUMERIC arg)
2024-05-05T13:25:41.442-04:00 DEBUG 87501 --- [centromedico] [           main] org.hibernate.HQL_FUNCTIONS              : add_months(DATE datetime, INTEGER months)
2024-05-05T13:25:41.442-04:00 DEBUG 87501 --- [centromedico] [           main] org.hibernate.HQL_FUNCTIONS              : Boolean any(BOOLEAN arg)
2024-05-05T13:25:41.442-04:00 DEBUG 87501 --- [centromedico] [           main] org.hibernate.HQL_FUNCTIONS              : array( ... )
2024-05-05T13:25:41.442-04:00 DEBUG 87501 --- [centromedico] [           main] org.hibernate.HQL_FUNCTIONS              : array_agg(arg)
2024-05-05T13:25:41.442-04:00 DEBUG 87501 --- [centromedico] [           main] org.hibernate.HQL_FUNCTIONS              : array_append( ... )
2024-05-05T13:25:41.442-04:00 DEBUG 87501 --- [centromedico] [           main] org.hibernate.HQL_FUNCTIONS              : array_concat( ... )
2024-05-05T13:25:41.442-04:00 DEBUG 87501 --- [centromedico] [           main] org.hibernate.HQL_FUNCTIONS              : Boolean array_contains(ARRAY haystackArray, OBJECT needleElementOrArray)
2024-05-05T13:25:41.442-04:00 DEBUG 87501 --- [centromedico] [           main] org.hibernate.HQL_FUNCTIONS              : Boolean array_contains_nullable(ARRAY haystackArray, OBJECT needleElementOrArray)
2024-05-05T13:25:41.442-04:00 DEBUG 87501 --- [centromedico] [           main] org.hibernate.HQL_FUNCTIONS              : array_fill(OBJECT element, INTEGER elementCount)
2024-05-05T13:25:41.442-04:00 DEBUG 87501 --- [centromedico] [           main] org.hibernate.HQL_FUNCTIONS              : array_fill_list(OBJECT element, INTEGER elementCount)
2024-05-05T13:25:41.442-04:00 DEBUG 87501 --- [centromedico] [           main] org.hibernate.HQL_FUNCTIONS              : array_get( ... )
2024-05-05T13:25:41.442-04:00 DEBUG 87501 --- [centromedico] [           main] org.hibernate.HQL_FUNCTIONS              : Integer array_length(ARRAY array)
2024-05-05T13:25:41.442-04:00 DEBUG 87501 --- [centromedico] [           main] org.hibernate.HQL_FUNCTIONS              : array_list( ... )
2024-05-05T13:25:41.442-04:00 DEBUG 87501 --- [centromedico] [           main] org.hibernate.HQL_FUNCTIONS              : Boolean array_overlaps(ARRAY array0, OBJECT array1)
2024-05-05T13:25:41.442-04:00 DEBUG 87501 --- [centromedico] [           main] org.hibernate.HQL_FUNCTIONS              : Boolean array_overlaps_nullable(ARRAY array0, OBJECT array1)
2024-05-05T13:25:41.442-04:00 DEBUG 87501 --- [centromedico] [           main] org.hibernate.HQL_FUNCTIONS              : Integer array_position(ARRAY array, OBJECT element[, INTEGER startPosition])
2024-05-05T13:25:41.442-04:00 DEBUG 87501 --- [centromedico] [           main] org.hibernate.HQL_FUNCTIONS              : int[] array_positions(ARRAY array, OBJECT element)
2024-05-05T13:25:41.442-04:00 DEBUG 87501 --- [centromedico] [           main] org.hibernate.HQL_FUNCTIONS              : List array_positions_list(ARRAY array, OBJECT element)
2024-05-05T13:25:41.442-04:00 DEBUG 87501 --- [centromedico] [           main] org.hibernate.HQL_FUNCTIONS              : array_prepend( ... )
2024-05-05T13:25:41.442-04:00 DEBUG 87501 --- [centromedico] [           main] org.hibernate.HQL_FUNCTIONS              : array_remove( ... )
2024-05-05T13:25:41.442-04:00 DEBUG 87501 --- [centromedico] [           main] org.hibernate.HQL_FUNCTIONS              : array_remove_index( ... )
2024-05-05T13:25:41.442-04:00 DEBUG 87501 --- [centromedico] [           main] org.hibernate.HQL_FUNCTIONS              : array_replace( ... )
2024-05-05T13:25:41.442-04:00 DEBUG 87501 --- [centromedico] [           main] org.hibernate.HQL_FUNCTIONS              : array_set( ... )
2024-05-05T13:25:41.442-04:00 DEBUG 87501 --- [centromedico] [           main] org.hibernate.HQL_FUNCTIONS              : array_slice( ... )
2024-05-05T13:25:41.442-04:00 DEBUG 87501 --- [centromedico] [           main] org.hibernate.HQL_FUNCTIONS              : String array_to_string( ... )
2024-05-05T13:25:41.442-04:00 DEBUG 87501 --- [centromedico] [           main] org.hibernate.HQL_FUNCTIONS              : array_trim( ... )
2024-05-05T13:25:41.442-04:00 DEBUG 87501 --- [centromedico] [           main] org.hibernate.HQL_FUNCTIONS              : Integer ascii(STRING arg)
2024-05-05T13:25:41.442-04:00 DEBUG 87501 --- [centromedico] [           main] org.hibernate.HQL_FUNCTIONS              : Double asin(NUMERIC arg)
2024-05-05T13:25:41.442-04:00 DEBUG 87501 --- [centromedico] [           main] org.hibernate.HQL_FUNCTIONS              : Double atan(NUMERIC arg)
2024-05-05T13:25:41.442-04:00 DEBUG 87501 --- [centromedico] [           main] org.hibernate.HQL_FUNCTIONS              : Double atan2(NUMERIC arg0, NUMERIC arg1)
2024-05-05T13:25:41.442-04:00 DEBUG 87501 --- [centromedico] [           main] org.hibernate.HQL_FUNCTIONS              : avg(arg)
2024-05-05T13:25:41.442-04:00 DEBUG 87501 --- [centromedico] [           main] org.hibernate.HQL_FUNCTIONS              : Integer bit_length(STRING_OR_CLOB arg)
2024-05-05T13:25:41.442-04:00 DEBUG 87501 --- [centromedico] [           main] org.hibernate.HQL_FUNCTIONS              : bitand(arg0, arg1)
2024-05-05T13:25:41.442-04:00 DEBUG 87501 --- [centromedico] [           main] org.hibernate.HQL_FUNCTIONS              : cast(arg as Type)
2024-05-05T13:25:41.442-04:00 DEBUG 87501 --- [centromedico] [           main] org.hibernate.HQL_FUNCTIONS              : ceil(NUMERIC arg)
2024-05-05T13:25:41.442-04:00 DEBUG 87501 --- [centromedico] [           main] org.hibernate.HQL_FUNCTIONS              : ceiling(NUMERIC arg)
2024-05-05T13:25:41.442-04:00 DEBUG 87501 --- [centromedico] [           main] org.hibernate.HQL_FUNCTIONS              : Character char(INTEGER arg)
2024-05-05T13:25:41.442-04:00 DEBUG 87501 --- [centromedico] [           main] org.hibernate.HQL_FUNCTIONS              : Integer character_length(STRING_OR_CLOB arg)
2024-05-05T13:25:41.442-04:00 DEBUG 87501 --- [centromedico] [           main] org.hibernate.HQL_FUNCTIONS              : Character chr(INTEGER arg)
2024-05-05T13:25:41.442-04:00 DEBUG 87501 --- [centromedico] [           main] org.hibernate.HQL_FUNCTIONS              : coalesce(arg0[, arg1[, ...]])
2024-05-05T13:25:41.442-04:00 DEBUG 87501 --- [centromedico] [           main] org.hibernate.HQL_FUNCTIONS              : String collate(STRING string as COLLATION collation)
2024-05-05T13:25:41.442-04:00 DEBUG 87501 --- [centromedico] [           main] org.hibernate.HQL_FUNCTIONS              : String concat(STRING string0[, STRING string1[, ...]])
2024-05-05T13:25:41.442-04:00 DEBUG 87501 --- [centromedico] [           main] org.hibernate.HQL_FUNCTIONS              : Double corr(NUMERIC arg0, NUMERIC arg1)
2024-05-05T13:25:41.442-04:00 DEBUG 87501 --- [centromedico] [           main] org.hibernate.HQL_FUNCTIONS              : Double cos(NUMERIC arg)
2024-05-05T13:25:41.443-04:00 DEBUG 87501 --- [centromedico] [           main] org.hibernate.HQL_FUNCTIONS              : Double cosh(NUMERIC arg)
2024-05-05T13:25:41.443-04:00 DEBUG 87501 --- [centromedico] [           main] org.hibernate.HQL_FUNCTIONS              : Long count([distinct ]{arg|*})
2024-05-05T13:25:41.443-04:00 DEBUG 87501 --- [centromedico] [           main] org.hibernate.HQL_FUNCTIONS              : Double covar_pop(NUMERIC arg0, NUMERIC arg1)
2024-05-05T13:25:41.443-04:00 DEBUG 87501 --- [centromedico] [           main] org.hibernate.HQL_FUNCTIONS              : Double covar_samp(NUMERIC arg0, NUMERIC arg1)
2024-05-05T13:25:41.443-04:00 DEBUG 87501 --- [centromedico] [           main] org.hibernate.HQL_FUNCTIONS              : Double cume_dist([arg0[, ...]])
2024-05-05T13:25:41.443-04:00 DEBUG 87501 --- [centromedico] [           main] org.hibernate.HQL_FUNCTIONS              : Date current date
2024-05-05T13:25:41.443-04:00 DEBUG 87501 --- [centromedico] [           main] org.hibernate.HQL_FUNCTIONS              : Time current time
2024-05-05T13:25:41.443-04:00 DEBUG 87501 --- [centromedico] [           main] org.hibernate.HQL_FUNCTIONS              : Timestamp current timestamp
2024-05-05T13:25:41.443-04:00 DEBUG 87501 --- [centromedico] [           main] org.hibernate.HQL_FUNCTIONS              : Date current_date
2024-05-05T13:25:41.443-04:00 DEBUG 87501 --- [centromedico] [           main] org.hibernate.HQL_FUNCTIONS              : Instant current_instant
2024-05-05T13:25:41.443-04:00 DEBUG 87501 --- [centromedico] [           main] org.hibernate.HQL_FUNCTIONS              : Time current_time
2024-05-05T13:25:41.443-04:00 DEBUG 87501 --- [centromedico] [           main] org.hibernate.HQL_FUNCTIONS              : Timestamp current_timestamp
2024-05-05T13:25:41.443-04:00 DEBUG 87501 --- [centromedico] [           main] org.hibernate.HQL_FUNCTIONS              : dateadd(TEMPORAL_UNIT field, INTEGER magnitude, TEMPORAL datetime)
2024-05-05T13:25:41.443-04:00 DEBUG 87501 --- [centromedico] [           main] org.hibernate.HQL_FUNCTIONS              : basicType@2(java.lang.Long,-5)|basicType@15(java.lang.Double,8) datediff(TEMPORAL_UNIT field, TEMPORAL start, TEMPORAL end)
2024-05-05T13:25:41.443-04:00 DEBUG 87501 --- [centromedico] [           main] org.hibernate.HQL_FUNCTIONS              : Double degrees(NUMERIC arg)
2024-05-05T13:25:41.443-04:00 DEBUG 87501 --- [centromedico] [           main] org.hibernate.HQL_FUNCTIONS              : Long dense_rank([arg0[, ...]])
2024-05-05T13:25:41.443-04:00 DEBUG 87501 --- [centromedico] [           main] org.hibernate.HQL_FUNCTIONS              : Boolean every(BOOLEAN arg)
2024-05-05T13:25:41.443-04:00 DEBUG 87501 --- [centromedico] [           main] org.hibernate.HQL_FUNCTIONS              : Double exp(NUMERIC arg)
2024-05-05T13:25:41.443-04:00 DEBUG 87501 --- [centromedico] [           main] org.hibernate.HQL_FUNCTIONS              : extract(TEMPORAL_UNIT field from TEMPORAL arg)
2024-05-05T13:25:41.443-04:00 DEBUG 87501 --- [centromedico] [           main] org.hibernate.HQL_FUNCTIONS              : first_valueANY value
2024-05-05T13:25:41.443-04:00 DEBUG 87501 --- [centromedico] [           main] org.hibernate.HQL_FUNCTIONS              : floor(NUMERIC arg)
2024-05-05T13:25:41.443-04:00 DEBUG 87501 --- [centromedico] [           main] org.hibernate.HQL_FUNCTIONS              : String format(TEMPORAL datetime as STRING pattern)
2024-05-05T13:25:41.443-04:00 DEBUG 87501 --- [centromedico] [           main] org.hibernate.HQL_FUNCTIONS              : greatest(COMPARABLE arg0, COMPARABLE arg1[, arg2[, ...]])
2024-05-05T13:25:41.443-04:00 DEBUG 87501 --- [centromedico] [           main] org.hibernate.HQL_FUNCTIONS              : ifnull(arg0, arg1)
2024-05-05T13:25:41.443-04:00 DEBUG 87501 --- [centromedico] [           main] org.hibernate.HQL_FUNCTIONS              : String initcap(arg)
2024-05-05T13:25:41.443-04:00 DEBUG 87501 --- [centromedico] [           main] org.hibernate.HQL_FUNCTIONS              : Instant instant
2024-05-05T13:25:41.443-04:00 DEBUG 87501 --- [centromedico] [           main] org.hibernate.HQL_FUNCTIONS              : Integer instr(STRING string, STRING pattern[, INTEGER start[, INTEGER occurrence]])
2024-05-05T13:25:41.443-04:00 DEBUG 87501 --- [centromedico] [           main] org.hibernate.HQL_FUNCTIONS              : lagANY value[, INTEGER offset[, ANY default]]
2024-05-05T13:25:41.443-04:00 DEBUG 87501 --- [centromedico] [           main] org.hibernate.HQL_FUNCTIONS              : Date last_day(DATE arg)
2024-05-05T13:25:41.443-04:00 DEBUG 87501 --- [centromedico] [           main] org.hibernate.HQL_FUNCTIONS              : last_valueANY value
2024-05-05T13:25:41.443-04:00 DEBUG 87501 --- [centromedico] [           main] org.hibernate.HQL_FUNCTIONS              : leadANY value[, INTEGER offset[, ANY default]]
2024-05-05T13:25:41.443-04:00 DEBUG 87501 --- [centromedico] [           main] org.hibernate.HQL_FUNCTIONS              : least(COMPARABLE arg0, COMPARABLE arg1[, arg2[, ...]])
2024-05-05T13:25:41.443-04:00 DEBUG 87501 --- [centromedico] [           main] org.hibernate.HQL_FUNCTIONS              : String left(STRING string, INTEGER length)
2024-05-05T13:25:41.443-04:00 DEBUG 87501 --- [centromedico] [           main] org.hibernate.HQL_FUNCTIONS              : Integer length(STRING_OR_CLOB arg)
2024-05-05T13:25:41.443-04:00 DEBUG 87501 --- [centromedico] [           main] org.hibernate.HQL_FUNCTIONS              : String listagg(STRING arg0, STRING arg1)
2024-05-05T13:25:41.443-04:00 DEBUG 87501 --- [centromedico] [           main] org.hibernate.HQL_FUNCTIONS              : Double ln(NUMERIC arg)
2024-05-05T13:25:41.443-04:00 DEBUG 87501 --- [centromedico] [           main] org.hibernate.HQL_FUNCTIONS              : LocalDate local date
2024-05-05T13:25:41.443-04:00 DEBUG 87501 --- [centromedico] [           main] org.hibernate.HQL_FUNCTIONS              : LocalDateTime local datetime
2024-05-05T13:25:41.444-04:00 DEBUG 87501 --- [centromedico] [           main] org.hibernate.HQL_FUNCTIONS              : LocalTime local time
2024-05-05T13:25:41.444-04:00 DEBUG 87501 --- [centromedico] [           main] org.hibernate.HQL_FUNCTIONS              : LocalDate local_date
2024-05-05T13:25:41.444-04:00 DEBUG 87501 --- [centromedico] [           main] org.hibernate.HQL_FUNCTIONS              : LocalDateTime local_datetime
2024-05-05T13:25:41.444-04:00 DEBUG 87501 --- [centromedico] [           main] org.hibernate.HQL_FUNCTIONS              : LocalTime local_time
2024-05-05T13:25:41.444-04:00 DEBUG 87501 --- [centromedico] [           main] org.hibernate.HQL_FUNCTIONS              : Integer locate(pattern, string[, start])
2024-05-05T13:25:41.444-04:00 DEBUG 87501 --- [centromedico] [           main] org.hibernate.HQL_FUNCTIONS              : Double log(NUMERIC arg0[, NUMERIC arg1])
2024-05-05T13:25:41.444-04:00 DEBUG 87501 --- [centromedico] [           main] org.hibernate.HQL_FUNCTIONS              : Double log10(NUMERIC arg)
2024-05-05T13:25:41.444-04:00 DEBUG 87501 --- [centromedico] [           main] org.hibernate.HQL_FUNCTIONS              : String lower(STRING string)
2024-05-05T13:25:41.444-04:00 DEBUG 87501 --- [centromedico] [           main] org.hibernate.HQL_FUNCTIONS              : String lpad(STRING string, INTEGER length[, STRING padding])
2024-05-05T13:25:41.444-04:00 DEBUG 87501 --- [centromedico] [           main] org.hibernate.HQL_FUNCTIONS              : String ltrim(STRING string[, STRING characters])
2024-05-05T13:25:41.444-04:00 DEBUG 87501 --- [centromedico] [           main] org.hibernate.HQL_FUNCTIONS              : max(COMPARABLE arg)
2024-05-05T13:25:41.444-04:00 DEBUG 87501 --- [centromedico] [           main] org.hibernate.HQL_FUNCTIONS              : Double median(NUMERIC arg)
2024-05-05T13:25:41.444-04:00 DEBUG 87501 --- [centromedico] [           main] org.hibernate.HQL_FUNCTIONS              : min(COMPARABLE arg)
2024-05-05T13:25:41.444-04:00 DEBUG 87501 --- [centromedico] [           main] org.hibernate.HQL_FUNCTIONS              : Integer mod(INTEGER arg0, INTEGER arg1)
2024-05-05T13:25:41.444-04:00 DEBUG 87501 --- [centromedico] [           main] org.hibernate.HQL_FUNCTIONS              : mode()
2024-05-05T13:25:41.444-04:00 DEBUG 87501 --- [centromedico] [           main] org.hibernate.HQL_FUNCTIONS              : Integer months_between(DATE end, DATE start)
2024-05-05T13:25:41.444-04:00 DEBUG 87501 --- [centromedico] [           main] org.hibernate.HQL_FUNCTIONS              : nth_valueANY value, INTEGER nth
2024-05-05T13:25:41.444-04:00 DEBUG 87501 --- [centromedico] [           main] org.hibernate.HQL_FUNCTIONS              : nullif(arg0, arg1)
2024-05-05T13:25:41.444-04:00 DEBUG 87501 --- [centromedico] [           main] org.hibernate.HQL_FUNCTIONS              : Integer octet_length(STRING_OR_CLOB arg)
2024-05-05T13:25:41.444-04:00 DEBUG 87501 --- [centromedico] [           main] org.hibernate.HQL_FUNCTIONS              : OffsetDateTime offset datetime
2024-05-05T13:25:41.444-04:00 DEBUG 87501 --- [centromedico] [           main] org.hibernate.HQL_FUNCTIONS              : OffsetDateTime offset_datetime
2024-05-05T13:25:41.444-04:00 DEBUG 87501 --- [centromedico] [           main] org.hibernate.HQL_FUNCTIONS              : String overlay(STRING string placing STRING replacement from INTEGER start[ for INTEGER length])
2024-05-05T13:25:41.444-04:00 DEBUG 87501 --- [centromedico] [           main] org.hibernate.HQL_FUNCTIONS              : String pad(STRING string with INTEGER length {leading|trailing}[ STRING character])
2024-05-05T13:25:41.444-04:00 DEBUG 87501 --- [centromedico] [           main] org.hibernate.HQL_FUNCTIONS              : Double percent_rank([arg0[, ...]])
2024-05-05T13:25:41.444-04:00 DEBUG 87501 --- [centromedico] [           main] org.hibernate.HQL_FUNCTIONS              : percentile_cont(NUMERIC arg)
2024-05-05T13:25:41.444-04:00 DEBUG 87501 --- [centromedico] [           main] org.hibernate.HQL_FUNCTIONS              : percentile_disc(NUMERIC arg)
2024-05-05T13:25:41.444-04:00 DEBUG 87501 --- [centromedico] [           main] org.hibernate.HQL_FUNCTIONS              : Double pi
2024-05-05T13:25:41.444-04:00 DEBUG 87501 --- [centromedico] [           main] org.hibernate.HQL_FUNCTIONS              : Integer position(STRING pattern in STRING string)
2024-05-05T13:25:41.444-04:00 DEBUG 87501 --- [centromedico] [           main] org.hibernate.HQL_FUNCTIONS              : Double power(NUMERIC arg0, NUMERIC arg1)
2024-05-05T13:25:41.444-04:00 DEBUG 87501 --- [centromedico] [           main] org.hibernate.HQL_FUNCTIONS              : Double radians(NUMERIC arg)
2024-05-05T13:25:41.444-04:00 DEBUG 87501 --- [centromedico] [           main] org.hibernate.HQL_FUNCTIONS              : Long rank([arg0[, ...]])
2024-05-05T13:25:41.444-04:00 DEBUG 87501 --- [centromedico] [           main] org.hibernate.HQL_FUNCTIONS              : Double regr_avgx(NUMERIC arg0, NUMERIC arg1)
2024-05-05T13:25:41.444-04:00 DEBUG 87501 --- [centromedico] [           main] org.hibernate.HQL_FUNCTIONS              : Double regr_avgy(NUMERIC arg0, NUMERIC arg1)
2024-05-05T13:25:41.444-04:00 DEBUG 87501 --- [centromedico] [           main] org.hibernate.HQL_FUNCTIONS              : Double regr_count(NUMERIC arg0, NUMERIC arg1)
2024-05-05T13:25:41.444-04:00 DEBUG 87501 --- [centromedico] [           main] org.hibernate.HQL_FUNCTIONS              : Double regr_intercept(NUMERIC arg0, NUMERIC arg1)
2024-05-05T13:25:41.444-04:00 DEBUG 87501 --- [centromedico] [           main] org.hibernate.HQL_FUNCTIONS              : Double regr_r2(NUMERIC arg0, NUMERIC arg1)
2024-05-05T13:25:41.444-04:00 DEBUG 87501 --- [centromedico] [           main] org.hibernate.HQL_FUNCTIONS              : Double regr_slope(NUMERIC arg0, NUMERIC arg1)
2024-05-05T13:25:41.444-04:00 DEBUG 87501 --- [centromedico] [           main] org.hibernate.HQL_FUNCTIONS              : Double regr_sxx(NUMERIC arg0, NUMERIC arg1)
2024-05-05T13:25:41.444-04:00 DEBUG 87501 --- [centromedico] [           main] org.hibernate.HQL_FUNCTIONS              : Double regr_sxy(NUMERIC arg0, NUMERIC arg1)
2024-05-05T13:25:41.444-04:00 DEBUG 87501 --- [centromedico] [           main] org.hibernate.HQL_FUNCTIONS              : Double regr_syy(NUMERIC arg0, NUMERIC arg1)
2024-05-05T13:25:41.444-04:00 DEBUG 87501 --- [centromedico] [           main] org.hibernate.HQL_FUNCTIONS              : String repeat(STRING string, INTEGER times)
2024-05-05T13:25:41.444-04:00 DEBUG 87501 --- [centromedico] [           main] org.hibernate.HQL_FUNCTIONS              : String replace(STRING string, STRING pattern, STRING replacement)
2024-05-05T13:25:41.444-04:00 DEBUG 87501 --- [centromedico] [           main] org.hibernate.HQL_FUNCTIONS              : String right(STRING string, INTEGER length)
2024-05-05T13:25:41.444-04:00 DEBUG 87501 --- [centromedico] [           main] org.hibernate.HQL_FUNCTIONS              : round(NUMERIC number[, INTEGER places])
2024-05-05T13:25:41.444-04:00 DEBUG 87501 --- [centromedico] [           main] org.hibernate.HQL_FUNCTIONS              : Long row_number()
2024-05-05T13:25:41.444-04:00 DEBUG 87501 --- [centromedico] [           main] org.hibernate.HQL_FUNCTIONS              : Long rowid
2024-05-05T13:25:41.444-04:00 DEBUG 87501 --- [centromedico] [           main] org.hibernate.HQL_FUNCTIONS              : Long rownum
2024-05-05T13:25:41.444-04:00 DEBUG 87501 --- [centromedico] [           main] org.hibernate.HQL_FUNCTIONS              : String rpad(STRING string, INTEGER length[, STRING padding])
2024-05-05T13:25:41.444-04:00 DEBUG 87501 --- [centromedico] [           main] org.hibernate.HQL_FUNCTIONS              : String rtrim(STRING string[, STRING characters])
2024-05-05T13:25:41.444-04:00 DEBUG 87501 --- [centromedico] [           main] org.hibernate.HQL_FUNCTIONS              : Integer sign(NUMERIC arg)
2024-05-05T13:25:41.444-04:00 DEBUG 87501 --- [centromedico] [           main] org.hibernate.HQL_FUNCTIONS              : Double sin(NUMERIC arg)
2024-05-05T13:25:41.444-04:00 DEBUG 87501 --- [centromedico] [           main] org.hibernate.HQL_FUNCTIONS              : Double sinh(NUMERIC arg)
2024-05-05T13:25:41.444-04:00 DEBUG 87501 --- [centromedico] [           main] org.hibernate.HQL_FUNCTIONS              : String soundex(arg)
2024-05-05T13:25:41.444-04:00 DEBUG 87501 --- [centromedico] [           main] org.hibernate.HQL_FUNCTIONS              : Object sql
2024-05-05T13:25:41.444-04:00 DEBUG 87501 --- [centromedico] [           main] org.hibernate.HQL_FUNCTIONS              : Double sqrt(NUMERIC arg)
2024-05-05T13:25:41.444-04:00 DEBUG 87501 --- [centromedico] [           main] org.hibernate.HQL_FUNCTIONS              : Double stddev(NUMERIC arg)
2024-05-05T13:25:41.444-04:00 DEBUG 87501 --- [centromedico] [           main] org.hibernate.HQL_FUNCTIONS              : Double stddev_pop(NUMERIC arg)
2024-05-05T13:25:41.444-04:00 DEBUG 87501 --- [centromedico] [           main] org.hibernate.HQL_FUNCTIONS              : Double stddev_samp(NUMERIC arg)
2024-05-05T13:25:41.444-04:00 DEBUG 87501 --- [centromedico] [           main] org.hibernate.HQL_FUNCTIONS              : String str(arg)
2024-05-05T13:25:41.444-04:00 DEBUG 87501 --- [centromedico] [           main] org.hibernate.HQL_FUNCTIONS              : String substr(STRING string, INTEGER start[, INTEGER length])
2024-05-05T13:25:41.444-04:00 DEBUG 87501 --- [centromedico] [           main] org.hibernate.HQL_FUNCTIONS              : String substring(STRING string{ from|,} INTEGER start[{ for|,} INTEGER length])
2024-05-05T13:25:41.444-04:00 DEBUG 87501 --- [centromedico] [           main] org.hibernate.HQL_FUNCTIONS              : sum(arg)
2024-05-05T13:25:41.444-04:00 DEBUG 87501 --- [centromedico] [           main] org.hibernate.HQL_FUNCTIONS              : Timestamp sysdate
2024-05-05T13:25:41.444-04:00 DEBUG 87501 --- [centromedico] [           main] org.hibernate.HQL_FUNCTIONS              : Timestamp systimestamp
2024-05-05T13:25:41.444-04:00 DEBUG 87501 --- [centromedico] [           main] org.hibernate.HQL_FUNCTIONS              : Double tan(NUMERIC arg)
2024-05-05T13:25:41.444-04:00 DEBUG 87501 --- [centromedico] [           main] org.hibernate.HQL_FUNCTIONS              : Double tanh(NUMERIC arg)
2024-05-05T13:25:41.444-04:00 DEBUG 87501 --- [centromedico] [           main] org.hibernate.HQL_FUNCTIONS              : timestampadd(TEMPORAL_UNIT field, INTEGER magnitude, TEMPORAL datetime)
2024-05-05T13:25:41.444-04:00 DEBUG 87501 --- [centromedico] [           main] org.hibernate.HQL_FUNCTIONS              : basicType@2(java.lang.Long,-5)|basicType@15(java.lang.Double,8) timestampdiff(TEMPORAL_UNIT field, TEMPORAL start, TEMPORAL end)
2024-05-05T13:25:41.444-04:00 DEBUG 87501 --- [centromedico] [           main] org.hibernate.HQL_FUNCTIONS              : String to_char(ANY arg0[, STRING arg1, STRING arg2])
2024-05-05T13:25:41.444-04:00 DEBUG 87501 --- [centromedico] [           main] org.hibernate.HQL_FUNCTIONS              : Date to_date(STRING arg0[, STRING arg1, STRING arg2])
2024-05-05T13:25:41.445-04:00 DEBUG 87501 --- [centromedico] [           main] org.hibernate.HQL_FUNCTIONS              : Double to_number(STRING arg0[, STRING arg1, STRING arg2])
2024-05-05T13:25:41.445-04:00 DEBUG 87501 --- [centromedico] [           main] org.hibernate.HQL_FUNCTIONS              : Timestamp to_timestamp(STRING arg0[, STRING arg1, STRING arg2])
2024-05-05T13:25:41.445-04:00 DEBUG 87501 --- [centromedico] [           main] org.hibernate.HQL_FUNCTIONS              : String translate(STRING arg0, STRING arg1, STRING arg2)
2024-05-05T13:25:41.445-04:00 DEBUG 87501 --- [centromedico] [           main] org.hibernate.HQL_FUNCTIONS              : String trim([[{leading|trailing|both} ][STRING arg0 ]from] STRING arg1)
2024-05-05T13:25:41.445-04:00 DEBUG 87501 --- [centromedico] [           main] org.hibernate.HQL_FUNCTIONS              : trunc( ... )
2024-05-05T13:25:41.445-04:00 DEBUG 87501 --- [centromedico] [           main] org.hibernate.HQL_FUNCTIONS              : truncate( ... )
2024-05-05T13:25:41.445-04:00 DEBUG 87501 --- [centromedico] [           main] org.hibernate.HQL_FUNCTIONS              : String upper(STRING string)
2024-05-05T13:25:41.445-04:00 DEBUG 87501 --- [centromedico] [           main] org.hibernate.HQL_FUNCTIONS              : Double var_pop(NUMERIC arg)
2024-05-05T13:25:41.445-04:00 DEBUG 87501 --- [centromedico] [           main] org.hibernate.HQL_FUNCTIONS              : Double var_samp(NUMERIC arg)
2024-05-05T13:25:41.445-04:00 DEBUG 87501 --- [centromedico] [           main] org.hibernate.HQL_FUNCTIONS              : Double variance(NUMERIC arg)
2024-05-05T13:25:41.448-04:00 DEBUG 87501 --- [centromedico] [           main] org.hibernate.orm.query.plan.cache       : Starting QueryInterpretationCache(2048)
2024-05-05T13:25:41.484-04:00 DEBUG 87501 --- [centromedico] [           main] .h.s.i.SessionFactoryServiceRegistryImpl : EventListenerRegistry access via ServiceRegistry is deprecated.  Use `sessionFactory.getEventEngine().getListenerRegistry()` instead
2024-05-05T13:25:41.485-04:00 DEBUG 87501 --- [centromedico] [           main] h.e.i.EntityCopyObserverFactoryInitiator : Configured EntityCopyObserver strategy: disallow
2024-05-05T13:25:41.522-04:00 DEBUG 87501 --- [centromedico] [           main] o.h.boot.internal.ClassLoaderAccessImpl  : Not known whether passed class name [com.CentroMedico.CentroMedico.model.Especialidad] is safe
2024-05-05T13:25:41.523-04:00 DEBUG 87501 --- [centromedico] [           main] o.h.boot.internal.ClassLoaderAccessImpl  : No temp ClassLoader provided; using live ClassLoader for loading potentially unsafe class : com.CentroMedico.CentroMedico.model.Especialidad
2024-05-05T13:25:41.617-04:00 DEBUG 87501 --- [centromedico] [           main] o.h.b.i.bytebuddy.BytecodeProviderImpl   : HHH000513: Unable to create the ReflectionOptimizer for [com.CentroMedico.CentroMedico.model.Especialidad]: private accessor [nombre]
2024-05-05T13:25:41.631-04:00 DEBUG 87501 --- [centromedico] [           main] org.hibernate.ormbytecode.interceptor    : To-one property `com.CentroMedico.CentroMedico.model.Profesional#especialidad` was mapped with LAZY + NO_PROXY but the class was not enhanced
2024-05-05T13:25:41.631-04:00 DEBUG 87501 --- [centromedico] [           main] org.hibernate.ormbytecode.interceptor    : To-one property `com.CentroMedico.CentroMedico.model.Profesional#especialidad` was mapped with LAZY + NO_PROXY but the class was not enhanced
2024-05-05T13:25:41.631-04:00 DEBUG 87501 --- [centromedico] [           main] o.h.boot.internal.ClassLoaderAccessImpl  : Not known whether passed class name [com.CentroMedico.CentroMedico.model.Profesional] is safe
2024-05-05T13:25:41.631-04:00 DEBUG 87501 --- [centromedico] [           main] o.h.boot.internal.ClassLoaderAccessImpl  : No temp ClassLoader provided; using live ClassLoader for loading potentially unsafe class : com.CentroMedico.CentroMedico.model.Profesional
2024-05-05T13:25:41.639-04:00 DEBUG 87501 --- [centromedico] [           main] o.h.b.i.bytebuddy.BytecodeProviderImpl   : HHH000513: Unable to create the ReflectionOptimizer for [com.CentroMedico.CentroMedico.model.Profesional]: private accessor [apellidos]
2024-05-05T13:25:41.639-04:00 DEBUG 87501 --- [centromedico] [           main] org.hibernate.ormbytecode.interceptor    : To-one property `com.CentroMedico.CentroMedico.model.Profesional#especialidad` was mapped with LAZY + NO_PROXY but the class was not enhanced
2024-05-05T13:25:41.640-04:00 DEBUG 87501 --- [centromedico] [           main] o.h.boot.internal.ClassLoaderAccessImpl  : Not known whether passed class name [com.CentroMedico.CentroMedico.model.Paciente] is safe
2024-05-05T13:25:41.640-04:00 DEBUG 87501 --- [centromedico] [           main] o.h.boot.internal.ClassLoaderAccessImpl  : No temp ClassLoader provided; using live ClassLoader for loading potentially unsafe class : com.CentroMedico.CentroMedico.model.Paciente
2024-05-05T13:25:41.649-04:00 DEBUG 87501 --- [centromedico] [           main] o.h.b.i.bytebuddy.BytecodeProviderImpl   : HHH000513: Unable to create the ReflectionOptimizer for [com.CentroMedico.CentroMedico.model.Paciente]: private accessor [apellidos]
2024-05-05T13:25:41.649-04:00 DEBUG 87501 --- [centromedico] [           main] org.hibernate.ormbytecode.interceptor    : To-one property `com.CentroMedico.CentroMedico.model.ConsultaMedica#paciente` was mapped with LAZY + NO_PROXY but the class was not enhanced
2024-05-05T13:25:41.649-04:00 DEBUG 87501 --- [centromedico] [           main] org.hibernate.ormbytecode.interceptor    : To-one property `com.CentroMedico.CentroMedico.model.ConsultaMedica#paciente` was mapped with LAZY + NO_PROXY but the class was not enhanced
2024-05-05T13:25:41.649-04:00 DEBUG 87501 --- [centromedico] [           main] org.hibernate.ormbytecode.interceptor    : To-one property `com.CentroMedico.CentroMedico.model.ConsultaMedica#profesional` was mapped with LAZY + NO_PROXY but the class was not enhanced
2024-05-05T13:25:41.649-04:00 DEBUG 87501 --- [centromedico] [           main] org.hibernate.ormbytecode.interceptor    : To-one property `com.CentroMedico.CentroMedico.model.ConsultaMedica#profesional` was mapped with LAZY + NO_PROXY but the class was not enhanced
2024-05-05T13:25:41.649-04:00 DEBUG 87501 --- [centromedico] [           main] o.h.boot.internal.ClassLoaderAccessImpl  : Not known whether passed class name [com.CentroMedico.CentroMedico.model.ConsultaMedica] is safe
2024-05-05T13:25:41.649-04:00 DEBUG 87501 --- [centromedico] [           main] o.h.boot.internal.ClassLoaderAccessImpl  : No temp ClassLoader provided; using live ClassLoader for loading potentially unsafe class : com.CentroMedico.CentroMedico.model.ConsultaMedica
2024-05-05T13:25:41.656-04:00 DEBUG 87501 --- [centromedico] [           main] o.h.b.i.bytebuddy.BytecodeProviderImpl   : HHH000513: Unable to create the ReflectionOptimizer for [com.CentroMedico.CentroMedico.model.ConsultaMedica]: private accessor [diagnostico]
2024-05-05T13:25:41.656-04:00 DEBUG 87501 --- [centromedico] [           main] org.hibernate.ormbytecode.interceptor    : To-one property `com.CentroMedico.CentroMedico.model.ConsultaMedica#paciente` was mapped with LAZY + NO_PROXY but the class was not enhanced
2024-05-05T13:25:41.656-04:00 DEBUG 87501 --- [centromedico] [           main] org.hibernate.ormbytecode.interceptor    : To-one property `com.CentroMedico.CentroMedico.model.ConsultaMedica#profesional` was mapped with LAZY + NO_PROXY but the class was not enhanced
2024-05-05T13:25:41.665-04:00 DEBUG 87501 --- [centromedico] [           main] org.hibernate.orm.jdbc.mutation          : Skipping collection (re)creation - com.CentroMedico.CentroMedico.model.Paciente.consultasMedicas
2024-05-05T13:25:41.665-04:00 DEBUG 87501 --- [centromedico] [           main] org.hibernate.orm.jdbc.mutation          : Skipping collection row deletions - com.CentroMedico.CentroMedico.model.Paciente.consultasMedicas
2024-05-05T13:25:41.665-04:00 DEBUG 87501 --- [centromedico] [           main] org.hibernate.orm.jdbc.mutation          : Skipping collection removals - com.CentroMedico.CentroMedico.model.Paciente.consultasMedicas
2024-05-05T13:25:41.676-04:00 DEBUG 87501 --- [centromedico] [           main] o.hibernate.orm.model.mapping.creation   : Starting post-init callbacks
2024-05-05T13:25:41.676-04:00 DEBUG 87501 --- [centromedico] [           main] o.hibernate.orm.model.mapping.creation   : Starting PostInitCallbackEntry : Entity(com.CentroMedico.CentroMedico.model.Especialidad) `staticFetchableList` generator
2024-05-05T13:25:41.676-04:00 DEBUG 87501 --- [centromedico] [           main] o.hibernate.orm.model.mapping.creation   : Starting PostInitCallbackEntry : To-one key - NavigableRole[com.CentroMedico.CentroMedico.model.Profesional.especialidad]
2024-05-05T13:25:41.678-04:00 DEBUG 87501 --- [centromedico] [           main] o.hibernate.orm.model.mapping.creation   : Starting PostInitCallbackEntry : Entity(com.CentroMedico.CentroMedico.model.Profesional) `staticFetchableList` generator
2024-05-05T13:25:41.678-04:00 DEBUG 87501 --- [centromedico] [           main] o.hibernate.orm.model.mapping.creation   : Starting PostInitCallbackEntry : PluralAttributeMapping( NavigableRole[com.CentroMedico.CentroMedico.model.Paciente.consultasMedicas#{element}]) - element descriptor
2024-05-05T13:25:41.678-04:00 DEBUG 87501 --- [centromedico] [           main] o.hibernate.orm.model.mapping.creation   : Starting PostInitCallbackEntry : PluralAttributeMapping(com.CentroMedico.CentroMedico.model.Paciente.consultasMedicas)#finishInitialization
2024-05-05T13:25:41.678-04:00 DEBUG 87501 --- [centromedico] [           main] o.hibernate.orm.model.mapping.creation   : Starting PostInitCallbackEntry : PluralAttributeMapping(com.CentroMedico.CentroMedico.model.Paciente.consultasMedicas) - key descriptor
2024-05-05T13:25:41.679-04:00 DEBUG 87501 --- [centromedico] [           main] o.hibernate.orm.model.mapping.creation   : Starting PostInitCallbackEntry : Entity(com.CentroMedico.CentroMedico.model.Paciente) `staticFetchableList` generator
2024-05-05T13:25:41.679-04:00 DEBUG 87501 --- [centromedico] [           main] o.hibernate.orm.model.mapping.creation   : Starting PostInitCallbackEntry : To-one key - NavigableRole[com.CentroMedico.CentroMedico.model.ConsultaMedica.paciente]
2024-05-05T13:25:41.679-04:00 DEBUG 87501 --- [centromedico] [           main] o.hibernate.orm.model.mapping.creation   : Starting PostInitCallbackEntry : To-one key - NavigableRole[com.CentroMedico.CentroMedico.model.ConsultaMedica.profesional]
2024-05-05T13:25:41.679-04:00 DEBUG 87501 --- [centromedico] [           main] o.hibernate.orm.model.mapping.creation   : Starting PostInitCallbackEntry : Entity(com.CentroMedico.CentroMedico.model.ConsultaMedica) `staticFetchableList` generator
2024-05-05T13:25:41.679-04:00 DEBUG 87501 --- [centromedico] [           main] o.hibernate.orm.model.mapping.creation   : Starting PostInitCallbackEntry : PluralAttributeMapping( NavigableRole[com.CentroMedico.CentroMedico.model.Paciente.consultasMedicas#{element}]) - element descriptor
2024-05-05T13:25:41.711-04:00 DEBUG 87501 --- [centromedico] [           main] org.hibernate.orm.sql.ast.create         : Created new SQL alias : e1_0
2024-05-05T13:25:41.712-04:00 DEBUG 87501 --- [centromedico] [           main] org.hibernate.orm.sql.ast.create         : Registration of TableGroup [StandardTableGroup(com.CentroMedico.CentroMedico.model.Especialidad)] with identifierForTableGroup [com.CentroMedico.CentroMedico.model.Especialidad] for NavigablePath [com.CentroMedico.CentroMedico.model.Especialidad] 
2024-05-05T13:25:41.717-04:00 DEBUG 87501 --- [centromedico] [           main] org.hibernate.orm.results.graph.AST      : DomainResult Graph:
 \-EntityResultImpl [com.CentroMedico.CentroMedico.model.Especialidad]
 |  \-BasicFetch [com.CentroMedico.CentroMedico.model.Especialidad.nombre]

2024-05-05T13:25:41.718-04:00 DEBUG 87501 --- [centromedico] [           main] org.hibernate.orm.sql.ast.tree           : SQL AST Tree:
    SelectStatement {
      FromClause {
        StandardTableGroup (e1 : com.CentroMedico.CentroMedico.model.Especialidad) {
          primaryTableReference : especialidad as e1_0
        }
      }
    }

2024-05-05T13:25:41.721-04:00 DEBUG 87501 --- [centromedico] [           main] o.h.p.entity.AbstractEntityPersister     : Static SQL for entity: com.CentroMedico.CentroMedico.model.Especialidad
2024-05-05T13:25:41.721-04:00 DEBUG 87501 --- [centromedico] [           main] o.h.p.entity.AbstractEntityPersister     :  Version select: select ides from especialidad where ides=?
2024-05-05T13:25:41.721-04:00 DEBUG 87501 --- [centromedico] [           main] o.h.p.entity.AbstractEntityPersister     :  Insert (0): insert into especialidad (nombre,ides) values (?,default)
2024-05-05T13:25:41.721-04:00 DEBUG 87501 --- [centromedico] [           main] o.h.p.entity.AbstractEntityPersister     :  Update (0): update especialidad set nombre=? where ides=?
2024-05-05T13:25:41.721-04:00 DEBUG 87501 --- [centromedico] [           main] o.h.p.entity.AbstractEntityPersister     :  Delete (0): delete from especialidad where ides=?
2024-05-05T13:25:41.721-04:00 DEBUG 87501 --- [centromedico] [           main] org.hibernate.orm.sql.ast.create         : Created new SQL alias : p1_0
2024-05-05T13:25:41.721-04:00 DEBUG 87501 --- [centromedico] [           main] org.hibernate.orm.sql.ast.create         : Registration of TableGroup [StandardTableGroup(com.CentroMedico.CentroMedico.model.Profesional)] with identifierForTableGroup [com.CentroMedico.CentroMedico.model.Profesional] for NavigablePath [com.CentroMedico.CentroMedico.model.Profesional] 
2024-05-05T13:25:41.722-04:00 DEBUG 87501 --- [centromedico] [           main] org.hibernate.orm.sql.ast.create         : Registration of TableGroup [org.hibernate.sql.ast.tree.from.LazyTableGroup@178ebac3] with identifierForTableGroup [com.CentroMedico.CentroMedico.model.Profesional.especialidad] for NavigablePath [com.CentroMedico.CentroMedico.model.Profesional.especialidad] 
2024-05-05T13:25:41.723-04:00 DEBUG 87501 --- [centromedico] [           main] org.hibernate.orm.sql.ast.create         : Created new SQL alias : e1_0
2024-05-05T13:25:41.723-04:00 DEBUG 87501 --- [centromedico] [           main] org.hibernate.orm.results.graph.AST      : DomainResult Graph:
 \-EntityResultImpl [com.CentroMedico.CentroMedico.model.Profesional]
 |  +-BasicFetch [com.CentroMedico.CentroMedico.model.Profesional.apellidos]
 |  +-EntityFetchJoinedImpl [com.CentroMedico.CentroMedico.model.Profesional.especialidad]
 |  +-BasicFetch [com.CentroMedico.CentroMedico.model.Profesional.nombres]
 |  \-BasicFetch [com.CentroMedico.CentroMedico.model.Profesional.rut]

2024-05-05T13:25:41.724-04:00 DEBUG 87501 --- [centromedico] [           main] org.hibernate.orm.sql.ast.tree           : SQL AST Tree:
    SelectStatement {
      FromClause {
        StandardTableGroup (p1 : com.CentroMedico.CentroMedico.model.Profesional) {
          primaryTableReference : profesional as p1_0
          TableGroupJoins {
            left  join LazyTableGroup (e1 : com.CentroMedico.CentroMedico.model.Profesional.especialidad) {
              primaryTableReference : especialidad as e1_0
            }
          }
        }
      }
    }

2024-05-05T13:25:41.724-04:00 DEBUG 87501 --- [centromedico] [           main] o.h.p.entity.AbstractEntityPersister     : Static SQL for entity: com.CentroMedico.CentroMedico.model.Profesional
2024-05-05T13:25:41.724-04:00 DEBUG 87501 --- [centromedico] [           main] o.h.p.entity.AbstractEntityPersister     :  Version select: select idprof from profesional where idprof=?
2024-05-05T13:25:41.724-04:00 DEBUG 87501 --- [centromedico] [           main] o.h.p.entity.AbstractEntityPersister     :  Insert (0): insert into profesional (apellidos,ides,nombres,rut,idprof) values (?,?,?,?,default)
2024-05-05T13:25:41.724-04:00 DEBUG 87501 --- [centromedico] [           main] o.h.p.entity.AbstractEntityPersister     :  Update (0): update profesional set apellidos=?,ides=?,nombres=?,rut=? where idprof=?
2024-05-05T13:25:41.724-04:00 DEBUG 87501 --- [centromedico] [           main] o.h.p.entity.AbstractEntityPersister     :  Delete (0): delete from profesional where idprof=?
2024-05-05T13:25:41.724-04:00 DEBUG 87501 --- [centromedico] [           main] org.hibernate.orm.sql.ast.create         : Created new SQL alias : p1_0
2024-05-05T13:25:41.724-04:00 DEBUG 87501 --- [centromedico] [           main] org.hibernate.orm.sql.ast.create         : Registration of TableGroup [StandardTableGroup(com.CentroMedico.CentroMedico.model.Paciente)] with identifierForTableGroup [com.CentroMedico.CentroMedico.model.Paciente] for NavigablePath [com.CentroMedico.CentroMedico.model.Paciente] 
2024-05-05T13:25:41.725-04:00 DEBUG 87501 --- [centromedico] [           main] org.hibernate.orm.results.graph.AST      : DomainResult Graph:
 \-EntityResultImpl [com.CentroMedico.CentroMedico.model.Paciente]
 |  +-BasicFetch [com.CentroMedico.CentroMedico.model.Paciente.apellidos]
 |  +-DelayedCollectionFetch [com.CentroMedico.CentroMedico.model.Paciente.consultasMedicas]
 |  +-BasicFetch [com.CentroMedico.CentroMedico.model.Paciente.edad]
 |  +-BasicFetch [com.CentroMedico.CentroMedico.model.Paciente.nombres]
 |  \-BasicFetch [com.CentroMedico.CentroMedico.model.Paciente.rut]

2024-05-05T13:25:41.725-04:00 DEBUG 87501 --- [centromedico] [           main] org.hibernate.orm.sql.ast.tree           : SQL AST Tree:
    SelectStatement {
      FromClause {
        StandardTableGroup (p1 : com.CentroMedico.CentroMedico.model.Paciente) {
          primaryTableReference : paciente as p1_0
        }
      }
    }

2024-05-05T13:25:41.725-04:00 DEBUG 87501 --- [centromedico] [           main] o.h.p.entity.AbstractEntityPersister     : Static SQL for entity: com.CentroMedico.CentroMedico.model.Paciente
2024-05-05T13:25:41.725-04:00 DEBUG 87501 --- [centromedico] [           main] o.h.p.entity.AbstractEntityPersister     :  Version select: select idpac from paciente where idpac=?
2024-05-05T13:25:41.725-04:00 DEBUG 87501 --- [centromedico] [           main] o.h.p.entity.AbstractEntityPersister     :  Insert (0): insert into paciente (apellidos,edad,nombres,rut,idpac) values (?,?,?,?,default)
2024-05-05T13:25:41.725-04:00 DEBUG 87501 --- [centromedico] [           main] o.h.p.entity.AbstractEntityPersister     :  Update (0): update paciente set apellidos=?,edad=?,nombres=?,rut=? where idpac=?
2024-05-05T13:25:41.725-04:00 DEBUG 87501 --- [centromedico] [           main] o.h.p.entity.AbstractEntityPersister     :  Delete (0): delete from paciente where idpac=?
2024-05-05T13:25:41.725-04:00 DEBUG 87501 --- [centromedico] [           main] org.hibernate.orm.sql.ast.create         : Created new SQL alias : cm1_0
2024-05-05T13:25:41.725-04:00 DEBUG 87501 --- [centromedico] [           main] org.hibernate.orm.sql.ast.create         : Registration of TableGroup [StandardTableGroup(com.CentroMedico.CentroMedico.model.ConsultaMedica)] with identifierForTableGroup [com.CentroMedico.CentroMedico.model.ConsultaMedica] for NavigablePath [com.CentroMedico.CentroMedico.model.ConsultaMedica] 
2024-05-05T13:25:41.725-04:00 DEBUG 87501 --- [centromedico] [           main] org.hibernate.orm.sql.ast.create         : Registration of TableGroup [org.hibernate.sql.ast.tree.from.LazyTableGroup@498b697] with identifierForTableGroup [com.CentroMedico.CentroMedico.model.ConsultaMedica.paciente] for NavigablePath [com.CentroMedico.CentroMedico.model.ConsultaMedica.paciente] 
2024-05-05T13:25:41.725-04:00 DEBUG 87501 --- [centromedico] [           main] org.hibernate.orm.sql.ast.create         : Created new SQL alias : p1_0
2024-05-05T13:25:41.725-04:00 DEBUG 87501 --- [centromedico] [           main] org.hibernate.orm.sql.ast.create         : Registration of TableGroup [org.hibernate.sql.ast.tree.from.LazyTableGroup@63846fa4] with identifierForTableGroup [com.CentroMedico.CentroMedico.model.ConsultaMedica.profesional] for NavigablePath [com.CentroMedico.CentroMedico.model.ConsultaMedica.profesional] 
2024-05-05T13:25:41.725-04:00 DEBUG 87501 --- [centromedico] [           main] org.hibernate.orm.sql.ast.create         : Created new SQL alias : p2_0
2024-05-05T13:25:41.725-04:00 DEBUG 87501 --- [centromedico] [           main] org.hibernate.orm.sql.ast.create         : Registration of TableGroup [org.hibernate.sql.ast.tree.from.LazyTableGroup@206b959c] with identifierForTableGroup [com.CentroMedico.CentroMedico.model.ConsultaMedica.profesional.especialidad] for NavigablePath [com.CentroMedico.CentroMedico.model.ConsultaMedica.profesional.especialidad] 
2024-05-05T13:25:41.725-04:00 DEBUG 87501 --- [centromedico] [           main] org.hibernate.orm.sql.ast.create         : Created new SQL alias : e1_0
2024-05-05T13:25:41.725-04:00 DEBUG 87501 --- [centromedico] [           main] org.hibernate.orm.results.graph.AST      : DomainResult Graph:
 \-EntityResultImpl [com.CentroMedico.CentroMedico.model.ConsultaMedica]
 |  +-BasicFetch [com.CentroMedico.CentroMedico.model.ConsultaMedica.diagnostico]
 |  +-BasicFetch [com.CentroMedico.CentroMedico.model.ConsultaMedica.fechaconsulta]
 |  +-BasicFetch [com.CentroMedico.CentroMedico.model.ConsultaMedica.horario]
 |  +-EntityFetchJoinedImpl [com.CentroMedico.CentroMedico.model.ConsultaMedica.paciente]
 |  +-EntityFetchJoinedImpl [com.CentroMedico.CentroMedico.model.ConsultaMedica.profesional]
 |  \-BasicFetch [com.CentroMedico.CentroMedico.model.ConsultaMedica.tratamiento]

2024-05-05T13:25:41.725-04:00 DEBUG 87501 --- [centromedico] [           main] org.hibernate.orm.sql.ast.tree           : SQL AST Tree:
    SelectStatement {
      FromClause {
        StandardTableGroup (cm1 : com.CentroMedico.CentroMedico.model.ConsultaMedica) {
          primaryTableReference : consultamedica as cm1_0
          TableGroupJoins {
            left  join LazyTableGroup (p1 : com.CentroMedico.CentroMedico.model.ConsultaMedica.paciente) {
              primaryTableReference : paciente as p1_0
            }
            left  join LazyTableGroup (p2 : com.CentroMedico.CentroMedico.model.ConsultaMedica.profesional) {
              primaryTableReference : profesional as p2_0
              TableGroupJoins {
                left  join LazyTableGroup (e1 : com.CentroMedico.CentroMedico.model.ConsultaMedica.profesional.especialidad) {
                  primaryTableReference : especialidad as e1_0
                }
              }
            }
          }
        }
      }
    }

2024-05-05T13:25:41.725-04:00 DEBUG 87501 --- [centromedico] [           main] o.h.p.entity.AbstractEntityPersister     : Static SQL for entity: com.CentroMedico.CentroMedico.model.ConsultaMedica
2024-05-05T13:25:41.725-04:00 DEBUG 87501 --- [centromedico] [           main] o.h.p.entity.AbstractEntityPersister     :  Version select: select idcon from consultamedica where idcon=?
2024-05-05T13:25:41.725-04:00 DEBUG 87501 --- [centromedico] [           main] o.h.p.entity.AbstractEntityPersister     :  Insert (0): insert into consultamedica (diagnostico,fechaconsulta,horario,idpac,idprof,tratamiento,idcon) values (?,?,?,?,?,?,default)
2024-05-05T13:25:41.725-04:00 DEBUG 87501 --- [centromedico] [           main] o.h.p.entity.AbstractEntityPersister     :  Update (0): update consultamedica set diagnostico=?,fechaconsulta=?,horario=?,idpac=?,idprof=?,tratamiento=? where idcon=?
2024-05-05T13:25:41.725-04:00 DEBUG 87501 --- [centromedico] [           main] o.h.p.entity.AbstractEntityPersister     :  Delete (0): delete from consultamedica where idcon=?
2024-05-05T13:25:41.726-04:00 DEBUG 87501 --- [centromedico] [           main] org.hibernate.orm.sql.ast.create         : Created new SQL alias : cm1_0
2024-05-05T13:25:41.726-04:00 DEBUG 87501 --- [centromedico] [           main] org.hibernate.orm.sql.ast.create         : Registration of TableGroup [org.hibernate.sql.ast.tree.from.OneToManyTableGroup@64eb14da] with identifierForTableGroup [com.CentroMedico.CentroMedico.model.Paciente.consultasMedicas] for NavigablePath [com.CentroMedico.CentroMedico.model.Paciente.consultasMedicas] 
2024-05-05T13:25:41.726-04:00 DEBUG 87501 --- [centromedico] [           main] org.hibernate.orm.sql.ast.create         : Registration of TableGroup [StandardTableGroup(com.CentroMedico.CentroMedico.model.Paciente.consultasMedicas.{element})] with identifierForTableGroup [com.CentroMedico.CentroMedico.model.Paciente.consultasMedicas.{element}] for NavigablePath [com.CentroMedico.CentroMedico.model.Paciente.consultasMedicas.{element}] 
2024-05-05T13:25:41.728-04:00 DEBUG 87501 --- [centromedico] [           main] org.hibernate.orm.sql.ast.create         : Registration of TableGroup [org.hibernate.sql.ast.tree.from.LazyTableGroup@47c15468] with identifierForTableGroup [com.CentroMedico.CentroMedico.model.Paciente.consultasMedicas.{element}.paciente] for NavigablePath [com.CentroMedico.CentroMedico.model.Paciente.consultasMedicas.{element}.paciente] 
2024-05-05T13:25:41.729-04:00 DEBUG 87501 --- [centromedico] [           main] org.hibernate.orm.sql.ast.create         : Registration of TableGroup [org.hibernate.sql.ast.tree.from.LazyTableGroup@1cb929a9] with identifierForTableGroup [com.CentroMedico.CentroMedico.model.Paciente.consultasMedicas.{element}.profesional] for NavigablePath [com.CentroMedico.CentroMedico.model.Paciente.consultasMedicas.{element}.profesional] 
2024-05-05T13:25:41.729-04:00 DEBUG 87501 --- [centromedico] [           main] org.hibernate.orm.sql.ast.create         : Created new SQL alias : p2_0
2024-05-05T13:25:41.729-04:00 DEBUG 87501 --- [centromedico] [           main] org.hibernate.orm.sql.ast.create         : Registration of TableGroup [org.hibernate.sql.ast.tree.from.LazyTableGroup@2ecc4be7] with identifierForTableGroup [com.CentroMedico.CentroMedico.model.Paciente.consultasMedicas.{element}.profesional.especialidad] for NavigablePath [com.CentroMedico.CentroMedico.model.Paciente.consultasMedicas.{element}.profesional.especialidad] 
2024-05-05T13:25:41.729-04:00 DEBUG 87501 --- [centromedico] [           main] org.hibernate.orm.sql.ast.create         : Created new SQL alias : e1_0
2024-05-05T13:25:41.730-04:00 DEBUG 87501 --- [centromedico] [           main] org.hibernate.orm.results.graph.AST      : DomainResult Graph:
 \-CollectionDomainResult [com.CentroMedico.CentroMedico.model.Paciente.consultasMedicas]

2024-05-05T13:25:41.730-04:00 DEBUG 87501 --- [centromedico] [           main] org.hibernate.orm.sql.ast.tree           : SQL AST Tree:
    SelectStatement {
      FromClause {
        OneToManyTableGroup (cm1 : com.CentroMedico.CentroMedico.model.Paciente.consultasMedicas) {
          primaryTableReference : consultamedica as cm1_0
          TableGroupJoins {
            left  join LazyTableGroup (p1 : com.CentroMedico.CentroMedico.model.Paciente.consultasMedicas.{element}.paciente) {
            }
            left  join LazyTableGroup (p2 : com.CentroMedico.CentroMedico.model.Paciente.consultasMedicas.{element}.profesional) {
              primaryTableReference : profesional as p2_0
              TableGroupJoins {
                left  join LazyTableGroup (e1 : com.CentroMedico.CentroMedico.model.Paciente.consultasMedicas.{element}.profesional.especialidad) {
                  primaryTableReference : especialidad as e1_0
                }
              }
            }
          }
        }
      }
    }

2024-05-05T13:25:41.730-04:00 DEBUG 87501 --- [centromedico] [           main] org.hibernate.orm.jdbc.mutation          : Static SQL for collection: com.CentroMedico.CentroMedico.model.Paciente.consultasMedicas
2024-05-05T13:25:41.746-04:00  INFO 87501 --- [centromedico] [           main] o.h.e.t.j.p.i.JtaPlatformInitiator       : HHH000489: No JTA platform available (set 'hibernate.transaction.jta.platform' to enable JTA platform integration)
2024-05-05T13:25:41.746-04:00 DEBUG 87501 --- [centromedico] [           main] o.h.type.spi.TypeConfiguration$Scope     : Scoping TypeConfiguration [org.hibernate.type.spi.TypeConfiguration@12f8682a] to SessionFactoryImplementor [org.hibernate.internal.SessionFactoryImpl@68f1b89]
2024-05-05T13:25:41.746-04:00 DEBUG 87501 --- [centromedico] [           main] o.h.query.named.NamedObjectRepository    : Checking 0 named HQL queries
2024-05-05T13:25:41.747-04:00 DEBUG 87501 --- [centromedico] [           main] o.h.query.named.NamedObjectRepository    : Checking 0 named SQL queries
2024-05-05T13:25:41.753-04:00 DEBUG 87501 --- [centromedico] [           main] org.hibernate.SQL                        : drop table consultamedica cascade constraints
Hibernate: drop table consultamedica cascade constraints
2024-05-05T13:25:41.805-04:00  WARN 87501 --- [centromedico] [           main] o.h.t.s.i.ExceptionHandlerLoggedImpl     : GenerationTarget encountered exception accepting command : Error executing DDL "drop table consultamedica cascade constraints" via JDBC [ORA-00942: table or view does not exist
]

org.hibernate.tool.schema.spi.CommandAcceptanceException: Error executing DDL "drop table consultamedica cascade constraints" via JDBC [ORA-00942: table or view does not exist
]
	at org.hibernate.tool.schema.internal.exec.GenerationTargetToDatabase.accept(GenerationTargetToDatabase.java:94) ~[hibernate-core-6.4.4.Final.jar:6.4.4.Final]
	at org.hibernate.tool.schema.internal.Helper.applySqlString(Helper.java:233) ~[hibernate-core-6.4.4.Final.jar:6.4.4.Final]
	at org.hibernate.tool.schema.internal.Helper.applySqlStrings(Helper.java:217) ~[hibernate-core-6.4.4.Final.jar:6.4.4.Final]
	at org.hibernate.tool.schema.internal.SchemaDropperImpl.dropTables(SchemaDropperImpl.java:377) ~[hibernate-core-6.4.4.Final.jar:6.4.4.Final]
	at org.hibernate.tool.schema.internal.SchemaDropperImpl.dropConstraintsTablesSequences(SchemaDropperImpl.java:253) ~[hibernate-core-6.4.4.Final.jar:6.4.4.Final]
	at org.hibernate.tool.schema.internal.SchemaDropperImpl.dropFromMetadata(SchemaDropperImpl.java:215) ~[hibernate-core-6.4.4.Final.jar:6.4.4.Final]
	at org.hibernate.tool.schema.internal.SchemaDropperImpl.performDrop(SchemaDropperImpl.java:185) ~[hibernate-core-6.4.4.Final.jar:6.4.4.Final]
	at org.hibernate.tool.schema.internal.SchemaDropperImpl.doDrop(SchemaDropperImpl.java:155) ~[hibernate-core-6.4.4.Final.jar:6.4.4.Final]
	at org.hibernate.tool.schema.internal.SchemaDropperImpl.doDrop(SchemaDropperImpl.java:115) ~[hibernate-core-6.4.4.Final.jar:6.4.4.Final]
	at org.hibernate.tool.schema.spi.SchemaManagementToolCoordinator.performDatabaseAction(SchemaManagementToolCoordinator.java:244) ~[hibernate-core-6.4.4.Final.jar:6.4.4.Final]
	at org.hibernate.tool.schema.spi.SchemaManagementToolCoordinator.lambda$process$5(SchemaManagementToolCoordinator.java:145) ~[hibernate-core-6.4.4.Final.jar:6.4.4.Final]
	at java.base/java.util.HashMap.forEach(HashMap.java:1429) ~[na:na]
	at org.hibernate.tool.schema.spi.SchemaManagementToolCoordinator.process(SchemaManagementToolCoordinator.java:142) ~[hibernate-core-6.4.4.Final.jar:6.4.4.Final]
	at org.hibernate.boot.internal.SessionFactoryObserverForSchemaExport.sessionFactoryCreated(SessionFactoryObserverForSchemaExport.java:37) ~[hibernate-core-6.4.4.Final.jar:6.4.4.Final]
	at org.hibernate.internal.SessionFactoryObserverChain.sessionFactoryCreated(SessionFactoryObserverChain.java:35) ~[hibernate-core-6.4.4.Final.jar:6.4.4.Final]
	at org.hibernate.internal.SessionFactoryImpl.<init>(SessionFactoryImpl.java:315) ~[hibernate-core-6.4.4.Final.jar:6.4.4.Final]
	at org.hibernate.boot.internal.SessionFactoryBuilderImpl.build(SessionFactoryBuilderImpl.java:450) ~[hibernate-core-6.4.4.Final.jar:6.4.4.Final]
	at org.hibernate.jpa.boot.internal.EntityManagerFactoryBuilderImpl.build(EntityManagerFactoryBuilderImpl.java:1507) ~[hibernate-core-6.4.4.Final.jar:6.4.4.Final]
	at org.springframework.orm.jpa.vendor.SpringHibernateJpaPersistenceProvider.createContainerEntityManagerFactory(SpringHibernateJpaPersistenceProvider.java:75) ~[spring-orm-6.1.5.jar:6.1.5]
	at org.springframework.orm.jpa.LocalContainerEntityManagerFactoryBean.createNativeEntityManagerFactory(LocalContainerEntityManagerFactoryBean.java:390) ~[spring-orm-6.1.5.jar:6.1.5]
	at org.springframework.orm.jpa.AbstractEntityManagerFactoryBean.buildNativeEntityManagerFactory(AbstractEntityManagerFactoryBean.java:409) ~[spring-orm-6.1.5.jar:6.1.5]
	at org.springframework.orm.jpa.AbstractEntityManagerFactoryBean.afterPropertiesSet(AbstractEntityManagerFactoryBean.java:396) ~[spring-orm-6.1.5.jar:6.1.5]
	at org.springframework.orm.jpa.LocalContainerEntityManagerFactoryBean.afterPropertiesSet(LocalContainerEntityManagerFactoryBean.java:366) ~[spring-orm-6.1.5.jar:6.1.5]
	at org.springframework.beans.factory.support.AbstractAutowireCapableBeanFactory.invokeInitMethods(AbstractAutowireCapableBeanFactory.java:1833) ~[spring-beans-6.1.5.jar:6.1.5]
	at org.springframework.beans.factory.support.AbstractAutowireCapableBeanFactory.initializeBean(AbstractAutowireCapableBeanFactory.java:1782) ~[spring-beans-6.1.5.jar:6.1.5]
	at org.springframework.beans.factory.support.AbstractAutowireCapableBeanFactory.doCreateBean(AbstractAutowireCapableBeanFactory.java:600) ~[spring-beans-6.1.5.jar:6.1.5]
	at org.springframework.beans.factory.support.AbstractAutowireCapableBeanFactory.createBean(AbstractAutowireCapableBeanFactory.java:522) ~[spring-beans-6.1.5.jar:6.1.5]
	at org.springframework.beans.factory.support.AbstractBeanFactory.lambda$doGetBean$0(AbstractBeanFactory.java:326) ~[spring-beans-6.1.5.jar:6.1.5]
	at org.springframework.beans.factory.support.DefaultSingletonBeanRegistry.getSingleton(DefaultSingletonBeanRegistry.java:234) ~[spring-beans-6.1.5.jar:6.1.5]
	at org.springframework.beans.factory.support.AbstractBeanFactory.doGetBean(AbstractBeanFactory.java:324) ~[spring-beans-6.1.5.jar:6.1.5]
	at org.springframework.beans.factory.support.AbstractBeanFactory.getBean(AbstractBeanFactory.java:200) ~[spring-beans-6.1.5.jar:6.1.5]
	at org.springframework.context.support.AbstractApplicationContext.getBean(AbstractApplicationContext.java:1234) ~[spring-context-6.1.5.jar:6.1.5]
	at org.springframework.context.support.AbstractApplicationContext.finishBeanFactoryInitialization(AbstractApplicationContext.java:952) ~[spring-context-6.1.5.jar:6.1.5]
	at org.springframework.context.support.AbstractApplicationContext.refresh(AbstractApplicationContext.java:624) ~[spring-context-6.1.5.jar:6.1.5]
	at org.springframework.boot.SpringApplication.refresh(SpringApplication.java:754) ~[spring-boot-3.2.4.jar:3.2.4]
	at org.springframework.boot.SpringApplication.refreshContext(SpringApplication.java:456) ~[spring-boot-3.2.4.jar:3.2.4]
	at org.springframework.boot.SpringApplication.run(SpringApplication.java:334) ~[spring-boot-3.2.4.jar:3.2.4]
	at org.springframework.boot.test.context.SpringBootContextLoader.lambda$loadContext$3(SpringBootContextLoader.java:137) ~[spring-boot-test-3.2.4.jar:3.2.4]
	at org.springframework.util.function.ThrowingSupplier.get(ThrowingSupplier.java:58) ~[spring-core-6.1.5.jar:6.1.5]
	at org.springframework.util.function.ThrowingSupplier.get(ThrowingSupplier.java:46) ~[spring-core-6.1.5.jar:6.1.5]
	at org.springframework.boot.SpringApplication.withHook(SpringApplication.java:1454) ~[spring-boot-3.2.4.jar:3.2.4]
	at org.springframework.boot.test.context.SpringBootContextLoader$ContextLoaderHook.run(SpringBootContextLoader.java:553) ~[spring-boot-test-3.2.4.jar:3.2.4]
	at org.springframework.boot.test.context.SpringBootContextLoader.loadContext(SpringBootContextLoader.java:137) ~[spring-boot-test-3.2.4.jar:3.2.4]
	at org.springframework.boot.test.context.SpringBootContextLoader.loadContext(SpringBootContextLoader.java:108) ~[spring-boot-test-3.2.4.jar:3.2.4]
	at org.springframework.test.context.cache.DefaultCacheAwareContextLoaderDelegate.loadContextInternal(DefaultCacheAwareContextLoaderDelegate.java:225) ~[spring-test-6.1.5.jar:6.1.5]
	at org.springframework.test.context.cache.DefaultCacheAwareContextLoaderDelegate.loadContext(DefaultCacheAwareContextLoaderDelegate.java:152) ~[spring-test-6.1.5.jar:6.1.5]
	at org.springframework.test.context.support.DefaultTestContext.getApplicationContext(DefaultTestContext.java:130) ~[spring-test-6.1.5.jar:6.1.5]
	at org.springframework.test.context.support.DependencyInjectionTestExecutionListener.injectDependencies(DependencyInjectionTestExecutionListener.java:142) ~[spring-test-6.1.5.jar:6.1.5]
	at org.springframework.test.context.support.DependencyInjectionTestExecutionListener.prepareTestInstance(DependencyInjectionTestExecutionListener.java:98) ~[spring-test-6.1.5.jar:6.1.5]
	at org.springframework.test.context.TestContextManager.prepareTestInstance(TestContextManager.java:260) ~[spring-test-6.1.5.jar:6.1.5]
	at org.springframework.test.context.junit.jupiter.SpringExtension.postProcessTestInstance(SpringExtension.java:163) ~[spring-test-6.1.5.jar:6.1.5]
	at org.junit.jupiter.engine.descriptor.ClassBasedTestDescriptor.lambda$invokeTestInstancePostProcessors$10(ClassBasedTestDescriptor.java:378) ~[junit-jupiter-engine-5.10.2.jar:5.10.2]
	at org.junit.jupiter.engine.descriptor.ClassBasedTestDescriptor.executeAndMaskThrowable(ClassBasedTestDescriptor.java:383) ~[junit-jupiter-engine-5.10.2.jar:5.10.2]
	at org.junit.jupiter.engine.descriptor.ClassBasedTestDescriptor.lambda$invokeTestInstancePostProcessors$11(ClassBasedTestDescriptor.java:378) ~[junit-jupiter-engine-5.10.2.jar:5.10.2]
	at java.base/java.util.stream.ReferencePipeline$3$1.accept(ReferencePipeline.java:197) ~[na:na]
	at java.base/java.util.stream.ReferencePipeline$2$1.accept(ReferencePipeline.java:179) ~[na:na]
	at java.base/java.util.ArrayList$ArrayListSpliterator.forEachRemaining(ArrayList.java:1708) ~[na:na]
	at java.base/java.util.stream.AbstractPipeline.copyInto(AbstractPipeline.java:509) ~[na:na]
	at java.base/java.util.stream.AbstractPipeline.wrapAndCopyInto(AbstractPipeline.java:499) ~[na:na]
	at java.base/java.util.stream.StreamSpliterators$WrappingSpliterator.forEachRemaining(StreamSpliterators.java:310) ~[na:na]
	at java.base/java.util.stream.Streams$ConcatSpliterator.forEachRemaining(Streams.java:735) ~[na:na]
	at java.base/java.util.stream.Streams$ConcatSpliterator.forEachRemaining(Streams.java:734) ~[na:na]
	at java.base/java.util.stream.ReferencePipeline$Head.forEach(ReferencePipeline.java:762) ~[na:na]
	at org.junit.jupiter.engine.descriptor.ClassBasedTestDescriptor.invokeTestInstancePostProcessors(ClassBasedTestDescriptor.java:377) ~[junit-jupiter-engine-5.10.2.jar:5.10.2]
	at org.junit.jupiter.engine.descriptor.ClassBasedTestDescriptor.lambda$instantiateAndPostProcessTestInstance$6(ClassBasedTestDescriptor.java:290) ~[junit-jupiter-engine-5.10.2.jar:5.10.2]
	at org.junit.platform.engine.support.hierarchical.ThrowableCollector.execute(ThrowableCollector.java:73) ~[junit-platform-engine-1.10.2.jar:1.10.2]
	at org.junit.jupiter.engine.descriptor.ClassBasedTestDescriptor.instantiateAndPostProcessTestInstance(ClassBasedTestDescriptor.java:289) ~[junit-jupiter-engine-5.10.2.jar:5.10.2]
	at org.junit.jupiter.engine.descriptor.ClassBasedTestDescriptor.lambda$testInstancesProvider$4(ClassBasedTestDescriptor.java:279) ~[junit-jupiter-engine-5.10.2.jar:5.10.2]
	at java.base/java.util.Optional.orElseGet(Optional.java:364) ~[na:na]
	at org.junit.jupiter.engine.descriptor.ClassBasedTestDescriptor.lambda$testInstancesProvider$5(ClassBasedTestDescriptor.java:278) ~[junit-jupiter-engine-5.10.2.jar:5.10.2]
	at org.junit.jupiter.engine.execution.TestInstancesProvider.getTestInstances(TestInstancesProvider.java:31) ~[junit-jupiter-engine-5.10.2.jar:5.10.2]
	at org.junit.jupiter.engine.descriptor.TestMethodTestDescriptor.lambda$prepare$0(TestMethodTestDescriptor.java:106) ~[junit-jupiter-engine-5.10.2.jar:5.10.2]
	at org.junit.platform.engine.support.hierarchical.ThrowableCollector.execute(ThrowableCollector.java:73) ~[junit-platform-engine-1.10.2.jar:1.10.2]
	at org.junit.jupiter.engine.descriptor.TestMethodTestDescriptor.prepare(TestMethodTestDescriptor.java:105) ~[junit-jupiter-engine-5.10.2.jar:5.10.2]
	at org.junit.jupiter.engine.descriptor.TestMethodTestDescriptor.prepare(TestMethodTestDescriptor.java:69) ~[junit-jupiter-engine-5.10.2.jar:5.10.2]
	at org.junit.platform.engine.support.hierarchical.NodeTestTask.lambda$prepare$2(NodeTestTask.java:123) ~[junit-platform-engine-1.10.2.jar:1.10.2]
	at org.junit.platform.engine.support.hierarchical.ThrowableCollector.execute(ThrowableCollector.java:73) ~[junit-platform-engine-1.10.2.jar:1.10.2]
	at org.junit.platform.engine.support.hierarchical.NodeTestTask.prepare(NodeTestTask.java:123) ~[junit-platform-engine-1.10.2.jar:1.10.2]
	at org.junit.platform.engine.support.hierarchical.NodeTestTask.execute(NodeTestTask.java:90) ~[junit-platform-engine-1.10.2.jar:1.10.2]
	at java.base/java.util.ArrayList.forEach(ArrayList.java:1596) ~[na:na]
	at org.junit.platform.engine.support.hierarchical.SameThreadHierarchicalTestExecutorService.invokeAll(SameThreadHierarchicalTestExecutorService.java:41) ~[junit-platform-engine-1.10.2.jar:1.10.2]
	at org.junit.platform.engine.support.hierarchical.NodeTestTask.lambda$executeRecursively$6(NodeTestTask.java:155) ~[junit-platform-engine-1.10.2.jar:1.10.2]
	at org.junit.platform.engine.support.hierarchical.ThrowableCollector.execute(ThrowableCollector.java:73) ~[junit-platform-engine-1.10.2.jar:1.10.2]
	at org.junit.platform.engine.support.hierarchical.NodeTestTask.lambda$executeRecursively$8(NodeTestTask.java:141) ~[junit-platform-engine-1.10.2.jar:1.10.2]
	at org.junit.platform.engine.support.hierarchical.Node.around(Node.java:137) ~[junit-platform-engine-1.10.2.jar:1.10.2]
	at org.junit.platform.engine.support.hierarchical.NodeTestTask.lambda$executeRecursively$9(NodeTestTask.java:139) ~[junit-platform-engine-1.10.2.jar:1.10.2]
	at org.junit.platform.engine.support.hierarchical.ThrowableCollector.execute(ThrowableCollector.java:73) ~[junit-platform-engine-1.10.2.jar:1.10.2]
	at org.junit.platform.engine.support.hierarchical.NodeTestTask.executeRecursively(NodeTestTask.java:138) ~[junit-platform-engine-1.10.2.jar:1.10.2]
	at org.junit.platform.engine.support.hierarchical.NodeTestTask.execute(NodeTestTask.java:95) ~[junit-platform-engine-1.10.2.jar:1.10.2]
	at java.base/java.util.ArrayList.forEach(ArrayList.java:1596) ~[na:na]
	at org.junit.platform.engine.support.hierarchical.SameThreadHierarchicalTestExecutorService.invokeAll(SameThreadHierarchicalTestExecutorService.java:41) ~[junit-platform-engine-1.10.2.jar:1.10.2]
	at org.junit.platform.engine.support.hierarchical.NodeTestTask.lambda$executeRecursively$6(NodeTestTask.java:155) ~[junit-platform-engine-1.10.2.jar:1.10.2]
	at org.junit.platform.engine.support.hierarchical.ThrowableCollector.execute(ThrowableCollector.java:73) ~[junit-platform-engine-1.10.2.jar:1.10.2]
	at org.junit.platform.engine.support.hierarchical.NodeTestTask.lambda$executeRecursively$8(NodeTestTask.java:141) ~[junit-platform-engine-1.10.2.jar:1.10.2]
	at org.junit.platform.engine.support.hierarchical.Node.around(Node.java:137) ~[junit-platform-engine-1.10.2.jar:1.10.2]
	at org.junit.platform.engine.support.hierarchical.NodeTestTask.lambda$executeRecursively$9(NodeTestTask.java:139) ~[junit-platform-engine-1.10.2.jar:1.10.2]
	at org.junit.platform.engine.support.hierarchical.ThrowableCollector.execute(ThrowableCollector.java:73) ~[junit-platform-engine-1.10.2.jar:1.10.2]
	at org.junit.platform.engine.support.hierarchical.NodeTestTask.executeRecursively(NodeTestTask.java:138) ~[junit-platform-engine-1.10.2.jar:1.10.2]
	at org.junit.platform.engine.support.hierarchical.NodeTestTask.execute(NodeTestTask.java:95) ~[junit-platform-engine-1.10.2.jar:1.10.2]
	at org.junit.platform.engine.support.hierarchical.SameThreadHierarchicalTestExecutorService.submit(SameThreadHierarchicalTestExecutorService.java:35) ~[junit-platform-engine-1.10.2.jar:1.10.2]
	at org.junit.platform.engine.support.hierarchical.HierarchicalTestExecutor.execute(HierarchicalTestExecutor.java:57) ~[junit-platform-engine-1.10.2.jar:1.10.2]
	at org.junit.platform.engine.support.hierarchical.HierarchicalTestEngine.execute(HierarchicalTestEngine.java:54) ~[junit-platform-engine-1.10.2.jar:1.10.2]
	at org.junit.platform.launcher.core.EngineExecutionOrchestrator.execute(EngineExecutionOrchestrator.java:198) ~[junit-platform-launcher-1.10.2.jar:1.10.2]
	at org.junit.platform.launcher.core.EngineExecutionOrchestrator.execute(EngineExecutionOrchestrator.java:169) ~[junit-platform-launcher-1.10.2.jar:1.10.2]
	at org.junit.platform.launcher.core.EngineExecutionOrchestrator.execute(EngineExecutionOrchestrator.java:93) ~[junit-platform-launcher-1.10.2.jar:1.10.2]
	at org.junit.platform.launcher.core.EngineExecutionOrchestrator.lambda$execute$0(EngineExecutionOrchestrator.java:58) ~[junit-platform-launcher-1.10.2.jar:1.10.2]
	at org.junit.platform.launcher.core.EngineExecutionOrchestrator.withInterceptedStreams(EngineExecutionOrchestrator.java:141) ~[junit-platform-launcher-1.10.2.jar:1.10.2]
	at org.junit.platform.launcher.core.EngineExecutionOrchestrator.execute(EngineExecutionOrchestrator.java:57) ~[junit-platform-launcher-1.10.2.jar:1.10.2]
	at org.junit.platform.launcher.core.DefaultLauncher.execute(DefaultLauncher.java:103) ~[junit-platform-launcher-1.10.2.jar:1.10.2]
	at org.junit.platform.launcher.core.DefaultLauncher.execute(DefaultLauncher.java:85) ~[junit-platform-launcher-1.10.2.jar:1.10.2]
	at org.junit.platform.launcher.core.DelegatingLauncher.execute(DelegatingLauncher.java:47) ~[junit-platform-launcher-1.10.2.jar:1.10.2]
	at org.apache.maven.surefire.junitplatform.LazyLauncher.execute(LazyLauncher.java:56) ~[surefire-junit-platform-3.1.2.jar:3.1.2]
	at org.apache.maven.surefire.junitplatform.JUnitPlatformProvider.execute(JUnitPlatformProvider.java:184) ~[surefire-junit-platform-3.1.2.jar:3.1.2]
	at org.apache.maven.surefire.junitplatform.JUnitPlatformProvider.invokeAllTests(JUnitPlatformProvider.java:148) ~[surefire-junit-platform-3.1.2.jar:3.1.2]
	at org.apache.maven.surefire.junitplatform.JUnitPlatformProvider.invoke(JUnitPlatformProvider.java:122) ~[surefire-junit-platform-3.1.2.jar:3.1.2]
	at org.apache.maven.surefire.booter.ForkedBooter.runSuitesInProcess(ForkedBooter.java:385) ~[surefire-booter-3.1.2.jar:3.1.2]
	at org.apache.maven.surefire.booter.ForkedBooter.execute(ForkedBooter.java:162) ~[surefire-booter-3.1.2.jar:3.1.2]
	at org.apache.maven.surefire.booter.ForkedBooter.run(ForkedBooter.java:507) ~[surefire-booter-3.1.2.jar:3.1.2]
	at org.apache.maven.surefire.booter.ForkedBooter.main(ForkedBooter.java:495) ~[surefire-booter-3.1.2.jar:3.1.2]
Caused by: java.sql.SQLSyntaxErrorException: ORA-00942: table or view does not exist

	at oracle.jdbc.driver.T4CTTIoer11.processError(T4CTTIoer11.java:629) ~[ojdbc11-21.9.0.0.jar:21.9.0.0.0]
	at oracle.jdbc.driver.T4CTTIoer11.processError(T4CTTIoer11.java:563) ~[ojdbc11-21.9.0.0.jar:21.9.0.0.0]
	at oracle.jdbc.driver.T4C8Oall.processError(T4C8Oall.java:1230) ~[ojdbc11-21.9.0.0.jar:21.9.0.0.0]
	at oracle.jdbc.driver.T4CTTIfun.receive(T4CTTIfun.java:771) ~[ojdbc11-21.9.0.0.jar:21.9.0.0.0]
	at oracle.jdbc.driver.T4CTTIfun.doRPC(T4CTTIfun.java:298) ~[ojdbc11-21.9.0.0.jar:21.9.0.0.0]
	at oracle.jdbc.driver.T4C8Oall.doOALL(T4C8Oall.java:511) ~[ojdbc11-21.9.0.0.jar:21.9.0.0.0]
	at oracle.jdbc.driver.T4CStatement.doOall8(T4CStatement.java:122) ~[ojdbc11-21.9.0.0.jar:21.9.0.0.0]
	at oracle.jdbc.driver.T4CStatement.executeForRows(T4CStatement.java:1199) ~[ojdbc11-21.9.0.0.jar:21.9.0.0.0]
	at oracle.jdbc.driver.OracleStatement.executeSQLStatement(OracleStatement.java:1819) ~[ojdbc11-21.9.0.0.jar:21.9.0.0.0]
	at oracle.jdbc.driver.OracleStatement.doExecuteWithTimeout(OracleStatement.java:1471) ~[ojdbc11-21.9.0.0.jar:21.9.0.0.0]
	at oracle.jdbc.driver.OracleStatement.executeInternal(OracleStatement.java:2504) ~[ojdbc11-21.9.0.0.jar:21.9.0.0.0]
	at oracle.jdbc.driver.OracleStatement.execute(OracleStatement.java:2459) ~[ojdbc11-21.9.0.0.jar:21.9.0.0.0]
	at oracle.jdbc.driver.OracleStatementWrapper.execute(OracleStatementWrapper.java:327) ~[ojdbc11-21.9.0.0.jar:21.9.0.0.0]
	at com.zaxxer.hikari.pool.ProxyStatement.execute(ProxyStatement.java:94) ~[HikariCP-5.0.1.jar:na]
	at com.zaxxer.hikari.pool.HikariProxyStatement.execute(HikariProxyStatement.java) ~[HikariCP-5.0.1.jar:na]
	at org.hibernate.tool.schema.internal.exec.GenerationTargetToDatabase.accept(GenerationTargetToDatabase.java:80) ~[hibernate-core-6.4.4.Final.jar:6.4.4.Final]
	... 118 common frames omitted
Caused by: oracle.jdbc.OracleDatabaseException: ORA-00942: table or view does not exist

	at oracle.jdbc.driver.T4CTTIoer11.processError(T4CTTIoer11.java:636) ~[ojdbc11-21.9.0.0.jar:21.9.0.0.0]
	... 133 common frames omitted

2024-05-05T13:25:41.808-04:00 DEBUG 87501 --- [centromedico] [           main] org.hibernate.SQL                        : drop table especialidad cascade constraints
Hibernate: drop table especialidad cascade constraints
2024-05-05T13:25:41.868-04:00 DEBUG 87501 --- [centromedico] [           main] org.hibernate.SQL                        : drop table paciente cascade constraints
Hibernate: drop table paciente cascade constraints
2024-05-05T13:25:42.552-04:00 DEBUG 87501 --- [centromedico] [           main] org.hibernate.SQL                        : drop table profesional cascade constraints
Hibernate: drop table profesional cascade constraints
2024-05-05T13:25:43.389-04:00 DEBUG 87501 --- [centromedico] [           main] org.hibernate.SQL                        : create table consultamedica (fechaconsulta date, horario TIME, idcon number(19,0) generated as identity, idpac number(19,0), idprof number(19,0), diagnostico varchar2(255 char), tratamiento varchar2(255 char), primary key (idcon))
Hibernate: create table consultamedica (fechaconsulta date, horario TIME, idcon number(19,0) generated as identity, idpac number(19,0), idprof number(19,0), diagnostico varchar2(255 char), tratamiento varchar2(255 char), primary key (idcon))
2024-05-05T13:25:43.423-04:00  WARN 87501 --- [centromedico] [           main] o.h.t.s.i.ExceptionHandlerLoggedImpl     : GenerationTarget encountered exception accepting command : Error executing DDL "create table consultamedica (fechaconsulta date, horario TIME, idcon number(19,0) generated as identity, idpac number(19,0), idprof number(19,0), diagnostico varchar2(255 char), tratamiento varchar2(255 char), primary key (idcon))" via JDBC [ORA-00902: invalid datatype
]

org.hibernate.tool.schema.spi.CommandAcceptanceException: Error executing DDL "create table consultamedica (fechaconsulta date, horario TIME, idcon number(19,0) generated as identity, idpac number(19,0), idprof number(19,0), diagnostico varchar2(255 char), tratamiento varchar2(255 char), primary key (idcon))" via JDBC [ORA-00902: invalid datatype
]
	at org.hibernate.tool.schema.internal.exec.GenerationTargetToDatabase.accept(GenerationTargetToDatabase.java:94) ~[hibernate-core-6.4.4.Final.jar:6.4.4.Final]
	at org.hibernate.tool.schema.internal.Helper.applySqlString(Helper.java:233) ~[hibernate-core-6.4.4.Final.jar:6.4.4.Final]
	at org.hibernate.tool.schema.internal.Helper.applySqlStrings(Helper.java:217) ~[hibernate-core-6.4.4.Final.jar:6.4.4.Final]
	at org.hibernate.tool.schema.internal.SchemaCreatorImpl.createTables(SchemaCreatorImpl.java:420) ~[hibernate-core-6.4.4.Final.jar:6.4.4.Final]
	at org.hibernate.tool.schema.internal.SchemaCreatorImpl.createSequencesTablesConstraints(SchemaCreatorImpl.java:340) ~[hibernate-core-6.4.4.Final.jar:6.4.4.Final]
	at org.hibernate.tool.schema.internal.SchemaCreatorImpl.createFromMetadata(SchemaCreatorImpl.java:239) ~[hibernate-core-6.4.4.Final.jar:6.4.4.Final]
	at org.hibernate.tool.schema.internal.SchemaCreatorImpl.performCreation(SchemaCreatorImpl.java:172) ~[hibernate-core-6.4.4.Final.jar:6.4.4.Final]
	at org.hibernate.tool.schema.internal.SchemaCreatorImpl.doCreation(SchemaCreatorImpl.java:142) ~[hibernate-core-6.4.4.Final.jar:6.4.4.Final]
	at org.hibernate.tool.schema.internal.SchemaCreatorImpl.doCreation(SchemaCreatorImpl.java:118) ~[hibernate-core-6.4.4.Final.jar:6.4.4.Final]
	at org.hibernate.tool.schema.spi.SchemaManagementToolCoordinator.performDatabaseAction(SchemaManagementToolCoordinator.java:256) ~[hibernate-core-6.4.4.Final.jar:6.4.4.Final]
	at org.hibernate.tool.schema.spi.SchemaManagementToolCoordinator.lambda$process$5(SchemaManagementToolCoordinator.java:145) ~[hibernate-core-6.4.4.Final.jar:6.4.4.Final]
	at java.base/java.util.HashMap.forEach(HashMap.java:1429) ~[na:na]
	at org.hibernate.tool.schema.spi.SchemaManagementToolCoordinator.process(SchemaManagementToolCoordinator.java:142) ~[hibernate-core-6.4.4.Final.jar:6.4.4.Final]
	at org.hibernate.boot.internal.SessionFactoryObserverForSchemaExport.sessionFactoryCreated(SessionFactoryObserverForSchemaExport.java:37) ~[hibernate-core-6.4.4.Final.jar:6.4.4.Final]
	at org.hibernate.internal.SessionFactoryObserverChain.sessionFactoryCreated(SessionFactoryObserverChain.java:35) ~[hibernate-core-6.4.4.Final.jar:6.4.4.Final]
	at org.hibernate.internal.SessionFactoryImpl.<init>(SessionFactoryImpl.java:315) ~[hibernate-core-6.4.4.Final.jar:6.4.4.Final]
	at org.hibernate.boot.internal.SessionFactoryBuilderImpl.build(SessionFactoryBuilderImpl.java:450) ~[hibernate-core-6.4.4.Final.jar:6.4.4.Final]
	at org.hibernate.jpa.boot.internal.EntityManagerFactoryBuilderImpl.build(EntityManagerFactoryBuilderImpl.java:1507) ~[hibernate-core-6.4.4.Final.jar:6.4.4.Final]
	at org.springframework.orm.jpa.vendor.SpringHibernateJpaPersistenceProvider.createContainerEntityManagerFactory(SpringHibernateJpaPersistenceProvider.java:75) ~[spring-orm-6.1.5.jar:6.1.5]
	at org.springframework.orm.jpa.LocalContainerEntityManagerFactoryBean.createNativeEntityManagerFactory(LocalContainerEntityManagerFactoryBean.java:390) ~[spring-orm-6.1.5.jar:6.1.5]
	at org.springframework.orm.jpa.AbstractEntityManagerFactoryBean.buildNativeEntityManagerFactory(AbstractEntityManagerFactoryBean.java:409) ~[spring-orm-6.1.5.jar:6.1.5]
	at org.springframework.orm.jpa.AbstractEntityManagerFactoryBean.afterPropertiesSet(AbstractEntityManagerFactoryBean.java:396) ~[spring-orm-6.1.5.jar:6.1.5]
	at org.springframework.orm.jpa.LocalContainerEntityManagerFactoryBean.afterPropertiesSet(LocalContainerEntityManagerFactoryBean.java:366) ~[spring-orm-6.1.5.jar:6.1.5]
	at org.springframework.beans.factory.support.AbstractAutowireCapableBeanFactory.invokeInitMethods(AbstractAutowireCapableBeanFactory.java:1833) ~[spring-beans-6.1.5.jar:6.1.5]
	at org.springframework.beans.factory.support.AbstractAutowireCapableBeanFactory.initializeBean(AbstractAutowireCapableBeanFactory.java:1782) ~[spring-beans-6.1.5.jar:6.1.5]
	at org.springframework.beans.factory.support.AbstractAutowireCapableBeanFactory.doCreateBean(AbstractAutowireCapableBeanFactory.java:600) ~[spring-beans-6.1.5.jar:6.1.5]
	at org.springframework.beans.factory.support.AbstractAutowireCapableBeanFactory.createBean(AbstractAutowireCapableBeanFactory.java:522) ~[spring-beans-6.1.5.jar:6.1.5]
	at org.springframework.beans.factory.support.AbstractBeanFactory.lambda$doGetBean$0(AbstractBeanFactory.java:326) ~[spring-beans-6.1.5.jar:6.1.5]
	at org.springframework.beans.factory.support.DefaultSingletonBeanRegistry.getSingleton(DefaultSingletonBeanRegistry.java:234) ~[spring-beans-6.1.5.jar:6.1.5]
	at org.springframework.beans.factory.support.AbstractBeanFactory.doGetBean(AbstractBeanFactory.java:324) ~[spring-beans-6.1.5.jar:6.1.5]
	at org.springframework.beans.factory.support.AbstractBeanFactory.getBean(AbstractBeanFactory.java:200) ~[spring-beans-6.1.5.jar:6.1.5]
	at org.springframework.context.support.AbstractApplicationContext.getBean(AbstractApplicationContext.java:1234) ~[spring-context-6.1.5.jar:6.1.5]
	at org.springframework.context.support.AbstractApplicationContext.finishBeanFactoryInitialization(AbstractApplicationContext.java:952) ~[spring-context-6.1.5.jar:6.1.5]
	at org.springframework.context.support.AbstractApplicationContext.refresh(AbstractApplicationContext.java:624) ~[spring-context-6.1.5.jar:6.1.5]
	at org.springframework.boot.SpringApplication.refresh(SpringApplication.java:754) ~[spring-boot-3.2.4.jar:3.2.4]
	at org.springframework.boot.SpringApplication.refreshContext(SpringApplication.java:456) ~[spring-boot-3.2.4.jar:3.2.4]
	at org.springframework.boot.SpringApplication.run(SpringApplication.java:334) ~[spring-boot-3.2.4.jar:3.2.4]
	at org.springframework.boot.test.context.SpringBootContextLoader.lambda$loadContext$3(SpringBootContextLoader.java:137) ~[spring-boot-test-3.2.4.jar:3.2.4]
	at org.springframework.util.function.ThrowingSupplier.get(ThrowingSupplier.java:58) ~[spring-core-6.1.5.jar:6.1.5]
	at org.springframework.util.function.ThrowingSupplier.get(ThrowingSupplier.java:46) ~[spring-core-6.1.5.jar:6.1.5]
	at org.springframework.boot.SpringApplication.withHook(SpringApplication.java:1454) ~[spring-boot-3.2.4.jar:3.2.4]
	at org.springframework.boot.test.context.SpringBootContextLoader$ContextLoaderHook.run(SpringBootContextLoader.java:553) ~[spring-boot-test-3.2.4.jar:3.2.4]
	at org.springframework.boot.test.context.SpringBootContextLoader.loadContext(SpringBootContextLoader.java:137) ~[spring-boot-test-3.2.4.jar:3.2.4]
	at org.springframework.boot.test.context.SpringBootContextLoader.loadContext(SpringBootContextLoader.java:108) ~[spring-boot-test-3.2.4.jar:3.2.4]
	at org.springframework.test.context.cache.DefaultCacheAwareContextLoaderDelegate.loadContextInternal(DefaultCacheAwareContextLoaderDelegate.java:225) ~[spring-test-6.1.5.jar:6.1.5]
	at org.springframework.test.context.cache.DefaultCacheAwareContextLoaderDelegate.loadContext(DefaultCacheAwareContextLoaderDelegate.java:152) ~[spring-test-6.1.5.jar:6.1.5]
	at org.springframework.test.context.support.DefaultTestContext.getApplicationContext(DefaultTestContext.java:130) ~[spring-test-6.1.5.jar:6.1.5]
	at org.springframework.test.context.support.DependencyInjectionTestExecutionListener.injectDependencies(DependencyInjectionTestExecutionListener.java:142) ~[spring-test-6.1.5.jar:6.1.5]
	at org.springframework.test.context.support.DependencyInjectionTestExecutionListener.prepareTestInstance(DependencyInjectionTestExecutionListener.java:98) ~[spring-test-6.1.5.jar:6.1.5]
	at org.springframework.test.context.TestContextManager.prepareTestInstance(TestContextManager.java:260) ~[spring-test-6.1.5.jar:6.1.5]
	at org.springframework.test.context.junit.jupiter.SpringExtension.postProcessTestInstance(SpringExtension.java:163) ~[spring-test-6.1.5.jar:6.1.5]
	at org.junit.jupiter.engine.descriptor.ClassBasedTestDescriptor.lambda$invokeTestInstancePostProcessors$10(ClassBasedTestDescriptor.java:378) ~[junit-jupiter-engine-5.10.2.jar:5.10.2]
	at org.junit.jupiter.engine.descriptor.ClassBasedTestDescriptor.executeAndMaskThrowable(ClassBasedTestDescriptor.java:383) ~[junit-jupiter-engine-5.10.2.jar:5.10.2]
	at org.junit.jupiter.engine.descriptor.ClassBasedTestDescriptor.lambda$invokeTestInstancePostProcessors$11(ClassBasedTestDescriptor.java:378) ~[junit-jupiter-engine-5.10.2.jar:5.10.2]
	at java.base/java.util.stream.ReferencePipeline$3$1.accept(ReferencePipeline.java:197) ~[na:na]
	at java.base/java.util.stream.ReferencePipeline$2$1.accept(ReferencePipeline.java:179) ~[na:na]
	at java.base/java.util.ArrayList$ArrayListSpliterator.forEachRemaining(ArrayList.java:1708) ~[na:na]
	at java.base/java.util.stream.AbstractPipeline.copyInto(AbstractPipeline.java:509) ~[na:na]
	at java.base/java.util.stream.AbstractPipeline.wrapAndCopyInto(AbstractPipeline.java:499) ~[na:na]
	at java.base/java.util.stream.StreamSpliterators$WrappingSpliterator.forEachRemaining(StreamSpliterators.java:310) ~[na:na]
	at java.base/java.util.stream.Streams$ConcatSpliterator.forEachRemaining(Streams.java:735) ~[na:na]
	at java.base/java.util.stream.Streams$ConcatSpliterator.forEachRemaining(Streams.java:734) ~[na:na]
	at java.base/java.util.stream.ReferencePipeline$Head.forEach(ReferencePipeline.java:762) ~[na:na]
	at org.junit.jupiter.engine.descriptor.ClassBasedTestDescriptor.invokeTestInstancePostProcessors(ClassBasedTestDescriptor.java:377) ~[junit-jupiter-engine-5.10.2.jar:5.10.2]
	at org.junit.jupiter.engine.descriptor.ClassBasedTestDescriptor.lambda$instantiateAndPostProcessTestInstance$6(ClassBasedTestDescriptor.java:290) ~[junit-jupiter-engine-5.10.2.jar:5.10.2]
	at org.junit.platform.engine.support.hierarchical.ThrowableCollector.execute(ThrowableCollector.java:73) ~[junit-platform-engine-1.10.2.jar:1.10.2]
	at org.junit.jupiter.engine.descriptor.ClassBasedTestDescriptor.instantiateAndPostProcessTestInstance(ClassBasedTestDescriptor.java:289) ~[junit-jupiter-engine-5.10.2.jar:5.10.2]
	at org.junit.jupiter.engine.descriptor.ClassBasedTestDescriptor.lambda$testInstancesProvider$4(ClassBasedTestDescriptor.java:279) ~[junit-jupiter-engine-5.10.2.jar:5.10.2]
	at java.base/java.util.Optional.orElseGet(Optional.java:364) ~[na:na]
	at org.junit.jupiter.engine.descriptor.ClassBasedTestDescriptor.lambda$testInstancesProvider$5(ClassBasedTestDescriptor.java:278) ~[junit-jupiter-engine-5.10.2.jar:5.10.2]
	at org.junit.jupiter.engine.execution.TestInstancesProvider.getTestInstances(TestInstancesProvider.java:31) ~[junit-jupiter-engine-5.10.2.jar:5.10.2]
	at org.junit.jupiter.engine.descriptor.TestMethodTestDescriptor.lambda$prepare$0(TestMethodTestDescriptor.java:106) ~[junit-jupiter-engine-5.10.2.jar:5.10.2]
	at org.junit.platform.engine.support.hierarchical.ThrowableCollector.execute(ThrowableCollector.java:73) ~[junit-platform-engine-1.10.2.jar:1.10.2]
	at org.junit.jupiter.engine.descriptor.TestMethodTestDescriptor.prepare(TestMethodTestDescriptor.java:105) ~[junit-jupiter-engine-5.10.2.jar:5.10.2]
	at org.junit.jupiter.engine.descriptor.TestMethodTestDescriptor.prepare(TestMethodTestDescriptor.java:69) ~[junit-jupiter-engine-5.10.2.jar:5.10.2]
	at org.junit.platform.engine.support.hierarchical.NodeTestTask.lambda$prepare$2(NodeTestTask.java:123) ~[junit-platform-engine-1.10.2.jar:1.10.2]
	at org.junit.platform.engine.support.hierarchical.ThrowableCollector.execute(ThrowableCollector.java:73) ~[junit-platform-engine-1.10.2.jar:1.10.2]
	at org.junit.platform.engine.support.hierarchical.NodeTestTask.prepare(NodeTestTask.java:123) ~[junit-platform-engine-1.10.2.jar:1.10.2]
	at org.junit.platform.engine.support.hierarchical.NodeTestTask.execute(NodeTestTask.java:90) ~[junit-platform-engine-1.10.2.jar:1.10.2]
	at java.base/java.util.ArrayList.forEach(ArrayList.java:1596) ~[na:na]
	at org.junit.platform.engine.support.hierarchical.SameThreadHierarchicalTestExecutorService.invokeAll(SameThreadHierarchicalTestExecutorService.java:41) ~[junit-platform-engine-1.10.2.jar:1.10.2]
	at org.junit.platform.engine.support.hierarchical.NodeTestTask.lambda$executeRecursively$6(NodeTestTask.java:155) ~[junit-platform-engine-1.10.2.jar:1.10.2]
	at org.junit.platform.engine.support.hierarchical.ThrowableCollector.execute(ThrowableCollector.java:73) ~[junit-platform-engine-1.10.2.jar:1.10.2]
	at org.junit.platform.engine.support.hierarchical.NodeTestTask.lambda$executeRecursively$8(NodeTestTask.java:141) ~[junit-platform-engine-1.10.2.jar:1.10.2]
	at org.junit.platform.engine.support.hierarchical.Node.around(Node.java:137) ~[junit-platform-engine-1.10.2.jar:1.10.2]
	at org.junit.platform.engine.support.hierarchical.NodeTestTask.lambda$executeRecursively$9(NodeTestTask.java:139) ~[junit-platform-engine-1.10.2.jar:1.10.2]
	at org.junit.platform.engine.support.hierarchical.ThrowableCollector.execute(ThrowableCollector.java:73) ~[junit-platform-engine-1.10.2.jar:1.10.2]
	at org.junit.platform.engine.support.hierarchical.NodeTestTask.executeRecursively(NodeTestTask.java:138) ~[junit-platform-engine-1.10.2.jar:1.10.2]
	at org.junit.platform.engine.support.hierarchical.NodeTestTask.execute(NodeTestTask.java:95) ~[junit-platform-engine-1.10.2.jar:1.10.2]
	at java.base/java.util.ArrayList.forEach(ArrayList.java:1596) ~[na:na]
	at org.junit.platform.engine.support.hierarchical.SameThreadHierarchicalTestExecutorService.invokeAll(SameThreadHierarchicalTestExecutorService.java:41) ~[junit-platform-engine-1.10.2.jar:1.10.2]
	at org.junit.platform.engine.support.hierarchical.NodeTestTask.lambda$executeRecursively$6(NodeTestTask.java:155) ~[junit-platform-engine-1.10.2.jar:1.10.2]
	at org.junit.platform.engine.support.hierarchical.ThrowableCollector.execute(ThrowableCollector.java:73) ~[junit-platform-engine-1.10.2.jar:1.10.2]
	at org.junit.platform.engine.support.hierarchical.NodeTestTask.lambda$executeRecursively$8(NodeTestTask.java:141) ~[junit-platform-engine-1.10.2.jar:1.10.2]
	at org.junit.platform.engine.support.hierarchical.Node.around(Node.java:137) ~[junit-platform-engine-1.10.2.jar:1.10.2]
	at org.junit.platform.engine.support.hierarchical.NodeTestTask.lambda$executeRecursively$9(NodeTestTask.java:139) ~[junit-platform-engine-1.10.2.jar:1.10.2]
	at org.junit.platform.engine.support.hierarchical.ThrowableCollector.execute(ThrowableCollector.java:73) ~[junit-platform-engine-1.10.2.jar:1.10.2]
	at org.junit.platform.engine.support.hierarchical.NodeTestTask.executeRecursively(NodeTestTask.java:138) ~[junit-platform-engine-1.10.2.jar:1.10.2]
	at org.junit.platform.engine.support.hierarchical.NodeTestTask.execute(NodeTestTask.java:95) ~[junit-platform-engine-1.10.2.jar:1.10.2]
	at org.junit.platform.engine.support.hierarchical.SameThreadHierarchicalTestExecutorService.submit(SameThreadHierarchicalTestExecutorService.java:35) ~[junit-platform-engine-1.10.2.jar:1.10.2]
	at org.junit.platform.engine.support.hierarchical.HierarchicalTestExecutor.execute(HierarchicalTestExecutor.java:57) ~[junit-platform-engine-1.10.2.jar:1.10.2]
	at org.junit.platform.engine.support.hierarchical.HierarchicalTestEngine.execute(HierarchicalTestEngine.java:54) ~[junit-platform-engine-1.10.2.jar:1.10.2]
	at org.junit.platform.launcher.core.EngineExecutionOrchestrator.execute(EngineExecutionOrchestrator.java:198) ~[junit-platform-launcher-1.10.2.jar:1.10.2]
	at org.junit.platform.launcher.core.EngineExecutionOrchestrator.execute(EngineExecutionOrchestrator.java:169) ~[junit-platform-launcher-1.10.2.jar:1.10.2]
	at org.junit.platform.launcher.core.EngineExecutionOrchestrator.execute(EngineExecutionOrchestrator.java:93) ~[junit-platform-launcher-1.10.2.jar:1.10.2]
	at org.junit.platform.launcher.core.EngineExecutionOrchestrator.lambda$execute$0(EngineExecutionOrchestrator.java:58) ~[junit-platform-launcher-1.10.2.jar:1.10.2]
	at org.junit.platform.launcher.core.EngineExecutionOrchestrator.withInterceptedStreams(EngineExecutionOrchestrator.java:141) ~[junit-platform-launcher-1.10.2.jar:1.10.2]
	at org.junit.platform.launcher.core.EngineExecutionOrchestrator.execute(EngineExecutionOrchestrator.java:57) ~[junit-platform-launcher-1.10.2.jar:1.10.2]
	at org.junit.platform.launcher.core.DefaultLauncher.execute(DefaultLauncher.java:103) ~[junit-platform-launcher-1.10.2.jar:1.10.2]
	at org.junit.platform.launcher.core.DefaultLauncher.execute(DefaultLauncher.java:85) ~[junit-platform-launcher-1.10.2.jar:1.10.2]
	at org.junit.platform.launcher.core.DelegatingLauncher.execute(DelegatingLauncher.java:47) ~[junit-platform-launcher-1.10.2.jar:1.10.2]
	at org.apache.maven.surefire.junitplatform.LazyLauncher.execute(LazyLauncher.java:56) ~[surefire-junit-platform-3.1.2.jar:3.1.2]
	at org.apache.maven.surefire.junitplatform.JUnitPlatformProvider.execute(JUnitPlatformProvider.java:184) ~[surefire-junit-platform-3.1.2.jar:3.1.2]
	at org.apache.maven.surefire.junitplatform.JUnitPlatformProvider.invokeAllTests(JUnitPlatformProvider.java:148) ~[surefire-junit-platform-3.1.2.jar:3.1.2]
	at org.apache.maven.surefire.junitplatform.JUnitPlatformProvider.invoke(JUnitPlatformProvider.java:122) ~[surefire-junit-platform-3.1.2.jar:3.1.2]
	at org.apache.maven.surefire.booter.ForkedBooter.runSuitesInProcess(ForkedBooter.java:385) ~[surefire-booter-3.1.2.jar:3.1.2]
	at org.apache.maven.surefire.booter.ForkedBooter.execute(ForkedBooter.java:162) ~[surefire-booter-3.1.2.jar:3.1.2]
	at org.apache.maven.surefire.booter.ForkedBooter.run(ForkedBooter.java:507) ~[surefire-booter-3.1.2.jar:3.1.2]
	at org.apache.maven.surefire.booter.ForkedBooter.main(ForkedBooter.java:495) ~[surefire-booter-3.1.2.jar:3.1.2]
Caused by: java.sql.SQLSyntaxErrorException: ORA-00902: invalid datatype

	at oracle.jdbc.driver.T4CTTIoer11.processError(T4CTTIoer11.java:629) ~[ojdbc11-21.9.0.0.jar:21.9.0.0.0]
	at oracle.jdbc.driver.T4CTTIoer11.processError(T4CTTIoer11.java:563) ~[ojdbc11-21.9.0.0.jar:21.9.0.0.0]
	at oracle.jdbc.driver.T4C8Oall.processError(T4C8Oall.java:1230) ~[ojdbc11-21.9.0.0.jar:21.9.0.0.0]
	at oracle.jdbc.driver.T4CTTIfun.receive(T4CTTIfun.java:771) ~[ojdbc11-21.9.0.0.jar:21.9.0.0.0]
	at oracle.jdbc.driver.T4CTTIfun.doRPC(T4CTTIfun.java:298) ~[ojdbc11-21.9.0.0.jar:21.9.0.0.0]
	at oracle.jdbc.driver.T4C8Oall.doOALL(T4C8Oall.java:511) ~[ojdbc11-21.9.0.0.jar:21.9.0.0.0]
	at oracle.jdbc.driver.T4CStatement.doOall8(T4CStatement.java:122) ~[ojdbc11-21.9.0.0.jar:21.9.0.0.0]
	at oracle.jdbc.driver.T4CStatement.executeForRows(T4CStatement.java:1199) ~[ojdbc11-21.9.0.0.jar:21.9.0.0.0]
	at oracle.jdbc.driver.OracleStatement.executeSQLStatement(OracleStatement.java:1819) ~[ojdbc11-21.9.0.0.jar:21.9.0.0.0]
	at oracle.jdbc.driver.OracleStatement.doExecuteWithTimeout(OracleStatement.java:1471) ~[ojdbc11-21.9.0.0.jar:21.9.0.0.0]
	at oracle.jdbc.driver.OracleStatement.executeInternal(OracleStatement.java:2504) ~[ojdbc11-21.9.0.0.jar:21.9.0.0.0]
	at oracle.jdbc.driver.OracleStatement.execute(OracleStatement.java:2459) ~[ojdbc11-21.9.0.0.jar:21.9.0.0.0]
	at oracle.jdbc.driver.OracleStatementWrapper.execute(OracleStatementWrapper.java:327) ~[ojdbc11-21.9.0.0.jar:21.9.0.0.0]
	at com.zaxxer.hikari.pool.ProxyStatement.execute(ProxyStatement.java:94) ~[HikariCP-5.0.1.jar:na]
	at com.zaxxer.hikari.pool.HikariProxyStatement.execute(HikariProxyStatement.java) ~[HikariCP-5.0.1.jar:na]
	at org.hibernate.tool.schema.internal.exec.GenerationTargetToDatabase.accept(GenerationTargetToDatabase.java:80) ~[hibernate-core-6.4.4.Final.jar:6.4.4.Final]
	... 118 common frames omitted
Caused by: oracle.jdbc.OracleDatabaseException: ORA-00902: invalid datatype

	at oracle.jdbc.driver.T4CTTIoer11.processError(T4CTTIoer11.java:636) ~[ojdbc11-21.9.0.0.jar:21.9.0.0.0]
	... 133 common frames omitted

2024-05-05T13:25:43.424-04:00 DEBUG 87501 --- [centromedico] [           main] org.hibernate.SQL                        : create table especialidad (ides number(19,0) generated as identity, nombre varchar2(255 char), primary key (ides))
Hibernate: create table especialidad (ides number(19,0) generated as identity, nombre varchar2(255 char), primary key (ides))
2024-05-05T13:25:43.868-04:00 DEBUG 87501 --- [centromedico] [           main] org.hibernate.SQL                        : create table paciente (edad number(19,0), idpac number(19,0) generated as identity, apellidos varchar2(255 char), nombres varchar2(255 char), rut varchar2(255 char), primary key (idpac))
Hibernate: create table paciente (edad number(19,0), idpac number(19,0) generated as identity, apellidos varchar2(255 char), nombres varchar2(255 char), rut varchar2(255 char), primary key (idpac))
2024-05-05T13:25:44.015-04:00 DEBUG 87501 --- [centromedico] [           main] org.hibernate.SQL                        : create table profesional (ides number(19,0), idprof number(19,0) generated as identity, apellidos varchar2(255 char), nombres varchar2(255 char), rut varchar2(255 char), primary key (idprof))
Hibernate: create table profesional (ides number(19,0), idprof number(19,0) generated as identity, apellidos varchar2(255 char), nombres varchar2(255 char), rut varchar2(255 char), primary key (idprof))
2024-05-05T13:25:44.098-04:00 DEBUG 87501 --- [centromedico] [           main] org.hibernate.SQL                        : alter table consultamedica add constraint FK8bo7o0ggp3bq17h8lnt17et88 foreign key (idpac) references paciente
Hibernate: alter table consultamedica add constraint FK8bo7o0ggp3bq17h8lnt17et88 foreign key (idpac) references paciente
2024-05-05T13:25:44.132-04:00  WARN 87501 --- [centromedico] [           main] o.h.t.s.i.ExceptionHandlerLoggedImpl     : GenerationTarget encountered exception accepting command : Error executing DDL "alter table consultamedica add constraint FK8bo7o0ggp3bq17h8lnt17et88 foreign key (idpac) references paciente" via JDBC [ORA-00942: table or view does not exist
]

org.hibernate.tool.schema.spi.CommandAcceptanceException: Error executing DDL "alter table consultamedica add constraint FK8bo7o0ggp3bq17h8lnt17et88 foreign key (idpac) references paciente" via JDBC [ORA-00942: table or view does not exist
]
	at org.hibernate.tool.schema.internal.exec.GenerationTargetToDatabase.accept(GenerationTargetToDatabase.java:94) ~[hibernate-core-6.4.4.Final.jar:6.4.4.Final]
	at org.hibernate.tool.schema.internal.Helper.applySqlString(Helper.java:233) ~[hibernate-core-6.4.4.Final.jar:6.4.4.Final]
	at org.hibernate.tool.schema.internal.Helper.applySqlStrings(Helper.java:217) ~[hibernate-core-6.4.4.Final.jar:6.4.4.Final]
	at org.hibernate.tool.schema.internal.SchemaCreatorImpl.createForeignKeys(SchemaCreatorImpl.java:303) ~[hibernate-core-6.4.4.Final.jar:6.4.4.Final]
	at org.hibernate.tool.schema.internal.SchemaCreatorImpl.createFromMetadata(SchemaCreatorImpl.java:250) ~[hibernate-core-6.4.4.Final.jar:6.4.4.Final]
	at org.hibernate.tool.schema.internal.SchemaCreatorImpl.performCreation(SchemaCreatorImpl.java:172) ~[hibernate-core-6.4.4.Final.jar:6.4.4.Final]
	at org.hibernate.tool.schema.internal.SchemaCreatorImpl.doCreation(SchemaCreatorImpl.java:142) ~[hibernate-core-6.4.4.Final.jar:6.4.4.Final]
	at org.hibernate.tool.schema.internal.SchemaCreatorImpl.doCreation(SchemaCreatorImpl.java:118) ~[hibernate-core-6.4.4.Final.jar:6.4.4.Final]
	at org.hibernate.tool.schema.spi.SchemaManagementToolCoordinator.performDatabaseAction(SchemaManagementToolCoordinator.java:256) ~[hibernate-core-6.4.4.Final.jar:6.4.4.Final]
	at org.hibernate.tool.schema.spi.SchemaManagementToolCoordinator.lambda$process$5(SchemaManagementToolCoordinator.java:145) ~[hibernate-core-6.4.4.Final.jar:6.4.4.Final]
	at java.base/java.util.HashMap.forEach(HashMap.java:1429) ~[na:na]
	at org.hibernate.tool.schema.spi.SchemaManagementToolCoordinator.process(SchemaManagementToolCoordinator.java:142) ~[hibernate-core-6.4.4.Final.jar:6.4.4.Final]
	at org.hibernate.boot.internal.SessionFactoryObserverForSchemaExport.sessionFactoryCreated(SessionFactoryObserverForSchemaExport.java:37) ~[hibernate-core-6.4.4.Final.jar:6.4.4.Final]
	at org.hibernate.internal.SessionFactoryObserverChain.sessionFactoryCreated(SessionFactoryObserverChain.java:35) ~[hibernate-core-6.4.4.Final.jar:6.4.4.Final]
	at org.hibernate.internal.SessionFactoryImpl.<init>(SessionFactoryImpl.java:315) ~[hibernate-core-6.4.4.Final.jar:6.4.4.Final]
	at org.hibernate.boot.internal.SessionFactoryBuilderImpl.build(SessionFactoryBuilderImpl.java:450) ~[hibernate-core-6.4.4.Final.jar:6.4.4.Final]
	at org.hibernate.jpa.boot.internal.EntityManagerFactoryBuilderImpl.build(EntityManagerFactoryBuilderImpl.java:1507) ~[hibernate-core-6.4.4.Final.jar:6.4.4.Final]
	at org.springframework.orm.jpa.vendor.SpringHibernateJpaPersistenceProvider.createContainerEntityManagerFactory(SpringHibernateJpaPersistenceProvider.java:75) ~[spring-orm-6.1.5.jar:6.1.5]
	at org.springframework.orm.jpa.LocalContainerEntityManagerFactoryBean.createNativeEntityManagerFactory(LocalContainerEntityManagerFactoryBean.java:390) ~[spring-orm-6.1.5.jar:6.1.5]
	at org.springframework.orm.jpa.AbstractEntityManagerFactoryBean.buildNativeEntityManagerFactory(AbstractEntityManagerFactoryBean.java:409) ~[spring-orm-6.1.5.jar:6.1.5]
	at org.springframework.orm.jpa.AbstractEntityManagerFactoryBean.afterPropertiesSet(AbstractEntityManagerFactoryBean.java:396) ~[spring-orm-6.1.5.jar:6.1.5]
	at org.springframework.orm.jpa.LocalContainerEntityManagerFactoryBean.afterPropertiesSet(LocalContainerEntityManagerFactoryBean.java:366) ~[spring-orm-6.1.5.jar:6.1.5]
	at org.springframework.beans.factory.support.AbstractAutowireCapableBeanFactory.invokeInitMethods(AbstractAutowireCapableBeanFactory.java:1833) ~[spring-beans-6.1.5.jar:6.1.5]
	at org.springframework.beans.factory.support.AbstractAutowireCapableBeanFactory.initializeBean(AbstractAutowireCapableBeanFactory.java:1782) ~[spring-beans-6.1.5.jar:6.1.5]
	at org.springframework.beans.factory.support.AbstractAutowireCapableBeanFactory.doCreateBean(AbstractAutowireCapableBeanFactory.java:600) ~[spring-beans-6.1.5.jar:6.1.5]
	at org.springframework.beans.factory.support.AbstractAutowireCapableBeanFactory.createBean(AbstractAutowireCapableBeanFactory.java:522) ~[spring-beans-6.1.5.jar:6.1.5]
	at org.springframework.beans.factory.support.AbstractBeanFactory.lambda$doGetBean$0(AbstractBeanFactory.java:326) ~[spring-beans-6.1.5.jar:6.1.5]
	at org.springframework.beans.factory.support.DefaultSingletonBeanRegistry.getSingleton(DefaultSingletonBeanRegistry.java:234) ~[spring-beans-6.1.5.jar:6.1.5]
	at org.springframework.beans.factory.support.AbstractBeanFactory.doGetBean(AbstractBeanFactory.java:324) ~[spring-beans-6.1.5.jar:6.1.5]
	at org.springframework.beans.factory.support.AbstractBeanFactory.getBean(AbstractBeanFactory.java:200) ~[spring-beans-6.1.5.jar:6.1.5]
	at org.springframework.context.support.AbstractApplicationContext.getBean(AbstractApplicationContext.java:1234) ~[spring-context-6.1.5.jar:6.1.5]
	at org.springframework.context.support.AbstractApplicationContext.finishBeanFactoryInitialization(AbstractApplicationContext.java:952) ~[spring-context-6.1.5.jar:6.1.5]
	at org.springframework.context.support.AbstractApplicationContext.refresh(AbstractApplicationContext.java:624) ~[spring-context-6.1.5.jar:6.1.5]
	at org.springframework.boot.SpringApplication.refresh(SpringApplication.java:754) ~[spring-boot-3.2.4.jar:3.2.4]
	at org.springframework.boot.SpringApplication.refreshContext(SpringApplication.java:456) ~[spring-boot-3.2.4.jar:3.2.4]
	at org.springframework.boot.SpringApplication.run(SpringApplication.java:334) ~[spring-boot-3.2.4.jar:3.2.4]
	at org.springframework.boot.test.context.SpringBootContextLoader.lambda$loadContext$3(SpringBootContextLoader.java:137) ~[spring-boot-test-3.2.4.jar:3.2.4]
	at org.springframework.util.function.ThrowingSupplier.get(ThrowingSupplier.java:58) ~[spring-core-6.1.5.jar:6.1.5]
	at org.springframework.util.function.ThrowingSupplier.get(ThrowingSupplier.java:46) ~[spring-core-6.1.5.jar:6.1.5]
	at org.springframework.boot.SpringApplication.withHook(SpringApplication.java:1454) ~[spring-boot-3.2.4.jar:3.2.4]
	at org.springframework.boot.test.context.SpringBootContextLoader$ContextLoaderHook.run(SpringBootContextLoader.java:553) ~[spring-boot-test-3.2.4.jar:3.2.4]
	at org.springframework.boot.test.context.SpringBootContextLoader.loadContext(SpringBootContextLoader.java:137) ~[spring-boot-test-3.2.4.jar:3.2.4]
	at org.springframework.boot.test.context.SpringBootContextLoader.loadContext(SpringBootContextLoader.java:108) ~[spring-boot-test-3.2.4.jar:3.2.4]
	at org.springframework.test.context.cache.DefaultCacheAwareContextLoaderDelegate.loadContextInternal(DefaultCacheAwareContextLoaderDelegate.java:225) ~[spring-test-6.1.5.jar:6.1.5]
	at org.springframework.test.context.cache.DefaultCacheAwareContextLoaderDelegate.loadContext(DefaultCacheAwareContextLoaderDelegate.java:152) ~[spring-test-6.1.5.jar:6.1.5]
	at org.springframework.test.context.support.DefaultTestContext.getApplicationContext(DefaultTestContext.java:130) ~[spring-test-6.1.5.jar:6.1.5]
	at org.springframework.test.context.support.DependencyInjectionTestExecutionListener.injectDependencies(DependencyInjectionTestExecutionListener.java:142) ~[spring-test-6.1.5.jar:6.1.5]
	at org.springframework.test.context.support.DependencyInjectionTestExecutionListener.prepareTestInstance(DependencyInjectionTestExecutionListener.java:98) ~[spring-test-6.1.5.jar:6.1.5]
	at org.springframework.test.context.TestContextManager.prepareTestInstance(TestContextManager.java:260) ~[spring-test-6.1.5.jar:6.1.5]
	at org.springframework.test.context.junit.jupiter.SpringExtension.postProcessTestInstance(SpringExtension.java:163) ~[spring-test-6.1.5.jar:6.1.5]
	at org.junit.jupiter.engine.descriptor.ClassBasedTestDescriptor.lambda$invokeTestInstancePostProcessors$10(ClassBasedTestDescriptor.java:378) ~[junit-jupiter-engine-5.10.2.jar:5.10.2]
	at org.junit.jupiter.engine.descriptor.ClassBasedTestDescriptor.executeAndMaskThrowable(ClassBasedTestDescriptor.java:383) ~[junit-jupiter-engine-5.10.2.jar:5.10.2]
	at org.junit.jupiter.engine.descriptor.ClassBasedTestDescriptor.lambda$invokeTestInstancePostProcessors$11(ClassBasedTestDescriptor.java:378) ~[junit-jupiter-engine-5.10.2.jar:5.10.2]
	at java.base/java.util.stream.ReferencePipeline$3$1.accept(ReferencePipeline.java:197) ~[na:na]
	at java.base/java.util.stream.ReferencePipeline$2$1.accept(ReferencePipeline.java:179) ~[na:na]
	at java.base/java.util.ArrayList$ArrayListSpliterator.forEachRemaining(ArrayList.java:1708) ~[na:na]
	at java.base/java.util.stream.AbstractPipeline.copyInto(AbstractPipeline.java:509) ~[na:na]
	at java.base/java.util.stream.AbstractPipeline.wrapAndCopyInto(AbstractPipeline.java:499) ~[na:na]
	at java.base/java.util.stream.StreamSpliterators$WrappingSpliterator.forEachRemaining(StreamSpliterators.java:310) ~[na:na]
	at java.base/java.util.stream.Streams$ConcatSpliterator.forEachRemaining(Streams.java:735) ~[na:na]
	at java.base/java.util.stream.Streams$ConcatSpliterator.forEachRemaining(Streams.java:734) ~[na:na]
	at java.base/java.util.stream.ReferencePipeline$Head.forEach(ReferencePipeline.java:762) ~[na:na]
	at org.junit.jupiter.engine.descriptor.ClassBasedTestDescriptor.invokeTestInstancePostProcessors(ClassBasedTestDescriptor.java:377) ~[junit-jupiter-engine-5.10.2.jar:5.10.2]
	at org.junit.jupiter.engine.descriptor.ClassBasedTestDescriptor.lambda$instantiateAndPostProcessTestInstance$6(ClassBasedTestDescriptor.java:290) ~[junit-jupiter-engine-5.10.2.jar:5.10.2]
	at org.junit.platform.engine.support.hierarchical.ThrowableCollector.execute(ThrowableCollector.java:73) ~[junit-platform-engine-1.10.2.jar:1.10.2]
	at org.junit.jupiter.engine.descriptor.ClassBasedTestDescriptor.instantiateAndPostProcessTestInstance(ClassBasedTestDescriptor.java:289) ~[junit-jupiter-engine-5.10.2.jar:5.10.2]
	at org.junit.jupiter.engine.descriptor.ClassBasedTestDescriptor.lambda$testInstancesProvider$4(ClassBasedTestDescriptor.java:279) ~[junit-jupiter-engine-5.10.2.jar:5.10.2]
	at java.base/java.util.Optional.orElseGet(Optional.java:364) ~[na:na]
	at org.junit.jupiter.engine.descriptor.ClassBasedTestDescriptor.lambda$testInstancesProvider$5(ClassBasedTestDescriptor.java:278) ~[junit-jupiter-engine-5.10.2.jar:5.10.2]
	at org.junit.jupiter.engine.execution.TestInstancesProvider.getTestInstances(TestInstancesProvider.java:31) ~[junit-jupiter-engine-5.10.2.jar:5.10.2]
	at org.junit.jupiter.engine.descriptor.TestMethodTestDescriptor.lambda$prepare$0(TestMethodTestDescriptor.java:106) ~[junit-jupiter-engine-5.10.2.jar:5.10.2]
	at org.junit.platform.engine.support.hierarchical.ThrowableCollector.execute(ThrowableCollector.java:73) ~[junit-platform-engine-1.10.2.jar:1.10.2]
	at org.junit.jupiter.engine.descriptor.TestMethodTestDescriptor.prepare(TestMethodTestDescriptor.java:105) ~[junit-jupiter-engine-5.10.2.jar:5.10.2]
	at org.junit.jupiter.engine.descriptor.TestMethodTestDescriptor.prepare(TestMethodTestDescriptor.java:69) ~[junit-jupiter-engine-5.10.2.jar:5.10.2]
	at org.junit.platform.engine.support.hierarchical.NodeTestTask.lambda$prepare$2(NodeTestTask.java:123) ~[junit-platform-engine-1.10.2.jar:1.10.2]
	at org.junit.platform.engine.support.hierarchical.ThrowableCollector.execute(ThrowableCollector.java:73) ~[junit-platform-engine-1.10.2.jar:1.10.2]
	at org.junit.platform.engine.support.hierarchical.NodeTestTask.prepare(NodeTestTask.java:123) ~[junit-platform-engine-1.10.2.jar:1.10.2]
	at org.junit.platform.engine.support.hierarchical.NodeTestTask.execute(NodeTestTask.java:90) ~[junit-platform-engine-1.10.2.jar:1.10.2]
	at java.base/java.util.ArrayList.forEach(ArrayList.java:1596) ~[na:na]
	at org.junit.platform.engine.support.hierarchical.SameThreadHierarchicalTestExecutorService.invokeAll(SameThreadHierarchicalTestExecutorService.java:41) ~[junit-platform-engine-1.10.2.jar:1.10.2]
	at org.junit.platform.engine.support.hierarchical.NodeTestTask.lambda$executeRecursively$6(NodeTestTask.java:155) ~[junit-platform-engine-1.10.2.jar:1.10.2]
	at org.junit.platform.engine.support.hierarchical.ThrowableCollector.execute(ThrowableCollector.java:73) ~[junit-platform-engine-1.10.2.jar:1.10.2]
	at org.junit.platform.engine.support.hierarchical.NodeTestTask.lambda$executeRecursively$8(NodeTestTask.java:141) ~[junit-platform-engine-1.10.2.jar:1.10.2]
	at org.junit.platform.engine.support.hierarchical.Node.around(Node.java:137) ~[junit-platform-engine-1.10.2.jar:1.10.2]
	at org.junit.platform.engine.support.hierarchical.NodeTestTask.lambda$executeRecursively$9(NodeTestTask.java:139) ~[junit-platform-engine-1.10.2.jar:1.10.2]
	at org.junit.platform.engine.support.hierarchical.ThrowableCollector.execute(ThrowableCollector.java:73) ~[junit-platform-engine-1.10.2.jar:1.10.2]
	at org.junit.platform.engine.support.hierarchical.NodeTestTask.executeRecursively(NodeTestTask.java:138) ~[junit-platform-engine-1.10.2.jar:1.10.2]
	at org.junit.platform.engine.support.hierarchical.NodeTestTask.execute(NodeTestTask.java:95) ~[junit-platform-engine-1.10.2.jar:1.10.2]
	at java.base/java.util.ArrayList.forEach(ArrayList.java:1596) ~[na:na]
	at org.junit.platform.engine.support.hierarchical.SameThreadHierarchicalTestExecutorService.invokeAll(SameThreadHierarchicalTestExecutorService.java:41) ~[junit-platform-engine-1.10.2.jar:1.10.2]
	at org.junit.platform.engine.support.hierarchical.NodeTestTask.lambda$executeRecursively$6(NodeTestTask.java:155) ~[junit-platform-engine-1.10.2.jar:1.10.2]
	at org.junit.platform.engine.support.hierarchical.ThrowableCollector.execute(ThrowableCollector.java:73) ~[junit-platform-engine-1.10.2.jar:1.10.2]
	at org.junit.platform.engine.support.hierarchical.NodeTestTask.lambda$executeRecursively$8(NodeTestTask.java:141) ~[junit-platform-engine-1.10.2.jar:1.10.2]
	at org.junit.platform.engine.support.hierarchical.Node.around(Node.java:137) ~[junit-platform-engine-1.10.2.jar:1.10.2]
	at org.junit.platform.engine.support.hierarchical.NodeTestTask.lambda$executeRecursively$9(NodeTestTask.java:139) ~[junit-platform-engine-1.10.2.jar:1.10.2]
	at org.junit.platform.engine.support.hierarchical.ThrowableCollector.execute(ThrowableCollector.java:73) ~[junit-platform-engine-1.10.2.jar:1.10.2]
	at org.junit.platform.engine.support.hierarchical.NodeTestTask.executeRecursively(NodeTestTask.java:138) ~[junit-platform-engine-1.10.2.jar:1.10.2]
	at org.junit.platform.engine.support.hierarchical.NodeTestTask.execute(NodeTestTask.java:95) ~[junit-platform-engine-1.10.2.jar:1.10.2]
	at org.junit.platform.engine.support.hierarchical.SameThreadHierarchicalTestExecutorService.submit(SameThreadHierarchicalTestExecutorService.java:35) ~[junit-platform-engine-1.10.2.jar:1.10.2]
	at org.junit.platform.engine.support.hierarchical.HierarchicalTestExecutor.execute(HierarchicalTestExecutor.java:57) ~[junit-platform-engine-1.10.2.jar:1.10.2]
	at org.junit.platform.engine.support.hierarchical.HierarchicalTestEngine.execute(HierarchicalTestEngine.java:54) ~[junit-platform-engine-1.10.2.jar:1.10.2]
	at org.junit.platform.launcher.core.EngineExecutionOrchestrator.execute(EngineExecutionOrchestrator.java:198) ~[junit-platform-launcher-1.10.2.jar:1.10.2]
	at org.junit.platform.launcher.core.EngineExecutionOrchestrator.execute(EngineExecutionOrchestrator.java:169) ~[junit-platform-launcher-1.10.2.jar:1.10.2]
	at org.junit.platform.launcher.core.EngineExecutionOrchestrator.execute(EngineExecutionOrchestrator.java:93) ~[junit-platform-launcher-1.10.2.jar:1.10.2]
	at org.junit.platform.launcher.core.EngineExecutionOrchestrator.lambda$execute$0(EngineExecutionOrchestrator.java:58) ~[junit-platform-launcher-1.10.2.jar:1.10.2]
	at org.junit.platform.launcher.core.EngineExecutionOrchestrator.withInterceptedStreams(EngineExecutionOrchestrator.java:141) ~[junit-platform-launcher-1.10.2.jar:1.10.2]
	at org.junit.platform.launcher.core.EngineExecutionOrchestrator.execute(EngineExecutionOrchestrator.java:57) ~[junit-platform-launcher-1.10.2.jar:1.10.2]
	at org.junit.platform.launcher.core.DefaultLauncher.execute(DefaultLauncher.java:103) ~[junit-platform-launcher-1.10.2.jar:1.10.2]
	at org.junit.platform.launcher.core.DefaultLauncher.execute(DefaultLauncher.java:85) ~[junit-platform-launcher-1.10.2.jar:1.10.2]
	at org.junit.platform.launcher.core.DelegatingLauncher.execute(DelegatingLauncher.java:47) ~[junit-platform-launcher-1.10.2.jar:1.10.2]
	at org.apache.maven.surefire.junitplatform.LazyLauncher.execute(LazyLauncher.java:56) ~[surefire-junit-platform-3.1.2.jar:3.1.2]
	at org.apache.maven.surefire.junitplatform.JUnitPlatformProvider.execute(JUnitPlatformProvider.java:184) ~[surefire-junit-platform-3.1.2.jar:3.1.2]
	at org.apache.maven.surefire.junitplatform.JUnitPlatformProvider.invokeAllTests(JUnitPlatformProvider.java:148) ~[surefire-junit-platform-3.1.2.jar:3.1.2]
	at org.apache.maven.surefire.junitplatform.JUnitPlatformProvider.invoke(JUnitPlatformProvider.java:122) ~[surefire-junit-platform-3.1.2.jar:3.1.2]
	at org.apache.maven.surefire.booter.ForkedBooter.runSuitesInProcess(ForkedBooter.java:385) ~[surefire-booter-3.1.2.jar:3.1.2]
	at org.apache.maven.surefire.booter.ForkedBooter.execute(ForkedBooter.java:162) ~[surefire-booter-3.1.2.jar:3.1.2]
	at org.apache.maven.surefire.booter.ForkedBooter.run(ForkedBooter.java:507) ~[surefire-booter-3.1.2.jar:3.1.2]
	at org.apache.maven.surefire.booter.ForkedBooter.main(ForkedBooter.java:495) ~[surefire-booter-3.1.2.jar:3.1.2]
Caused by: java.sql.SQLSyntaxErrorException: ORA-00942: table or view does not exist

	at oracle.jdbc.driver.T4CTTIoer11.processError(T4CTTIoer11.java:629) ~[ojdbc11-21.9.0.0.jar:21.9.0.0.0]
	at oracle.jdbc.driver.T4CTTIoer11.processError(T4CTTIoer11.java:563) ~[ojdbc11-21.9.0.0.jar:21.9.0.0.0]
	at oracle.jdbc.driver.T4C8Oall.processError(T4C8Oall.java:1230) ~[ojdbc11-21.9.0.0.jar:21.9.0.0.0]
	at oracle.jdbc.driver.T4CTTIfun.receive(T4CTTIfun.java:771) ~[ojdbc11-21.9.0.0.jar:21.9.0.0.0]
	at oracle.jdbc.driver.T4CTTIfun.doRPC(T4CTTIfun.java:298) ~[ojdbc11-21.9.0.0.jar:21.9.0.0.0]
	at oracle.jdbc.driver.T4C8Oall.doOALL(T4C8Oall.java:511) ~[ojdbc11-21.9.0.0.jar:21.9.0.0.0]
	at oracle.jdbc.driver.T4CStatement.doOall8(T4CStatement.java:122) ~[ojdbc11-21.9.0.0.jar:21.9.0.0.0]
	at oracle.jdbc.driver.T4CStatement.executeForRows(T4CStatement.java:1199) ~[ojdbc11-21.9.0.0.jar:21.9.0.0.0]
	at oracle.jdbc.driver.OracleStatement.executeSQLStatement(OracleStatement.java:1819) ~[ojdbc11-21.9.0.0.jar:21.9.0.0.0]
	at oracle.jdbc.driver.OracleStatement.doExecuteWithTimeout(OracleStatement.java:1471) ~[ojdbc11-21.9.0.0.jar:21.9.0.0.0]
	at oracle.jdbc.driver.OracleStatement.executeInternal(OracleStatement.java:2504) ~[ojdbc11-21.9.0.0.jar:21.9.0.0.0]
	at oracle.jdbc.driver.OracleStatement.execute(OracleStatement.java:2459) ~[ojdbc11-21.9.0.0.jar:21.9.0.0.0]
	at oracle.jdbc.driver.OracleStatementWrapper.execute(OracleStatementWrapper.java:327) ~[ojdbc11-21.9.0.0.jar:21.9.0.0.0]
	at com.zaxxer.hikari.pool.ProxyStatement.execute(ProxyStatement.java:94) ~[HikariCP-5.0.1.jar:na]
	at com.zaxxer.hikari.pool.HikariProxyStatement.execute(HikariProxyStatement.java) ~[HikariCP-5.0.1.jar:na]
	at org.hibernate.tool.schema.internal.exec.GenerationTargetToDatabase.accept(GenerationTargetToDatabase.java:80) ~[hibernate-core-6.4.4.Final.jar:6.4.4.Final]
	... 117 common frames omitted
Caused by: oracle.jdbc.OracleDatabaseException: ORA-00942: table or view does not exist

	at oracle.jdbc.driver.T4CTTIoer11.processError(T4CTTIoer11.java:636) ~[ojdbc11-21.9.0.0.jar:21.9.0.0.0]
	... 132 common frames omitted

2024-05-05T13:25:44.135-04:00 DEBUG 87501 --- [centromedico] [           main] org.hibernate.SQL                        : alter table consultamedica add constraint FK2an1s1frwavl2je2ey978xe6w foreign key (idprof) references profesional
Hibernate: alter table consultamedica add constraint FK2an1s1frwavl2je2ey978xe6w foreign key (idprof) references profesional
2024-05-05T13:25:44.170-04:00  WARN 87501 --- [centromedico] [           main] o.h.t.s.i.ExceptionHandlerLoggedImpl     : GenerationTarget encountered exception accepting command : Error executing DDL "alter table consultamedica add constraint FK2an1s1frwavl2je2ey978xe6w foreign key (idprof) references profesional" via JDBC [ORA-00942: table or view does not exist
]

org.hibernate.tool.schema.spi.CommandAcceptanceException: Error executing DDL "alter table consultamedica add constraint FK2an1s1frwavl2je2ey978xe6w foreign key (idprof) references profesional" via JDBC [ORA-00942: table or view does not exist
]
	at org.hibernate.tool.schema.internal.exec.GenerationTargetToDatabase.accept(GenerationTargetToDatabase.java:94) ~[hibernate-core-6.4.4.Final.jar:6.4.4.Final]
	at org.hibernate.tool.schema.internal.Helper.applySqlString(Helper.java:233) ~[hibernate-core-6.4.4.Final.jar:6.4.4.Final]
	at org.hibernate.tool.schema.internal.Helper.applySqlStrings(Helper.java:217) ~[hibernate-core-6.4.4.Final.jar:6.4.4.Final]
	at org.hibernate.tool.schema.internal.SchemaCreatorImpl.createForeignKeys(SchemaCreatorImpl.java:303) ~[hibernate-core-6.4.4.Final.jar:6.4.4.Final]
	at org.hibernate.tool.schema.internal.SchemaCreatorImpl.createFromMetadata(SchemaCreatorImpl.java:250) ~[hibernate-core-6.4.4.Final.jar:6.4.4.Final]
	at org.hibernate.tool.schema.internal.SchemaCreatorImpl.performCreation(SchemaCreatorImpl.java:172) ~[hibernate-core-6.4.4.Final.jar:6.4.4.Final]
	at org.hibernate.tool.schema.internal.SchemaCreatorImpl.doCreation(SchemaCreatorImpl.java:142) ~[hibernate-core-6.4.4.Final.jar:6.4.4.Final]
	at org.hibernate.tool.schema.internal.SchemaCreatorImpl.doCreation(SchemaCreatorImpl.java:118) ~[hibernate-core-6.4.4.Final.jar:6.4.4.Final]
	at org.hibernate.tool.schema.spi.SchemaManagementToolCoordinator.performDatabaseAction(SchemaManagementToolCoordinator.java:256) ~[hibernate-core-6.4.4.Final.jar:6.4.4.Final]
	at org.hibernate.tool.schema.spi.SchemaManagementToolCoordinator.lambda$process$5(SchemaManagementToolCoordinator.java:145) ~[hibernate-core-6.4.4.Final.jar:6.4.4.Final]
	at java.base/java.util.HashMap.forEach(HashMap.java:1429) ~[na:na]
	at org.hibernate.tool.schema.spi.SchemaManagementToolCoordinator.process(SchemaManagementToolCoordinator.java:142) ~[hibernate-core-6.4.4.Final.jar:6.4.4.Final]
	at org.hibernate.boot.internal.SessionFactoryObserverForSchemaExport.sessionFactoryCreated(SessionFactoryObserverForSchemaExport.java:37) ~[hibernate-core-6.4.4.Final.jar:6.4.4.Final]
	at org.hibernate.internal.SessionFactoryObserverChain.sessionFactoryCreated(SessionFactoryObserverChain.java:35) ~[hibernate-core-6.4.4.Final.jar:6.4.4.Final]
	at org.hibernate.internal.SessionFactoryImpl.<init>(SessionFactoryImpl.java:315) ~[hibernate-core-6.4.4.Final.jar:6.4.4.Final]
	at org.hibernate.boot.internal.SessionFactoryBuilderImpl.build(SessionFactoryBuilderImpl.java:450) ~[hibernate-core-6.4.4.Final.jar:6.4.4.Final]
	at org.hibernate.jpa.boot.internal.EntityManagerFactoryBuilderImpl.build(EntityManagerFactoryBuilderImpl.java:1507) ~[hibernate-core-6.4.4.Final.jar:6.4.4.Final]
	at org.springframework.orm.jpa.vendor.SpringHibernateJpaPersistenceProvider.createContainerEntityManagerFactory(SpringHibernateJpaPersistenceProvider.java:75) ~[spring-orm-6.1.5.jar:6.1.5]
	at org.springframework.orm.jpa.LocalContainerEntityManagerFactoryBean.createNativeEntityManagerFactory(LocalContainerEntityManagerFactoryBean.java:390) ~[spring-orm-6.1.5.jar:6.1.5]
	at org.springframework.orm.jpa.AbstractEntityManagerFactoryBean.buildNativeEntityManagerFactory(AbstractEntityManagerFactoryBean.java:409) ~[spring-orm-6.1.5.jar:6.1.5]
	at org.springframework.orm.jpa.AbstractEntityManagerFactoryBean.afterPropertiesSet(AbstractEntityManagerFactoryBean.java:396) ~[spring-orm-6.1.5.jar:6.1.5]
	at org.springframework.orm.jpa.LocalContainerEntityManagerFactoryBean.afterPropertiesSet(LocalContainerEntityManagerFactoryBean.java:366) ~[spring-orm-6.1.5.jar:6.1.5]
	at org.springframework.beans.factory.support.AbstractAutowireCapableBeanFactory.invokeInitMethods(AbstractAutowireCapableBeanFactory.java:1833) ~[spring-beans-6.1.5.jar:6.1.5]
	at org.springframework.beans.factory.support.AbstractAutowireCapableBeanFactory.initializeBean(AbstractAutowireCapableBeanFactory.java:1782) ~[spring-beans-6.1.5.jar:6.1.5]
	at org.springframework.beans.factory.support.AbstractAutowireCapableBeanFactory.doCreateBean(AbstractAutowireCapableBeanFactory.java:600) ~[spring-beans-6.1.5.jar:6.1.5]
	at org.springframework.beans.factory.support.AbstractAutowireCapableBeanFactory.createBean(AbstractAutowireCapableBeanFactory.java:522) ~[spring-beans-6.1.5.jar:6.1.5]
	at org.springframework.beans.factory.support.AbstractBeanFactory.lambda$doGetBean$0(AbstractBeanFactory.java:326) ~[spring-beans-6.1.5.jar:6.1.5]
	at org.springframework.beans.factory.support.DefaultSingletonBeanRegistry.getSingleton(DefaultSingletonBeanRegistry.java:234) ~[spring-beans-6.1.5.jar:6.1.5]
	at org.springframework.beans.factory.support.AbstractBeanFactory.doGetBean(AbstractBeanFactory.java:324) ~[spring-beans-6.1.5.jar:6.1.5]
	at org.springframework.beans.factory.support.AbstractBeanFactory.getBean(AbstractBeanFactory.java:200) ~[spring-beans-6.1.5.jar:6.1.5]
	at org.springframework.context.support.AbstractApplicationContext.getBean(AbstractApplicationContext.java:1234) ~[spring-context-6.1.5.jar:6.1.5]
	at org.springframework.context.support.AbstractApplicationContext.finishBeanFactoryInitialization(AbstractApplicationContext.java:952) ~[spring-context-6.1.5.jar:6.1.5]
	at org.springframework.context.support.AbstractApplicationContext.refresh(AbstractApplicationContext.java:624) ~[spring-context-6.1.5.jar:6.1.5]
	at org.springframework.boot.SpringApplication.refresh(SpringApplication.java:754) ~[spring-boot-3.2.4.jar:3.2.4]
	at org.springframework.boot.SpringApplication.refreshContext(SpringApplication.java:456) ~[spring-boot-3.2.4.jar:3.2.4]
	at org.springframework.boot.SpringApplication.run(SpringApplication.java:334) ~[spring-boot-3.2.4.jar:3.2.4]
	at org.springframework.boot.test.context.SpringBootContextLoader.lambda$loadContext$3(SpringBootContextLoader.java:137) ~[spring-boot-test-3.2.4.jar:3.2.4]
	at org.springframework.util.function.ThrowingSupplier.get(ThrowingSupplier.java:58) ~[spring-core-6.1.5.jar:6.1.5]
	at org.springframework.util.function.ThrowingSupplier.get(ThrowingSupplier.java:46) ~[spring-core-6.1.5.jar:6.1.5]
	at org.springframework.boot.SpringApplication.withHook(SpringApplication.java:1454) ~[spring-boot-3.2.4.jar:3.2.4]
	at org.springframework.boot.test.context.SpringBootContextLoader$ContextLoaderHook.run(SpringBootContextLoader.java:553) ~[spring-boot-test-3.2.4.jar:3.2.4]
	at org.springframework.boot.test.context.SpringBootContextLoader.loadContext(SpringBootContextLoader.java:137) ~[spring-boot-test-3.2.4.jar:3.2.4]
	at org.springframework.boot.test.context.SpringBootContextLoader.loadContext(SpringBootContextLoader.java:108) ~[spring-boot-test-3.2.4.jar:3.2.4]
	at org.springframework.test.context.cache.DefaultCacheAwareContextLoaderDelegate.loadContextInternal(DefaultCacheAwareContextLoaderDelegate.java:225) ~[spring-test-6.1.5.jar:6.1.5]
	at org.springframework.test.context.cache.DefaultCacheAwareContextLoaderDelegate.loadContext(DefaultCacheAwareContextLoaderDelegate.java:152) ~[spring-test-6.1.5.jar:6.1.5]
	at org.springframework.test.context.support.DefaultTestContext.getApplicationContext(DefaultTestContext.java:130) ~[spring-test-6.1.5.jar:6.1.5]
	at org.springframework.test.context.support.DependencyInjectionTestExecutionListener.injectDependencies(DependencyInjectionTestExecutionListener.java:142) ~[spring-test-6.1.5.jar:6.1.5]
	at org.springframework.test.context.support.DependencyInjectionTestExecutionListener.prepareTestInstance(DependencyInjectionTestExecutionListener.java:98) ~[spring-test-6.1.5.jar:6.1.5]
	at org.springframework.test.context.TestContextManager.prepareTestInstance(TestContextManager.java:260) ~[spring-test-6.1.5.jar:6.1.5]
	at org.springframework.test.context.junit.jupiter.SpringExtension.postProcessTestInstance(SpringExtension.java:163) ~[spring-test-6.1.5.jar:6.1.5]
	at org.junit.jupiter.engine.descriptor.ClassBasedTestDescriptor.lambda$invokeTestInstancePostProcessors$10(ClassBasedTestDescriptor.java:378) ~[junit-jupiter-engine-5.10.2.jar:5.10.2]
	at org.junit.jupiter.engine.descriptor.ClassBasedTestDescriptor.executeAndMaskThrowable(ClassBasedTestDescriptor.java:383) ~[junit-jupiter-engine-5.10.2.jar:5.10.2]
	at org.junit.jupiter.engine.descriptor.ClassBasedTestDescriptor.lambda$invokeTestInstancePostProcessors$11(ClassBasedTestDescriptor.java:378) ~[junit-jupiter-engine-5.10.2.jar:5.10.2]
	at java.base/java.util.stream.ReferencePipeline$3$1.accept(ReferencePipeline.java:197) ~[na:na]
	at java.base/java.util.stream.ReferencePipeline$2$1.accept(ReferencePipeline.java:179) ~[na:na]
	at java.base/java.util.ArrayList$ArrayListSpliterator.forEachRemaining(ArrayList.java:1708) ~[na:na]
	at java.base/java.util.stream.AbstractPipeline.copyInto(AbstractPipeline.java:509) ~[na:na]
	at java.base/java.util.stream.AbstractPipeline.wrapAndCopyInto(AbstractPipeline.java:499) ~[na:na]
	at java.base/java.util.stream.StreamSpliterators$WrappingSpliterator.forEachRemaining(StreamSpliterators.java:310) ~[na:na]
	at java.base/java.util.stream.Streams$ConcatSpliterator.forEachRemaining(Streams.java:735) ~[na:na]
	at java.base/java.util.stream.Streams$ConcatSpliterator.forEachRemaining(Streams.java:734) ~[na:na]
	at java.base/java.util.stream.ReferencePipeline$Head.forEach(ReferencePipeline.java:762) ~[na:na]
	at org.junit.jupiter.engine.descriptor.ClassBasedTestDescriptor.invokeTestInstancePostProcessors(ClassBasedTestDescriptor.java:377) ~[junit-jupiter-engine-5.10.2.jar:5.10.2]
	at org.junit.jupiter.engine.descriptor.ClassBasedTestDescriptor.lambda$instantiateAndPostProcessTestInstance$6(ClassBasedTestDescriptor.java:290) ~[junit-jupiter-engine-5.10.2.jar:5.10.2]
	at org.junit.platform.engine.support.hierarchical.ThrowableCollector.execute(ThrowableCollector.java:73) ~[junit-platform-engine-1.10.2.jar:1.10.2]
	at org.junit.jupiter.engine.descriptor.ClassBasedTestDescriptor.instantiateAndPostProcessTestInstance(ClassBasedTestDescriptor.java:289) ~[junit-jupiter-engine-5.10.2.jar:5.10.2]
	at org.junit.jupiter.engine.descriptor.ClassBasedTestDescriptor.lambda$testInstancesProvider$4(ClassBasedTestDescriptor.java:279) ~[junit-jupiter-engine-5.10.2.jar:5.10.2]
	at java.base/java.util.Optional.orElseGet(Optional.java:364) ~[na:na]
	at org.junit.jupiter.engine.descriptor.ClassBasedTestDescriptor.lambda$testInstancesProvider$5(ClassBasedTestDescriptor.java:278) ~[junit-jupiter-engine-5.10.2.jar:5.10.2]
	at org.junit.jupiter.engine.execution.TestInstancesProvider.getTestInstances(TestInstancesProvider.java:31) ~[junit-jupiter-engine-5.10.2.jar:5.10.2]
	at org.junit.jupiter.engine.descriptor.TestMethodTestDescriptor.lambda$prepare$0(TestMethodTestDescriptor.java:106) ~[junit-jupiter-engine-5.10.2.jar:5.10.2]
	at org.junit.platform.engine.support.hierarchical.ThrowableCollector.execute(ThrowableCollector.java:73) ~[junit-platform-engine-1.10.2.jar:1.10.2]
	at org.junit.jupiter.engine.descriptor.TestMethodTestDescriptor.prepare(TestMethodTestDescriptor.java:105) ~[junit-jupiter-engine-5.10.2.jar:5.10.2]
	at org.junit.jupiter.engine.descriptor.TestMethodTestDescriptor.prepare(TestMethodTestDescriptor.java:69) ~[junit-jupiter-engine-5.10.2.jar:5.10.2]
	at org.junit.platform.engine.support.hierarchical.NodeTestTask.lambda$prepare$2(NodeTestTask.java:123) ~[junit-platform-engine-1.10.2.jar:1.10.2]
	at org.junit.platform.engine.support.hierarchical.ThrowableCollector.execute(ThrowableCollector.java:73) ~[junit-platform-engine-1.10.2.jar:1.10.2]
	at org.junit.platform.engine.support.hierarchical.NodeTestTask.prepare(NodeTestTask.java:123) ~[junit-platform-engine-1.10.2.jar:1.10.2]
	at org.junit.platform.engine.support.hierarchical.NodeTestTask.execute(NodeTestTask.java:90) ~[junit-platform-engine-1.10.2.jar:1.10.2]
	at java.base/java.util.ArrayList.forEach(ArrayList.java:1596) ~[na:na]
	at org.junit.platform.engine.support.hierarchical.SameThreadHierarchicalTestExecutorService.invokeAll(SameThreadHierarchicalTestExecutorService.java:41) ~[junit-platform-engine-1.10.2.jar:1.10.2]
	at org.junit.platform.engine.support.hierarchical.NodeTestTask.lambda$executeRecursively$6(NodeTestTask.java:155) ~[junit-platform-engine-1.10.2.jar:1.10.2]
	at org.junit.platform.engine.support.hierarchical.ThrowableCollector.execute(ThrowableCollector.java:73) ~[junit-platform-engine-1.10.2.jar:1.10.2]
	at org.junit.platform.engine.support.hierarchical.NodeTestTask.lambda$executeRecursively$8(NodeTestTask.java:141) ~[junit-platform-engine-1.10.2.jar:1.10.2]
	at org.junit.platform.engine.support.hierarchical.Node.around(Node.java:137) ~[junit-platform-engine-1.10.2.jar:1.10.2]
	at org.junit.platform.engine.support.hierarchical.NodeTestTask.lambda$executeRecursively$9(NodeTestTask.java:139) ~[junit-platform-engine-1.10.2.jar:1.10.2]
	at org.junit.platform.engine.support.hierarchical.ThrowableCollector.execute(ThrowableCollector.java:73) ~[junit-platform-engine-1.10.2.jar:1.10.2]
	at org.junit.platform.engine.support.hierarchical.NodeTestTask.executeRecursively(NodeTestTask.java:138) ~[junit-platform-engine-1.10.2.jar:1.10.2]
	at org.junit.platform.engine.support.hierarchical.NodeTestTask.execute(NodeTestTask.java:95) ~[junit-platform-engine-1.10.2.jar:1.10.2]
	at java.base/java.util.ArrayList.forEach(ArrayList.java:1596) ~[na:na]
	at org.junit.platform.engine.support.hierarchical.SameThreadHierarchicalTestExecutorService.invokeAll(SameThreadHierarchicalTestExecutorService.java:41) ~[junit-platform-engine-1.10.2.jar:1.10.2]
	at org.junit.platform.engine.support.hierarchical.NodeTestTask.lambda$executeRecursively$6(NodeTestTask.java:155) ~[junit-platform-engine-1.10.2.jar:1.10.2]
	at org.junit.platform.engine.support.hierarchical.ThrowableCollector.execute(ThrowableCollector.java:73) ~[junit-platform-engine-1.10.2.jar:1.10.2]
	at org.junit.platform.engine.support.hierarchical.NodeTestTask.lambda$executeRecursively$8(NodeTestTask.java:141) ~[junit-platform-engine-1.10.2.jar:1.10.2]
	at org.junit.platform.engine.support.hierarchical.Node.around(Node.java:137) ~[junit-platform-engine-1.10.2.jar:1.10.2]
	at org.junit.platform.engine.support.hierarchical.NodeTestTask.lambda$executeRecursively$9(NodeTestTask.java:139) ~[junit-platform-engine-1.10.2.jar:1.10.2]
	at org.junit.platform.engine.support.hierarchical.ThrowableCollector.execute(ThrowableCollector.java:73) ~[junit-platform-engine-1.10.2.jar:1.10.2]
	at org.junit.platform.engine.support.hierarchical.NodeTestTask.executeRecursively(NodeTestTask.java:138) ~[junit-platform-engine-1.10.2.jar:1.10.2]
	at org.junit.platform.engine.support.hierarchical.NodeTestTask.execute(NodeTestTask.java:95) ~[junit-platform-engine-1.10.2.jar:1.10.2]
	at org.junit.platform.engine.support.hierarchical.SameThreadHierarchicalTestExecutorService.submit(SameThreadHierarchicalTestExecutorService.java:35) ~[junit-platform-engine-1.10.2.jar:1.10.2]
	at org.junit.platform.engine.support.hierarchical.HierarchicalTestExecutor.execute(HierarchicalTestExecutor.java:57) ~[junit-platform-engine-1.10.2.jar:1.10.2]
	at org.junit.platform.engine.support.hierarchical.HierarchicalTestEngine.execute(HierarchicalTestEngine.java:54) ~[junit-platform-engine-1.10.2.jar:1.10.2]
	at org.junit.platform.launcher.core.EngineExecutionOrchestrator.execute(EngineExecutionOrchestrator.java:198) ~[junit-platform-launcher-1.10.2.jar:1.10.2]
	at org.junit.platform.launcher.core.EngineExecutionOrchestrator.execute(EngineExecutionOrchestrator.java:169) ~[junit-platform-launcher-1.10.2.jar:1.10.2]
	at org.junit.platform.launcher.core.EngineExecutionOrchestrator.execute(EngineExecutionOrchestrator.java:93) ~[junit-platform-launcher-1.10.2.jar:1.10.2]
	at org.junit.platform.launcher.core.EngineExecutionOrchestrator.lambda$execute$0(EngineExecutionOrchestrator.java:58) ~[junit-platform-launcher-1.10.2.jar:1.10.2]
	at org.junit.platform.launcher.core.EngineExecutionOrchestrator.withInterceptedStreams(EngineExecutionOrchestrator.java:141) ~[junit-platform-launcher-1.10.2.jar:1.10.2]
	at org.junit.platform.launcher.core.EngineExecutionOrchestrator.execute(EngineExecutionOrchestrator.java:57) ~[junit-platform-launcher-1.10.2.jar:1.10.2]
	at org.junit.platform.launcher.core.DefaultLauncher.execute(DefaultLauncher.java:103) ~[junit-platform-launcher-1.10.2.jar:1.10.2]
	at org.junit.platform.launcher.core.DefaultLauncher.execute(DefaultLauncher.java:85) ~[junit-platform-launcher-1.10.2.jar:1.10.2]
	at org.junit.platform.launcher.core.DelegatingLauncher.execute(DelegatingLauncher.java:47) ~[junit-platform-launcher-1.10.2.jar:1.10.2]
	at org.apache.maven.surefire.junitplatform.LazyLauncher.execute(LazyLauncher.java:56) ~[surefire-junit-platform-3.1.2.jar:3.1.2]
	at org.apache.maven.surefire.junitplatform.JUnitPlatformProvider.execute(JUnitPlatformProvider.java:184) ~[surefire-junit-platform-3.1.2.jar:3.1.2]
	at org.apache.maven.surefire.junitplatform.JUnitPlatformProvider.invokeAllTests(JUnitPlatformProvider.java:148) ~[surefire-junit-platform-3.1.2.jar:3.1.2]
	at org.apache.maven.surefire.junitplatform.JUnitPlatformProvider.invoke(JUnitPlatformProvider.java:122) ~[surefire-junit-platform-3.1.2.jar:3.1.2]
	at org.apache.maven.surefire.booter.ForkedBooter.runSuitesInProcess(ForkedBooter.java:385) ~[surefire-booter-3.1.2.jar:3.1.2]
	at org.apache.maven.surefire.booter.ForkedBooter.execute(ForkedBooter.java:162) ~[surefire-booter-3.1.2.jar:3.1.2]
	at org.apache.maven.surefire.booter.ForkedBooter.run(ForkedBooter.java:507) ~[surefire-booter-3.1.2.jar:3.1.2]
	at org.apache.maven.surefire.booter.ForkedBooter.main(ForkedBooter.java:495) ~[surefire-booter-3.1.2.jar:3.1.2]
Caused by: java.sql.SQLSyntaxErrorException: ORA-00942: table or view does not exist

	at oracle.jdbc.driver.T4CTTIoer11.processError(T4CTTIoer11.java:629) ~[ojdbc11-21.9.0.0.jar:21.9.0.0.0]
	at oracle.jdbc.driver.T4CTTIoer11.processError(T4CTTIoer11.java:563) ~[ojdbc11-21.9.0.0.jar:21.9.0.0.0]
	at oracle.jdbc.driver.T4C8Oall.processError(T4C8Oall.java:1230) ~[ojdbc11-21.9.0.0.jar:21.9.0.0.0]
	at oracle.jdbc.driver.T4CTTIfun.receive(T4CTTIfun.java:771) ~[ojdbc11-21.9.0.0.jar:21.9.0.0.0]
	at oracle.jdbc.driver.T4CTTIfun.doRPC(T4CTTIfun.java:298) ~[ojdbc11-21.9.0.0.jar:21.9.0.0.0]
	at oracle.jdbc.driver.T4C8Oall.doOALL(T4C8Oall.java:511) ~[ojdbc11-21.9.0.0.jar:21.9.0.0.0]
	at oracle.jdbc.driver.T4CStatement.doOall8(T4CStatement.java:122) ~[ojdbc11-21.9.0.0.jar:21.9.0.0.0]
	at oracle.jdbc.driver.T4CStatement.executeForRows(T4CStatement.java:1199) ~[ojdbc11-21.9.0.0.jar:21.9.0.0.0]
	at oracle.jdbc.driver.OracleStatement.executeSQLStatement(OracleStatement.java:1819) ~[ojdbc11-21.9.0.0.jar:21.9.0.0.0]
	at oracle.jdbc.driver.OracleStatement.doExecuteWithTimeout(OracleStatement.java:1471) ~[ojdbc11-21.9.0.0.jar:21.9.0.0.0]
	at oracle.jdbc.driver.OracleStatement.executeInternal(OracleStatement.java:2504) ~[ojdbc11-21.9.0.0.jar:21.9.0.0.0]
	at oracle.jdbc.driver.OracleStatement.execute(OracleStatement.java:2459) ~[ojdbc11-21.9.0.0.jar:21.9.0.0.0]
	at oracle.jdbc.driver.OracleStatementWrapper.execute(OracleStatementWrapper.java:327) ~[ojdbc11-21.9.0.0.jar:21.9.0.0.0]
	at com.zaxxer.hikari.pool.ProxyStatement.execute(ProxyStatement.java:94) ~[HikariCP-5.0.1.jar:na]
	at com.zaxxer.hikari.pool.HikariProxyStatement.execute(HikariProxyStatement.java) ~[HikariCP-5.0.1.jar:na]
	at org.hibernate.tool.schema.internal.exec.GenerationTargetToDatabase.accept(GenerationTargetToDatabase.java:80) ~[hibernate-core-6.4.4.Final.jar:6.4.4.Final]
	... 117 common frames omitted
Caused by: oracle.jdbc.OracleDatabaseException: ORA-00942: table or view does not exist

	at oracle.jdbc.driver.T4CTTIoer11.processError(T4CTTIoer11.java:636) ~[ojdbc11-21.9.0.0.jar:21.9.0.0.0]
	... 132 common frames omitted

2024-05-05T13:25:44.171-04:00 DEBUG 87501 --- [centromedico] [           main] org.hibernate.SQL                        : alter table profesional add constraint FKbiib2p02lm97v6br9p5q7os6c foreign key (ides) references especialidad
Hibernate: alter table profesional add constraint FKbiib2p02lm97v6br9p5q7os6c foreign key (ides) references especialidad
2024-05-05T13:25:44.266-04:00 DEBUG 87501 --- [centromedico] [           main] o.h.internal.SessionFactoryRegistry      : Initializing SessionFactoryRegistry : org.hibernate.internal.SessionFactoryRegistry@515fff35
2024-05-05T13:25:44.266-04:00 DEBUG 87501 --- [centromedico] [           main] o.h.internal.SessionFactoryRegistry      : Registering SessionFactory: f417f974-d582-4def-a867-237326a79893 (<unnamed>)
2024-05-05T13:25:44.266-04:00 DEBUG 87501 --- [centromedico] [           main] o.h.internal.SessionFactoryRegistry      : Not binding SessionFactory to JNDI, no JNDI name configured
2024-05-05T13:25:44.266-04:00 DEBUG 87501 --- [centromedico] [           main] o.hibernate.internal.SessionFactoryImpl  : Instantiated SessionFactory
2024-05-05T13:25:44.266-04:00  INFO 87501 --- [centromedico] [           main] j.LocalContainerEntityManagerFactoryBean : Initialized JPA EntityManagerFactory for persistence unit 'default'
2024-05-05T13:25:44.268-04:00 DEBUG 87501 --- [centromedico] [           main] o.s.b.f.s.DefaultListableBeanFactory     : Creating shared instance of singleton bean 'centroMedicoApplication'
2024-05-05T13:25:44.269-04:00 DEBUG 87501 --- [centromedico] [           main] o.s.b.f.s.DefaultListableBeanFactory     : Creating shared instance of singleton bean 'org.springframework.boot.test.autoconfigure.jdbc.TestDatabaseAutoConfiguration'
2024-05-05T13:25:44.271-04:00 DEBUG 87501 --- [centromedico] [           main] o.s.b.f.s.DefaultListableBeanFactory     : Creating shared instance of singleton bean 'org.springframework.boot.autoconfigure.jdbc.metadata.DataSourcePoolMetadataProvidersConfiguration'
2024-05-05T13:25:44.271-04:00 DEBUG 87501 --- [centromedico] [           main] o.s.b.f.s.DefaultListableBeanFactory     : Creating shared instance of singleton bean 'org.springframework.boot.autoconfigure.jdbc.DataSourceAutoConfiguration'
2024-05-05T13:25:44.271-04:00 DEBUG 87501 --- [centromedico] [           main] o.s.b.f.s.DefaultListableBeanFactory     : Creating shared instance of singleton bean 'org.springframework.boot.context.properties.EnableConfigurationPropertiesRegistrar.methodValidationExcludeFilter'
2024-05-05T13:25:44.273-04:00 DEBUG 87501 --- [centromedico] [           main] o.s.b.f.s.DefaultListableBeanFactory     : Creating shared instance of singleton bean 'org.springframework.boot.autoconfigure.orm.jpa.JpaBaseConfiguration$PersistenceManagedTypesConfiguration'
2024-05-05T13:25:44.273-04:00 DEBUG 87501 --- [centromedico] [           main] o.s.b.f.s.DefaultListableBeanFactory     : Creating shared instance of singleton bean 'transactionManager'
2024-05-05T13:25:44.279-04:00 DEBUG 87501 --- [centromedico] [           main] o.s.b.f.s.DefaultListableBeanFactory     : Creating shared instance of singleton bean 'org.springframework.boot.autoconfigure.orm.jpa.HibernateJpaAutoConfiguration'
2024-05-05T13:25:44.279-04:00 DEBUG 87501 --- [centromedico] [           main] o.s.b.f.s.DefaultListableBeanFactory     : Creating shared instance of singleton bean 'org.springframework.boot.autoconfigure.data.jpa.JpaRepositoriesAutoConfiguration'
2024-05-05T13:25:44.280-04:00 DEBUG 87501 --- [centromedico] [           main] o.s.b.f.s.DefaultListableBeanFactory     : Creating shared instance of singleton bean 'jpaSharedEM_entityManagerFactory'
2024-05-05T13:25:44.293-04:00 DEBUG 87501 --- [centromedico] [           main] o.s.b.f.s.DefaultListableBeanFactory     : Creating shared instance of singleton bean 'org.springframework.data.jpa.util.JpaMetamodelCacheCleanup'
2024-05-05T13:25:44.293-04:00 DEBUG 87501 --- [centromedico] [           main] o.s.b.f.s.DefaultListableBeanFactory     : Creating shared instance of singleton bean 'org.springframework.data.jpa.repository.support.JpaEvaluationContextExtension'
2024-05-05T13:25:44.294-04:00 DEBUG 87501 --- [centromedico] [           main] o.s.b.f.s.DefaultListableBeanFactory     : Creating shared instance of singleton bean 'jpa.named-queries#0'
2024-05-05T13:25:44.296-04:00 DEBUG 87501 --- [centromedico] [           main] o.s.b.f.s.DefaultListableBeanFactory     : Creating shared instance of singleton bean 'jpa.EspecialidadRepository.fragments#0'
2024-05-05T13:25:44.296-04:00 DEBUG 87501 --- [centromedico] [           main] o.s.b.f.s.DefaultListableBeanFactory     : Creating shared instance of singleton bean 'especialidadRepository'
2024-05-05T13:25:44.302-04:00 DEBUG 87501 --- [centromedico] [           main] o.s.b.f.s.DefaultListableBeanFactory     : Creating shared instance of singleton bean 'jpaMappingContext'
2024-05-05T13:25:44.303-04:00 DEBUG 87501 --- [centromedico] [           main] .c.JpaMetamodelMappingContextFactoryBean : Initializing JpaMetamodelMappingContext…
2024-05-05T13:25:44.310-04:00 DEBUG 87501 --- [centromedico] [           main] .c.JpaMetamodelMappingContextFactoryBean : Finished initializing JpaMetamodelMappingContext
2024-05-05T13:25:44.326-04:00 DEBUG 87501 --- [centromedico] [           main] tor$SharedEntityManagerInvocationHandler : Creating new EntityManager for shared EntityManager invocation
2024-05-05T13:25:44.342-04:00 DEBUG 87501 --- [centromedico] [           main] o.h.stat.internal.StatisticsInitiator    : Statistics initialized [enabled=false]
2024-05-05T13:25:44.345-04:00 DEBUG 87501 --- [centromedico] [           main] tor$SharedEntityManagerInvocationHandler : Creating new EntityManager for shared EntityManager invocation
2024-05-05T13:25:44.360-04:00 DEBUG 87501 --- [centromedico] [           main] o.s.d.r.c.s.RepositoryFactorySupport     : Initializing repository instance for com.CentroMedico.CentroMedico.repository.EspecialidadRepository…
2024-05-05T13:25:44.368-04:00 DEBUG 87501 --- [centromedico] [           main] tor$SharedEntityManagerInvocationHandler : Creating new EntityManager for shared EntityManager invocation
2024-05-05T13:25:44.391-04:00 DEBUG 87501 --- [centromedico] [           main] o.s.d.r.c.s.RepositoryFactorySupport     : Finished creation of repository instance for com.CentroMedico.CentroMedico.repository.EspecialidadRepository.
2024-05-05T13:25:44.391-04:00 DEBUG 87501 --- [centromedico] [           main] o.s.b.f.s.DefaultListableBeanFactory     : Creating shared instance of singleton bean 'jpa.named-queries#1'
2024-05-05T13:25:44.392-04:00 DEBUG 87501 --- [centromedico] [           main] o.s.b.f.s.DefaultListableBeanFactory     : Creating shared instance of singleton bean 'jpa.PacienteRepository.fragments#0'
2024-05-05T13:25:44.392-04:00 DEBUG 87501 --- [centromedico] [           main] o.s.b.f.s.DefaultListableBeanFactory     : Creating shared instance of singleton bean 'pacienteRepository'
2024-05-05T13:25:44.393-04:00 DEBUG 87501 --- [centromedico] [           main] tor$SharedEntityManagerInvocationHandler : Creating new EntityManager for shared EntityManager invocation
2024-05-05T13:25:44.399-04:00 DEBUG 87501 --- [centromedico] [           main] o.s.d.r.c.s.RepositoryFactorySupport     : Initializing repository instance for com.CentroMedico.CentroMedico.repository.PacienteRepository…
2024-05-05T13:25:44.399-04:00 DEBUG 87501 --- [centromedico] [           main] tor$SharedEntityManagerInvocationHandler : Creating new EntityManager for shared EntityManager invocation
2024-05-05T13:25:44.408-04:00 DEBUG 87501 --- [centromedico] [           main] o.s.d.r.c.s.RepositoryFactorySupport     : Finished creation of repository instance for com.CentroMedico.CentroMedico.repository.PacienteRepository.
2024-05-05T13:25:44.408-04:00 DEBUG 87501 --- [centromedico] [           main] o.s.b.f.s.DefaultListableBeanFactory     : Creating shared instance of singleton bean 'jpa.named-queries#2'
2024-05-05T13:25:44.409-04:00 DEBUG 87501 --- [centromedico] [           main] o.s.b.f.s.DefaultListableBeanFactory     : Creating shared instance of singleton bean 'jpa.ProfesionalRepository.fragments#0'
2024-05-05T13:25:44.409-04:00 DEBUG 87501 --- [centromedico] [           main] o.s.b.f.s.DefaultListableBeanFactory     : Creating shared instance of singleton bean 'profesionalRepository'
2024-05-05T13:25:44.410-04:00 DEBUG 87501 --- [centromedico] [           main] tor$SharedEntityManagerInvocationHandler : Creating new EntityManager for shared EntityManager invocation
2024-05-05T13:25:44.410-04:00 DEBUG 87501 --- [centromedico] [           main] o.s.d.r.c.s.RepositoryFactorySupport     : Initializing repository instance for com.CentroMedico.CentroMedico.repository.ProfesionalRepository…
2024-05-05T13:25:44.411-04:00 DEBUG 87501 --- [centromedico] [           main] tor$SharedEntityManagerInvocationHandler : Creating new EntityManager for shared EntityManager invocation
2024-05-05T13:25:44.419-04:00 DEBUG 87501 --- [centromedico] [           main] o.s.d.r.c.s.RepositoryFactorySupport     : Finished creation of repository instance for com.CentroMedico.CentroMedico.repository.ProfesionalRepository.
2024-05-05T13:25:44.419-04:00 DEBUG 87501 --- [centromedico] [           main] o.s.b.f.s.DefaultListableBeanFactory     : Creating shared instance of singleton bean 'jpa.named-queries#3'
2024-05-05T13:25:44.419-04:00 DEBUG 87501 --- [centromedico] [           main] o.s.b.f.s.DefaultListableBeanFactory     : Creating shared instance of singleton bean 'jpa.ConsultaMedicaRepository.fragments#0'
2024-05-05T13:25:44.419-04:00 DEBUG 87501 --- [centromedico] [           main] o.s.b.f.s.DefaultListableBeanFactory     : Creating shared instance of singleton bean 'consultaMedicaRepository'
2024-05-05T13:25:44.420-04:00 DEBUG 87501 --- [centromedico] [           main] tor$SharedEntityManagerInvocationHandler : Creating new EntityManager for shared EntityManager invocation
2024-05-05T13:25:44.420-04:00 DEBUG 87501 --- [centromedico] [           main] o.s.d.r.c.s.RepositoryFactorySupport     : Initializing repository instance for com.CentroMedico.CentroMedico.repository.ConsultaMedicaRepository…
2024-05-05T13:25:44.421-04:00 DEBUG 87501 --- [centromedico] [           main] tor$SharedEntityManagerInvocationHandler : Creating new EntityManager for shared EntityManager invocation
2024-05-05T13:25:44.437-04:00 DEBUG 87501 --- [centromedico] [           main] o.s.d.jpa.repository.query.NamedQuery    : Looking up named query ConsultaMedica.findByFechaconsultaAndHorarioAndProfesionalAndPaciente
2024-05-05T13:25:44.438-04:00 DEBUG 87501 --- [centromedico] [           main] cResourceLocalTransactionCoordinatorImpl : JDBC transaction marked for rollback-only (exception provided for stack trace)

java.lang.Exception: exception just for purpose of providing stack trace
	at org.hibernate.resource.transaction.backend.jdbc.internal.JdbcResourceLocalTransactionCoordinatorImpl$TransactionDriverControlImpl.markRollbackOnly(JdbcResourceLocalTransactionCoordinatorImpl.java:310) ~[hibernate-core-6.4.4.Final.jar:6.4.4.Final]
	at org.hibernate.internal.AbstractSharedSessionContract.buildNamedQuery(AbstractSharedSessionContract.java:1097) ~[hibernate-core-6.4.4.Final.jar:6.4.4.Final]
	at org.hibernate.internal.AbstractSharedSessionContract.createNamedQuery(AbstractSharedSessionContract.java:975) ~[hibernate-core-6.4.4.Final.jar:6.4.4.Final]
	at org.hibernate.internal.AbstractSharedSessionContract.createNamedQuery(AbstractSharedSessionContract.java:136) ~[hibernate-core-6.4.4.Final.jar:6.4.4.Final]
	at java.base/jdk.internal.reflect.DirectMethodHandleAccessor.invoke(DirectMethodHandleAccessor.java:103) ~[na:na]
	at java.base/java.lang.reflect.Method.invoke(Method.java:580) ~[na:na]
	at org.springframework.orm.jpa.ExtendedEntityManagerCreator$ExtendedEntityManagerInvocationHandler.invoke(ExtendedEntityManagerCreator.java:364) ~[spring-orm-6.1.5.jar:6.1.5]
	at jdk.proxy2/jdk.proxy2.$Proxy114.createNamedQuery(Unknown Source) ~[na:na]
	at org.springframework.data.jpa.repository.query.NamedQuery.hasNamedQuery(NamedQuery.java:113) ~[spring-data-jpa-3.2.4.jar:3.2.4]
	at org.springframework.data.jpa.repository.query.NamedQuery.lookupFrom(NamedQuery.java:141) ~[spring-data-jpa-3.2.4.jar:3.2.4]
	at org.springframework.data.jpa.repository.query.JpaQueryLookupStrategy$DeclaredQueryLookupStrategy.resolveQuery(JpaQueryLookupStrategy.java:180) ~[spring-data-jpa-3.2.4.jar:3.2.4]
	at org.springframework.data.jpa.repository.query.JpaQueryLookupStrategy$CreateIfNotFoundQueryLookupStrategy.resolveQuery(JpaQueryLookupStrategy.java:252) ~[spring-data-jpa-3.2.4.jar:3.2.4]
	at org.springframework.data.jpa.repository.query.JpaQueryLookupStrategy$AbstractQueryLookupStrategy.resolveQuery(JpaQueryLookupStrategy.java:95) ~[spring-data-jpa-3.2.4.jar:3.2.4]
	at org.springframework.data.repository.core.support.QueryExecutorMethodInterceptor.lookupQuery(QueryExecutorMethodInterceptor.java:111) ~[spring-data-commons-3.2.4.jar:3.2.4]
	at org.springframework.data.repository.core.support.QueryExecutorMethodInterceptor.mapMethodsToQuery(QueryExecutorMethodInterceptor.java:99) ~[spring-data-commons-3.2.4.jar:3.2.4]
	at org.springframework.data.repository.core.support.QueryExecutorMethodInterceptor.lambda$new$0(QueryExecutorMethodInterceptor.java:88) ~[spring-data-commons-3.2.4.jar:3.2.4]
	at java.base/java.util.Optional.map(Optional.java:260) ~[na:na]
	at org.springframework.data.repository.core.support.QueryExecutorMethodInterceptor.<init>(QueryExecutorMethodInterceptor.java:88) ~[spring-data-commons-3.2.4.jar:3.2.4]
	at org.springframework.data.repository.core.support.RepositoryFactorySupport.getRepository(RepositoryFactorySupport.java:357) ~[spring-data-commons-3.2.4.jar:3.2.4]
	at org.springframework.data.repository.core.support.RepositoryFactoryBeanSupport.lambda$afterPropertiesSet$5(RepositoryFactoryBeanSupport.java:279) ~[spring-data-commons-3.2.4.jar:3.2.4]
	at org.springframework.data.util.Lazy.getNullable(Lazy.java:135) ~[spring-data-commons-3.2.4.jar:3.2.4]
	at org.springframework.data.util.Lazy.get(Lazy.java:113) ~[spring-data-commons-3.2.4.jar:3.2.4]
	at org.springframework.data.repository.core.support.RepositoryFactoryBeanSupport.afterPropertiesSet(RepositoryFactoryBeanSupport.java:285) ~[spring-data-commons-3.2.4.jar:3.2.4]
	at org.springframework.data.jpa.repository.support.JpaRepositoryFactoryBean.afterPropertiesSet(JpaRepositoryFactoryBean.java:132) ~[spring-data-jpa-3.2.4.jar:3.2.4]
	at org.springframework.beans.factory.support.AbstractAutowireCapableBeanFactory.invokeInitMethods(AbstractAutowireCapableBeanFactory.java:1833) ~[spring-beans-6.1.5.jar:6.1.5]
	at org.springframework.beans.factory.support.AbstractAutowireCapableBeanFactory.initializeBean(AbstractAutowireCapableBeanFactory.java:1782) ~[spring-beans-6.1.5.jar:6.1.5]
	at org.springframework.beans.factory.support.AbstractAutowireCapableBeanFactory.doCreateBean(AbstractAutowireCapableBeanFactory.java:600) ~[spring-beans-6.1.5.jar:6.1.5]
	at org.springframework.beans.factory.support.AbstractAutowireCapableBeanFactory.createBean(AbstractAutowireCapableBeanFactory.java:522) ~[spring-beans-6.1.5.jar:6.1.5]
	at org.springframework.beans.factory.support.AbstractBeanFactory.lambda$doGetBean$0(AbstractBeanFactory.java:326) ~[spring-beans-6.1.5.jar:6.1.5]
	at org.springframework.beans.factory.support.DefaultSingletonBeanRegistry.getSingleton(DefaultSingletonBeanRegistry.java:234) ~[spring-beans-6.1.5.jar:6.1.5]
	at org.springframework.beans.factory.support.AbstractBeanFactory.doGetBean(AbstractBeanFactory.java:324) ~[spring-beans-6.1.5.jar:6.1.5]
	at org.springframework.beans.factory.support.AbstractBeanFactory.getBean(AbstractBeanFactory.java:200) ~[spring-beans-6.1.5.jar:6.1.5]
	at org.springframework.beans.factory.support.DefaultListableBeanFactory.preInstantiateSingletons(DefaultListableBeanFactory.java:969) ~[spring-beans-6.1.5.jar:6.1.5]
	at org.springframework.context.support.AbstractApplicationContext.finishBeanFactoryInitialization(AbstractApplicationContext.java:962) ~[spring-context-6.1.5.jar:6.1.5]
	at org.springframework.context.support.AbstractApplicationContext.refresh(AbstractApplicationContext.java:624) ~[spring-context-6.1.5.jar:6.1.5]
	at org.springframework.boot.SpringApplication.refresh(SpringApplication.java:754) ~[spring-boot-3.2.4.jar:3.2.4]
	at org.springframework.boot.SpringApplication.refreshContext(SpringApplication.java:456) ~[spring-boot-3.2.4.jar:3.2.4]
	at org.springframework.boot.SpringApplication.run(SpringApplication.java:334) ~[spring-boot-3.2.4.jar:3.2.4]
	at org.springframework.boot.test.context.SpringBootContextLoader.lambda$loadContext$3(SpringBootContextLoader.java:137) ~[spring-boot-test-3.2.4.jar:3.2.4]
	at org.springframework.util.function.ThrowingSupplier.get(ThrowingSupplier.java:58) ~[spring-core-6.1.5.jar:6.1.5]
	at org.springframework.util.function.ThrowingSupplier.get(ThrowingSupplier.java:46) ~[spring-core-6.1.5.jar:6.1.5]
	at org.springframework.boot.SpringApplication.withHook(SpringApplication.java:1454) ~[spring-boot-3.2.4.jar:3.2.4]
	at org.springframework.boot.test.context.SpringBootContextLoader$ContextLoaderHook.run(SpringBootContextLoader.java:553) ~[spring-boot-test-3.2.4.jar:3.2.4]
	at org.springframework.boot.test.context.SpringBootContextLoader.loadContext(SpringBootContextLoader.java:137) ~[spring-boot-test-3.2.4.jar:3.2.4]
	at org.springframework.boot.test.context.SpringBootContextLoader.loadContext(SpringBootContextLoader.java:108) ~[spring-boot-test-3.2.4.jar:3.2.4]
	at org.springframework.test.context.cache.DefaultCacheAwareContextLoaderDelegate.loadContextInternal(DefaultCacheAwareContextLoaderDelegate.java:225) ~[spring-test-6.1.5.jar:6.1.5]
	at org.springframework.test.context.cache.DefaultCacheAwareContextLoaderDelegate.loadContext(DefaultCacheAwareContextLoaderDelegate.java:152) ~[spring-test-6.1.5.jar:6.1.5]
	at org.springframework.test.context.support.DefaultTestContext.getApplicationContext(DefaultTestContext.java:130) ~[spring-test-6.1.5.jar:6.1.5]
	at org.springframework.test.context.support.DependencyInjectionTestExecutionListener.injectDependencies(DependencyInjectionTestExecutionListener.java:142) ~[spring-test-6.1.5.jar:6.1.5]
	at org.springframework.test.context.support.DependencyInjectionTestExecutionListener.prepareTestInstance(DependencyInjectionTestExecutionListener.java:98) ~[spring-test-6.1.5.jar:6.1.5]
	at org.springframework.test.context.TestContextManager.prepareTestInstance(TestContextManager.java:260) ~[spring-test-6.1.5.jar:6.1.5]
	at org.springframework.test.context.junit.jupiter.SpringExtension.postProcessTestInstance(SpringExtension.java:163) ~[spring-test-6.1.5.jar:6.1.5]
	at org.junit.jupiter.engine.descriptor.ClassBasedTestDescriptor.lambda$invokeTestInstancePostProcessors$10(ClassBasedTestDescriptor.java:378) ~[junit-jupiter-engine-5.10.2.jar:5.10.2]
	at org.junit.jupiter.engine.descriptor.ClassBasedTestDescriptor.executeAndMaskThrowable(ClassBasedTestDescriptor.java:383) ~[junit-jupiter-engine-5.10.2.jar:5.10.2]
	at org.junit.jupiter.engine.descriptor.ClassBasedTestDescriptor.lambda$invokeTestInstancePostProcessors$11(ClassBasedTestDescriptor.java:378) ~[junit-jupiter-engine-5.10.2.jar:5.10.2]
	at java.base/java.util.stream.ReferencePipeline$3$1.accept(ReferencePipeline.java:197) ~[na:na]
	at java.base/java.util.stream.ReferencePipeline$2$1.accept(ReferencePipeline.java:179) ~[na:na]
	at java.base/java.util.ArrayList$ArrayListSpliterator.forEachRemaining(ArrayList.java:1708) ~[na:na]
	at java.base/java.util.stream.AbstractPipeline.copyInto(AbstractPipeline.java:509) ~[na:na]
	at java.base/java.util.stream.AbstractPipeline.wrapAndCopyInto(AbstractPipeline.java:499) ~[na:na]
	at java.base/java.util.stream.StreamSpliterators$WrappingSpliterator.forEachRemaining(StreamSpliterators.java:310) ~[na:na]
	at java.base/java.util.stream.Streams$ConcatSpliterator.forEachRemaining(Streams.java:735) ~[na:na]
	at java.base/java.util.stream.Streams$ConcatSpliterator.forEachRemaining(Streams.java:734) ~[na:na]
	at java.base/java.util.stream.ReferencePipeline$Head.forEach(ReferencePipeline.java:762) ~[na:na]
	at org.junit.jupiter.engine.descriptor.ClassBasedTestDescriptor.invokeTestInstancePostProcessors(ClassBasedTestDescriptor.java:377) ~[junit-jupiter-engine-5.10.2.jar:5.10.2]
	at org.junit.jupiter.engine.descriptor.ClassBasedTestDescriptor.lambda$instantiateAndPostProcessTestInstance$6(ClassBasedTestDescriptor.java:290) ~[junit-jupiter-engine-5.10.2.jar:5.10.2]
	at org.junit.platform.engine.support.hierarchical.ThrowableCollector.execute(ThrowableCollector.java:73) ~[junit-platform-engine-1.10.2.jar:1.10.2]
	at org.junit.jupiter.engine.descriptor.ClassBasedTestDescriptor.instantiateAndPostProcessTestInstance(ClassBasedTestDescriptor.java:289) ~[junit-jupiter-engine-5.10.2.jar:5.10.2]
	at org.junit.jupiter.engine.descriptor.ClassBasedTestDescriptor.lambda$testInstancesProvider$4(ClassBasedTestDescriptor.java:279) ~[junit-jupiter-engine-5.10.2.jar:5.10.2]
	at java.base/java.util.Optional.orElseGet(Optional.java:364) ~[na:na]
	at org.junit.jupiter.engine.descriptor.ClassBasedTestDescriptor.lambda$testInstancesProvider$5(ClassBasedTestDescriptor.java:278) ~[junit-jupiter-engine-5.10.2.jar:5.10.2]
	at org.junit.jupiter.engine.execution.TestInstancesProvider.getTestInstances(TestInstancesProvider.java:31) ~[junit-jupiter-engine-5.10.2.jar:5.10.2]
	at org.junit.jupiter.engine.descriptor.TestMethodTestDescriptor.lambda$prepare$0(TestMethodTestDescriptor.java:106) ~[junit-jupiter-engine-5.10.2.jar:5.10.2]
	at org.junit.platform.engine.support.hierarchical.ThrowableCollector.execute(ThrowableCollector.java:73) ~[junit-platform-engine-1.10.2.jar:1.10.2]
	at org.junit.jupiter.engine.descriptor.TestMethodTestDescriptor.prepare(TestMethodTestDescriptor.java:105) ~[junit-jupiter-engine-5.10.2.jar:5.10.2]
	at org.junit.jupiter.engine.descriptor.TestMethodTestDescriptor.prepare(TestMethodTestDescriptor.java:69) ~[junit-jupiter-engine-5.10.2.jar:5.10.2]
	at org.junit.platform.engine.support.hierarchical.NodeTestTask.lambda$prepare$2(NodeTestTask.java:123) ~[junit-platform-engine-1.10.2.jar:1.10.2]
	at org.junit.platform.engine.support.hierarchical.ThrowableCollector.execute(ThrowableCollector.java:73) ~[junit-platform-engine-1.10.2.jar:1.10.2]
	at org.junit.platform.engine.support.hierarchical.NodeTestTask.prepare(NodeTestTask.java:123) ~[junit-platform-engine-1.10.2.jar:1.10.2]
	at org.junit.platform.engine.support.hierarchical.NodeTestTask.execute(NodeTestTask.java:90) ~[junit-platform-engine-1.10.2.jar:1.10.2]
	at java.base/java.util.ArrayList.forEach(ArrayList.java:1596) ~[na:na]
	at org.junit.platform.engine.support.hierarchical.SameThreadHierarchicalTestExecutorService.invokeAll(SameThreadHierarchicalTestExecutorService.java:41) ~[junit-platform-engine-1.10.2.jar:1.10.2]
	at org.junit.platform.engine.support.hierarchical.NodeTestTask.lambda$executeRecursively$6(NodeTestTask.java:155) ~[junit-platform-engine-1.10.2.jar:1.10.2]
	at org.junit.platform.engine.support.hierarchical.ThrowableCollector.execute(ThrowableCollector.java:73) ~[junit-platform-engine-1.10.2.jar:1.10.2]
	at org.junit.platform.engine.support.hierarchical.NodeTestTask.lambda$executeRecursively$8(NodeTestTask.java:141) ~[junit-platform-engine-1.10.2.jar:1.10.2]
	at org.junit.platform.engine.support.hierarchical.Node.around(Node.java:137) ~[junit-platform-engine-1.10.2.jar:1.10.2]
	at org.junit.platform.engine.support.hierarchical.NodeTestTask.lambda$executeRecursively$9(NodeTestTask.java:139) ~[junit-platform-engine-1.10.2.jar:1.10.2]
	at org.junit.platform.engine.support.hierarchical.ThrowableCollector.execute(ThrowableCollector.java:73) ~[junit-platform-engine-1.10.2.jar:1.10.2]
	at org.junit.platform.engine.support.hierarchical.NodeTestTask.executeRecursively(NodeTestTask.java:138) ~[junit-platform-engine-1.10.2.jar:1.10.2]
	at org.junit.platform.engine.support.hierarchical.NodeTestTask.execute(NodeTestTask.java:95) ~[junit-platform-engine-1.10.2.jar:1.10.2]
	at java.base/java.util.ArrayList.forEach(ArrayList.java:1596) ~[na:na]
	at org.junit.platform.engine.support.hierarchical.SameThreadHierarchicalTestExecutorService.invokeAll(SameThreadHierarchicalTestExecutorService.java:41) ~[junit-platform-engine-1.10.2.jar:1.10.2]
	at org.junit.platform.engine.support.hierarchical.NodeTestTask.lambda$executeRecursively$6(NodeTestTask.java:155) ~[junit-platform-engine-1.10.2.jar:1.10.2]
	at org.junit.platform.engine.support.hierarchical.ThrowableCollector.execute(ThrowableCollector.java:73) ~[junit-platform-engine-1.10.2.jar:1.10.2]
	at org.junit.platform.engine.support.hierarchical.NodeTestTask.lambda$executeRecursively$8(NodeTestTask.java:141) ~[junit-platform-engine-1.10.2.jar:1.10.2]
	at org.junit.platform.engine.support.hierarchical.Node.around(Node.java:137) ~[junit-platform-engine-1.10.2.jar:1.10.2]
	at org.junit.platform.engine.support.hierarchical.NodeTestTask.lambda$executeRecursively$9(NodeTestTask.java:139) ~[junit-platform-engine-1.10.2.jar:1.10.2]
	at org.junit.platform.engine.support.hierarchical.ThrowableCollector.execute(ThrowableCollector.java:73) ~[junit-platform-engine-1.10.2.jar:1.10.2]
	at org.junit.platform.engine.support.hierarchical.NodeTestTask.executeRecursively(NodeTestTask.java:138) ~[junit-platform-engine-1.10.2.jar:1.10.2]
	at org.junit.platform.engine.support.hierarchical.NodeTestTask.execute(NodeTestTask.java:95) ~[junit-platform-engine-1.10.2.jar:1.10.2]
	at org.junit.platform.engine.support.hierarchical.SameThreadHierarchicalTestExecutorService.submit(SameThreadHierarchicalTestExecutorService.java:35) ~[junit-platform-engine-1.10.2.jar:1.10.2]
	at org.junit.platform.engine.support.hierarchical.HierarchicalTestExecutor.execute(HierarchicalTestExecutor.java:57) ~[junit-platform-engine-1.10.2.jar:1.10.2]
	at org.junit.platform.engine.support.hierarchical.HierarchicalTestEngine.execute(HierarchicalTestEngine.java:54) ~[junit-platform-engine-1.10.2.jar:1.10.2]
	at org.junit.platform.launcher.core.EngineExecutionOrchestrator.execute(EngineExecutionOrchestrator.java:198) ~[junit-platform-launcher-1.10.2.jar:1.10.2]
	at org.junit.platform.launcher.core.EngineExecutionOrchestrator.execute(EngineExecutionOrchestrator.java:169) ~[junit-platform-launcher-1.10.2.jar:1.10.2]
	at org.junit.platform.launcher.core.EngineExecutionOrchestrator.execute(EngineExecutionOrchestrator.java:93) ~[junit-platform-launcher-1.10.2.jar:1.10.2]
	at org.junit.platform.launcher.core.EngineExecutionOrchestrator.lambda$execute$0(EngineExecutionOrchestrator.java:58) ~[junit-platform-launcher-1.10.2.jar:1.10.2]
	at org.junit.platform.launcher.core.EngineExecutionOrchestrator.withInterceptedStreams(EngineExecutionOrchestrator.java:141) ~[junit-platform-launcher-1.10.2.jar:1.10.2]
	at org.junit.platform.launcher.core.EngineExecutionOrchestrator.execute(EngineExecutionOrchestrator.java:57) ~[junit-platform-launcher-1.10.2.jar:1.10.2]
	at org.junit.platform.launcher.core.DefaultLauncher.execute(DefaultLauncher.java:103) ~[junit-platform-launcher-1.10.2.jar:1.10.2]
	at org.junit.platform.launcher.core.DefaultLauncher.execute(DefaultLauncher.java:85) ~[junit-platform-launcher-1.10.2.jar:1.10.2]
	at org.junit.platform.launcher.core.DelegatingLauncher.execute(DelegatingLauncher.java:47) ~[junit-platform-launcher-1.10.2.jar:1.10.2]
	at org.apache.maven.surefire.junitplatform.LazyLauncher.execute(LazyLauncher.java:56) ~[surefire-junit-platform-3.1.2.jar:3.1.2]
	at org.apache.maven.surefire.junitplatform.JUnitPlatformProvider.execute(JUnitPlatformProvider.java:184) ~[surefire-junit-platform-3.1.2.jar:3.1.2]
	at org.apache.maven.surefire.junitplatform.JUnitPlatformProvider.invokeAllTests(JUnitPlatformProvider.java:148) ~[surefire-junit-platform-3.1.2.jar:3.1.2]
	at org.apache.maven.surefire.junitplatform.JUnitPlatformProvider.invoke(JUnitPlatformProvider.java:122) ~[surefire-junit-platform-3.1.2.jar:3.1.2]
	at org.apache.maven.surefire.booter.ForkedBooter.runSuitesInProcess(ForkedBooter.java:385) ~[surefire-booter-3.1.2.jar:3.1.2]
	at org.apache.maven.surefire.booter.ForkedBooter.execute(ForkedBooter.java:162) ~[surefire-booter-3.1.2.jar:3.1.2]
	at org.apache.maven.surefire.booter.ForkedBooter.run(ForkedBooter.java:507) ~[surefire-booter-3.1.2.jar:3.1.2]
	at org.apache.maven.surefire.booter.ForkedBooter.main(ForkedBooter.java:495) ~[surefire-booter-3.1.2.jar:3.1.2]

2024-05-05T13:25:44.439-04:00 DEBUG 87501 --- [centromedico] [           main] o.s.d.jpa.repository.query.NamedQuery    : Did not find named query ConsultaMedica.findByFechaconsultaAndHorarioAndProfesionalAndPaciente
2024-05-05T13:25:44.440-04:00 DEBUG 87501 --- [centromedico] [           main] tor$SharedEntityManagerInvocationHandler : Creating new EntityManager for shared EntityManager invocation
2024-05-05T13:25:44.463-04:00 DEBUG 87501 --- [centromedico] [           main] o.s.d.r.c.s.RepositoryFactorySupport     : Finished creation of repository instance for com.CentroMedico.CentroMedico.repository.ConsultaMedicaRepository.
2024-05-05T13:25:44.463-04:00 DEBUG 87501 --- [centromedico] [           main] o.s.b.f.s.DefaultListableBeanFactory     : Creating shared instance of singleton bean 'data-jpa.repository-aot-processor#0'
2024-05-05T13:25:44.465-04:00 DEBUG 87501 --- [centromedico] [           main] o.s.b.f.s.DefaultListableBeanFactory     : Creating shared instance of singleton bean 'org.springframework.boot.autoconfigure.jdbc.JdbcTemplateConfiguration'
2024-05-05T13:25:44.466-04:00 DEBUG 87501 --- [centromedico] [           main] o.s.b.f.s.DefaultListableBeanFactory     : Creating shared instance of singleton bean 'jdbcTemplate'
2024-05-05T13:25:44.466-04:00 DEBUG 87501 --- [centromedico] [           main] o.s.b.f.s.DefaultListableBeanFactory     : Creating shared instance of singleton bean 'spring.jdbc-org.springframework.boot.autoconfigure.jdbc.JdbcProperties'
2024-05-05T13:25:44.467-04:00 DEBUG 87501 --- [centromedico] [           main] o.s.b.f.s.DefaultListableBeanFactory     : Autowiring by type from bean name 'jdbcTemplate' via factory method to bean named 'dataSource'
2024-05-05T13:25:44.467-04:00 DEBUG 87501 --- [centromedico] [           main] o.s.b.f.s.DefaultListableBeanFactory     : Autowiring by type from bean name 'jdbcTemplate' via factory method to bean named 'spring.jdbc-org.springframework.boot.autoconfigure.jdbc.JdbcProperties'
2024-05-05T13:25:44.472-04:00 DEBUG 87501 --- [centromedico] [           main] o.s.b.f.s.DefaultListableBeanFactory     : Creating shared instance of singleton bean 'org.springframework.boot.autoconfigure.jdbc.NamedParameterJdbcTemplateConfiguration'
2024-05-05T13:25:44.472-04:00 DEBUG 87501 --- [centromedico] [           main] o.s.b.f.s.DefaultListableBeanFactory     : Creating shared instance of singleton bean 'namedParameterJdbcTemplate'
2024-05-05T13:25:44.473-04:00 DEBUG 87501 --- [centromedico] [           main] o.s.b.f.s.DefaultListableBeanFactory     : Autowiring by type from bean name 'namedParameterJdbcTemplate' via factory method to bean named 'jdbcTemplate'
2024-05-05T13:25:44.475-04:00 DEBUG 87501 --- [centromedico] [           main] o.s.b.f.s.DefaultListableBeanFactory     : Creating shared instance of singleton bean 'org.springframework.boot.autoconfigure.jdbc.JdbcTemplateAutoConfiguration'
2024-05-05T13:25:44.475-04:00 DEBUG 87501 --- [centromedico] [           main] o.s.b.f.s.DefaultListableBeanFactory     : Creating shared instance of singleton bean 'org.springframework.boot.autoconfigure.jdbc.JdbcClientAutoConfiguration'
2024-05-05T13:25:44.475-04:00 DEBUG 87501 --- [centromedico] [           main] o.s.b.f.s.DefaultListableBeanFactory     : Creating shared instance of singleton bean 'jdbcClient'
2024-05-05T13:25:44.475-04:00 DEBUG 87501 --- [centromedico] [           main] o.s.b.f.s.DefaultListableBeanFactory     : Autowiring by type from bean name 'jdbcClient' via factory method to bean named 'namedParameterJdbcTemplate'
2024-05-05T13:25:44.476-04:00 DEBUG 87501 --- [centromedico] [           main] o.s.b.f.s.DefaultListableBeanFactory     : Creating shared instance of singleton bean 'org.springframework.boot.autoconfigure.sql.init.SqlInitializationAutoConfiguration'
2024-05-05T13:25:44.476-04:00 DEBUG 87501 --- [centromedico] [           main] o.s.b.f.s.DefaultListableBeanFactory     : Creating shared instance of singleton bean 'org.springframework.boot.autoconfigure.jdbc.DataSourceTransactionManagerAutoConfiguration$JdbcTransactionManagerConfiguration'
2024-05-05T13:25:44.476-04:00 DEBUG 87501 --- [centromedico] [           main] o.s.b.f.s.DefaultListableBeanFactory     : Creating shared instance of singleton bean 'org.springframework.boot.autoconfigure.jdbc.DataSourceTransactionManagerAutoConfiguration'
2024-05-05T13:25:44.476-04:00 DEBUG 87501 --- [centromedico] [           main] o.s.b.f.s.DefaultListableBeanFactory     : Creating shared instance of singleton bean 'org.springframework.boot.autoconfigure.transaction.TransactionAutoConfiguration$EnableTransactionManagementConfiguration$CglibAutoProxyConfiguration'
2024-05-05T13:25:44.476-04:00 DEBUG 87501 --- [centromedico] [           main] o.s.b.f.s.DefaultListableBeanFactory     : Creating shared instance of singleton bean 'org.springframework.boot.autoconfigure.transaction.TransactionAutoConfiguration$EnableTransactionManagementConfiguration'
2024-05-05T13:25:44.477-04:00 DEBUG 87501 --- [centromedico] [           main] o.s.b.f.s.DefaultListableBeanFactory     : Creating shared instance of singleton bean 'org.springframework.boot.autoconfigure.transaction.TransactionAutoConfiguration$TransactionTemplateConfiguration'
2024-05-05T13:25:44.477-04:00 DEBUG 87501 --- [centromedico] [           main] o.s.b.f.s.DefaultListableBeanFactory     : Creating shared instance of singleton bean 'transactionTemplate'
2024-05-05T13:25:44.477-04:00 DEBUG 87501 --- [centromedico] [           main] o.s.b.f.s.DefaultListableBeanFactory     : Autowiring by type from bean name 'transactionTemplate' via factory method to bean named 'transactionManager'
2024-05-05T13:25:44.477-04:00 DEBUG 87501 --- [centromedico] [           main] o.s.b.f.s.DefaultListableBeanFactory     : Creating shared instance of singleton bean 'org.springframework.boot.autoconfigure.transaction.TransactionAutoConfiguration'
2024-05-05T13:25:44.478-04:00 DEBUG 87501 --- [centromedico] [           main] o.s.b.f.s.DefaultListableBeanFactory     : Creating shared instance of singleton bean 'org.springframework.boot.test.autoconfigure.orm.jpa.TestEntityManagerAutoConfiguration'
2024-05-05T13:25:44.478-04:00 DEBUG 87501 --- [centromedico] [           main] o.s.b.f.s.DefaultListableBeanFactory     : Creating shared instance of singleton bean 'testEntityManager'
2024-05-05T13:25:44.478-04:00 DEBUG 87501 --- [centromedico] [           main] o.s.b.f.s.DefaultListableBeanFactory     : Autowiring by type from bean name 'testEntityManager' via factory method to bean named 'entityManagerFactory'
2024-05-05T13:25:44.483-04:00 DEBUG 87501 --- [centromedico] [           main] o.s.c.support.DefaultLifecycleProcessor  : Starting beans in phase -2147483647
2024-05-05T13:25:44.483-04:00 DEBUG 87501 --- [centromedico] [           main] o.s.c.support.DefaultLifecycleProcessor  : Successfully started bean 'springBootLoggingLifecycle'
2024-05-05T13:25:44.485-04:00 DEBUG 87501 --- [centromedico] [           main] .s.b.a.l.ConditionEvaluationReportLogger : 


============================
CONDITIONS EVALUATION REPORT
============================


Positive matches:
-----------------

   DataSourceAutoConfiguration matched:
      - @ConditionalOnClass found required classes 'javax.sql.DataSource', 'org.springframework.jdbc.datasource.embedded.EmbeddedDatabaseType' (OnClassCondition)
      - @ConditionalOnMissingBean (types: io.r2dbc.spi.ConnectionFactory; SearchStrategy: all) did not find any beans (OnBeanCondition)

   DataSourceAutoConfiguration.PooledDataSourceConfiguration matched:
      - AnyNestedCondition 1 matched 1 did not; NestedCondition on DataSourceAutoConfiguration.PooledDataSourceCondition.PooledDataSourceAvailable PooledDataSource found supported DataSource; NestedCondition on DataSourceAutoConfiguration.PooledDataSourceCondition.ExplicitType @ConditionalOnProperty (spring.datasource.type) did not find property 'type' (DataSourceAutoConfiguration.PooledDataSourceCondition)
      - @ConditionalOnMissingBean (types: javax.sql.DataSource,javax.sql.XADataSource; SearchStrategy: all) did not find any beans (OnBeanCondition)

   DataSourceAutoConfiguration.PooledDataSourceConfiguration#jdbcConnectionDetails matched:
      - @ConditionalOnMissingBean (types: org.springframework.boot.autoconfigure.jdbc.JdbcConnectionDetails; SearchStrategy: all) did not find any beans (OnBeanCondition)

   DataSourceConfiguration.Hikari matched:
      - @ConditionalOnClass found required class 'com.zaxxer.hikari.HikariDataSource' (OnClassCondition)
      - @ConditionalOnProperty (spring.datasource.type=com.zaxxer.hikari.HikariDataSource) matched (OnPropertyCondition)
      - @ConditionalOnMissingBean (types: javax.sql.DataSource; SearchStrategy: all) did not find any beans (OnBeanCondition)

   DataSourceInitializationConfiguration matched:
      - @ConditionalOnClass found required class 'org.springframework.jdbc.datasource.init.DatabasePopulator' (OnClassCondition)
      - @ConditionalOnSingleCandidate (types: javax.sql.DataSource; SearchStrategy: all) found a single bean 'dataSource'; @ConditionalOnMissingBean (types: org.springframework.boot.autoconfigure.sql.init.SqlDataSourceScriptDatabaseInitializer,org.springframework.boot.autoconfigure.sql.init.SqlR2dbcScriptDatabaseInitializer; SearchStrategy: all) did not find any beans (OnBeanCondition)

   DataSourcePoolMetadataProvidersConfiguration.HikariPoolDataSourceMetadataProviderConfiguration matched:
      - @ConditionalOnClass found required class 'com.zaxxer.hikari.HikariDataSource' (OnClassCondition)

   DataSourcePoolMetadataProvidersConfiguration.OracleUcpPoolDataSourceMetadataProviderConfiguration matched:
      - @ConditionalOnClass found required classes 'oracle.ucp.jdbc.PoolDataSource', 'oracle.jdbc.OracleConnection' (OnClassCondition)

   DataSourceTransactionManagerAutoConfiguration matched:
      - @ConditionalOnClass found required classes 'org.springframework.jdbc.core.JdbcTemplate', 'org.springframework.transaction.TransactionManager' (OnClassCondition)

   DataSourceTransactionManagerAutoConfiguration.JdbcTransactionManagerConfiguration matched:
      - @ConditionalOnSingleCandidate (types: javax.sql.DataSource; SearchStrategy: all) found a single bean 'dataSource' (OnBeanCondition)

   HibernateJpaAutoConfiguration matched:
      - @ConditionalOnClass found required classes 'org.springframework.orm.jpa.LocalContainerEntityManagerFactoryBean', 'jakarta.persistence.EntityManager', 'org.hibernate.engine.spi.SessionImplementor' (OnClassCondition)

   HibernateJpaConfiguration matched:
      - @ConditionalOnSingleCandidate (types: javax.sql.DataSource; SearchStrategy: all) found a single bean 'dataSource' (OnBeanCondition)

   JdbcClientAutoConfiguration matched:
      - @ConditionalOnSingleCandidate (types: org.springframework.jdbc.core.namedparam.NamedParameterJdbcTemplate; SearchStrategy: all) found a single bean 'namedParameterJdbcTemplate'; @ConditionalOnMissingBean (types: org.springframework.jdbc.core.simple.JdbcClient; SearchStrategy: all) did not find any beans (OnBeanCondition)

   JdbcTemplateAutoConfiguration matched:
      - @ConditionalOnClass found required classes 'javax.sql.DataSource', 'org.springframework.jdbc.core.JdbcTemplate' (OnClassCondition)
      - @ConditionalOnSingleCandidate (types: javax.sql.DataSource; SearchStrategy: all) found a single bean 'dataSource' (OnBeanCondition)

   JdbcTemplateConfiguration matched:
      - @ConditionalOnMissingBean (types: org.springframework.jdbc.core.JdbcOperations; SearchStrategy: all) did not find any beans (OnBeanCondition)

   JpaBaseConfiguration#entityManagerFactory matched:
      - @ConditionalOnMissingBean (types: org.springframework.orm.jpa.LocalContainerEntityManagerFactoryBean,jakarta.persistence.EntityManagerFactory; SearchStrategy: all) did not find any beans (OnBeanCondition)

   JpaBaseConfiguration#entityManagerFactoryBuilder matched:
      - @ConditionalOnMissingBean (types: org.springframework.boot.orm.jpa.EntityManagerFactoryBuilder; SearchStrategy: all) did not find any beans (OnBeanCondition)

   JpaBaseConfiguration#jpaVendorAdapter matched:
      - @ConditionalOnMissingBean (types: org.springframework.orm.jpa.JpaVendorAdapter; SearchStrategy: all) did not find any beans (OnBeanCondition)

   JpaBaseConfiguration#transactionManager matched:
      - @ConditionalOnMissingBean (types: org.springframework.transaction.TransactionManager; SearchStrategy: all) did not find any beans (OnBeanCondition)

   JpaBaseConfiguration.PersistenceManagedTypesConfiguration matched:
      - @ConditionalOnMissingBean (types: org.springframework.orm.jpa.LocalContainerEntityManagerFactoryBean,jakarta.persistence.EntityManagerFactory; SearchStrategy: all) did not find any beans (OnBeanCondition)

   JpaBaseConfiguration.PersistenceManagedTypesConfiguration#persistenceManagedTypes matched:
      - @ConditionalOnMissingBean (types: org.springframework.orm.jpa.persistenceunit.PersistenceManagedTypes; SearchStrategy: all) did not find any beans (OnBeanCondition)

   JpaRepositoriesAutoConfiguration matched:
      - @ConditionalOnClass found required class 'org.springframework.data.jpa.repository.JpaRepository' (OnClassCondition)
      - @ConditionalOnProperty (spring.data.jpa.repositories.enabled=true) matched (OnPropertyCondition)
      - @ConditionalOnBean (types: javax.sql.DataSource; SearchStrategy: all) found bean 'dataSource'; @ConditionalOnMissingBean (types: org.springframework.data.jpa.repository.support.JpaRepositoryFactoryBean,org.springframework.data.jpa.repository.config.JpaRepositoryConfigExtension; SearchStrategy: all) did not find any beans (OnBeanCondition)

   NamedParameterJdbcTemplateConfiguration matched:
      - @ConditionalOnSingleCandidate (types: org.springframework.jdbc.core.JdbcTemplate; SearchStrategy: all) found a single bean 'jdbcTemplate'; @ConditionalOnMissingBean (types: org.springframework.jdbc.core.namedparam.NamedParameterJdbcOperations; SearchStrategy: all) did not find any beans (OnBeanCondition)

   NoOpCacheConfiguration matched:
      - Cache org.springframework.boot.autoconfigure.cache.NoOpCacheConfiguration NONE cache type (CacheCondition)

   SqlInitializationAutoConfiguration matched:
      - @ConditionalOnProperty (spring.sql.init.enabled) matched (OnPropertyCondition)
      - NoneNestedConditions 0 matched 1 did not; NestedCondition on SqlInitializationAutoConfiguration.SqlInitializationModeCondition.ModeIsNever @ConditionalOnProperty (spring.sql.init.mode=never) did not find property 'mode' (SqlInitializationAutoConfiguration.SqlInitializationModeCondition)

   TestEntityManagerAutoConfiguration matched:
      - @ConditionalOnClass found required class 'jakarta.persistence.EntityManagerFactory' (OnClassCondition)

   TestEntityManagerAutoConfiguration#testEntityManager matched:
      - @ConditionalOnMissingBean (types: org.springframework.boot.test.autoconfigure.orm.jpa.TestEntityManager; SearchStrategy: all) did not find any beans (OnBeanCondition)

   TransactionAutoConfiguration matched:
      - @ConditionalOnClass found required class 'org.springframework.transaction.PlatformTransactionManager' (OnClassCondition)

   TransactionAutoConfiguration.EnableTransactionManagementConfiguration matched:
      - @ConditionalOnBean (types: org.springframework.transaction.TransactionManager; SearchStrategy: all) found bean 'transactionManager'; @ConditionalOnMissingBean (types: org.springframework.transaction.annotation.AbstractTransactionManagementConfiguration; SearchStrategy: all) did not find any beans (OnBeanCondition)

   TransactionAutoConfiguration.EnableTransactionManagementConfiguration.CglibAutoProxyConfiguration matched:
      - @ConditionalOnProperty (spring.aop.proxy-target-class=true) matched (OnPropertyCondition)

   TransactionAutoConfiguration.TransactionTemplateConfiguration matched:
      - @ConditionalOnSingleCandidate (types: org.springframework.transaction.PlatformTransactionManager; SearchStrategy: all) found a single bean 'transactionManager' (OnBeanCondition)

   TransactionAutoConfiguration.TransactionTemplateConfiguration#transactionTemplate matched:
      - @ConditionalOnMissingBean (types: org.springframework.transaction.support.TransactionOperations; SearchStrategy: all) did not find any beans (OnBeanCondition)


Negative matches:
-----------------

   Cache2kCacheConfiguration:
      Did not match:
         - @ConditionalOnClass did not find required class 'org.cache2k.Cache2kBuilder' (OnClassCondition)

   CacheAutoConfiguration:
      Did not match:
         - @ConditionalOnBean (types: org.springframework.cache.interceptor.CacheAspectSupport; SearchStrategy: all) did not find any beans of type org.springframework.cache.interceptor.CacheAspectSupport (OnBeanCondition)
      Matched:
         - @ConditionalOnClass found required class 'org.springframework.cache.CacheManager' (OnClassCondition)

   CacheAutoConfiguration.CacheManagerEntityManagerFactoryDependsOnPostProcessor:
      Did not match:
         - Ancestor org.springframework.boot.autoconfigure.cache.CacheAutoConfiguration did not match (ConditionEvaluationReport.AncestorsMatchedCondition)
      Matched:
         - @ConditionalOnClass found required class 'org.springframework.orm.jpa.LocalContainerEntityManagerFactoryBean' (OnClassCondition)

   CaffeineCacheConfiguration:
      Did not match:
         - @ConditionalOnClass did not find required class 'com.github.benmanes.caffeine.cache.Caffeine' (OnClassCondition)

   CouchbaseCacheConfiguration:
      Did not match:
         - @ConditionalOnClass did not find required class 'com.couchbase.client.java.Cluster' (OnClassCondition)

   DataSourceAutoConfiguration.EmbeddedDatabaseConfiguration:
      Did not match:
         - EmbeddedDataSource spring.datasource.url is set (DataSourceAutoConfiguration.EmbeddedDatabaseCondition)

   DataSourceCheckpointRestoreConfiguration:
      Did not match:
         - @ConditionalOnClass did not find required class 'org.crac.Resource' (OnClassCondition)

   DataSourceConfiguration.Dbcp2:
      Did not match:
         - @ConditionalOnClass did not find required class 'org.apache.commons.dbcp2.BasicDataSource' (OnClassCondition)

   DataSourceConfiguration.Generic:
      Did not match:
         - @ConditionalOnProperty (spring.datasource.type) did not find property 'spring.datasource.type' (OnPropertyCondition)

   DataSourceConfiguration.OracleUcp:
      Did not match:
         - @ConditionalOnMissingBean (types: javax.sql.DataSource; SearchStrategy: all) found beans of type 'javax.sql.DataSource' dataSource (OnBeanCondition)
      Matched:
         - @ConditionalOnClass found required classes 'oracle.ucp.jdbc.PoolDataSourceImpl', 'oracle.jdbc.OracleConnection' (OnClassCondition)
         - @ConditionalOnProperty (spring.datasource.type=oracle.ucp.jdbc.PoolDataSource) matched (OnPropertyCondition)

   DataSourceConfiguration.Tomcat:
      Did not match:
         - @ConditionalOnClass did not find required class 'org.apache.tomcat.jdbc.pool.DataSource' (OnClassCondition)

   DataSourceJmxConfiguration:
      Did not match:
         - @ConditionalOnProperty (spring.jmx.enabled=true) found different value in property 'enabled' (OnPropertyCondition)

   DataSourcePoolMetadataProvidersConfiguration.CommonsDbcp2PoolDataSourceMetadataProviderConfiguration:
      Did not match:
         - @ConditionalOnClass did not find required class 'org.apache.commons.dbcp2.BasicDataSource' (OnClassCondition)

   DataSourcePoolMetadataProvidersConfiguration.TomcatDataSourcePoolMetadataProviderConfiguration:
      Did not match:
         - @ConditionalOnClass did not find required class 'org.apache.tomcat.jdbc.pool.DataSource' (OnClassCondition)

   DataSourceTransactionManagerAutoConfiguration.JdbcTransactionManagerConfiguration#transactionManager:
      Did not match:
         - @ConditionalOnMissingBean (types: org.springframework.transaction.TransactionManager; SearchStrategy: all) found beans of type 'org.springframework.transaction.TransactionManager' transactionManager (OnBeanCondition)

   FlywayAutoConfiguration:
      Did not match:
         - @ConditionalOnClass did not find required class 'org.flywaydb.core.Flyway' (OnClassCondition)

   GenericCacheConfiguration:
      Did not match:
         - Cache org.springframework.boot.autoconfigure.cache.GenericCacheConfiguration unknown cache type (CacheCondition)

   HazelcastCacheConfiguration:
      Did not match:
         - @ConditionalOnClass did not find required class 'com.hazelcast.core.HazelcastInstance' (OnClassCondition)

   InfinispanCacheConfiguration:
      Did not match:
         - @ConditionalOnClass did not find required class 'org.infinispan.spring.embedded.provider.SpringEmbeddedCacheManager' (OnClassCondition)

   JCacheCacheConfiguration:
      Did not match:
         - @ConditionalOnClass did not find required class 'javax.cache.Caching' (OnClassCondition)

   JpaBaseConfiguration.JpaWebConfiguration:
      Did not match:
         - not a servlet web application (OnWebApplicationCondition)
      Matched:
         - @ConditionalOnClass found required class 'org.springframework.web.servlet.config.annotation.WebMvcConfigurer' (OnClassCondition)

   JpaRepositoriesAutoConfiguration#entityManagerFactoryBootstrapExecutorCustomizer:
      Did not match:
         - AnyNestedCondition 0 matched 2 did not; NestedCondition on JpaRepositoriesAutoConfiguration.BootstrapExecutorCondition.LazyBootstrapMode @ConditionalOnProperty (spring.data.jpa.repositories.bootstrap-mode=lazy) found different value in property 'bootstrap-mode'; NestedCondition on JpaRepositoriesAutoConfiguration.BootstrapExecutorCondition.DeferredBootstrapMode @ConditionalOnProperty (spring.data.jpa.repositories.bootstrap-mode=deferred) found different value in property 'bootstrap-mode' (JpaRepositoriesAutoConfiguration.BootstrapExecutorCondition)

   LiquibaseAutoConfiguration:
      Did not match:
         - @ConditionalOnClass did not find required class 'liquibase.change.DatabaseChange' (OnClassCondition)

   R2dbcInitializationConfiguration:
      Did not match:
         - @ConditionalOnClass did not find required classes 'io.r2dbc.spi.ConnectionFactory', 'org.springframework.r2dbc.connection.init.DatabasePopulator' (OnClassCondition)

   RedisCacheConfiguration:
      Did not match:
         - @ConditionalOnClass did not find required class 'org.springframework.data.redis.connection.RedisConnectionFactory' (OnClassCondition)

   SimpleCacheConfiguration:
      Did not match:
         - Cache org.springframework.boot.autoconfigure.cache.SimpleCacheConfiguration unknown cache type (CacheCondition)

   TestDatabaseAutoConfiguration#dataSource:
      Did not match:
         - @ConditionalOnProperty (spring.test.database.replace=AUTO_CONFIGURED) found different value in property 'replace' (OnPropertyCondition)

   TestDatabaseAutoConfiguration#embeddedDataSourceBeanFactoryPostProcessor:
      Did not match:
         - @ConditionalOnProperty (spring.test.database.replace=ANY) found different value in property 'replace' (OnPropertyCondition)

   TransactionAutoConfiguration#transactionalOperator:
      Did not match:
         - @ConditionalOnSingleCandidate (types: org.springframework.transaction.ReactiveTransactionManager; SearchStrategy: all) did not find any beans (OnBeanCondition)

   TransactionAutoConfiguration.AspectJTransactionManagementConfiguration:
      Did not match:
         - @ConditionalOnBean (types: org.springframework.transaction.aspectj.AbstractTransactionAspect; SearchStrategy: all) did not find any beans of type org.springframework.transaction.aspectj.AbstractTransactionAspect (OnBeanCondition)

   TransactionAutoConfiguration.EnableTransactionManagementConfiguration.JdkDynamicAutoProxyConfiguration:
      Did not match:
         - @ConditionalOnProperty (spring.aop.proxy-target-class=false) did not find property 'proxy-target-class' (OnPropertyCondition)


Exclusions:
-----------

    None


Unconditional classes:
----------------------

    org.springframework.boot.test.autoconfigure.jdbc.TestDatabaseAutoConfiguration



2024-05-05T13:25:44.486-04:00  INFO 87501 --- [centromedico] [           main] c.C.C.repository.PacienteServiceTest     : Started PacienteServiceTest in 5.769 seconds (process running for 6.251)
2024-05-05T13:25:44.487-04:00 DEBUG 87501 --- [centromedico] [           main] o.s.boot.devtools.restart.Restarter      : Creating new Restarter for thread Thread[#1,main,5,main]
2024-05-05T13:25:44.488-04:00 DEBUG 87501 --- [centromedico] [           main] org.springframework.test.context.cache   : Spring test ApplicationContext cache statistics: [DefaultContextCache@7611e295 size = 1, maxSize = 32, parentContextCount = 0, hitCount = 0, missCount = 1, failureCount = 0]
2024-05-05T13:25:44.490-04:00 DEBUG 87501 --- [centromedico] [           main] org.springframework.test.context.cache   : Spring test ApplicationContext cache statistics: [DefaultContextCache@7611e295 size = 1, maxSize = 32, parentContextCount = 0, hitCount = 1, missCount = 1, failureCount = 0]
2024-05-05T13:25:44.493-04:00 DEBUG 87501 --- [centromedico] [           main] sContextBeforeModesTestExecutionListener : Before test method: class [PacienteServiceTest], method [eliminarPacienteTest], class annotated with @DirtiesContext [false] with mode [null], method annotated with @DirtiesContext [false] with mode [null]
2024-05-05T13:25:44.495-04:00 DEBUG 87501 --- [centromedico] [           main] t.c.t.TransactionalTestExecutionListener : Explicit transaction definition [PROPAGATION_REQUIRED,ISOLATION_DEFAULT] found for test class [com.CentroMedico.CentroMedico.repository.PacienteServiceTest] and test method [eliminarPacienteTest]
2024-05-05T13:25:44.495-04:00 DEBUG 87501 --- [centromedico] [           main] org.springframework.test.context.cache   : Spring test ApplicationContext cache statistics: [DefaultContextCache@7611e295 size = 1, maxSize = 32, parentContextCount = 0, hitCount = 2, missCount = 1, failureCount = 0]
2024-05-05T13:25:44.496-04:00 DEBUG 87501 --- [centromedico] [           main] t.c.t.TransactionalTestExecutionListener : No method-level @Rollback override: using default rollback [true] for test method [public void com.CentroMedico.CentroMedico.repository.PacienteServiceTest.eliminarPacienteTest()]
2024-05-05T13:25:44.496-04:00 DEBUG 87501 --- [centromedico] [           main] o.s.orm.jpa.JpaTransactionManager        : Creating new transaction with name [com.CentroMedico.CentroMedico.repository.PacienteServiceTest.eliminarPacienteTest]: PROPAGATION_REQUIRED,ISOLATION_DEFAULT
2024-05-05T13:25:44.496-04:00 DEBUG 87501 --- [centromedico] [           main] o.s.orm.jpa.JpaTransactionManager        : Opened new EntityManager [SessionImpl(311725690<open>)] for JPA transaction
2024-05-05T13:25:44.497-04:00 DEBUG 87501 --- [centromedico] [           main] o.h.e.t.internal.TransactionImpl         : On TransactionImpl creation, JpaCompliance#isJpaTransactionComplianceEnabled == false
2024-05-05T13:25:44.497-04:00 DEBUG 87501 --- [centromedico] [           main] o.h.e.t.internal.TransactionImpl         : begin
2024-05-05T13:25:44.498-04:00 DEBUG 87501 --- [centromedico] [           main] o.s.orm.jpa.JpaTransactionManager        : Exposing JPA transaction as JDBC [org.springframework.orm.jpa.vendor.HibernateJpaDialect$HibernateConnectionHandle@6ba02f70]
2024-05-05T13:25:44.498-04:00 DEBUG 87501 --- [centromedico] [           main] o.s.t.c.transaction.TransactionContext   : Began transaction (1) for test class [com.CentroMedico.CentroMedico.repository.PacienteServiceTest]; test method [eliminarPacienteTest]; transaction manager [org.springframework.orm.jpa.JpaTransactionManager@72406594]; rollback [true]
2024-05-05T13:25:44.498-04:00 DEBUG 87501 --- [centromedico] [           main] org.springframework.test.context.cache   : Spring test ApplicationContext cache statistics: [DefaultContextCache@7611e295 size = 1, maxSize = 32, parentContextCount = 0, hitCount = 3, missCount = 1, failureCount = 0]
2024-05-05T13:25:44.499-04:00 DEBUG 87501 --- [centromedico] [           main] org.springframework.test.context.cache   : Spring test ApplicationContext cache statistics: [DefaultContextCache@7611e295 size = 1, maxSize = 32, parentContextCount = 0, hitCount = 4, missCount = 1, failureCount = 0]
2024-05-05T13:25:44.824-04:00 DEBUG 87501 --- [centromedico] [           main] org.springframework.test.context.cache   : Spring test ApplicationContext cache statistics: [DefaultContextCache@7611e295 size = 1, maxSize = 32, parentContextCount = 0, hitCount = 5, missCount = 1, failureCount = 0]
2024-05-05T13:25:44.829-04:00 DEBUG 87501 --- [centromedico] [           main] o.s.orm.jpa.JpaTransactionManager        : Found thread-bound EntityManager [SessionImpl(311725690<open>)] for JPA transaction
2024-05-05T13:25:44.829-04:00 DEBUG 87501 --- [centromedico] [           main] o.s.orm.jpa.JpaTransactionManager        : Participating in existing transaction
2024-05-05T13:25:44.831-04:00 DEBUG 87501 --- [centromedico] [           main] o.h.j.internal.PersistenceUnitUtilImpl   : jakarta.persistence.PersistenceUnitUtil.getIdentifier is only intended to work with enhanced entities (although Hibernate also adapts this support to its proxies); however the passed entity was not enhanced (nor a proxy).. may not be able to read identifier
2024-05-05T13:25:44.838-04:00 DEBUG 87501 --- [centromedico] [           main] org.hibernate.engine.spi.ActionQueue     : Executing identity-insert immediately
2024-05-05T13:25:44.840-04:00 DEBUG 87501 --- [centromedico] [           main] org.hibernate.SQL                        : insert into paciente (apellidos,edad,nombres,rut,idpac) values (?,?,?,?,default)
Hibernate: insert into paciente (apellidos,edad,nombres,rut,idpac) values (?,?,?,?,default)
2024-05-05T13:25:45.102-04:00 DEBUG 87501 --- [centromedico] [           main] o.h.id.IdentifierGeneratorHelper         : Natively generated identity (com.CentroMedico.CentroMedico.model.Paciente) : 1
2024-05-05T13:25:45.107-04:00 DEBUG 87501 --- [centromedico] [           main] o.s.orm.jpa.JpaTransactionManager        : Found thread-bound EntityManager [SessionImpl(311725690<open>)] for JPA transaction
2024-05-05T13:25:45.107-04:00 DEBUG 87501 --- [centromedico] [           main] o.s.orm.jpa.JpaTransactionManager        : Participating in existing transaction
2024-05-05T13:25:45.108-04:00 DEBUG 87501 --- [centromedico] [           main] org.hibernate.orm.query.hql              : HQL : select count(*) from Paciente x WHERE x.idpac = :idpac
2024-05-05T13:25:45.221-04:00 DEBUG 87501 --- [centromedico] [           main] o.h.o.q.hql.reservedWordAsIdentifier     : Encountered use of reserved word as identifier : (
2024-05-05T13:25:45.246-04:00 DEBUG 87501 --- [centromedico] [           main] org.hibernate.orm.query.sqm.creation     : Applying inferable type to SqmExpression [SqmNamedParameter(idpac)] : null -> SqmBasicValuedSimplePath(com.CentroMedico.CentroMedico.model.Paciente(x).idpac)
2024-05-05T13:25:45.250-04:00 DEBUG 87501 --- [centromedico] [           main] org.hibernate.orm.query.sqm.ast          : SqmStatement Tree :
    -> [select]
      -> [query-spec]
        -> [select]
          -> [selection]
          <- [selection]
        <- [select]
        -> [from]
          -> [root] - `com.CentroMedico.CentroMedico.model.Paciente(x)`
          <- [root] - `com.CentroMedico.CentroMedico.model.Paciente(x)`
        <- [from]
        -> [where]
          -> [EQUAL]
              -> [basic-path] - `com.CentroMedico.CentroMedico.model.Paciente(x).idpac`
              :idpac
          <- [EQUAL]
        <- [where]
      <- [query-spec]
    <- [select]

2024-05-05T13:25:45.277-04:00 DEBUG 87501 --- [centromedico] [           main] org.hibernate.orm.sql.ast.create         : Created new SQL alias : p1_0
2024-05-05T13:25:45.277-04:00 DEBUG 87501 --- [centromedico] [           main] org.hibernate.orm.sql.ast.create         : Registration of TableGroup [StandardTableGroup(com.CentroMedico.CentroMedico.model.Paciente(x))] with identifierForTableGroup [com.CentroMedico.CentroMedico.model.Paciente] for NavigablePath [com.CentroMedico.CentroMedico.model.Paciente] 
2024-05-05T13:25:45.282-04:00 DEBUG 87501 --- [centromedico] [           main] o.h.q.sqm.sql.BaseSqmToSqlAstConverter   : Determining mapping-model type for SqmParameter : SqmNamedParameter(idpac)
2024-05-05T13:25:45.283-04:00 DEBUG 87501 --- [centromedico] [           main] o.h.q.sqm.sql.BaseSqmToSqlAstConverter   : Determining mapping-model type for SqmPath : SqmBasicValuedSimplePath(com.CentroMedico.CentroMedico.model.Paciente(x).idpac) 
2024-05-05T13:25:45.290-04:00 DEBUG 87501 --- [centromedico] [           main] org.hibernate.orm.results.graph.AST      : DomainResult Graph:
 \-BasicResult

2024-05-05T13:25:45.291-04:00 DEBUG 87501 --- [centromedico] [           main] org.hibernate.orm.sql.ast.tree           : SQL AST Tree:
    SelectStatement {
      FromClause {
        StandardTableGroup (p1 : com.CentroMedico.CentroMedico.model.Paciente(x)) {
          primaryTableReference : paciente as p1_0
        }
      }
    }

2024-05-05T13:25:45.292-04:00 DEBUG 87501 --- [centromedico] [           main] o.h.e.i.AbstractFlushingEventListener    : Processing flush-time cascades
2024-05-05T13:25:45.293-04:00 DEBUG 87501 --- [centromedico] [           main] o.h.e.i.AbstractFlushingEventListener    : Dirty checking collections
2024-05-05T13:25:45.295-04:00 DEBUG 87501 --- [centromedico] [           main] o.h.e.i.AbstractFlushingEventListener    : Flushed: 0 insertions, 0 updates, 0 deletions to 1 objects
2024-05-05T13:25:45.295-04:00 DEBUG 87501 --- [centromedico] [           main] o.h.e.i.AbstractFlushingEventListener    : Flushed: 0 (re)creations, 0 updates, 0 removals to 0 collections
2024-05-05T13:25:45.296-04:00 DEBUG 87501 --- [centromedico] [           main] o.hibernate.internal.util.EntityPrinter  : Listing entities:
2024-05-05T13:25:45.296-04:00 DEBUG 87501 --- [centromedico] [           main] o.hibernate.internal.util.EntityPrinter  : com.CentroMedico.CentroMedico.model.Paciente{apellidos=null, rut=null, idpac=1, consultasMedicas=null, edad=null, nombres=Wayne Smith}
2024-05-05T13:25:45.300-04:00 DEBUG 87501 --- [centromedico] [           main] org.hibernate.orm.sql.exec               : Skipping reading Query result cache data: cache-enabled = false, cache-mode = NORMAL
2024-05-05T13:25:45.302-04:00 DEBUG 87501 --- [centromedico] [           main] org.hibernate.orm.results                : Initializer list is empty
2024-05-05T13:25:45.304-04:00 DEBUG 87501 --- [centromedico] [           main] org.hibernate.SQL                        : select count(*) from paciente p1_0 where p1_0.idpac=?
Hibernate: select count(*) from paciente p1_0 where p1_0.idpac=?
2024-05-05T13:25:45.335-04:00 DEBUG 87501 --- [centromedico] [           main] org.hibernate.orm.results.loading        : Calling top-level assembler (0 / 1) : org.hibernate.sql.results.graph.basic.BasicResultAssembler@66b9f727
2024-05-05T13:25:45.335-04:00 DEBUG 87501 --- [centromedico] [           main] org.hibernate.orm.results                : Extracted JDBC value [0] - [1]
2024-05-05T13:25:45.337-04:00 DEBUG 87501 --- [centromedico] [           main] o.s.orm.jpa.JpaTransactionManager        : Found thread-bound EntityManager [SessionImpl(311725690<open>)] for JPA transaction
2024-05-05T13:25:45.337-04:00 DEBUG 87501 --- [centromedico] [           main] o.s.orm.jpa.JpaTransactionManager        : Participating in existing transaction
2024-05-05T13:25:45.340-04:00 DEBUG 87501 --- [centromedico] [           main] o.h.j.internal.PersistenceUnitUtilImpl   : jakarta.persistence.PersistenceUnitUtil.getIdentifier is only intended to work with enhanced entities (although Hibernate also adapts this support to its proxies); however the passed entity was not enhanced (nor a proxy).. may not be able to read identifier
2024-05-05T13:25:45.340-04:00 DEBUG 87501 --- [centromedico] [           main] o.h.j.internal.PersistenceUnitUtilImpl   : jakarta.persistence.PersistenceUnitUtil.getIdentifier is only intended to work with enhanced entities (although Hibernate also adapts this support to its proxies); however the passed entity was not enhanced (nor a proxy).. may not be able to read identifier
2024-05-05T13:25:45.342-04:00 DEBUG 87501 --- [centromedico] [           main] o.s.orm.jpa.JpaTransactionManager        : Found thread-bound EntityManager [SessionImpl(311725690<open>)] for JPA transaction
2024-05-05T13:25:45.342-04:00 DEBUG 87501 --- [centromedico] [           main] o.s.orm.jpa.JpaTransactionManager        : Participating in existing transaction
2024-05-05T13:25:45.342-04:00 DEBUG 87501 --- [centromedico] [           main] o.h.e.i.AbstractFlushingEventListener    : Processing flush-time cascades
2024-05-05T13:25:45.342-04:00 DEBUG 87501 --- [centromedico] [           main] o.h.e.i.AbstractFlushingEventListener    : Dirty checking collections
2024-05-05T13:25:45.343-04:00 DEBUG 87501 --- [centromedico] [           main] o.h.e.i.AbstractFlushingEventListener    : Flushed: 0 insertions, 0 updates, 1 deletions to 1 objects
2024-05-05T13:25:45.343-04:00 DEBUG 87501 --- [centromedico] [           main] o.h.e.i.AbstractFlushingEventListener    : Flushed: 0 (re)creations, 0 updates, 0 removals to 0 collections
2024-05-05T13:25:45.343-04:00 DEBUG 87501 --- [centromedico] [           main] o.hibernate.internal.util.EntityPrinter  : Listing entities:
2024-05-05T13:25:45.343-04:00 DEBUG 87501 --- [centromedico] [           main] o.hibernate.internal.util.EntityPrinter  : com.CentroMedico.CentroMedico.model.Paciente{apellidos=null, rut=null, idpac=1, consultasMedicas=null, edad=null, nombres=Wayne Smith}
2024-05-05T13:25:45.343-04:00 DEBUG 87501 --- [centromedico] [           main] org.hibernate.engine.spi.ActionQueue     : Changes must be flushed to space: paciente
2024-05-05T13:25:45.345-04:00 DEBUG 87501 --- [centromedico] [           main] org.hibernate.SQL                        : delete from paciente where idpac=?
Hibernate: delete from paciente where idpac=?
2024-05-05T13:25:45.376-04:00 DEBUG 87501 --- [centromedico] [           main] org.hibernate.orm.sql.exec               : Skipping reading Query result cache data: cache-enabled = false, cache-mode = NORMAL
2024-05-05T13:25:45.376-04:00 DEBUG 87501 --- [centromedico] [           main] org.hibernate.orm.results                : Initializer list is empty
2024-05-05T13:25:45.376-04:00 DEBUG 87501 --- [centromedico] [           main] org.hibernate.SQL                        : select count(*) from paciente p1_0 where p1_0.idpac=?
Hibernate: select count(*) from paciente p1_0 where p1_0.idpac=?
2024-05-05T13:25:45.392-04:00 DEBUG 87501 --- [centromedico] [           main] org.hibernate.orm.results.loading        : Calling top-level assembler (0 / 1) : org.hibernate.sql.results.graph.basic.BasicResultAssembler@66b9f727
2024-05-05T13:25:45.392-04:00 DEBUG 87501 --- [centromedico] [           main] org.hibernate.orm.results                : Extracted JDBC value [0] - [0]
2024-05-05T13:25:45.393-04:00 DEBUG 87501 --- [centromedico] [           main] org.springframework.test.context.cache   : Spring test ApplicationContext cache statistics: [DefaultContextCache@7611e295 size = 1, maxSize = 32, parentContextCount = 0, hitCount = 6, missCount = 1, failureCount = 0]
2024-05-05T13:25:45.394-04:00 DEBUG 87501 --- [centromedico] [           main] org.springframework.test.context.cache   : Spring test ApplicationContext cache statistics: [DefaultContextCache@7611e295 size = 1, maxSize = 32, parentContextCount = 0, hitCount = 7, missCount = 1, failureCount = 0]
2024-05-05T13:25:45.394-04:00 DEBUG 87501 --- [centromedico] [           main] org.springframework.test.context.cache   : Spring test ApplicationContext cache statistics: [DefaultContextCache@7611e295 size = 1, maxSize = 32, parentContextCount = 0, hitCount = 8, missCount = 1, failureCount = 0]
2024-05-05T13:25:45.394-04:00 DEBUG 87501 --- [centromedico] [           main] org.springframework.test.context.cache   : Spring test ApplicationContext cache statistics: [DefaultContextCache@7611e295 size = 1, maxSize = 32, parentContextCount = 0, hitCount = 9, missCount = 1, failureCount = 0]
2024-05-05T13:25:45.395-04:00 DEBUG 87501 --- [centromedico] [           main] org.springframework.test.context.cache   : Spring test ApplicationContext cache statistics: [DefaultContextCache@7611e295 size = 1, maxSize = 32, parentContextCount = 0, hitCount = 10, missCount = 1, failureCount = 0]
2024-05-05T13:25:45.396-04:00 DEBUG 87501 --- [centromedico] [           main] org.springframework.test.context.cache   : Spring test ApplicationContext cache statistics: [DefaultContextCache@7611e295 size = 1, maxSize = 32, parentContextCount = 0, hitCount = 11, missCount = 1, failureCount = 0]
2024-05-05T13:25:45.396-04:00 DEBUG 87501 --- [centromedico] [           main] o.s.orm.jpa.JpaTransactionManager        : Initiating transaction rollback
2024-05-05T13:25:45.396-04:00 DEBUG 87501 --- [centromedico] [           main] o.s.orm.jpa.JpaTransactionManager        : Rolling back JPA transaction on EntityManager [SessionImpl(311725690<open>)]
2024-05-05T13:25:45.397-04:00 DEBUG 87501 --- [centromedico] [           main] o.h.e.t.internal.TransactionImpl         : rolling back
2024-05-05T13:25:45.536-04:00 DEBUG 87501 --- [centromedico] [           main] o.s.orm.jpa.JpaTransactionManager        : Closing JPA EntityManager [SessionImpl(311725690<open>)] after transaction
2024-05-05T13:25:45.536-04:00 DEBUG 87501 --- [centromedico] [           main] o.s.t.c.transaction.TransactionContext   : Rolled back transaction (1) for test class [com.CentroMedico.CentroMedico.repository.PacienteServiceTest]; test method [eliminarPacienteTest]
2024-05-05T13:25:45.537-04:00 DEBUG 87501 --- [centromedico] [           main] .c.s.DirtiesContextTestExecutionListener : After test method: class [PacienteServiceTest], method [eliminarPacienteTest], class annotated with @DirtiesContext [false] with mode [null], method annotated with @DirtiesContext [false] with mode [null]
]]></system-out>
    <system-err><![CDATA[WARNING: A Java agent has been loaded dynamically (/Users/pablojavier/.m2/repository/net/bytebuddy/byte-buddy-agent/1.14.12/byte-buddy-agent-1.14.12.jar)
WARNING: If a serviceability tool is in use, please run with -XX:+EnableDynamicAgentLoading to hide this warning
WARNING: If a serviceability tool is not in use, please run with -Djdk.instrument.traceUsage for more information
WARNING: Dynamic loading of agents will be disallowed by default in a future release
]]></system-err>
  </testcase>
  <testcase name="guardarPacienteTest" classname="com.CentroMedico.CentroMedico.repository.PacienteServiceTest" time="0.114">
    <system-out><![CDATA[2024-05-05T13:25:45.544-04:00 DEBUG 87501 --- [centromedico] [           main] DependencyInjectionTestExecutionListener : Performing dependency injection for test class com.CentroMedico.CentroMedico.repository.PacienteServiceTest
2024-05-05T13:25:45.544-04:00 DEBUG 87501 --- [centromedico] [           main] org.springframework.test.context.cache   : Spring test ApplicationContext cache statistics: [DefaultContextCache@7611e295 size = 1, maxSize = 32, parentContextCount = 0, hitCount = 12, missCount = 1, failureCount = 0]
2024-05-05T13:25:45.545-04:00 DEBUG 87501 --- [centromedico] [           main] org.springframework.test.context.cache   : Spring test ApplicationContext cache statistics: [DefaultContextCache@7611e295 size = 1, maxSize = 32, parentContextCount = 0, hitCount = 13, missCount = 1, failureCount = 0]
2024-05-05T13:25:45.545-04:00 DEBUG 87501 --- [centromedico] [           main] sContextBeforeModesTestExecutionListener : Before test method: class [PacienteServiceTest], method [guardarPacienteTest], class annotated with @DirtiesContext [false] with mode [null], method annotated with @DirtiesContext [false] with mode [null]
2024-05-05T13:25:45.546-04:00 DEBUG 87501 --- [centromedico] [           main] t.c.t.TransactionalTestExecutionListener : Explicit transaction definition [PROPAGATION_REQUIRED,ISOLATION_DEFAULT] found for test class [com.CentroMedico.CentroMedico.repository.PacienteServiceTest] and test method [guardarPacienteTest]
2024-05-05T13:25:45.546-04:00 DEBUG 87501 --- [centromedico] [           main] org.springframework.test.context.cache   : Spring test ApplicationContext cache statistics: [DefaultContextCache@7611e295 size = 1, maxSize = 32, parentContextCount = 0, hitCount = 14, missCount = 1, failureCount = 0]
2024-05-05T13:25:45.546-04:00 DEBUG 87501 --- [centromedico] [           main] t.c.t.TransactionalTestExecutionListener : No method-level @Rollback override: using default rollback [true] for test method [public void com.CentroMedico.CentroMedico.repository.PacienteServiceTest.guardarPacienteTest()]
2024-05-05T13:25:45.546-04:00 DEBUG 87501 --- [centromedico] [           main] o.s.orm.jpa.JpaTransactionManager        : Creating new transaction with name [com.CentroMedico.CentroMedico.repository.PacienteServiceTest.guardarPacienteTest]: PROPAGATION_REQUIRED,ISOLATION_DEFAULT
2024-05-05T13:25:45.546-04:00 DEBUG 87501 --- [centromedico] [           main] o.s.orm.jpa.JpaTransactionManager        : Opened new EntityManager [SessionImpl(1986088913<open>)] for JPA transaction
2024-05-05T13:25:45.546-04:00 DEBUG 87501 --- [centromedico] [           main] o.h.e.t.internal.TransactionImpl         : On TransactionImpl creation, JpaCompliance#isJpaTransactionComplianceEnabled == false
2024-05-05T13:25:45.546-04:00 DEBUG 87501 --- [centromedico] [           main] o.h.e.t.internal.TransactionImpl         : begin
2024-05-05T13:25:45.546-04:00 DEBUG 87501 --- [centromedico] [           main] o.s.orm.jpa.JpaTransactionManager        : Exposing JPA transaction as JDBC [org.springframework.orm.jpa.vendor.HibernateJpaDialect$HibernateConnectionHandle@1a2b23f2]
2024-05-05T13:25:45.546-04:00 DEBUG 87501 --- [centromedico] [           main] o.s.t.c.transaction.TransactionContext   : Began transaction (1) for test class [com.CentroMedico.CentroMedico.repository.PacienteServiceTest]; test method [guardarPacienteTest]; transaction manager [org.springframework.orm.jpa.JpaTransactionManager@72406594]; rollback [true]
2024-05-05T13:25:45.546-04:00 DEBUG 87501 --- [centromedico] [           main] org.springframework.test.context.cache   : Spring test ApplicationContext cache statistics: [DefaultContextCache@7611e295 size = 1, maxSize = 32, parentContextCount = 0, hitCount = 15, missCount = 1, failureCount = 0]
2024-05-05T13:25:45.547-04:00 DEBUG 87501 --- [centromedico] [           main] org.springframework.test.context.cache   : Spring test ApplicationContext cache statistics: [DefaultContextCache@7611e295 size = 1, maxSize = 32, parentContextCount = 0, hitCount = 16, missCount = 1, failureCount = 0]
2024-05-05T13:25:45.547-04:00 DEBUG 87501 --- [centromedico] [           main] org.springframework.test.context.cache   : Spring test ApplicationContext cache statistics: [DefaultContextCache@7611e295 size = 1, maxSize = 32, parentContextCount = 0, hitCount = 17, missCount = 1, failureCount = 0]
2024-05-05T13:25:45.547-04:00 DEBUG 87501 --- [centromedico] [           main] o.s.orm.jpa.JpaTransactionManager        : Found thread-bound EntityManager [SessionImpl(1986088913<open>)] for JPA transaction
2024-05-05T13:25:45.547-04:00 DEBUG 87501 --- [centromedico] [           main] o.s.orm.jpa.JpaTransactionManager        : Participating in existing transaction
2024-05-05T13:25:45.548-04:00 DEBUG 87501 --- [centromedico] [           main] o.h.j.internal.PersistenceUnitUtilImpl   : jakarta.persistence.PersistenceUnitUtil.getIdentifier is only intended to work with enhanced entities (although Hibernate also adapts this support to its proxies); however the passed entity was not enhanced (nor a proxy).. may not be able to read identifier
2024-05-05T13:25:45.548-04:00 DEBUG 87501 --- [centromedico] [           main] org.hibernate.engine.spi.ActionQueue     : Executing identity-insert immediately
2024-05-05T13:25:45.548-04:00 DEBUG 87501 --- [centromedico] [           main] org.hibernate.SQL                        : insert into paciente (apellidos,edad,nombres,rut,idpac) values (?,?,?,?,default)
Hibernate: insert into paciente (apellidos,edad,nombres,rut,idpac) values (?,?,?,?,default)
2024-05-05T13:25:45.582-04:00 DEBUG 87501 --- [centromedico] [           main] o.h.id.IdentifierGeneratorHelper         : Natively generated identity (com.CentroMedico.CentroMedico.model.Paciente) : 2
2024-05-05T13:25:45.583-04:00 DEBUG 87501 --- [centromedico] [           main] org.springframework.test.context.cache   : Spring test ApplicationContext cache statistics: [DefaultContextCache@7611e295 size = 1, maxSize = 32, parentContextCount = 0, hitCount = 18, missCount = 1, failureCount = 0]
2024-05-05T13:25:45.584-04:00 DEBUG 87501 --- [centromedico] [           main] org.springframework.test.context.cache   : Spring test ApplicationContext cache statistics: [DefaultContextCache@7611e295 size = 1, maxSize = 32, parentContextCount = 0, hitCount = 19, missCount = 1, failureCount = 0]
2024-05-05T13:25:45.584-04:00 DEBUG 87501 --- [centromedico] [           main] org.springframework.test.context.cache   : Spring test ApplicationContext cache statistics: [DefaultContextCache@7611e295 size = 1, maxSize = 32, parentContextCount = 0, hitCount = 20, missCount = 1, failureCount = 0]
2024-05-05T13:25:45.584-04:00 DEBUG 87501 --- [centromedico] [           main] org.springframework.test.context.cache   : Spring test ApplicationContext cache statistics: [DefaultContextCache@7611e295 size = 1, maxSize = 32, parentContextCount = 0, hitCount = 21, missCount = 1, failureCount = 0]
2024-05-05T13:25:45.584-04:00 DEBUG 87501 --- [centromedico] [           main] org.springframework.test.context.cache   : Spring test ApplicationContext cache statistics: [DefaultContextCache@7611e295 size = 1, maxSize = 32, parentContextCount = 0, hitCount = 22, missCount = 1, failureCount = 0]
2024-05-05T13:25:45.584-04:00 DEBUG 87501 --- [centromedico] [           main] org.springframework.test.context.cache   : Spring test ApplicationContext cache statistics: [DefaultContextCache@7611e295 size = 1, maxSize = 32, parentContextCount = 0, hitCount = 23, missCount = 1, failureCount = 0]
2024-05-05T13:25:45.584-04:00 DEBUG 87501 --- [centromedico] [           main] o.s.orm.jpa.JpaTransactionManager        : Initiating transaction rollback
2024-05-05T13:25:45.584-04:00 DEBUG 87501 --- [centromedico] [           main] o.s.orm.jpa.JpaTransactionManager        : Rolling back JPA transaction on EntityManager [SessionImpl(1986088913<open>)]
2024-05-05T13:25:45.584-04:00 DEBUG 87501 --- [centromedico] [           main] o.h.e.t.internal.TransactionImpl         : rolling back
2024-05-05T13:25:45.658-04:00 DEBUG 87501 --- [centromedico] [           main] o.s.orm.jpa.JpaTransactionManager        : Closing JPA EntityManager [SessionImpl(1986088913<open>)] after transaction
2024-05-05T13:25:45.658-04:00 DEBUG 87501 --- [centromedico] [           main] o.s.t.c.transaction.TransactionContext   : Rolled back transaction (1) for test class [com.CentroMedico.CentroMedico.repository.PacienteServiceTest]; test method [guardarPacienteTest]
2024-05-05T13:25:45.658-04:00 DEBUG 87501 --- [centromedico] [           main] .c.s.DirtiesContextTestExecutionListener : After test method: class [PacienteServiceTest], method [guardarPacienteTest], class annotated with @DirtiesContext [false] with mode [null], method annotated with @DirtiesContext [false] with mode [null]
]]></system-out>
  </testcase>
</testsuite>